<?xml version="1.0" encoding="UTF-8"?>
<coverage generated="1776635022">
  <project timestamp="1776635022" name="Clover Coverage">
    <package name="FastForward\DevTools\Agent\Skills">
      <file name="/home/runner/work/dev-tools/dev-tools/src/Agent/Skills/SkillsSynchronizer.php">
        <class name="FastForward\DevTools\Agent\Skills\SkillsSynchronizer" namespace="FastForward\DevTools\Agent\Skills">
          <metrics complexity="17" methods="10" coveredmethods="9" conditionals="0" coveredconditionals="0" statements="45" coveredstatements="44" elements="55" coveredelements="53"/>
        </class>
        <line num="44" type="method" name="__construct" visibility="public" complexity="1" crap="1" count="5"/>
        <line num="48" type="stmt" count="5"/>
        <line num="53" type="method" name="setLogger" visibility="public" complexity="1" crap="2" count="0"/>
        <line num="55" type="stmt" count="0"/>
        <line num="70" type="method" name="synchronize" visibility="public" complexity="3" crap="3" count="5"/>
        <line num="72" type="stmt" count="5"/>
        <line num="74" type="stmt" count="5"/>
        <line num="75" type="stmt" count="1"/>
        <line num="76" type="stmt" count="1"/>
        <line num="78" type="stmt" count="1"/>
        <line num="81" type="stmt" count="4"/>
        <line num="82" type="stmt" count="1"/>
        <line num="83" type="stmt" count="1"/>
        <line num="86" type="stmt" count="4"/>
        <line num="88" type="stmt" count="4"/>
        <line num="101" type="method" name="syncPackageSkills" visibility="private" complexity="2" crap="2" count="4"/>
        <line num="106" type="stmt" count="4"/>
        <line num="107" type="stmt" count="4"/>
        <line num="108" type="stmt" count="4"/>
        <line num="109" type="stmt" count="4"/>
        <line num="110" type="stmt" count="4"/>
        <line num="112" type="stmt" count="4"/>
        <line num="113" type="stmt" count="4"/>
        <line num="114" type="stmt" count="4"/>
        <line num="115" type="stmt" count="4"/>
        <line num="117" type="stmt" count="4"/>
        <line num="132" type="method" name="processSkillLink" visibility="private" complexity="3" crap="3" count="4"/>
        <line num="138" type="stmt" count="4"/>
        <line num="139" type="stmt" count="1"/>
        <line num="141" type="stmt" count="1"/>
        <line num="144" type="stmt" count="3"/>
        <line num="145" type="stmt" count="1"/>
        <line num="147" type="stmt" count="1"/>
        <line num="150" type="stmt" count="2"/>
        <line num="164" type="method" name="createNewLink" visibility="private" complexity="1" crap="1" count="2"/>
        <line num="170" type="stmt" count="2"/>
        <line num="171" type="stmt" count="2"/>
        <line num="172" type="stmt" count="2"/>
        <line num="185" type="method" name="preserveExistingNonSymlink" visibility="private" complexity="1" crap="1" count="1"/>
        <line num="187" type="stmt" count="1"/>
        <line num="188" type="stmt" count="1"/>
        <line num="202" type="method" name="processExistingSymlink" visibility="private" complexity="3" crap="3" count="2"/>
        <line num="208" type="stmt" count="2"/>
        <line num="210" type="stmt" count="2"/>
        <line num="211" type="stmt" count="1"/>
        <line num="213" type="stmt" count="1"/>
        <line num="216" type="stmt" count="1"/>
        <line num="217" type="stmt" count="1"/>
        <line num="232" type="method" name="repairBrokenLink" visibility="private" complexity="1" crap="1" count="1"/>
        <line num="238" type="stmt" count="1"/>
        <line num="239" type="stmt" count="1"/>
        <line num="240" type="stmt" count="1"/>
        <line num="242" type="stmt" count="1"/>
        <line num="250" type="method" name="isSymlink" visibility="private" complexity="1" crap="1" count="3"/>
        <line num="252" type="stmt" count="3"/>
        <metrics loc="255" ncloc="142" classes="1" methods="10" coveredmethods="9" conditionals="0" coveredconditionals="0" statements="45" coveredstatements="44" elements="55" coveredelements="53"/>
      </file>
      <file name="/home/runner/work/dev-tools/dev-tools/src/Agent/Skills/SynchronizeResult.php">
        <class name="FastForward\DevTools\Agent\Skills\SynchronizeResult" namespace="FastForward\DevTools\Agent\Skills">
          <metrics complexity="8" methods="8" coveredmethods="8" conditionals="0" coveredconditionals="0" statements="8" coveredstatements="8" elements="16" coveredelements="16"/>
        </class>
        <line num="62" type="method" name="addCreatedLink" visibility="public" complexity="1" crap="1" count="2"/>
        <line num="64" type="stmt" count="2"/>
        <line num="72" type="method" name="addPreservedLink" visibility="public" complexity="1" crap="1" count="2"/>
        <line num="74" type="stmt" count="2"/>
        <line num="82" type="method" name="addRemovedBrokenLink" visibility="public" complexity="1" crap="1" count="2"/>
        <line num="84" type="stmt" count="2"/>
        <line num="90" type="method" name="markFailed" visibility="public" complexity="1" crap="1" count="1"/>
        <line num="92" type="stmt" count="1"/>
        <line num="100" type="method" name="getCreatedLinks" visibility="public" complexity="1" crap="1" count="3"/>
        <line num="102" type="stmt" count="3"/>
        <line num="110" type="method" name="getPreservedLinks" visibility="public" complexity="1" crap="1" count="3"/>
        <line num="112" type="stmt" count="3"/>
        <line num="120" type="method" name="getRemovedBrokenLinks" visibility="public" complexity="1" crap="1" count="3"/>
        <line num="122" type="stmt" count="3"/>
        <line num="130" type="method" name="failed" visibility="public" complexity="1" crap="1" count="3"/>
        <line num="132" type="stmt" count="3"/>
        <metrics loc="135" ncloc="58" classes="1" methods="8" coveredmethods="8" conditionals="0" coveredconditionals="0" statements="8" coveredstatements="8" elements="16" coveredelements="16"/>
      </file>
    </package>
    <package name="FastForward\DevTools\Changelog\Checker">
      <file name="/home/runner/work/dev-tools/dev-tools/src/Changelog/Checker/UnreleasedEntryChecker.php">
        <class name="FastForward\DevTools\Changelog\Checker\UnreleasedEntryChecker" namespace="FastForward\DevTools\Changelog\Checker">
          <metrics complexity="8" methods="3" coveredmethods="3" conditionals="0" coveredconditionals="0" statements="18" coveredstatements="18" elements="21" coveredelements="21"/>
        </class>
        <line num="44" type="method" name="__construct" visibility="public" complexity="1" crap="1" count="6"/>
        <line num="48" type="stmt" count="6"/>
        <line num="58" type="method" name="hasPendingChanges" visibility="public" complexity="5" crap="5" count="6"/>
        <line num="61" type="stmt" count="6"/>
        <line num="62" type="stmt" count="1"/>
        <line num="63" type="stmt" count="1"/>
        <line num="66" type="stmt" count="5"/>
        <line num="68" type="stmt" count="5"/>
        <line num="69" type="stmt" count="1"/>
        <line num="72" type="stmt" count="4"/>
        <line num="73" type="stmt" count="1"/>
        <line num="77" type="stmt" count="3"/>
        <line num="78" type="stmt" count="1"/>
        <line num="79" type="stmt" count="1"/>
        <line num="82" type="stmt" count="2"/>
        <line num="84" type="stmt" count="2"/>
        <line num="94" type="method" name="flattenEntries" visibility="private" complexity="2" crap="2" count="5"/>
        <line num="96" type="stmt" count="5"/>
        <line num="98" type="stmt" count="5"/>
        <line num="99" type="stmt" count="5"/>
        <line num="102" type="stmt" count="5"/>
        <metrics loc="105" ncloc="66" classes="1" methods="3" coveredmethods="3" conditionals="0" coveredconditionals="0" statements="18" coveredstatements="18" elements="21" coveredelements="21"/>
      </file>
    </package>
    <file name="/home/runner/work/dev-tools/dev-tools/src/Changelog/Checker/UnreleasedEntryCheckerInterface.php">
      <metrics loc="44" ncloc="12" classes="0" methods="0" coveredmethods="0" conditionals="0" coveredconditionals="0" statements="0" coveredstatements="0" elements="0" coveredelements="0"/>
    </file>
    <package name="FastForward\DevTools\Changelog\Document">
      <file name="/home/runner/work/dev-tools/dev-tools/src/Changelog/Document/ChangelogDocument.php">
        <class name="FastForward\DevTools\Changelog\Document\ChangelogDocument" namespace="FastForward\DevTools\Changelog\Document">
          <metrics complexity="30" methods="9" coveredmethods="4" conditionals="0" coveredconditionals="0" statements="67" coveredstatements="55" elements="76" coveredelements="59"/>
        </class>
        <line num="34" type="method" name="__construct" visibility="public" complexity="1" crap="1" count="2"/>
        <line num="36" type="stmt" count="2"/>
        <line num="41" type="method" name="create" visibility="public" complexity="1" crap="1" count="1"/>
        <line num="43" type="stmt" count="1"/>
        <line num="51" type="method" name="getReleases" visibility="public" complexity="1" crap="1" count="1"/>
        <line num="53" type="stmt" count="1"/>
        <line num="59" type="method" name="getUnreleased" visibility="public" complexity="3" crap="3.14" count="1"/>
        <line num="61" type="stmt" count="1"/>
        <line num="62" type="stmt" count="1"/>
        <line num="63" type="stmt" count="1"/>
        <line num="67" type="stmt" count="0"/>
        <line num="75" type="method" name="getRelease" visibility="public" complexity="3" crap="3.14" count="1"/>
        <line num="77" type="stmt" count="1"/>
        <line num="78" type="stmt" count="1"/>
        <line num="79" type="stmt" count="1"/>
        <line num="83" type="stmt" count="0"/>
        <line num="89" type="method" name="getLatestPublishedRelease" visibility="public" complexity="3" crap="12" count="0"/>
        <line num="91" type="stmt" count="0"/>
        <line num="92" type="stmt" count="0"/>
        <line num="93" type="stmt" count="0"/>
        <line num="97" type="stmt" count="0"/>
        <line num="105" type="method" name="withRelease" visibility="public" complexity="8" crap="8.44" count="1"/>
        <line num="107" type="stmt" count="1"/>
        <line num="108" type="stmt" count="1"/>
        <line num="110" type="stmt" count="1"/>
        <line num="111" type="stmt" count="1"/>
        <line num="112" type="stmt" count="0"/>
        <line num="113" type="stmt" count="0"/>
        <line num="115" type="stmt" count="0"/>
        <line num="118" type="stmt" count="1"/>
        <line num="121" type="stmt" count="1"/>
        <line num="122" type="stmt" count="1"/>
        <line num="123" type="stmt" count="0"/>
        <line num="125" type="stmt" count="1"/>
        <line num="127" type="stmt" count="1"/>
        <line num="128" type="stmt" count="1"/>
        <line num="129" type="stmt" count="1"/>
        <line num="132" type="stmt" count="1"/>
        <line num="133" type="stmt" count="1"/>
        <line num="135" type="stmt" count="1"/>
        <line num="138" type="stmt" count="1"/>
        <line num="139" type="stmt" count="1"/>
        <line num="144" type="stmt" count="1"/>
        <line num="153" type="method" name="promoteUnreleased" visibility="public" complexity="7" crap="7.03" count="1"/>
        <line num="155" type="stmt" count="1"/>
        <line num="157" type="stmt" count="1"/>
        <line num="158" type="stmt" count="1"/>
        <line num="160" type="stmt" count="1"/>
        <line num="161" type="stmt" count="1"/>
        <line num="163" type="stmt" count="1"/>
        <line num="164" type="stmt" count="1"/>
        <line num="165" type="stmt" count="1"/>
        <line num="166" type="stmt" count="1"/>
        <line num="167" type="stmt" count="1"/>
        <line num="170" type="stmt" count="1"/>
        <line num="173" type="stmt" count="1"/>
        <line num="175" type="stmt" count="1"/>
        <line num="176" type="stmt" count="1"/>
        <line num="177" type="stmt" count="1"/>
        <line num="178" type="stmt" count="1"/>
        <line num="180" type="stmt" count="1"/>
        <line num="183" type="stmt" count="1"/>
        <line num="184" type="stmt" count="1"/>
        <line num="187" type="stmt" count="0"/>
        <line num="190" type="stmt" count="1"/>
        <line num="191" type="stmt" count="0"/>
        <line num="194" type="stmt" count="1"/>
        <line num="204" type="method" name="normalizeUnreleasedPosition" visibility="private" complexity="3" crap="3" count="2"/>
        <line num="206" type="stmt" count="2"/>
        <line num="207" type="stmt" count="2"/>
        <line num="209" type="stmt" count="2"/>
        <line num="210" type="stmt" count="2"/>
        <line num="211" type="stmt" count="2"/>
        <line num="213" type="stmt" count="2"/>
        <line num="216" type="stmt" count="2"/>
        <line num="219" type="stmt" count="2"/>
        <metrics loc="222" ncloc="165" classes="1" methods="9" coveredmethods="4" conditionals="0" coveredconditionals="0" statements="67" coveredstatements="55" elements="76" coveredelements="59"/>
      </file>
      <file name="/home/runner/work/dev-tools/dev-tools/src/Changelog/Document/ChangelogRelease.php">
        <class name="FastForward\DevTools\Changelog\Document\ChangelogRelease" namespace="FastForward\DevTools\Changelog\Document">
          <metrics complexity="14" methods="10" coveredmethods="6" conditionals="0" coveredconditionals="0" statements="20" coveredstatements="16" elements="30" coveredelements="22"/>
        </class>
        <line num="39" type="method" name="__construct" visibility="public" complexity="2" crap="2" count="2"/>
        <line num="44" type="stmt" count="2"/>
        <line num="45" type="stmt" count="2"/>
        <line num="52" type="method" name="getVersion" visibility="public" complexity="1" crap="1" count="2"/>
        <line num="54" type="stmt" count="2"/>
        <line num="60" type="method" name="getDate" visibility="public" complexity="1" crap="1" count="1"/>
        <line num="62" type="stmt" count="1"/>
        <line num="68" type="method" name="isUnreleased" visibility="public" complexity="1" crap="1" count="2"/>
        <line num="70" type="stmt" count="2"/>
        <line num="78" type="method" name="getEntries" visibility="public" complexity="1" crap="1" count="1"/>
        <line num="80" type="stmt" count="1"/>
        <line num="90" type="method" name="getEntriesFor" visibility="public" complexity="1" crap="1" count="1"/>
        <line num="92" type="stmt" count="1"/>
        <line num="98" type="method" name="hasEntries" visibility="public" complexity="3" crap="3.14" count="1"/>
        <line num="100" type="stmt" count="1"/>
        <line num="101" type="stmt" count="1"/>
        <line num="102" type="stmt" count="0"/>
        <line num="106" type="stmt" count="1"/>
        <line num="115" type="method" name="withEntry" visibility="public" complexity="2" crap="2.01" count="2"/>
        <line num="117" type="stmt" count="2"/>
        <line num="118" type="stmt" count="2"/>
        <line num="120" type="stmt" count="2"/>
        <line num="121" type="stmt" count="0"/>
        <line num="124" type="stmt" count="2"/>
        <line num="125" type="stmt" count="2"/>
        <line num="127" type="stmt" count="2"/>
        <line num="135" type="method" name="withEntries" visibility="public" complexity="1" crap="2" count="0"/>
        <line num="137" type="stmt" count="0"/>
        <line num="145" type="method" name="withDate" visibility="public" complexity="1" crap="2" count="0"/>
        <line num="147" type="stmt" count="0"/>
        <metrics loc="150" ncloc="85" classes="1" methods="10" coveredmethods="6" conditionals="0" coveredconditionals="0" statements="20" coveredstatements="16" elements="30" coveredelements="22"/>
      </file>
    </package>
    <package name="FastForward\DevTools\Changelog\Entry">
      <file name="/home/runner/work/dev-tools/dev-tools/src/Changelog/Entry/ChangelogEntryType.php">
        <class name="FastForward\DevTools\Changelog\Entry\ChangelogEntryType" namespace="FastForward\DevTools\Changelog\Entry">
          <metrics complexity="2" methods="2" coveredmethods="0" conditionals="0" coveredconditionals="0" statements="4" coveredstatements="0" elements="6" coveredelements="0"/>
        </class>
        <line num="41" type="method" name="ordered" visibility="public" complexity="1" crap="2" count="0"/>
        <line num="43" type="stmt" count="0"/>
        <line num="53" type="method" name="fromInput" visibility="public" complexity="1" crap="2" count="0"/>
        <line num="55" type="stmt" count="0"/>
        <line num="57" type="stmt" count="0"/>
        <line num="58" type="stmt" count="0"/>
        <metrics loc="61" ncloc="32" classes="1" methods="2" coveredmethods="0" conditionals="0" coveredconditionals="0" statements="4" coveredstatements="0" elements="6" coveredelements="0"/>
      </file>
    </package>
    <package name="FastForward\DevTools\Changelog\Manager">
      <file name="/home/runner/work/dev-tools/dev-tools/src/Changelog/Manager/ChangelogManager.php">
        <class name="FastForward\DevTools\Changelog\Manager\ChangelogManager" namespace="FastForward\DevTools\Changelog\Manager">
          <metrics complexity="20" methods="8" coveredmethods="8" conditionals="0" coveredconditionals="0" statements="44" coveredstatements="44" elements="52" coveredelements="52"/>
        </class>
        <line num="43" type="method" name="__construct" visibility="public" complexity="1" crap="1" count="11"/>
        <line num="48" type="stmt" count="11"/>
        <line num="59" type="method" name="addEntry" visibility="public" complexity="3" crap="3" count="3"/>
        <line num="66" type="stmt" count="3"/>
        <line num="67" type="stmt" count="3"/>
        <line num="69" type="stmt" count="3"/>
        <line num="70" type="stmt" count="1"/>
        <line num="73" type="stmt" count="3"/>
        <line num="75" type="stmt" count="3"/>
        <line num="85" type="method" name="promote" visibility="public" complexity="2" crap="2" count="2"/>
        <line num="87" type="stmt" count="2"/>
        <line num="89" type="stmt" count="2"/>
        <line num="90" type="stmt" count="1"/>
        <line num="93" type="stmt" count="1"/>
        <line num="95" type="stmt" count="1"/>
        <line num="104" type="method" name="inferNextVersion" visibility="public" complexity="6" crap="6" count="4"/>
        <line num="106" type="stmt" count="4"/>
        <line num="107" type="stmt" count="4"/>
        <line num="109" type="stmt" count="4"/>
        <line num="110" type="stmt" count="1"/>
        <line num="111" type="stmt" count="1"/>
        <line num="112" type="stmt" count="1"/>
        <line num="113" type="stmt" count="1"/>
        <line num="116" type="stmt" count="3"/>
        <line num="117" type="stmt" count="3"/>
        <line num="119" type="stmt" count="3"/>
        <line num="120" type="stmt" count="3"/>
        <line num="122" type="stmt" count="1"/>
        <line num="125" type="stmt" count="2"/>
        <line num="126" type="stmt" count="2"/>
        <line num="128" type="stmt" count="1"/>
        <line num="131" type="stmt" count="1"/>
        <line num="140" type="method" name="renderReleaseNotes" visibility="public" complexity="2" crap="2" count="2"/>
        <line num="142" type="stmt" count="2"/>
        <line num="143" type="stmt" count="2"/>
        <line num="145" type="stmt" count="2"/>
        <line num="146" type="stmt" count="1"/>
        <line num="149" type="stmt" count="1"/>
        <line num="157" type="method" name="load" visibility="public" complexity="2" crap="2" count="11"/>
        <line num="159" type="stmt" count="11"/>
        <line num="160" type="stmt" count="2"/>
        <line num="163" type="stmt" count="9"/>
        <line num="171" type="method" name="resolveRepositoryUrl" visibility="private" complexity="3" crap="3" count="4"/>
        <line num="174" type="stmt" count="4"/>
        <line num="175" type="stmt" count="1"/>
        <line num="176" type="stmt" count="1"/>
        <line num="179" type="stmt" count="3"/>
        <line num="188" type="method" name="persist" visibility="private" complexity="1" crap="1" count="4"/>
        <line num="190" type="stmt" count="4"/>
        <line num="191" type="stmt" count="4"/>
        <line num="192" type="stmt" count="4"/>
        <line num="193" type="stmt" count="4"/>
        <metrics loc="196" ncloc="129" classes="1" methods="8" coveredmethods="8" conditionals="0" coveredconditionals="0" statements="44" coveredstatements="44" elements="52" coveredelements="52"/>
      </file>
    </package>
    <file name="/home/runner/work/dev-tools/dev-tools/src/Changelog/Manager/ChangelogManagerInterface.php">
      <metrics loc="79" ncloc="29" classes="0" methods="0" coveredmethods="0" conditionals="0" coveredconditionals="0" statements="0" coveredstatements="0" elements="0" coveredelements="0"/>
    </file>
    <package name="FastForward\DevTools\Changelog\Parser">
      <file name="/home/runner/work/dev-tools/dev-tools/src/Changelog/Parser/ChangelogParser.php">
        <class name="FastForward\DevTools\Changelog\Parser\ChangelogParser" namespace="FastForward\DevTools\Changelog\Parser">
          <metrics complexity="11" methods="2" coveredmethods="0" conditionals="0" coveredconditionals="0" statements="41" coveredstatements="37" elements="43" coveredelements="37"/>
        </class>
        <line num="43" type="method" name="parse" visibility="public" complexity="6" crap="6.01" count="1"/>
        <line num="45" type="stmt" count="1"/>
        <line num="46" type="stmt" count="0"/>
        <line num="49" type="stmt" count="1"/>
        <line num="50" type="stmt" count="1"/>
        <line num="51" type="stmt" count="1"/>
        <line num="52" type="stmt" count="1"/>
        <line num="53" type="stmt" count="1"/>
        <line num="54" type="stmt" count="1"/>
        <line num="56" type="stmt" count="1"/>
        <line num="57" type="stmt" count="0"/>
        <line num="60" type="stmt" count="1"/>
        <line num="61" type="stmt" count="1"/>
        <line num="63" type="stmt" count="1"/>
        <line num="64" type="stmt" count="1"/>
        <line num="65" type="stmt" count="1"/>
        <line num="66" type="stmt" count="1"/>
        <line num="67" type="stmt" count="1"/>
        <line num="68" type="stmt" count="1"/>
        <line num="70" type="stmt" count="1"/>
        <line num="72" type="stmt" count="1"/>
        <line num="73" type="stmt" count="1"/>
        <line num="76" type="stmt" count="1"/>
        <line num="77" type="stmt" count="1"/>
        <line num="78" type="stmt" count="1"/>
        <line num="79" type="stmt" count="1"/>
        <line num="80" type="stmt" count="1"/>
        <line num="83" type="stmt" count="1"/>
        <line num="94" type="method" name="extractEntries" visibility="private" complexity="5" crap="5.07" count="1"/>
        <line num="96" type="stmt" count="1"/>
        <line num="98" type="stmt" count="1"/>
        <line num="99" type="stmt" count="1"/>
        <line num="102" type="stmt" count="1"/>
        <line num="103" type="stmt" count="1"/>
        <line num="105" type="stmt" count="1"/>
        <line num="106" type="stmt" count="1"/>
        <line num="108" type="stmt" count="1"/>
        <line num="109" type="stmt" count="0"/>
        <line num="112" type="stmt" count="1"/>
        <line num="114" type="stmt" count="1"/>
        <line num="115" type="stmt" count="0"/>
        <line num="118" type="stmt" count="1"/>
        <line num="121" type="stmt" count="1"/>
        <metrics loc="124" ncloc="94" classes="1" methods="2" coveredmethods="0" conditionals="0" coveredconditionals="0" statements="41" coveredstatements="37" elements="43" coveredelements="37"/>
      </file>
    </package>
    <file name="/home/runner/work/dev-tools/dev-tools/src/Changelog/Parser/ChangelogParserInterface.php">
      <metrics loc="36" ncloc="14" classes="0" methods="0" coveredmethods="0" conditionals="0" coveredconditionals="0" statements="0" coveredstatements="0" elements="0" coveredelements="0"/>
    </file>
    <package name="FastForward\DevTools\Changelog\Renderer">
      <file name="/home/runner/work/dev-tools/dev-tools/src/Changelog/Renderer/MarkdownRenderer.php">
        <class name="FastForward\DevTools\Changelog\Renderer\MarkdownRenderer" namespace="FastForward\DevTools\Changelog\Renderer">
          <metrics complexity="25" methods="6" coveredmethods="4" conditionals="0" coveredconditionals="0" statements="76" coveredstatements="73" elements="82" coveredelements="77"/>
        </class>
        <line num="47" type="method" name="render" visibility="public" complexity="5" crap="5" count="5"/>
        <line num="49" type="stmt" count="5"/>
        <line num="51" type="stmt" count="5"/>
        <line num="52" type="stmt" count="5"/>
        <line num="53" type="stmt" count="5"/>
        <line num="56" type="stmt" count="5"/>
        <line num="59" type="stmt" count="5"/>
        <line num="61" type="stmt" count="5"/>
        <line num="62" type="stmt" count="1"/>
        <line num="63" type="stmt" count="1"/>
        <line num="66" type="stmt" count="1"/>
        <line num="69" type="stmt" count="5"/>
        <line num="77" type="method" name="renderReleaseBody" visibility="public" complexity="1" crap="1" count="1"/>
        <line num="79" type="stmt" count="1"/>
        <line num="87" type="method" name="renderRelease" visibility="private" complexity="7" crap="7" count="6"/>
        <line num="89" type="stmt" count="6"/>
        <line num="90" type="stmt" count="4"/>
        <line num="91" type="stmt" count="5"/>
        <line num="92" type="stmt" count="1"/>
        <line num="93" type="stmt" count="5"/>
        <line num="95" type="stmt" count="6"/>
        <line num="96" type="stmt" count="6"/>
        <line num="98" type="stmt" count="6"/>
        <line num="99" type="stmt" count="6"/>
        <line num="101" type="stmt" count="6"/>
        <line num="102" type="stmt" count="6"/>
        <line num="105" type="stmt" count="5"/>
        <line num="106" type="stmt" count="1"/>
        <line num="109" type="stmt" count="5"/>
        <line num="110" type="stmt" count="5"/>
        <line num="112" type="stmt" count="5"/>
        <line num="113" type="stmt" count="5"/>
        <line num="116" type="stmt" count="5"/>
        <line num="119" type="stmt" count="6"/>
        <line num="128" type="method" name="renderReferences" visibility="private" complexity="5" crap="5" count="5"/>
        <line num="130" type="stmt" count="5"/>
        <line num="132" type="stmt" count="5"/>
        <line num="133" type="stmt" count="4"/>
        <line num="136" type="stmt" count="1"/>
        <line num="137" type="stmt" count="1"/>
        <line num="138" type="stmt" count="1"/>
        <line num="139" type="stmt" count="1"/>
        <line num="141" type="stmt" count="1"/>
        <line num="142" type="stmt" count="0"/>
        <line num="145" type="stmt" count="1"/>
        <line num="146" type="stmt" count="1"/>
        <line num="147" type="stmt" count="1"/>
        <line num="148" type="stmt" count="1"/>
        <line num="149" type="stmt" count="1"/>
        <line num="150" type="stmt" count="1"/>
        <line num="151" type="stmt" count="1"/>
        <line num="153" type="stmt" count="1"/>
        <line num="154" type="stmt" count="1"/>
        <line num="155" type="stmt" count="1"/>
        <line num="156" type="stmt" count="1"/>
        <line num="157" type="stmt" count="1"/>
        <line num="158" type="stmt" count="1"/>
        <line num="159" type="stmt" count="1"/>
        <line num="160" type="stmt" count="1"/>
        <line num="161" type="stmt" count="1"/>
        <line num="162" type="stmt" count="1"/>
        <line num="163" type="stmt" count="1"/>
        <line num="164" type="stmt" count="1"/>
        <line num="165" type="stmt" count="1"/>
        <line num="166" type="stmt" count="1"/>
        <line num="167" type="stmt" count="1"/>
        <line num="170" type="stmt" count="1"/>
        <line num="178" type="method" name="resolveTag" visibility="private" complexity="1" crap="1" count="1"/>
        <line num="180" type="stmt" count="1"/>
        <line num="188" type="method" name="normalizeRepositoryUrl" visibility="private" complexity="6" crap="6.17" count="5"/>
        <line num="190" type="stmt" count="5"/>
        <line num="191" type="stmt" count="4"/>
        <line num="194" type="stmt" count="1"/>
        <line num="196" type="stmt" count="1"/>
        <line num="197" type="stmt" count="0"/>
        <line num="200" type="stmt" count="1"/>
        <line num="201" type="stmt" count="1"/>
        <line num="204" type="stmt" count="1"/>
        <line num="205" type="stmt" count="0"/>
        <line num="208" type="stmt" count="1"/>
        <line num="209" type="stmt" count="1"/>
        <line num="212" type="stmt" count="1"/>
        <metrics loc="215" ncloc="166" classes="1" methods="6" coveredmethods="4" conditionals="0" coveredconditionals="0" statements="76" coveredstatements="73" elements="82" coveredelements="77"/>
      </file>
    </package>
    <file name="/home/runner/work/dev-tools/dev-tools/src/Changelog/Renderer/MarkdownRendererInterface.php">
      <metrics loc="45" ncloc="17" classes="0" methods="0" coveredmethods="0" conditionals="0" coveredconditionals="0" statements="0" coveredstatements="0" elements="0" coveredelements="0"/>
    </file>
    <package name="FastForward\DevTools\Composer\Capability">
      <file name="/home/runner/work/dev-tools/dev-tools/src/Composer/Capability/DevToolsCommandProvider.php">
        <class name="FastForward\DevTools\Composer\Capability\DevToolsCommandProvider" namespace="FastForward\DevTools\Composer\Capability">
          <metrics complexity="1" methods="1" coveredmethods="1" conditionals="0" coveredconditionals="0" statements="4" coveredstatements="4" elements="5" coveredelements="5"/>
        </class>
        <line num="35" type="method" name="getCommands" visibility="public" complexity="1" crap="1" count="2"/>
        <line num="37" type="stmt" count="2"/>
        <line num="38" type="stmt" count="2"/>
        <line num="39" type="stmt" count="2"/>
        <line num="40" type="stmt" count="2"/>
        <metrics loc="43" ncloc="22" classes="1" methods="1" coveredmethods="1" conditionals="0" coveredconditionals="0" statements="4" coveredstatements="4" elements="5" coveredelements="5"/>
      </file>
    </package>
    <package name="FastForward\DevTools\Composer\Json">
      <file name="/home/runner/work/dev-tools/dev-tools/src/Composer/Json/ComposerJson.php">
        <class name="FastForward\DevTools\Composer\Json\ComposerJson" namespace="FastForward\DevTools\Composer\Json">
          <metrics complexity="57" methods="22" coveredmethods="13" conditionals="0" coveredconditionals="0" statements="113" coveredstatements="100" elements="135" coveredelements="113"/>
        </class>
        <line num="88" type="method" name="__construct" visibility="public" complexity="1" crap="1" count="17"/>
        <line num="90" type="stmt" count="17"/>
        <line num="92" type="stmt" count="17"/>
        <line num="93" type="stmt" count="17"/>
        <line num="95" type="stmt" count="17"/>
        <line num="96" type="stmt" count="17"/>
        <line num="108" type="method" name="getName" visibility="public" complexity="1" crap="1" count="2"/>
        <line num="110" type="stmt" count="2"/>
        <line num="122" type="method" name="getDescription" visibility="public" complexity="1" crap="1" count="1"/>
        <line num="124" type="stmt" count="1"/>
        <line num="138" type="method" name="getVersion" visibility="public" complexity="1" crap="1" count="1"/>
        <line num="140" type="stmt" count="1"/>
        <line num="152" type="method" name="getType" visibility="public" complexity="1" crap="1" count="2"/>
        <line num="154" type="stmt" count="2"/>
        <line num="166" type="method" name="getKeywords" visibility="public" complexity="1" crap="1" count="1"/>
        <line num="168" type="stmt" count="1"/>
        <line num="179" type="method" name="getHomepage" visibility="public" complexity="1" crap="1" count="1"/>
        <line num="181" type="stmt" count="1"/>
        <line num="193" type="method" name="getReadme" visibility="public" complexity="1" crap="1" count="1"/>
        <line num="195" type="stmt" count="1"/>
        <line num="207" type="method" name="getTime" visibility="public" complexity="3" crap="3.33" count="1"/>
        <line num="209" type="stmt" count="1"/>
        <line num="211" type="stmt" count="1"/>
        <line num="212" type="stmt" count="0"/>
        <line num="215" type="stmt" count="1"/>
        <line num="216" type="stmt" count="1"/>
        <line num="219" type="stmt" count="0"/>
        <line num="234" type="method" name="getLicense" visibility="public" complexity="5" crap="5" count="1"/>
        <line num="236" type="stmt" count="1"/>
        <line num="238" type="stmt" count="1"/>
        <line num="239" type="stmt" count="1"/>
        <line num="242" type="stmt" count="1"/>
        <line num="243" type="stmt" count="1"/>
        <line num="246" type="stmt" count="1"/>
        <line num="270" type="method" name="getAuthors" visibility="public" complexity="3" crap="3" count="2"/>
        <line num="272" type="stmt" count="2"/>
        <line num="273" type="stmt" count="2"/>
        <line num="274" type="stmt" count="2"/>
        <line num="275" type="stmt" count="2"/>
        <line num="276" type="stmt" count="2"/>
        <line num="277" type="stmt" count="2"/>
        <line num="279" type="stmt" count="2"/>
        <line num="280" type="stmt" count="2"/>
        <line num="281" type="stmt" count="1"/>
        <line num="284" type="stmt" count="1"/>
        <line num="287" type="stmt" count="1"/>
        <line num="299" type="method" name="getSupport" visibility="public" complexity="2" crap="2.00" count="1"/>
        <line num="301" type="stmt" count="1"/>
        <line num="303" type="stmt" count="1"/>
        <line num="304" type="stmt" count="0"/>
        <line num="307" type="stmt" count="1"/>
        <line num="308" type="stmt" count="1"/>
        <line num="309" type="stmt" count="1"/>
        <line num="310" type="stmt" count="1"/>
        <line num="311" type="stmt" count="1"/>
        <line num="312" type="stmt" count="1"/>
        <line num="313" type="stmt" count="1"/>
        <line num="314" type="stmt" count="1"/>
        <line num="315" type="stmt" count="1"/>
        <line num="316" type="stmt" count="1"/>
        <line num="317" type="stmt" count="1"/>
        <line num="318" type="stmt" count="1"/>
        <line num="330" type="method" name="getFunding" visibility="public" complexity="4" crap="4.18" count="1"/>
        <line num="332" type="stmt" count="1"/>
        <line num="334" type="stmt" count="1"/>
        <line num="335" type="stmt" count="0"/>
        <line num="338" type="stmt" count="1"/>
        <line num="340" type="stmt" count="1"/>
        <line num="341" type="stmt" count="1"/>
        <line num="342" type="stmt" count="0"/>
        <line num="345" type="stmt" count="1"/>
        <line num="348" type="stmt" count="1"/>
        <line num="365" type="method" name="getAutoload" visibility="public" complexity="4" crap="4.05" count="1"/>
        <line num="367" type="stmt" count="1"/>
        <line num="369" type="stmt" count="1"/>
        <line num="370" type="stmt" count="0"/>
        <line num="373" type="stmt" count="1"/>
        <line num="374" type="stmt" count="1"/>
        <line num="377" type="stmt" count="1"/>
        <line num="379" type="stmt" count="1"/>
        <line num="396" type="method" name="getAutoloadDev" visibility="public" complexity="4" crap="4.05" count="1"/>
        <line num="398" type="stmt" count="1"/>
        <line num="400" type="stmt" count="1"/>
        <line num="401" type="stmt" count="0"/>
        <line num="404" type="stmt" count="1"/>
        <line num="405" type="stmt" count="1"/>
        <line num="408" type="stmt" count="1"/>
        <line num="410" type="stmt" count="1"/>
        <line num="421" type="method" name="getMinimumStability" visibility="public" complexity="1" crap="1" count="1"/>
        <line num="423" type="stmt" count="1"/>
        <line num="443" type="method" name="getConfig" visibility="public" complexity="6" crap="6.05" count="1"/>
        <line num="445" type="stmt" count="1"/>
        <line num="447" type="stmt" count="1"/>
        <line num="448" type="stmt" count="0"/>
        <line num="451" type="stmt" count="1"/>
        <line num="452" type="stmt" count="1"/>
        <line num="455" type="stmt" count="1"/>
        <line num="457" type="stmt" count="1"/>
        <line num="458" type="stmt" count="1"/>
        <line num="461" type="stmt" count="1"/>
        <line num="472" type="method" name="getScripts" visibility="public" complexity="2" crap="2" count="1"/>
        <line num="474" type="stmt" count="1"/>
        <line num="476" type="stmt" count="1"/>
        <line num="493" type="method" name="getExtra" visibility="public" complexity="4" crap="4.05" count="1"/>
        <line num="495" type="stmt" count="1"/>
        <line num="497" type="stmt" count="1"/>
        <line num="498" type="stmt" count="0"/>
        <line num="501" type="stmt" count="1"/>
        <line num="502" type="stmt" count="1"/>
        <line num="505" type="stmt" count="1"/>
        <line num="507" type="stmt" count="1"/>
        <line num="519" type="method" name="getBin" visibility="public" complexity="3" crap="3.04" count="1"/>
        <line num="521" type="stmt" count="1"/>
        <line num="523" type="stmt" count="1"/>
        <line num="524" type="stmt" count="1"/>
        <line num="527" type="stmt" count="1"/>
        <line num="528" type="stmt" count="0"/>
        <line num="531" type="stmt" count="1"/>
        <line num="543" type="method" name="getSuggest" visibility="public" complexity="5" crap="5.51" count="1"/>
        <line num="545" type="stmt" count="1"/>
        <line num="547" type="stmt" count="1"/>
        <line num="548" type="stmt" count="0"/>
        <line num="551" type="stmt" count="1"/>
        <line num="553" type="stmt" count="1"/>
        <line num="554" type="stmt" count="1"/>
        <line num="555" type="stmt" count="0"/>
        <line num="558" type="stmt" count="1"/>
        <line num="559" type="stmt" count="0"/>
        <line num="562" type="stmt" count="1"/>
        <line num="565" type="stmt" count="1"/>
        <line num="577" type="method" name="getComments" visibility="public" complexity="3" crap="3" count="1"/>
        <line num="579" type="stmt" count="1"/>
        <line num="581" type="stmt" count="1"/>
        <line num="582" type="stmt" count="1"/>
        <line num="585" type="stmt" count="1"/>
        <metrics loc="588" ncloc="303" classes="1" methods="22" coveredmethods="13" conditionals="0" coveredconditionals="0" statements="113" coveredstatements="100" elements="135" coveredelements="113"/>
      </file>
    </package>
    <file name="/home/runner/work/dev-tools/dev-tools/src/Composer/Json/ComposerJsonInterface.php">
      <metrics loc="332" ncloc="56" classes="0" methods="0" coveredmethods="0" conditionals="0" coveredconditionals="0" statements="0" coveredstatements="0" elements="0" coveredelements="0"/>
    </file>
    <package name="FastForward\DevTools\Composer\Json\Schema">
      <file name="/home/runner/work/dev-tools/dev-tools/src/Composer/Json/Schema/Author.php">
        <class name="FastForward\DevTools\Composer\Json\Schema\Author" namespace="FastForward\DevTools\Composer\Json\Schema">
          <metrics complexity="12" methods="6" coveredmethods="6" conditionals="0" coveredconditionals="0" statements="12" coveredstatements="12" elements="18" coveredelements="18"/>
        </class>
        <line num="48" type="method" name="__construct" visibility="public" complexity="1" crap="1" count="5"/>
        <line num="53" type="stmt" count="5"/>
        <line num="58" type="method" name="getName" visibility="public" complexity="1" crap="1" count="1"/>
        <line num="60" type="stmt" count="1"/>
        <line num="66" type="method" name="getEmail" visibility="public" complexity="1" crap="1" count="1"/>
        <line num="68" type="stmt" count="1"/>
        <line num="74" type="method" name="getHomepage" visibility="public" complexity="1" crap="1" count="1"/>
        <line num="76" type="stmt" count="1"/>
        <line num="82" type="method" name="getRole" visibility="public" complexity="1" crap="1" count="1"/>
        <line num="84" type="stmt" count="1"/>
        <line num="95" type="method" name="__toString" visibility="public" complexity="7" crap="7" count="4"/>
        <line num="97" type="stmt" count="4"/>
        <line num="98" type="stmt" count="1"/>
        <line num="101" type="stmt" count="3"/>
        <line num="102" type="stmt" count="1"/>
        <line num="105" type="stmt" count="2"/>
        <line num="106" type="stmt" count="1"/>
        <line num="109" type="stmt" count="1"/>
        <metrics loc="112" ncloc="54" classes="1" methods="6" coveredmethods="6" conditionals="0" coveredconditionals="0" statements="12" coveredstatements="12" elements="18" coveredelements="18"/>
      </file>
      <file name="/home/runner/work/dev-tools/dev-tools/src/Composer/Json/Schema/Funding.php">
        <class name="FastForward\DevTools\Composer\Json\Schema\Funding" namespace="FastForward\DevTools\Composer\Json\Schema">
          <metrics complexity="3" methods="3" coveredmethods="3" conditionals="0" coveredconditionals="0" statements="3" coveredstatements="3" elements="6" coveredelements="6"/>
        </class>
        <line num="48" type="method" name="__construct" visibility="public" complexity="1" crap="1" count="1"/>
        <line num="51" type="stmt" count="1"/>
        <line num="61" type="method" name="getType" visibility="public" complexity="1" crap="1" count="1"/>
        <line num="63" type="stmt" count="1"/>
        <line num="74" type="method" name="getUrl" visibility="public" complexity="1" crap="1" count="1"/>
        <line num="76" type="stmt" count="1"/>
        <metrics loc="79" ncloc="25" classes="1" methods="3" coveredmethods="3" conditionals="0" coveredconditionals="0" statements="3" coveredstatements="3" elements="6" coveredelements="6"/>
      </file>
      <file name="/home/runner/work/dev-tools/dev-tools/src/Composer/Json/Schema/Support.php">
        <class name="FastForward\DevTools\Composer\Json\Schema\Support" namespace="FastForward\DevTools\Composer\Json\Schema">
          <metrics complexity="11" methods="11" coveredmethods="11" conditionals="0" coveredconditionals="0" statements="11" coveredstatements="11" elements="22" coveredelements="22"/>
        </class>
        <line num="60" type="method" name="__construct" visibility="public" complexity="1" crap="1" count="2"/>
        <line num="71" type="stmt" count="2"/>
        <line num="80" type="method" name="getEmail" visibility="public" complexity="1" crap="1" count="2"/>
        <line num="82" type="stmt" count="2"/>
        <line num="92" type="method" name="getIssues" visibility="public" complexity="1" crap="1" count="2"/>
        <line num="94" type="stmt" count="2"/>
        <line num="104" type="method" name="getForum" visibility="public" complexity="1" crap="1" count="2"/>
        <line num="106" type="stmt" count="2"/>
        <line num="116" type="method" name="getWiki" visibility="public" complexity="1" crap="1" count="2"/>
        <line num="118" type="stmt" count="2"/>
        <line num="128" type="method" name="getIrc" visibility="public" complexity="1" crap="1" count="2"/>
        <line num="130" type="stmt" count="2"/>
        <line num="140" type="method" name="getSource" visibility="public" complexity="1" crap="1" count="2"/>
        <line num="142" type="stmt" count="2"/>
        <line num="152" type="method" name="getDocs" visibility="public" complexity="1" crap="1" count="2"/>
        <line num="154" type="stmt" count="2"/>
        <line num="164" type="method" name="getRss" visibility="public" complexity="1" crap="1" count="2"/>
        <line num="166" type="stmt" count="2"/>
        <line num="176" type="method" name="getChat" visibility="public" complexity="1" crap="1" count="2"/>
        <line num="178" type="stmt" count="2"/>
        <line num="188" type="method" name="getSecurity" visibility="public" complexity="1" crap="1" count="2"/>
        <line num="190" type="stmt" count="2"/>
        <metrics loc="193" ncloc="73" classes="1" methods="11" coveredmethods="11" conditionals="0" coveredconditionals="0" statements="11" coveredstatements="11" elements="22" coveredelements="22"/>
      </file>
    </package>
    <file name="/home/runner/work/dev-tools/dev-tools/src/Composer/Json/Schema/AuthorInterface.php">
      <metrics loc="81" ncloc="20" classes="0" methods="0" coveredmethods="0" conditionals="0" coveredconditionals="0" statements="0" coveredstatements="0" elements="0" coveredelements="0"/>
    </file>
    <file name="/home/runner/work/dev-tools/dev-tools/src/Composer/Json/Schema/FundingInterface.php">
      <metrics loc="75" ncloc="14" classes="0" methods="0" coveredmethods="0" conditionals="0" coveredconditionals="0" statements="0" coveredstatements="0" elements="0" coveredelements="0"/>
    </file>
    <file name="/home/runner/work/dev-tools/dev-tools/src/Composer/Json/Schema/SupportInterface.php">
      <metrics loc="160" ncloc="30" classes="0" methods="0" coveredmethods="0" conditionals="0" coveredconditionals="0" statements="0" coveredstatements="0" elements="0" coveredelements="0"/>
    </file>
    <package name="FastForward\DevTools\Composer">
      <file name="/home/runner/work/dev-tools/dev-tools/src/Composer/Plugin.php">
        <class name="FastForward\DevTools\Composer\Plugin" namespace="FastForward\DevTools\Composer">
          <metrics complexity="6" methods="6" coveredmethods="6" conditionals="0" coveredconditionals="0" statements="14" coveredstatements="14" elements="20" coveredelements="20"/>
        </class>
        <line num="46" type="method" name="getCapabilities" visibility="public" complexity="1" crap="1" count="1"/>
        <line num="48" type="stmt" count="1"/>
        <line num="49" type="stmt" count="1"/>
        <line num="50" type="stmt" count="1"/>
        <line num="61" type="method" name="getSubscribedEvents" visibility="public" complexity="1" crap="1" count="1"/>
        <line num="63" type="stmt" count="1"/>
        <line num="64" type="stmt" count="1"/>
        <line num="65" type="stmt" count="1"/>
        <line num="66" type="stmt" count="1"/>
        <line num="79" type="method" name="runSyncCommand" visibility="public" complexity="1" crap="1" count="1"/>
        <line num="81" type="stmt" count="1"/>
        <line num="82" type="stmt" count="1"/>
        <line num="83" type="stmt" count="1"/>
        <line num="84" type="stmt" count="1"/>
        <line num="97" type="method" name="activate" visibility="public" complexity="1" crap="1" count="1"/>
        <line num="100" type="stmt" count="1"/>
        <line num="112" type="method" name="deactivate" visibility="public" complexity="1" crap="1" count="1"/>
        <line num="115" type="stmt" count="1"/>
        <line num="127" type="method" name="uninstall" visibility="public" complexity="1" crap="1" count="1"/>
        <line num="130" type="stmt" count="1"/>
        <metrics loc="132" ncloc="55" classes="1" methods="6" coveredmethods="6" conditionals="0" coveredconditionals="0" statements="14" coveredstatements="14" elements="20" coveredelements="20"/>
      </file>
    </package>
    <package name="FastForward\DevTools\Config">
      <file name="/home/runner/work/dev-tools/dev-tools/src/Config/ECSConfig.php">
        <class name="FastForward\DevTools\Config\ECSConfig" namespace="FastForward\DevTools\Config">
          <metrics complexity="1" methods="1" coveredmethods="1" conditionals="0" coveredconditionals="0" statements="28" coveredstatements="28" elements="29" coveredelements="29"/>
        </class>
        <line num="54" type="method" name="configure" visibility="public" complexity="1" crap="1" count="1"/>
        <line num="56" type="stmt" count="1"/>
        <line num="57" type="stmt" count="1"/>
        <line num="59" type="stmt" count="1"/>
        <line num="60" type="stmt" count="1"/>
        <line num="61" type="stmt" count="1"/>
        <line num="62" type="stmt" count="1"/>
        <line num="63" type="stmt" count="1"/>
        <line num="64" type="stmt" count="1"/>
        <line num="65" type="stmt" count="1"/>
        <line num="66" type="stmt" count="1"/>
        <line num="67" type="stmt" count="1"/>
        <line num="68" type="stmt" count="1"/>
        <line num="69" type="stmt" count="1"/>
        <line num="70" type="stmt" count="1"/>
        <line num="71" type="stmt" count="1"/>
        <line num="72" type="stmt" count="1"/>
        <line num="73" type="stmt" count="1"/>
        <line num="74" type="stmt" count="1"/>
        <line num="75" type="stmt" count="1"/>
        <line num="76" type="stmt" count="1"/>
        <line num="77" type="stmt" count="1"/>
        <line num="78" type="stmt" count="1"/>
        <line num="79" type="stmt" count="1"/>
        <line num="80" type="stmt" count="1"/>
        <line num="81" type="stmt" count="1"/>
        <line num="82" type="stmt" count="1"/>
        <line num="83" type="stmt" count="1"/>
        <line num="84" type="stmt" count="1"/>
        <metrics loc="87" ncloc="56" classes="1" methods="1" coveredmethods="1" conditionals="0" coveredconditionals="0" statements="28" coveredstatements="28" elements="29" coveredelements="29"/>
      </file>
      <file name="/home/runner/work/dev-tools/dev-tools/src/Config/RectorConfig.php">
        <class name="FastForward\DevTools\Config\RectorConfig" namespace="FastForward\DevTools\Config">
          <metrics complexity="5" methods="1" coveredmethods="0" conditionals="0" coveredconditionals="0" statements="43" coveredstatements="2" elements="44" coveredelements="2"/>
        </class>
        <line num="59" type="method" name="configure" visibility="public" complexity="5" crap="26.67" count="2"/>
        <line num="61" type="stmt" count="2"/>
        <line num="62" type="stmt" count="0"/>
        <line num="64" type="stmt" count="0"/>
        <line num="65" type="stmt" count="0"/>
        <line num="66" type="stmt" count="0"/>
        <line num="67" type="stmt" count="0"/>
        <line num="68" type="stmt" count="0"/>
        <line num="69" type="stmt" count="0"/>
        <line num="70" type="stmt" count="0"/>
        <line num="71" type="stmt" count="0"/>
        <line num="72" type="stmt" count="0"/>
        <line num="73" type="stmt" count="0"/>
        <line num="74" type="stmt" count="0"/>
        <line num="75" type="stmt" count="0"/>
        <line num="76" type="stmt" count="0"/>
        <line num="77" type="stmt" count="0"/>
        <line num="78" type="stmt" count="0"/>
        <line num="79" type="stmt" count="0"/>
        <line num="80" type="stmt" count="0"/>
        <line num="81" type="stmt" count="0"/>
        <line num="82" type="stmt" count="0"/>
        <line num="83" type="stmt" count="0"/>
        <line num="84" type="stmt" count="0"/>
        <line num="85" type="stmt" count="0"/>
        <line num="86" type="stmt" count="0"/>
        <line num="87" type="stmt" count="0"/>
        <line num="88" type="stmt" count="0"/>
        <line num="89" type="stmt" count="0"/>
        <line num="90" type="stmt" count="0"/>
        <line num="91" type="stmt" count="0"/>
        <line num="93" type="stmt" count="0"/>
        <line num="94" type="stmt" count="0"/>
        <line num="96" type="stmt" count="0"/>
        <line num="98" type="stmt" count="0"/>
        <line num="99" type="stmt" count="0"/>
        <line num="100" type="stmt" count="0"/>
        <line num="102" type="stmt" count="0"/>
        <line num="103" type="stmt" count="0"/>
        <line num="105" type="stmt" count="0"/>
        <line num="106" type="stmt" count="0"/>
        <line num="111" type="stmt" count="0"/>
        <line num="112" type="stmt" count="0"/>
        <line num="114" type="stmt" count="2"/>
        <metrics loc="117" ncloc="81" classes="1" methods="1" coveredmethods="0" conditionals="0" coveredconditionals="0" statements="43" coveredstatements="2" elements="44" coveredelements="2"/>
      </file>
    </package>
    <package name="FastForward\DevTools\Console\Command">
      <file name="/home/runner/work/dev-tools/dev-tools/src/Console/Command/ChangelogCheckCommand.php">
        <class name="FastForward\DevTools\Console\Command\ChangelogCheckCommand" namespace="FastForward\DevTools\Console\Command">
          <metrics complexity="4" methods="3" coveredmethods="3" conditionals="0" coveredconditionals="0" statements="23" coveredstatements="23" elements="26" coveredelements="26"/>
        </class>
        <line num="44" type="method" name="__construct" visibility="public" complexity="1" crap="1" count="2"/>
        <line num="48" type="stmt" count="2"/>
        <line num="54" type="method" name="configure" visibility="protected" complexity="1" crap="1" count="2"/>
        <line num="56" type="stmt" count="2"/>
        <line num="57" type="stmt" count="2"/>
        <line num="58" type="stmt" count="2"/>
        <line num="59" type="stmt" count="2"/>
        <line num="60" type="stmt" count="2"/>
        <line num="61" type="stmt" count="2"/>
        <line num="62" type="stmt" count="2"/>
        <line num="63" type="stmt" count="2"/>
        <line num="64" type="stmt" count="2"/>
        <line num="65" type="stmt" count="2"/>
        <line num="66" type="stmt" count="2"/>
        <line num="67" type="stmt" count="2"/>
        <line num="76" type="method" name="execute" visibility="protected" complexity="2" crap="2" count="2"/>
        <line num="78" type="stmt" count="2"/>
        <line num="79" type="stmt" count="2"/>
        <line num="81" type="stmt" count="2"/>
        <line num="82" type="stmt" count="2"/>
        <line num="84" type="stmt" count="2"/>
        <line num="86" type="stmt" count="2"/>
        <line num="87" type="stmt" count="1"/>
        <line num="89" type="stmt" count="1"/>
        <line num="92" type="stmt" count="1"/>
        <line num="94" type="stmt" count="1"/>
        <metrics loc="97" ncloc="67" classes="1" methods="3" coveredmethods="3" conditionals="0" coveredconditionals="0" statements="23" coveredstatements="23" elements="26" coveredelements="26"/>
      </file>
      <file name="/home/runner/work/dev-tools/dev-tools/src/Console/Command/ChangelogEntryCommand.php">
        <class name="FastForward\DevTools\Console\Command\ChangelogEntryCommand" namespace="FastForward\DevTools\Console\Command">
          <metrics complexity="4" methods="3" coveredmethods="3" conditionals="0" coveredconditionals="0" statements="48" coveredstatements="48" elements="51" coveredelements="51"/>
        </class>
        <line num="47" type="method" name="__construct" visibility="public" complexity="1" crap="1" count="1"/>
        <line num="51" type="stmt" count="1"/>
        <line num="57" type="method" name="configure" visibility="protected" complexity="1" crap="1" count="1"/>
        <line num="59" type="stmt" count="1"/>
        <line num="60" type="stmt" count="1"/>
        <line num="61" type="stmt" count="1"/>
        <line num="62" type="stmt" count="1"/>
        <line num="63" type="stmt" count="1"/>
        <line num="64" type="stmt" count="1"/>
        <line num="65" type="stmt" count="1"/>
        <line num="66" type="stmt" count="1"/>
        <line num="67" type="stmt" count="1"/>
        <line num="68" type="stmt" count="1"/>
        <line num="69" type="stmt" count="1"/>
        <line num="70" type="stmt" count="1"/>
        <line num="71" type="stmt" count="1"/>
        <line num="72" type="stmt" count="1"/>
        <line num="73" type="stmt" count="1"/>
        <line num="74" type="stmt" count="1"/>
        <line num="75" type="stmt" count="1"/>
        <line num="76" type="stmt" count="1"/>
        <line num="77" type="stmt" count="1"/>
        <line num="78" type="stmt" count="1"/>
        <line num="79" type="stmt" count="1"/>
        <line num="80" type="stmt" count="1"/>
        <line num="81" type="stmt" count="1"/>
        <line num="82" type="stmt" count="1"/>
        <line num="83" type="stmt" count="1"/>
        <line num="84" type="stmt" count="1"/>
        <line num="85" type="stmt" count="1"/>
        <line num="86" type="stmt" count="1"/>
        <line num="87" type="stmt" count="1"/>
        <line num="88" type="stmt" count="1"/>
        <line num="89" type="stmt" count="1"/>
        <line num="90" type="stmt" count="1"/>
        <line num="91" type="stmt" count="1"/>
        <line num="92" type="stmt" count="1"/>
        <line num="101" type="method" name="execute" visibility="protected" complexity="2" crap="2" count="1"/>
        <line num="103" type="stmt" count="1"/>
        <line num="104" type="stmt" count="1"/>
        <line num="105" type="stmt" count="1"/>
        <line num="106" type="stmt" count="1"/>
        <line num="107" type="stmt" count="1"/>
        <line num="109" type="stmt" count="1"/>
        <line num="111" type="stmt" count="1"/>
        <line num="112" type="stmt" count="1"/>
        <line num="113" type="stmt" count="1"/>
        <line num="114" type="stmt" count="1"/>
        <line num="115" type="stmt" count="1"/>
        <line num="116" type="stmt" count="1"/>
        <line num="118" type="stmt" count="1"/>
        <metrics loc="121" ncloc="91" classes="1" methods="3" coveredmethods="3" conditionals="0" coveredconditionals="0" statements="48" coveredstatements="48" elements="51" coveredelements="51"/>
      </file>
      <file name="/home/runner/work/dev-tools/dev-tools/src/Console/Command/ChangelogNextVersionCommand.php">
        <class name="FastForward\DevTools\Console\Command\ChangelogNextVersionCommand" namespace="FastForward\DevTools\Console\Command">
          <metrics complexity="3" methods="3" coveredmethods="3" conditionals="0" coveredconditionals="0" statements="17" coveredstatements="17" elements="20" coveredelements="20"/>
        </class>
        <line num="44" type="method" name="__construct" visibility="public" complexity="1" crap="1" count="1"/>
        <line num="48" type="stmt" count="1"/>
        <line num="54" type="method" name="configure" visibility="protected" complexity="1" crap="1" count="1"/>
        <line num="56" type="stmt" count="1"/>
        <line num="57" type="stmt" count="1"/>
        <line num="58" type="stmt" count="1"/>
        <line num="59" type="stmt" count="1"/>
        <line num="60" type="stmt" count="1"/>
        <line num="61" type="stmt" count="1"/>
        <line num="62" type="stmt" count="1"/>
        <line num="63" type="stmt" count="1"/>
        <line num="64" type="stmt" count="1"/>
        <line num="65" type="stmt" count="1"/>
        <line num="66" type="stmt" count="1"/>
        <line num="67" type="stmt" count="1"/>
        <line num="76" type="method" name="execute" visibility="protected" complexity="1" crap="1" count="1"/>
        <line num="78" type="stmt" count="1"/>
        <line num="79" type="stmt" count="1"/>
        <line num="81" type="stmt" count="1"/>
        <line num="83" type="stmt" count="1"/>
        <metrics loc="86" ncloc="56" classes="1" methods="3" coveredmethods="3" conditionals="0" coveredconditionals="0" statements="17" coveredstatements="17" elements="20" coveredelements="20"/>
      </file>
      <file name="/home/runner/work/dev-tools/dev-tools/src/Console/Command/ChangelogPromoteCommand.php">
        <class name="FastForward\DevTools\Console\Command\ChangelogPromoteCommand" namespace="FastForward\DevTools\Console\Command">
          <metrics complexity="4" methods="3" coveredmethods="3" conditionals="0" coveredconditionals="0" statements="28" coveredstatements="28" elements="31" coveredelements="31"/>
        </class>
        <line num="47" type="method" name="__construct" visibility="public" complexity="1" crap="1" count="1"/>
        <line num="52" type="stmt" count="1"/>
        <line num="58" type="method" name="configure" visibility="protected" complexity="1" crap="1" count="1"/>
        <line num="60" type="stmt" count="1"/>
        <line num="61" type="stmt" count="1"/>
        <line num="62" type="stmt" count="1"/>
        <line num="63" type="stmt" count="1"/>
        <line num="64" type="stmt" count="1"/>
        <line num="65" type="stmt" count="1"/>
        <line num="66" type="stmt" count="1"/>
        <line num="67" type="stmt" count="1"/>
        <line num="68" type="stmt" count="1"/>
        <line num="69" type="stmt" count="1"/>
        <line num="70" type="stmt" count="1"/>
        <line num="71" type="stmt" count="1"/>
        <line num="72" type="stmt" count="1"/>
        <line num="73" type="stmt" count="1"/>
        <line num="74" type="stmt" count="1"/>
        <line num="75" type="stmt" count="1"/>
        <line num="76" type="stmt" count="1"/>
        <line num="85" type="method" name="execute" visibility="protected" complexity="2" crap="2" count="1"/>
        <line num="87" type="stmt" count="1"/>
        <line num="88" type="stmt" count="1"/>
        <line num="89" type="stmt" count="1"/>
        <line num="91" type="stmt" count="1"/>
        <line num="93" type="stmt" count="1"/>
        <line num="94" type="stmt" count="1"/>
        <line num="95" type="stmt" count="1"/>
        <line num="96" type="stmt" count="1"/>
        <line num="97" type="stmt" count="1"/>
        <line num="99" type="stmt" count="1"/>
        <metrics loc="102" ncloc="71" classes="1" methods="3" coveredmethods="3" conditionals="0" coveredconditionals="0" statements="28" coveredstatements="28" elements="31" coveredelements="31"/>
      </file>
      <file name="/home/runner/work/dev-tools/dev-tools/src/Console/Command/ChangelogShowCommand.php">
        <class name="FastForward\DevTools\Console\Command\ChangelogShowCommand" namespace="FastForward\DevTools\Console\Command">
          <metrics complexity="3" methods="3" coveredmethods="3" conditionals="0" coveredconditionals="0" statements="18" coveredstatements="18" elements="21" coveredelements="21"/>
        </class>
        <line num="45" type="method" name="__construct" visibility="public" complexity="1" crap="1" count="1"/>
        <line num="49" type="stmt" count="1"/>
        <line num="55" type="method" name="configure" visibility="protected" complexity="1" crap="1" count="1"/>
        <line num="57" type="stmt" count="1"/>
        <line num="58" type="stmt" count="1"/>
        <line num="59" type="stmt" count="1"/>
        <line num="60" type="stmt" count="1"/>
        <line num="61" type="stmt" count="1"/>
        <line num="62" type="stmt" count="1"/>
        <line num="63" type="stmt" count="1"/>
        <line num="64" type="stmt" count="1"/>
        <line num="65" type="stmt" count="1"/>
        <line num="66" type="stmt" count="1"/>
        <line num="67" type="stmt" count="1"/>
        <line num="68" type="stmt" count="1"/>
        <line num="77" type="method" name="execute" visibility="protected" complexity="1" crap="1" count="1"/>
        <line num="79" type="stmt" count="1"/>
        <line num="80" type="stmt" count="1"/>
        <line num="81" type="stmt" count="1"/>
        <line num="82" type="stmt" count="1"/>
        <line num="84" type="stmt" count="1"/>
        <metrics loc="87" ncloc="57" classes="1" methods="3" coveredmethods="3" conditionals="0" coveredconditionals="0" statements="18" coveredstatements="18" elements="21" coveredelements="21"/>
      </file>
      <file name="/home/runner/work/dev-tools/dev-tools/src/Console/Command/CodeStyleCommand.php">
        <class name="FastForward\DevTools\Console\Command\CodeStyleCommand" namespace="FastForward\DevTools\Console\Command">
          <metrics complexity="5" methods="3" coveredmethods="3" conditionals="0" coveredconditionals="0" statements="27" coveredstatements="27" elements="30" coveredelements="30"/>
        </class>
        <line num="59" type="method" name="__construct" visibility="public" complexity="1" crap="1" count="5"/>
        <line num="64" type="stmt" count="5"/>
        <line num="75" type="method" name="configure" visibility="protected" complexity="1" crap="1" count="5"/>
        <line num="77" type="stmt" count="5"/>
        <line num="78" type="stmt" count="5"/>
        <line num="79" type="stmt" count="5"/>
        <line num="80" type="stmt" count="5"/>
        <line num="81" type="stmt" count="5"/>
        <line num="82" type="stmt" count="5"/>
        <line num="83" type="stmt" count="5"/>
        <line num="97" type="method" name="execute" visibility="protected" complexity="3" crap="3" count="3"/>
        <line num="99" type="stmt" count="3"/>
        <line num="101" type="stmt" count="3"/>
        <line num="102" type="stmt" count="3"/>
        <line num="103" type="stmt" count="3"/>
        <line num="104" type="stmt" count="3"/>
        <line num="106" type="stmt" count="3"/>
        <line num="107" type="stmt" count="3"/>
        <line num="108" type="stmt" count="3"/>
        <line num="109" type="stmt" count="3"/>
        <line num="111" type="stmt" count="3"/>
        <line num="112" type="stmt" count="3"/>
        <line num="113" type="stmt" count="3"/>
        <line num="115" type="stmt" count="3"/>
        <line num="116" type="stmt" count="1"/>
        <line num="119" type="stmt" count="3"/>
        <line num="121" type="stmt" count="3"/>
        <line num="122" type="stmt" count="3"/>
        <line num="123" type="stmt" count="3"/>
        <line num="125" type="stmt" count="3"/>
        <metrics loc="128" ncloc="76" classes="1" methods="3" coveredmethods="3" conditionals="0" coveredconditionals="0" statements="27" coveredstatements="27" elements="30" coveredelements="30"/>
      </file>
      <file name="/home/runner/work/dev-tools/dev-tools/src/Console/Command/CopyResourceCommand.php">
        <class name="FastForward\DevTools\Console\Command\CopyResourceCommand" namespace="FastForward\DevTools\Console\Command">
          <metrics complexity="29" methods="6" coveredmethods="3" conditionals="0" coveredconditionals="0" statements="108" coveredstatements="97" elements="114" coveredelements="100"/>
        </class>
        <line num="52" type="method" name="__construct" visibility="public" complexity="1" crap="1" count="5"/>
        <line num="58" type="stmt" count="5"/>
        <line num="64" type="method" name="configure" visibility="protected" complexity="1" crap="1" count="5"/>
        <line num="66" type="stmt" count="5"/>
        <line num="67" type="stmt" count="5"/>
        <line num="68" type="stmt" count="5"/>
        <line num="69" type="stmt" count="5"/>
        <line num="70" type="stmt" count="5"/>
        <line num="71" type="stmt" count="5"/>
        <line num="72" type="stmt" count="5"/>
        <line num="73" type="stmt" count="5"/>
        <line num="74" type="stmt" count="5"/>
        <line num="75" type="stmt" count="5"/>
        <line num="76" type="stmt" count="5"/>
        <line num="77" type="stmt" count="5"/>
        <line num="78" type="stmt" count="5"/>
        <line num="79" type="stmt" count="5"/>
        <line num="80" type="stmt" count="5"/>
        <line num="81" type="stmt" count="5"/>
        <line num="82" type="stmt" count="5"/>
        <line num="83" type="stmt" count="5"/>
        <line num="84" type="stmt" count="5"/>
        <line num="85" type="stmt" count="5"/>
        <line num="86" type="stmt" count="5"/>
        <line num="87" type="stmt" count="5"/>
        <line num="88" type="stmt" count="5"/>
        <line num="89" type="stmt" count="5"/>
        <line num="90" type="stmt" count="5"/>
        <line num="91" type="stmt" count="5"/>
        <line num="92" type="stmt" count="5"/>
        <line num="93" type="stmt" count="5"/>
        <line num="94" type="stmt" count="5"/>
        <line num="95" type="stmt" count="5"/>
        <line num="96" type="stmt" count="5"/>
        <line num="97" type="stmt" count="5"/>
        <line num="98" type="stmt" count="5"/>
        <line num="99" type="stmt" count="5"/>
        <line num="110" type="method" name="execute" visibility="protected" complexity="4" crap="4.01" count="4"/>
        <line num="112" type="stmt" count="4"/>
        <line num="113" type="stmt" count="4"/>
        <line num="114" type="stmt" count="4"/>
        <line num="115" type="stmt" count="4"/>
        <line num="116" type="stmt" count="4"/>
        <line num="117" type="stmt" count="4"/>
        <line num="119" type="stmt" count="4"/>
        <line num="120" type="stmt" count="0"/>
        <line num="122" type="stmt" count="0"/>
        <line num="125" type="stmt" count="4"/>
        <line num="126" type="stmt" count="4"/>
        <line num="128" type="stmt" count="4"/>
        <line num="129" type="stmt" count="1"/>
        <line num="130" type="stmt" count="1"/>
        <line num="131" type="stmt" count="1"/>
        <line num="132" type="stmt" count="1"/>
        <line num="133" type="stmt" count="1"/>
        <line num="134" type="stmt" count="1"/>
        <line num="135" type="stmt" count="1"/>
        <line num="136" type="stmt" count="1"/>
        <line num="137" type="stmt" count="1"/>
        <line num="138" type="stmt" count="1"/>
        <line num="141" type="stmt" count="3"/>
        <line num="158" type="method" name="copyDirectory" visibility="private" complexity="2" crap="2" count="1"/>
        <line num="168" type="stmt" count="1"/>
        <line num="169" type="stmt" count="1"/>
        <line num="170" type="stmt" count="1"/>
        <line num="171" type="stmt" count="1"/>
        <line num="173" type="stmt" count="1"/>
        <line num="175" type="stmt" count="1"/>
        <line num="176" type="stmt" count="1"/>
        <line num="177" type="stmt" count="1"/>
        <line num="178" type="stmt" count="1"/>
        <line num="179" type="stmt" count="1"/>
        <line num="180" type="stmt" count="1"/>
        <line num="181" type="stmt" count="1"/>
        <line num="182" type="stmt" count="1"/>
        <line num="183" type="stmt" count="1"/>
        <line num="184" type="stmt" count="1"/>
        <line num="185" type="stmt" count="1"/>
        <line num="186" type="stmt" count="1"/>
        <line num="187" type="stmt" count="1"/>
        <line num="188" type="stmt" count="1"/>
        <line num="189" type="stmt" count="1"/>
        <line num="192" type="stmt" count="1"/>
        <line num="209" type="method" name="copyFile" visibility="private" complexity="20" crap="24.92" count="4"/>
        <line num="219" type="stmt" count="4"/>
        <line num="220" type="stmt" count="0"/>
        <line num="222" type="stmt" count="0"/>
        <line num="225" type="stmt" count="4"/>
        <line num="226" type="stmt" count="3"/>
        <line num="228" type="stmt" count="3"/>
        <line num="230" type="stmt" count="3"/>
        <line num="231" type="stmt" count="1"/>
        <line num="233" type="stmt" count="1"/>
        <line num="234" type="stmt" count="1"/>
        <line num="238" type="stmt" count="3"/>
        <line num="239" type="stmt" count="1"/>
        <line num="242" type="stmt" count="2"/>
        <line num="243" type="stmt" count="0"/>
        <line num="246" type="stmt" count="2"/>
        <line num="247" type="stmt" count="0"/>
        <line num="250" type="stmt" count="2"/>
        <line num="251" type="stmt" count="2"/>
        <line num="252" type="stmt" count="2"/>
        <line num="253" type="stmt" count="2"/>
        <line num="254" type="stmt" count="2"/>
        <line num="255" type="stmt" count="0"/>
        <line num="257" type="stmt" count="0"/>
        <line num="261" type="stmt" count="3"/>
        <line num="262" type="stmt" count="3"/>
        <line num="264" type="stmt" count="3"/>
        <line num="276" type="method" name="shouldReplaceResource" visibility="private" complexity="1" crap="2" count="0"/>
        <line num="278" type="stmt" count="0"/>
        <line num="280" type="stmt" count="0"/>
        <line num="281" type="stmt" count="0"/>
        <metrics loc="284" ncloc="211" classes="1" methods="6" coveredmethods="3" conditionals="0" coveredconditionals="0" statements="108" coveredstatements="97" elements="114" coveredelements="100"/>
      </file>
      <file name="/home/runner/work/dev-tools/dev-tools/src/Console/Command/DependenciesCommand.php">
        <class name="FastForward\DevTools\Console\Command\DependenciesCommand" namespace="FastForward\DevTools\Console\Command">
          <metrics complexity="20" methods="11" coveredmethods="10" conditionals="0" coveredconditionals="0" statements="67" coveredstatements="66" elements="78" coveredelements="76"/>
        </class>
        <line num="51" type="method" name="__construct" visibility="public" complexity="1" crap="1" count="5"/>
        <line num="55" type="stmt" count="5"/>
        <line num="61" type="method" name="configure" visibility="protected" complexity="1" crap="1" count="5"/>
        <line num="63" type="stmt" count="5"/>
        <line num="64" type="stmt" count="5"/>
        <line num="65" type="stmt" count="5"/>
        <line num="66" type="stmt" count="5"/>
        <line num="67" type="stmt" count="5"/>
        <line num="68" type="stmt" count="5"/>
        <line num="69" type="stmt" count="5"/>
        <line num="70" type="stmt" count="5"/>
        <line num="71" type="stmt" count="5"/>
        <line num="72" type="stmt" count="5"/>
        <line num="73" type="stmt" count="5"/>
        <line num="74" type="stmt" count="5"/>
        <line num="75" type="stmt" count="5"/>
        <line num="76" type="stmt" count="5"/>
        <line num="77" type="stmt" count="5"/>
        <line num="78" type="stmt" count="5"/>
        <line num="79" type="stmt" count="5"/>
        <line num="90" type="method" name="execute" visibility="protected" complexity="3" crap="3" count="4"/>
        <line num="93" type="stmt" count="4"/>
        <line num="94" type="stmt" count="1"/>
        <line num="95" type="stmt" count="1"/>
        <line num="97" type="stmt" count="1"/>
        <line num="100" type="stmt" count="3"/>
        <line num="101" type="stmt" count="3"/>
        <line num="103" type="stmt" count="3"/>
        <line num="104" type="stmt" count="1"/>
        <line num="105" type="stmt" count="1"/>
        <line num="108" type="stmt" count="3"/>
        <line num="110" type="stmt" count="3"/>
        <line num="111" type="stmt" count="3"/>
        <line num="112" type="stmt" count="3"/>
        <line num="114" type="stmt" count="3"/>
        <line num="122" type="method" name="getComposerDependencyAnalyserCommand" visibility="private" complexity="1" crap="1" count="3"/>
        <line num="124" type="stmt" count="3"/>
        <line num="125" type="stmt" count="3"/>
        <line num="126" type="stmt" count="3"/>
        <line num="127" type="stmt" count="3"/>
        <line num="138" type="method" name="getJackBreakpointCommand" visibility="private" complexity="2" crap="2" count="3"/>
        <line num="140" type="stmt" count="3"/>
        <line num="142" type="stmt" count="3"/>
        <line num="143" type="stmt" count="2"/>
        <line num="146" type="stmt" count="3"/>
        <line num="148" type="stmt" count="3"/>
        <line num="158" type="method" name="getOpenVersionsCommand" visibility="private" complexity="3" crap="3" count="3"/>
        <line num="160" type="stmt" count="3"/>
        <line num="162" type="stmt" count="3"/>
        <line num="163" type="stmt" count="2"/>
        <line num="166" type="stmt" count="3"/>
        <line num="167" type="stmt" count="2"/>
        <line num="170" type="stmt" count="3"/>
        <line num="180" type="method" name="getRaiseToInstalledCommand" visibility="private" complexity="3" crap="3" count="3"/>
        <line num="182" type="stmt" count="3"/>
        <line num="184" type="stmt" count="3"/>
        <line num="185" type="stmt" count="2"/>
        <line num="188" type="stmt" count="3"/>
        <line num="189" type="stmt" count="2"/>
        <line num="192" type="stmt" count="3"/>
        <line num="200" type="method" name="getComposerUpdateCommand" visibility="private" complexity="1" crap="1" count="1"/>
        <line num="202" type="stmt" count="1"/>
        <line num="203" type="stmt" count="1"/>
        <line num="204" type="stmt" count="1"/>
        <line num="205" type="stmt" count="1"/>
        <line num="206" type="stmt" count="1"/>
        <line num="214" type="method" name="getComposerNormalizeCommand" visibility="private" complexity="1" crap="1" count="1"/>
        <line num="216" type="stmt" count="1"/>
        <line num="224" type="method" name="getComposerUnusedCommand" visibility="private" complexity="1" crap="1" count="3"/>
        <line num="226" type="stmt" count="3"/>
        <line num="236" type="method" name="resolveMaximumOutdated" visibility="private" complexity="3" crap="3.03" count="4"/>
        <line num="238" type="stmt" count="4"/>
        <line num="240" type="stmt" count="4"/>
        <line num="241" type="stmt" count="1"/>
        <line num="244" type="stmt" count="3"/>
        <line num="246" type="stmt" count="3"/>
        <line num="247" type="stmt" count="0"/>
        <line num="250" type="stmt" count="3"/>
        <metrics loc="253" ncloc="170" classes="1" methods="11" coveredmethods="10" conditionals="0" coveredconditionals="0" statements="67" coveredstatements="66" elements="78" coveredelements="76"/>
      </file>
      <file name="/home/runner/work/dev-tools/dev-tools/src/Console/Command/DocsCommand.php">
        <class name="FastForward\DevTools\Console\Command\DocsCommand" namespace="FastForward\DevTools\Console\Command">
          <metrics complexity="6" methods="4" coveredmethods="4" conditionals="0" coveredconditionals="0" statements="65" coveredstatements="65" elements="69" coveredelements="69"/>
        </class>
        <line num="55" type="method" name="__construct" visibility="public" complexity="1" crap="1" count="3"/>
        <line num="62" type="stmt" count="3"/>
        <line num="73" type="method" name="configure" visibility="protected" complexity="1" crap="1" count="3"/>
        <line num="75" type="stmt" count="3"/>
        <line num="76" type="stmt" count="3"/>
        <line num="77" type="stmt" count="3"/>
        <line num="78" type="stmt" count="3"/>
        <line num="79" type="stmt" count="3"/>
        <line num="80" type="stmt" count="3"/>
        <line num="81" type="stmt" count="3"/>
        <line num="82" type="stmt" count="3"/>
        <line num="83" type="stmt" count="3"/>
        <line num="84" type="stmt" count="3"/>
        <line num="85" type="stmt" count="3"/>
        <line num="86" type="stmt" count="3"/>
        <line num="87" type="stmt" count="3"/>
        <line num="88" type="stmt" count="3"/>
        <line num="89" type="stmt" count="3"/>
        <line num="90" type="stmt" count="3"/>
        <line num="91" type="stmt" count="3"/>
        <line num="92" type="stmt" count="3"/>
        <line num="93" type="stmt" count="3"/>
        <line num="94" type="stmt" count="3"/>
        <line num="95" type="stmt" count="3"/>
        <line num="96" type="stmt" count="3"/>
        <line num="97" type="stmt" count="3"/>
        <line num="98" type="stmt" count="3"/>
        <line num="99" type="stmt" count="3"/>
[...]
      <metrics loc="115" ncloc="23" classes="0" methods="0" coveredmethods="0" conditionals="0" coveredconditionals="0" statements="0" coveredstatements="0" elements="0" coveredelements="0"/>
    </file>
    <package name="FastForward\DevTools\Psr\Clock">
      <file name="/home/runner/work/dev-tools/dev-tools/src/Psr/Clock/SystemClock.php">
        <class name="FastForward\DevTools\Psr\Clock\SystemClock" namespace="FastForward\DevTools\Psr\Clock">
          <metrics complexity="1" methods="1" coveredmethods="1" conditionals="0" coveredconditionals="0" statements="1" coveredstatements="1" elements="2" coveredelements="2"/>
        </class>
        <line num="37" type="method" name="now" visibility="public" complexity="1" crap="1" count="1"/>
        <line num="39" type="stmt" count="1"/>
        <metrics loc="42" ncloc="18" classes="1" methods="1" coveredmethods="1" conditionals="0" coveredconditionals="0" statements="1" coveredstatements="1" elements="2" coveredelements="2"/>
      </file>
    </package>
    <package name="FastForward\DevTools\Rector">
      <file name="/home/runner/work/dev-tools/dev-tools/src/Rector/AddMissingClassPhpDocRector.php">
        <class name="FastForward\DevTools\Rector\AddMissingClassPhpDocRector" namespace="FastForward\DevTools\Rector">
          <metrics complexity="6" methods="3" coveredmethods="3" conditionals="0" coveredconditionals="0" statements="19" coveredstatements="19" elements="22" coveredelements="22"/>
        </class>
        <line num="42" type="method" name="getRuleDefinition" visibility="public" complexity="1" crap="1" count="1"/>
        <line num="44" type="stmt" count="1"/>
        <line num="45" type="stmt" count="1"/>
        <line num="46" type="stmt" count="1"/>
        <line num="56" type="method" name="getNodeTypes" visibility="public" complexity="1" crap="1" count="1"/>
        <line num="58" type="stmt" count="1"/>
        <line num="72" type="method" name="refactor" visibility="public" complexity="4" crap="4" count="4"/>
        <line num="74" type="stmt" count="4"/>
        <line num="75" type="stmt" count="1"/>
        <line num="78" type="stmt" count="3"/>
        <line num="79" type="stmt" count="1"/>
        <line num="82" type="stmt" count="2"/>
        <line num="83" type="stmt" count="2"/>
        <line num="84" type="stmt" count="2"/>
        <line num="86" type="stmt" count="2"/>
        <line num="87" type="stmt" count="2"/>
        <line num="89" type="stmt" count="2"/>
        <line num="90" type="stmt" count="1"/>
        <line num="91" type="stmt" count="1"/>
        <line num="94" type="stmt" count="2"/>
        <line num="96" type="stmt" count="2"/>
        <line num="98" type="stmt" count="2"/>
        <metrics loc="101" ncloc="58" classes="1" methods="3" coveredmethods="3" conditionals="0" coveredconditionals="0" statements="19" coveredstatements="19" elements="22" coveredelements="22"/>
      </file>
      <file name="/home/runner/work/dev-tools/dev-tools/src/Rector/AddMissingMethodPhpDocRector.php">
        <class name="FastForward\DevTools\Rector\AddMissingMethodPhpDocRector" namespace="FastForward\DevTools\Rector">
          <metrics complexity="28" methods="6" coveredmethods="2" conditionals="0" coveredconditionals="0" statements="63" coveredstatements="56" elements="69" coveredelements="58"/>
        </class>
        <line num="52" type="method" name="getRuleDefinition" visibility="public" complexity="1" crap="1" count="1"/>
        <line num="54" type="stmt" count="1"/>
        <line num="55" type="stmt" count="1"/>
        <line num="56" type="stmt" count="1"/>
        <line num="66" type="method" name="getNodeTypes" visibility="public" complexity="1" crap="1" count="1"/>
        <line num="68" type="stmt" count="1"/>
        <line num="81" type="method" name="refactor" visibility="public" complexity="10" crap="10.06" count="8"/>
        <line num="83" type="stmt" count="8"/>
        <line num="84" type="stmt" count="1"/>
        <line num="87" type="stmt" count="7"/>
        <line num="89" type="stmt" count="7"/>
        <line num="90" type="stmt" count="1"/>
        <line num="93" type="stmt" count="6"/>
        <line num="94" type="stmt" count="6"/>
        <line num="95" type="stmt" count="4"/>
        <line num="97" type="stmt" count="4"/>
        <line num="98" type="stmt" count="0"/>
        <line num="101" type="stmt" count="4"/>
        <line num="104" type="stmt" count="6"/>
        <line num="105" type="stmt" count="6"/>
        <line num="106" type="stmt" count="4"/>
        <line num="109" type="stmt" count="6"/>
        <line num="112" type="stmt" count="6"/>
        <line num="113" type="stmt" count="2"/>
        <line num="114" type="stmt" count="2"/>
        <line num="117" type="stmt" count="2"/>
        <line num="120" type="stmt" count="6"/>
        <line num="121" type="stmt" count="0"/>
        <line num="124" type="stmt" count="6"/>
        <line num="126" type="stmt" count="6"/>
        <line num="128" type="stmt" count="6"/>
        <line num="141" type="method" name="resolveThrows" visibility="private" complexity="5" crap="5.01" count="6"/>
        <line num="143" type="stmt" count="6"/>
        <line num="144" type="stmt" count="0"/>
        <line num="147" type="stmt" count="6"/>
        <line num="150" type="stmt" count="6"/>
        <line num="152" type="stmt" count="6"/>
        <line num="154" type="stmt" count="6"/>
        <line num="155" type="stmt" count="3"/>
        <line num="157" type="stmt" count="3"/>
        <line num="158" type="stmt" count="1"/>
        <line num="161" type="stmt" count="3"/>
        <line num="162" type="stmt" count="1"/>
        <line num="165" type="stmt" count="2"/>
        <line num="168" type="stmt" count="6"/>
        <line num="180" type="method" name="resolveNameToString" visibility="private" complexity="2" crap="2.06" count="2"/>
        <line num="182" type="stmt" count="2"/>
        <line num="184" type="stmt" count="2"/>
        <line num="185" type="stmt" count="0"/>
        <line num="188" type="stmt" count="2"/>
        <line num="200" type="method" name="resolveTypeToString" visibility="private" complexity="9" crap="9.37" count="6"/>
        <line num="202" type="stmt" count="6"/>
        <line num="203" type="stmt" count="3"/>
        <line num="206" type="stmt" count="4"/>
        <line num="207" type="stmt" count="0"/>
        <line num="210" type="stmt" count="4"/>
        <line num="211" type="stmt" count="3"/>
        <line num="214" type="stmt" count="3"/>
        <line num="215" type="stmt" count="3"/>
        <line num="217" type="stmt" count="3"/>
        <line num="218" type="stmt" count="0"/>
        <line num="221" type="stmt" count="3"/>
        <line num="224" type="stmt" count="3"/>
        <line num="225" type="stmt" count="1"/>
        <line num="228" type="stmt" count="3"/>
        <line num="229" type="stmt" count="2"/>
        <line num="232" type="stmt" count="3"/>
        <line num="233" type="stmt" count="3"/>
        <line num="236" type="stmt" count="0"/>
        <metrics loc="239" ncloc="167" classes="1" methods="6" coveredmethods="2" conditionals="0" coveredconditionals="0" statements="63" coveredstatements="56" elements="69" coveredelements="58"/>
      </file>
      <file name="/home/runner/work/dev-tools/dev-tools/src/Rector/RemoveEmptyDocBlockRector.php">
        <class name="FastForward\DevTools\Rector\RemoveEmptyDocBlockRector" namespace="FastForward\DevTools\Rector">
          <metrics complexity="16" methods="4" coveredmethods="3" conditionals="0" coveredconditionals="0" statements="39" coveredstatements="38" elements="43" coveredelements="41"/>
        </class>
        <line num="46" type="method" name="getRuleDefinition" visibility="public" complexity="1" crap="1" count="1"/>
        <line num="48" type="stmt" count="1"/>
        <line num="49" type="stmt" count="1"/>
        <line num="50" type="stmt" count="1"/>
        <line num="60" type="method" name="getNodeTypes" visibility="public" complexity="1" crap="1" count="1"/>
        <line num="62" type="stmt" count="1"/>
        <line num="75" type="method" name="refactor" visibility="public" complexity="7" crap="7" count="7"/>
        <line num="77" type="stmt" count="7"/>
        <line num="78" type="stmt" count="2"/>
        <line num="81" type="stmt" count="5"/>
        <line num="83" type="stmt" count="5"/>
        <line num="84" type="stmt" count="1"/>
        <line num="87" type="stmt" count="4"/>
        <line num="88" type="stmt" count="1"/>
        <line num="91" type="stmt" count="3"/>
        <line num="93" type="stmt" count="3"/>
        <line num="94" type="stmt" count="3"/>
        <line num="95" type="stmt" count="3"/>
        <line num="98" type="stmt" count="1"/>
        <line num="101" type="stmt" count="3"/>
        <line num="102" type="stmt" count="3"/>
        <line num="103" type="stmt" count="3"/>
        <line num="104" type="stmt" count="3"/>
        <line num="106" type="stmt" count="3"/>
        <line num="118" type="method" name="isEmptyDocBlock" visibility="private" complexity="7" crap="7.01" count="4"/>
        <line num="120" type="stmt" count="4"/>
        <line num="122" type="stmt" count="4"/>
        <line num="123" type="stmt" count="0"/>
        <line num="126" type="stmt" count="4"/>
        <line num="127" type="stmt" count="4"/>
        <line num="128" type="stmt" count="4"/>
        <line num="129" type="stmt" count="3"/>
        <line num="132" type="stmt" count="4"/>
        <line num="133" type="stmt" count="2"/>
        <line num="136" type="stmt" count="4"/>
        <line num="137" type="stmt" count="2"/>
        <line num="140" type="stmt" count="2"/>
        <line num="141" type="stmt" count="2"/>
        <line num="142" type="stmt" count="2"/>
        <line num="143" type="stmt" count="2"/>
        <line num="145" type="stmt" count="2"/>
        <line num="146" type="stmt" count="1"/>
        <line num="150" type="stmt" count="3"/>
        <metrics loc="153" ncloc="102" classes="1" methods="4" coveredmethods="3" conditionals="0" coveredconditionals="0" statements="39" coveredstatements="38" elements="43" coveredelements="41"/>
      </file>
    </package>
    <file name="/home/runner/work/dev-tools/dev-tools/src/Resource/DifferInterface.php">
      <metrics loc="37" ncloc="12" classes="0" methods="0" coveredmethods="0" conditionals="0" coveredconditionals="0" statements="0" coveredstatements="0" elements="0" coveredelements="0"/>
    </file>
    <package name="FastForward\DevTools\Resource">
      <file name="/home/runner/work/dev-tools/dev-tools/src/Resource/FileDiff.php">
        <class name="FastForward\DevTools\Resource\FileDiff" namespace="FastForward\DevTools\Resource">
          <metrics complexity="6" methods="6" coveredmethods="4" conditionals="0" coveredconditionals="0" statements="6" coveredstatements="4" elements="12" coveredelements="8"/>
        </class>
        <line num="54" type="method" name="__construct" visibility="public" complexity="1" crap="1" count="5"/>
        <line num="58" type="stmt" count="5"/>
        <line num="65" type="method" name="getStatus" visibility="public" complexity="1" crap="1" count="5"/>
        <line num="67" type="stmt" count="5"/>
        <line num="75" type="method" name="getSummary" visibility="public" complexity="1" crap="1" count="5"/>
        <line num="77" type="stmt" count="5"/>
        <line num="85" type="method" name="getDiff" visibility="public" complexity="1" crap="1" count="5"/>
        <line num="87" type="stmt" count="5"/>
        <line num="95" type="method" name="isUnchanged" visibility="public" complexity="1" crap="2" count="0"/>
        <line num="97" type="stmt" count="0"/>
        <line num="105" type="method" name="isChanged" visibility="public" complexity="1" crap="2" count="0"/>
        <line num="107" type="stmt" count="0"/>
        <metrics loc="110" ncloc="49" classes="1" methods="6" coveredmethods="4" conditionals="0" coveredconditionals="0" statements="6" coveredstatements="4" elements="12" coveredelements="8"/>
      </file>
      <file name="/home/runner/work/dev-tools/dev-tools/src/Resource/FileDiffer.php">
        <class name="FastForward\DevTools\Resource\FileDiffer" namespace="FastForward\DevTools\Resource">
          <metrics complexity="20" methods="6" coveredmethods="5" conditionals="0" coveredconditionals="0" statements="60" coveredstatements="55" elements="66" coveredelements="60"/>
        </class>
        <line num="41" type="method" name="__construct" visibility="public" complexity="1" crap="1" count="6"/>
        <line num="44" type="stmt" count="6"/>
        <line num="54" type="method" name="diff" visibility="public" complexity="2" crap="2" count="4"/>
        <line num="57" type="stmt" count="4"/>
        <line num="58" type="stmt" count="3"/>
        <line num="59" type="stmt" count="1"/>
        <line num="60" type="stmt" count="1"/>
        <line num="61" type="stmt" count="1"/>
        <line num="62" type="stmt" count="1"/>
        <line num="63" type="stmt" count="1"/>
        <line num="64" type="stmt" count="1"/>
        <line num="65" type="stmt" count="1"/>
        <line num="66" type="stmt" count="1"/>
        <line num="67" type="stmt" count="1"/>
        <line num="70" type="stmt" count="3"/>
        <line num="71" type="stmt" count="3"/>
        <line num="72" type="stmt" count="3"/>
        <line num="73" type="stmt" count="3"/>
        <line num="74" type="stmt" count="3"/>
        <line num="75" type="stmt" count="3"/>
        <line num="76" type="stmt" count="3"/>
        <line num="90" type="method" name="diffContents" visibility="public" complexity="6" crap="6" count="4"/>
        <line num="97" type="stmt" count="4"/>
        <line num="98" type="stmt" count="1"/>
        <line num="99" type="stmt" count="1"/>
        <line num="100" type="stmt" count="1"/>
        <line num="101" type="stmt" count="1"/>
        <line num="104" type="stmt" count="3"/>
        <line num="105" type="stmt" count="1"/>
        <line num="106" type="stmt" count="1"/>
        <line num="107" type="stmt" count="1"/>
        <line num="108" type="stmt" count="1"/>
        <line num="109" type="stmt" count="1"/>
        <line num="110" type="stmt" count="1"/>
        <line num="111" type="stmt" count="1"/>
        <line num="112" type="stmt" count="1"/>
        <line num="115" type="stmt" count="2"/>
        <line num="116" type="stmt" count="2"/>
        <line num="118" type="stmt" count="2"/>
        <line num="119" type="stmt" count="2"/>
        <line num="120" type="stmt" count="2"/>
        <line num="121" type="stmt" count="2"/>
        <line num="122" type="stmt" count="2"/>
        <line num="132" type="method" name="colorize" visibility="public" complexity="7" crap="7" count="1"/>
        <line num="134" type="stmt" count="1"/>
        <line num="136" type="stmt" count="1"/>
        <line num="137" type="stmt" count="1"/>
        <line num="138" type="stmt" count="1"/>
        <line num="140" type="stmt" count="1"/>
        <line num="143" type="stmt" count="1"/>
        <line num="144" type="stmt" count="1"/>
        <line num="146" type="stmt" count="1"/>
        <line num="149" type="stmt" count="1"/>
        <line num="150" type="stmt" count="1"/>
        <line num="152" type="stmt" count="1"/>
        <line num="155" type="stmt" count="1"/>
        <line num="156" type="stmt" count="1"/>
        <line num="160" type="stmt" count="1"/>
        <line num="171" type="method" name="formatForConsole" visibility="public" complexity="3" crap="12" count="0"/>
        <line num="173" type="stmt" count="0"/>
        <line num="174" type="stmt" count="0"/>
        <line num="177" type="stmt" count="0"/>
        <line num="178" type="stmt" count="0"/>
        <line num="181" type="stmt" count="0"/>
        <line num="191" type="method" name="isBinary" visibility="private" complexity="1" crap="1" count="3"/>
        <line num="193" type="stmt" count="3"/>
        <metrics loc="196" ncloc="132" classes="1" methods="6" coveredmethods="5" conditionals="0" coveredconditionals="0" statements="60" coveredstatements="55" elements="66" coveredelements="60"/>
      </file>
      <file name="/home/runner/work/dev-tools/dev-tools/src/Resource/UnifiedDiffer.php">
        <class name="FastForward\DevTools\Resource\UnifiedDiffer" namespace="FastForward\DevTools\Resource">
          <metrics complexity="2" methods="2" coveredmethods="0" conditionals="0" coveredconditionals="0" statements="2" coveredstatements="0" elements="4" coveredelements="0"/>
        </class>
        <line num="36" type="method" name="__construct" visibility="public" complexity="1" crap="2" count="0"/>
        <line num="38" type="stmt" count="0"/>
        <line num="48" type="method" name="diff" visibility="public" complexity="1" crap="2" count="0"/>
        <line num="50" type="stmt" count="0"/>
        <metrics loc="53" ncloc="23" classes="1" methods="2" coveredmethods="0" conditionals="0" coveredconditionals="0" statements="2" coveredstatements="0" elements="4" coveredelements="0"/>
      </file>
    </package>
    <package name="FastForward\DevTools\ServiceProvider">
      <file name="/home/runner/work/dev-tools/dev-tools/src/ServiceProvider/DevToolsServiceProvider.php">
        <class name="FastForward\DevTools\ServiceProvider\DevToolsServiceProvider" namespace="FastForward\DevTools\ServiceProvider">
          <metrics complexity="2" methods="2" coveredmethods="2" conditionals="0" coveredconditionals="0" statements="33" coveredstatements="33" elements="35" coveredelements="35"/>
        </class>
        <line num="99" type="method" name="getFactories" visibility="public" complexity="1" crap="1" count="1"/>
        <line num="101" type="stmt" count="1"/>
        <line num="103" type="stmt" count="1"/>
        <line num="104" type="stmt" count="1"/>
        <line num="107" type="stmt" count="1"/>
        <line num="108" type="stmt" count="1"/>
        <line num="111" type="stmt" count="1"/>
        <line num="114" type="stmt" count="1"/>
        <line num="115" type="stmt" count="1"/>
        <line num="116" type="stmt" count="1"/>
        <line num="117" type="stmt" count="1"/>
        <line num="120" type="stmt" count="1"/>
        <line num="123" type="stmt" count="1"/>
        <line num="126" type="stmt" count="1"/>
        <line num="127" type="stmt" count="1"/>
        <line num="130" type="stmt" count="1"/>
        <line num="131" type="stmt" count="1"/>
        <line num="134" type="stmt" count="1"/>
        <line num="137" type="stmt" count="1"/>
        <line num="138" type="stmt" count="1"/>
        <line num="141" type="stmt" count="1"/>
        <line num="142" type="stmt" count="1"/>
        <line num="143" type="stmt" count="1"/>
        <line num="146" type="stmt" count="1"/>
        <line num="147" type="stmt" count="1"/>
        <line num="148" type="stmt" count="1"/>
        <line num="149" type="stmt" count="1"/>
        <line num="150" type="stmt" count="1"/>
        <line num="151" type="stmt" count="1"/>
        <line num="154" type="stmt" count="1"/>
        <line num="155" type="stmt" count="1"/>
        <line num="158" type="stmt" count="1"/>
        <line num="159" type="stmt" count="1"/>
        <line num="165" type="method" name="getExtensions" visibility="public" complexity="1" crap="1" count="1"/>
        <line num="167" type="stmt" count="1"/>
        <metrics loc="170" ncloc="130" classes="1" methods="2" coveredmethods="2" conditionals="0" coveredconditionals="0" statements="33" coveredstatements="33" elements="35" coveredelements="35"/>
      </file>
    </package>
    <metrics files="107" loc="13700" ncloc="7756" classes="77" methods="348" coveredmethods="262" conditionals="0" coveredconditionals="0" statements="2801" coveredstatements="2544" elements="3149" coveredelements="2806"/>
  </project>
</coverage>
