<?xml version="1.0" encoding="UTF-8"?>
<testsuites>
  <testsuite name="CLI Arguments" tests="541" assertions="1639" errors="0" failures="0" skipped="0" time="2.622591">
    <testsuite name="FastForward\DevTools\Tests\Changelog\Checker\UnreleasedEntryCheckerTest" file="/home/runner/work/dev-tools/dev-tools/tests/Changelog/Checker/UnreleasedEntryCheckerTest.php" tests="8" assertions="36" errors="0" failures="0" skipped="0" time="0.862552">
      <testcase name="hasPendingChangesWillReturnFalseWhenTheFileCannotBeRead" file="/home/runner/work/dev-tools/dev-tools/tests/Changelog/Checker/UnreleasedEntryCheckerTest.php" line="87" class="FastForward\DevTools\Tests\Changelog\Checker\UnreleasedEntryCheckerTest" classname="FastForward.DevTools.Tests.Changelog.Checker.UnreleasedEntryCheckerTest" assertions="3" time="0.852816"/>
      <testcase name="hasPendingChangesWillReturnFalseWhenTheUnreleasedSectionIsEmpty" file="/home/runner/work/dev-tools/dev-tools/tests/Changelog/Checker/UnreleasedEntryCheckerTest.php" line="102" class="FastForward\DevTools\Tests\Changelog\Checker\UnreleasedEntryCheckerTest" classname="FastForward.DevTools.Tests.Changelog.Checker.UnreleasedEntryCheckerTest" assertions="4" time="0.003744"/>
      <testcase name="hasPendingChangesWillReturnTrueWhenUnreleasedSectionContainsEntries" file="/home/runner/work/dev-tools/dev-tools/tests/Changelog/Checker/UnreleasedEntryCheckerTest.php" line="120" class="FastForward\DevTools\Tests\Changelog\Checker\UnreleasedEntryCheckerTest" classname="FastForward.DevTools.Tests.Changelog.Checker.UnreleasedEntryCheckerTest" assertions="4" time="0.000825"/>
      <testcase name="hasPendingChangesWillCompareAgainstBaselineReference" file="/home/runner/work/dev-tools/dev-tools/tests/Changelog/Checker/UnreleasedEntryCheckerTest.php" line="138" class="FastForward\DevTools\Tests\Changelog\Checker\UnreleasedEntryCheckerTest" classname="FastForward.DevTools.Tests.Changelog.Checker.UnreleasedEntryCheckerTest" assertions="5" time="0.001115"/>
      <testcase name="hasPendingChangesWillReturnTrueWhenBaselineDoesNotContainNewEntries" file="/home/runner/work/dev-tools/dev-tools/tests/Changelog/Checker/UnreleasedEntryCheckerTest.php" line="160" class="FastForward\DevTools\Tests\Changelog\Checker\UnreleasedEntryCheckerTest" classname="FastForward.DevTools.Tests.Changelog.Checker.UnreleasedEntryCheckerTest" assertions="5" time="0.001036"/>
      <testcase name="hasPendingChangesWillIgnoreEntriesOnlyInheritedFromTheBaseBranch" file="/home/runner/work/dev-tools/dev-tools/tests/Changelog/Checker/UnreleasedEntryCheckerTest.php" line="182" class="FastForward\DevTools\Tests\Changelog\Checker\UnreleasedEntryCheckerTest" classname="FastForward.DevTools.Tests.Changelog.Checker.UnreleasedEntryCheckerTest" assertions="5" time="0.001018"/>
      <testcase name="hasPendingChangesWillStillDetectBranchSpecificEntriesAlongsideInheritedOnes" file="/home/runner/work/dev-tools/dev-tools/tests/Changelog/Checker/UnreleasedEntryCheckerTest.php" line="208" class="FastForward\DevTools\Tests\Changelog\Checker\UnreleasedEntryCheckerTest" classname="FastForward.DevTools.Tests.Changelog.Checker.UnreleasedEntryCheckerTest" assertions="5" time="0.001031"/>
      <testcase name="hasPendingChangesWillReturnTrueWhenTheBaselineCannotBeLoaded" file="/home/runner/work/dev-tools/dev-tools/tests/Changelog/Checker/UnreleasedEntryCheckerTest.php" line="235" class="FastForward\DevTools\Tests\Changelog\Checker\UnreleasedEntryCheckerTest" classname="FastForward.DevTools.Tests.Changelog.Checker.UnreleasedEntryCheckerTest" assertions="5" time="0.000967"/>
    </testsuite>
    <testsuite name="FastForward\DevTools\Tests\Changelog\Conflict\UnreleasedChangelogConflictResolverTest" file="/home/runner/work/dev-tools/dev-tools/tests/Changelog/Conflict/UnreleasedChangelogConflictResolverTest.php" tests="3" assertions="13" errors="0" failures="0" skipped="0" time="0.005543">
      <testcase name="resolveWillPreserveBothSidesOfUnreleasedDrift" file="/home/runner/work/dev-tools/dev-tools/tests/Changelog/Conflict/UnreleasedChangelogConflictResolverTest.php" line="73" class="FastForward\DevTools\Tests\Changelog\Conflict\UnreleasedChangelogConflictResolverTest" classname="FastForward.DevTools.Tests.Changelog.Conflict.UnreleasedChangelogConflictResolverTest" assertions="4" time="0.003178"/>
      <testcase name="resolveWillKeepBranchEntriesInCurrentUnreleasedAfterAReleaseMovedMain" file="/home/runner/work/dev-tools/dev-tools/tests/Changelog/Conflict/UnreleasedChangelogConflictResolverTest.php" line="114" class="FastForward\DevTools\Tests\Changelog\Conflict\UnreleasedChangelogConflictResolverTest" classname="FastForward.DevTools.Tests.Changelog.Conflict.UnreleasedChangelogConflictResolverTest" assertions="4" time="0.001038"/>
      <testcase name="resolveWillDeduplicateEntriesFromMultipleSources" file="/home/runner/work/dev-tools/dev-tools/tests/Changelog/Conflict/UnreleasedChangelogConflictResolverTest.php" line="156" class="FastForward\DevTools\Tests\Changelog\Conflict\UnreleasedChangelogConflictResolverTest" classname="FastForward.DevTools.Tests.Changelog.Conflict.UnreleasedChangelogConflictResolverTest" assertions="5" time="0.001328"/>
    </testsuite>
    <testsuite name="FastForward\DevTools\Tests\Changelog\DependabotChangelogEntryMessageResolverTest" file="/home/runner/work/dev-tools/dev-tools/tests/Changelog/DependabotChangelogEntryMessageResolverTest.php" tests="3" assertions="3" errors="0" failures="0" skipped="0" time="0.001739">
      <testcase name="resolveWillAppendThePullRequestNumberWhenTheTitleHasNoSuffix" file="/home/runner/work/dev-tools/dev-tools/tests/Changelog/DependabotChangelogEntryMessageResolverTest.php" line="34" class="FastForward\DevTools\Tests\Changelog\DependabotChangelogEntryMessageResolverTest" classname="FastForward.DevTools.Tests.Changelog.DependabotChangelogEntryMessageResolverTest" assertions="1" time="0.001119"/>
      <testcase name="resolveWillPreserveAnExistingPullRequestSuffix" file="/home/runner/work/dev-tools/dev-tools/tests/Changelog/DependabotChangelogEntryMessageResolverTest.php" line="48" class="FastForward\DevTools\Tests\Changelog\DependabotChangelogEntryMessageResolverTest" classname="FastForward.DevTools.Tests.Changelog.DependabotChangelogEntryMessageResolverTest" assertions="1" time="0.000323"/>
      <testcase name="resolveWillTrimTrailingPunctuationBeforeAppendingTheSuffix" file="/home/runner/work/dev-tools/dev-tools/tests/Changelog/DependabotChangelogEntryMessageResolverTest.php" line="62" class="FastForward\DevTools\Tests\Changelog\DependabotChangelogEntryMessageResolverTest" classname="FastForward.DevTools.Tests.Changelog.DependabotChangelogEntryMessageResolverTest" assertions="1" time="0.000297"/>
    </testsuite>
    <testsuite name="FastForward\DevTools\Tests\Changelog\Document\ChangelogDocumentTest" file="/home/runner/work/dev-tools/dev-tools/tests/Changelog/Document/ChangelogDocumentTest.php" tests="7" assertions="23" errors="0" failures="0" skipped="0" time="0.003027">
      <testcase name="withReleaseWillKeepTheUnreleasedSectionAtTheTop" file="/home/runner/work/dev-tools/dev-tools/tests/Changelog/Document/ChangelogDocumentTest.php" line="39" class="FastForward\DevTools\Tests\Changelog\Document\ChangelogDocumentTest" classname="FastForward.DevTools.Tests.Changelog.Document.ChangelogDocumentTest" assertions="1" time="0.000467"/>
      <testcase name="promoteUnreleasedWillMergeWithAnExistingPublishedVersion" file="/home/runner/work/dev-tools/dev-tools/tests/Changelog/Document/ChangelogDocumentTest.php" line="64" class="FastForward\DevTools\Tests\Changelog\Document\ChangelogDocumentTest" classname="FastForward.DevTools.Tests.Changelog.Document.ChangelogDocumentTest" assertions="5" time="0.000463"/>
      <testcase name="documentAccessorsWillResolveExpectedReleaseVariants" file="/home/runner/work/dev-tools/dev-tools/tests/Changelog/Document/ChangelogDocumentTest.php" line="91" class="FastForward\DevTools\Tests\Changelog\Document\ChangelogDocumentTest" classname="FastForward.DevTools.Tests.Changelog.Document.ChangelogDocumentTest" assertions="3" time="0.000416"/>
      <testcase name="getLatestPublishedReleaseWillReturnNullWhenOnlyUnreleasedExists" file="/home/runner/work/dev-tools/dev-tools/tests/Changelog/Document/ChangelogDocumentTest.php" line="104" class="FastForward\DevTools\Tests\Changelog\Document\ChangelogDocumentTest" classname="FastForward.DevTools.Tests.Changelog.Document.ChangelogDocumentTest" assertions="1" time="0.000448"/>
      <testcase name="withReleaseWillReplaceExistingVersionAndInsertUnreleasedAtTheTop" file="/home/runner/work/dev-tools/dev-tools/tests/Changelog/Document/ChangelogDocumentTest.php" line="113" class="FastForward\DevTools\Tests\Changelog\Document\ChangelogDocumentTest" classname="FastForward.DevTools.Tests.Changelog.Document.ChangelogDocumentTest" assertions="2" time="0.000443"/>
      <testcase name="promoteUnreleasedWillCreatePublishedReleaseWhenDocumentIsEmpty" file="/home/runner/work/dev-tools/dev-tools/tests/Changelog/Document/ChangelogDocumentTest.php" line="136" class="FastForward\DevTools\Tests\Changelog\Document\ChangelogDocumentTest" classname="FastForward.DevTools.Tests.Changelog.Document.ChangelogDocumentTest" assertions="2" time="0.000400"/>
      <testcase name="releaseHelpersWillNormalizeEntriesAndSupportImmutableMutators" file="/home/runner/work/dev-tools/dev-tools/tests/Changelog/Document/ChangelogDocumentTest.php" line="156" class="FastForward\DevTools\Tests\Changelog\Document\ChangelogDocumentTest" classname="FastForward.DevTools.Tests.Changelog.Document.ChangelogDocumentTest" assertions="9" time="0.000389"/>
    </testsuite>
    <testsuite name="FastForward\DevTools\Tests\Changelog\Entry\ChangelogEntryTypeTest" file="/home/runner/work/dev-tools/dev-tools/tests/Changelog/Entry/ChangelogEntryTypeTest.php" tests="3" assertions="5" errors="0" failures="0" skipped="0" time="0.000908">
      <testcase name="orderedWillReturnKeepAChangelogSectionOrder" file="/home/runner/work/dev-tools/dev-tools/tests/Changelog/Entry/ChangelogEntryTypeTest.php" line="35" class="FastForward\DevTools\Tests\Changelog\Entry\ChangelogEntryTypeTest" classname="FastForward.DevTools.Tests.Changelog.Entry.ChangelogEntryTypeTest" assertions="1" time="0.000300"/>
      <testcase name="fromInputWillNormalizeSupportedValues" file="/home/runner/work/dev-tools/dev-tools/tests/Changelog/Entry/ChangelogEntryTypeTest.php" line="54" class="FastForward\DevTools\Tests\Changelog\Entry\ChangelogEntryTypeTest" classname="FastForward.DevTools.Tests.Changelog.Entry.ChangelogEntryTypeTest" assertions="2" time="0.000305"/>
      <testcase name="fromInputWillRejectUnsupportedValues" file="/home/runner/work/dev-tools/dev-tools/tests/Changelog/Entry/ChangelogEntryTypeTest.php" line="64" class="FastForward\DevTools\Tests\Changelog\Entry\ChangelogEntryTypeTest" classname="FastForward.DevTools.Tests.Changelog.Entry.ChangelogEntryTypeTest" assertions="2" time="0.000303"/>
    </testsuite>
    <testsuite name="FastForward\DevTools\Tests\Changelog\Manager\ChangelogManagerTest" file="/home/runner/work/dev-tools/dev-tools/tests/Changelog/Manager/ChangelogManagerTest.php" tests="11" assertions="55" errors="0" failures="0" skipped="0" time="0.014662">
      <testcase name="addEntryWillCreateTheManagedChangelogWhenNeeded" file="/home/runner/work/dev-tools/dev-tools/tests/Changelog/Manager/ChangelogManagerTest.php" line="96" class="FastForward\DevTools\Tests\Changelog\Manager\ChangelogManagerTest" classname="FastForward.DevTools.Tests.Changelog.Manager.ChangelogManagerTest" assertions="4" time="0.002903"/>
      <testcase name="addEntryWillPreserveExistingReleaseDatesWhenNoNewDateIsProvided" file="/home/runner/work/dev-tools/dev-tools/tests/Changelog/Manager/ChangelogManagerTest.php" line="123" class="FastForward\DevTools\Tests\Changelog\Manager\ChangelogManagerTest" classname="FastForward.DevTools.Tests.Changelog.Manager.ChangelogManagerTest" assertions="6" time="0.000979"/>
      <testcase name="addEntryWillUpdateAnExistingReleaseDateWhenANewOneIsProvided" file="/home/runner/work/dev-tools/dev-tools/tests/Changelog/Manager/ChangelogManagerTest.php" line="169" class="FastForward\DevTools\Tests\Changelog\Manager\ChangelogManagerTest" classname="FastForward.DevTools.Tests.Changelog.Manager.ChangelogManagerTest" assertions="6" time="0.000953"/>
      <testcase name="promoteWillThrowWhenTheUnreleasedSectionIsEmpty" file="/home/runner/work/dev-tools/dev-tools/tests/Changelog/Manager/ChangelogManagerTest.php" line="221" class="FastForward\DevTools\Tests\Changelog\Manager\ChangelogManagerTest" classname="FastForward.DevTools.Tests.Changelog.Manager.ChangelogManagerTest" assertions="7" time="0.001001"/>
      <testcase name="promoteWillPersistThePublishedReleaseWhenUnreleasedEntriesExist" file="/home/runner/work/dev-tools/dev-tools/tests/Changelog/Manager/ChangelogManagerTest.php" line="247" class="FastForward\DevTools\Tests\Changelog\Manager\ChangelogManagerTest" classname="FastForward.DevTools.Tests.Changelog.Manager.ChangelogManagerTest" assertions="6" time="0.003865"/>
      <testcase name="inferNextVersionWillThrowWhenThereAreNoUnreleasedEntries" file="/home/runner/work/dev-tools/dev-tools/tests/Changelog/Manager/ChangelogManagerTest.php" line="295" class="FastForward\DevTools\Tests\Changelog\Manager\ChangelogManagerTest" classname="FastForward.DevTools.Tests.Changelog.Manager.ChangelogManagerTest" assertions="5" time="0.000870"/>
      <testcase name="inferNextVersionWillBumpMinorVersionsWhenAddedEntriesExist" file="/home/runner/work/dev-tools/dev-tools/tests/Changelog/Manager/ChangelogManagerTest.php" line="317" class="FastForward\DevTools\Tests\Changelog\Manager\ChangelogManagerTest" classname="FastForward.DevTools.Tests.Changelog.Manager.ChangelogManagerTest" assertions="4" time="0.000852"/>
      <testcase name="inferNextVersionWillBumpMajorVersionsWhenRemovedEntriesExist" file="/home/runner/work/dev-tools/dev-tools/tests/Changelog/Manager/ChangelogManagerTest.php" line="344" class="FastForward\DevTools\Tests\Changelog\Manager\ChangelogManagerTest" classname="FastForward.DevTools.Tests.Changelog.Manager.ChangelogManagerTest" assertions="4" time="0.000814"/>
      <testcase name="inferNextVersionWillBumpPatchVersionsWhenOnlyFixesExist" file="/home/runner/work/dev-tools/dev-tools/tests/Changelog/Manager/ChangelogManagerTest.php" line="371" class="FastForward\DevTools\Tests\Changelog\Manager\ChangelogManagerTest" classname="FastForward.DevTools.Tests.Changelog.Manager.ChangelogManagerTest" assertions="4" time="0.000808"/>
      <testcase name="renderReleaseNotesWillReturnTheRendererOutputForTheRequestedRelease" file="/home/runner/work/dev-tools/dev-tools/tests/Changelog/Manager/ChangelogManagerTest.php" line="398" class="FastForward\DevTools\Tests\Changelog\Manager\ChangelogManagerTest" classname="FastForward.DevTools.Tests.Changelog.Manager.ChangelogManagerTest" assertions="5" time="0.000853"/>
      <testcase name="renderReleaseNotesWillThrowWhenTheRequestedReleaseDoesNotExist" file="/home/runner/work/dev-tools/dev-tools/tests/Changelog/Manager/ChangelogManagerTest.php" line="429" class="FastForward\DevTools\Tests\Changelog\Manager\ChangelogManagerTest" classname="FastForward.DevTools.Tests.Changelog.Manager.ChangelogManagerTest" assertions="4" time="0.000763"/>
    </testsuite>
    <testsuite name="FastForward\DevTools\Tests\Changelog\Parser\ChangelogParserTest" file="/home/runner/work/dev-tools/dev-tools/tests/Changelog/Parser/ChangelogParserTest.php" tests="6" assertions="12" errors="0" failures="0" skipped="0" time="0.004298">
      <testcase name="parseWillExtractReleaseSectionsAndEntries" file="/home/runner/work/dev-tools/dev-tools/tests/Changelog/Parser/ChangelogParserTest.php" line="42" class="FastForward\DevTools\Tests\Changelog\Parser\ChangelogParserTest" classname="FastForward.DevTools.Tests.Changelog.Parser.ChangelogParserTest" assertions="3" time="0.002116"/>
      <testcase name="parseWillReturnDefaultDocumentForEmptyContents" file="/home/runner/work/dev-tools/dev-tools/tests/Changelog/Parser/ChangelogParserTest.php" line="78" class="FastForward\DevTools\Tests\Changelog\Parser\ChangelogParserTest" classname="FastForward.DevTools.Tests.Changelog.Parser.ChangelogParserTest" assertions="1" time="0.000469"/>
      <testcase name="parseWillReturnDefaultDocumentWhenNoReleaseHeadingsExist" file="/home/runner/work/dev-tools/dev-tools/tests/Changelog/Parser/ChangelogParserTest.php" line="92" class="FastForward\DevTools\Tests\Changelog\Parser\ChangelogParserTest" classname="FastForward.DevTools.Tests.Changelog.Parser.ChangelogParserTest" assertions="2" time="0.000435"/>
      <testcase name="parseWillIgnoreUnsupportedLinesAndDeduplicateEntriesWithinASection" file="/home/runner/work/dev-tools/dev-tools/tests/Changelog/Parser/ChangelogParserTest.php" line="104" class="FastForward\DevTools\Tests\Changelog\Parser\ChangelogParserTest" classname="FastForward.DevTools.Tests.Changelog.Parser.ChangelogParserTest" assertions="3" time="0.000491"/>
      <testcase name="parseWillTreatEmptyCategoryBodiesAsEmptyEntryLists" file="/home/runner/work/dev-tools/dev-tools/tests/Changelog/Parser/ChangelogParserTest.php" line="135" class="FastForward\DevTools\Tests\Changelog\Parser\ChangelogParserTest" classname="FastForward.DevTools.Tests.Changelog.Parser.ChangelogParserTest" assertions="2" time="0.000443"/>
      <testcase name="extractEntriesWillReturnEmptyArrayWhenCategoryHeadingIsMissing" file="/home/runner/work/dev-tools/dev-tools/tests/Changelog/Parser/ChangelogParserTest.php" line="155" class="FastForward\DevTools\Tests\Changelog\Parser\ChangelogParserTest" classname="FastForward.DevTools.Tests.Changelog.Parser.ChangelogParserTest" assertions="1" time="0.000344"/>
    </testsuite>
    <testsuite name="FastForward\DevTools\Tests\Changelog\Renderer\MarkdownRendererTest" file="/home/runner/work/dev-tools/dev-tools/tests/Changelog/Renderer/MarkdownRendererTest.php" tests="9" assertions="24" errors="0" failures="0" skipped="0" time="0.006114">
      <testcase name="renderWillGenerateChangelogWithHeaderAndUnreleasedSection" file="/home/runner/work/dev-tools/dev-tools/tests/Changelog/Renderer/MarkdownRendererTest.php" line="41" class="FastForward\DevTools\Tests\Changelog\Renderer\MarkdownRendererTest" classname="FastForward.DevTools.Tests.Changelog.Renderer.MarkdownRendererTest" assertions="4" time="0.002124"/>
      <testcase name="renderWillIncludePublishedSectionsAndReferences" file="/home/runner/work/dev-tools/dev-tools/tests/Changelog/Renderer/MarkdownRendererTest.php" line="55" class="FastForward\DevTools\Tests\Changelog\Renderer\MarkdownRendererTest" classname="FastForward.DevTools.Tests.Changelog.Renderer.MarkdownRendererTest" assertions="5" time="0.000620"/>
      <testcase name="renderReleaseBodyWillOmitTheReleaseHeading" file="/home/runner/work/dev-tools/dev-tools/tests/Changelog/Renderer/MarkdownRendererTest.php" line="85" class="FastForward\DevTools\Tests\Changelog\Renderer\MarkdownRendererTest" classname="FastForward.DevTools.Tests.Changelog.Renderer.MarkdownRendererTest" assertions="3" time="0.000464"/>
      <testcase name="renderWillOmitDanglingReleaseDateSeparatorsWhenDateIsMissing" file="/home/runner/work/dev-tools/dev-tools/tests/Changelog/Renderer/MarkdownRendererTest.php" line="101" class="FastForward\DevTools\Tests\Changelog\Renderer\MarkdownRendererTest" classname="FastForward.DevTools.Tests.Changelog.Renderer.MarkdownRendererTest" assertions="2" time="0.000484"/>
      <testcase name="renderWillNotInsertExtraBlankLinesBetweenRenderedSections" file="/home/runner/work/dev-tools/dev-tools/tests/Changelog/Renderer/MarkdownRendererTest.php" line="118" class="FastForward\DevTools\Tests\Changelog\Renderer\MarkdownRendererTest" classname="FastForward.DevTools.Tests.Changelog.Renderer.MarkdownRendererTest" assertions="2" time="0.000498"/>
      <testcase name="renderWillKeepOnlyOneBlankLineBetweenAnEmptyUnreleasedSectionAndTheNextRelease" file="/home/runner/work/dev-tools/dev-tools/tests/Changelog/Renderer/MarkdownRendererTest.php" line="136" class="FastForward\DevTools\Tests\Changelog\Renderer\MarkdownRendererTest" classname="FastForward.DevTools.Tests.Changelog.Renderer.MarkdownRendererTest" assertions="2" time="0.000475"/>
      <testcase name="renderWillOmitReferencesWhenRepositoryUrlIsMissingOrBlank" file="/home/runner/work/dev-tools/dev-tools/tests/Changelog/Renderer/MarkdownRendererTest.php" line="156" class="FastForward\DevTools\Tests\Changelog\Renderer\MarkdownRendererTest" classname="FastForward.DevTools.Tests.Changelog.Renderer.MarkdownRendererTest" assertions="2" time="0.000500"/>
      <testcase name="renderWillNormalizeSshRepositoryUrlsAndTrimTrailingGitSuffix" file="/home/runner/work/dev-tools/dev-tools/tests/Changelog/Renderer/MarkdownRendererTest.php" line="175" class="FastForward\DevTools\Tests\Changelog\Renderer\MarkdownRendererTest" classname="FastForward.DevTools.Tests.Changelog.Renderer.MarkdownRendererTest" assertions="2" time="0.000475"/>
      <testcase name="renderWillOmitReferencesWhenOnlyUnreleasedSectionExists" file="/home/runner/work/dev-tools/dev-tools/tests/Changelog/Renderer/MarkdownRendererTest.php" line="200" class="FastForward\DevTools\Tests\Changelog\Renderer\MarkdownRendererTest" classname="FastForward.DevTools.Tests.Changelog.Renderer.MarkdownRendererTest" assertions="2" time="0.000473"/>
    </testsuite>
    <testsuite name="FastForward\DevTools\Tests\CodeOwners\CodeOwnersGeneratorTest" file="/home/runner/work/dev-tools/dev-tools/tests/CodeOwners/CodeOwnersGeneratorTest.php" tests="10" assertions="15" errors="0" failures="0" skipped="0" time="0.014342">
      <testcase name="inferOwnersWillCollectGroupAndAuthorOwners" file="/home/runner/work/dev-tools/dev-tools/tests/CodeOwners/CodeOwnersGeneratorTest.php" line="91" class="FastForward\DevTools\Tests\CodeOwners\CodeOwnersGeneratorTest" classname="FastForward.DevTools.Tests.CodeOwners.CodeOwnersGeneratorTest" assertions="1" time="0.007973"/>
      <testcase name="inferGroupOwnerWillReturnRepositoryOwnerFromSupportSource" file="/home/runner/work/dev-tools/dev-tools/tests/CodeOwners/CodeOwnersGeneratorTest.php" line="109" class="FastForward\DevTools\Tests\CodeOwners\CodeOwnersGeneratorTest" classname="FastForward.DevTools.Tests.CodeOwners.CodeOwnersGeneratorTest" assertions="1" time="0.000760"/>
      <testcase name="inferOwnersWillIgnoreUnsupportedAuthorEntriesAndInvalidUrls" file="/home/runner/work/dev-tools/dev-tools/tests/CodeOwners/CodeOwnersGeneratorTest.php" line="121" class="FastForward\DevTools\Tests\CodeOwners\CodeOwnersGeneratorTest" classname="FastForward.DevTools.Tests.CodeOwners.CodeOwnersGeneratorTest" assertions="1" time="0.000771"/>
      <testcase name="inferGroupOwnerWillReturnNullWhenSupportSourceIsMissingOrInvalid" file="/home/runner/work/dev-tools/dev-tools/tests/CodeOwners/CodeOwnersGeneratorTest.php" line="139" class="FastForward\DevTools\Tests\CodeOwners\CodeOwnersGeneratorTest" classname="FastForward.DevTools.Tests.CodeOwners.CodeOwnersGeneratorTest" assertions="1" time="0.000702"/>
      <testcase name="generateWillRenderExplicitOwners" file="/home/runner/work/dev-tools/dev-tools/tests/CodeOwners/CodeOwnersGeneratorTest.php" line="151" class="FastForward\DevTools\Tests\CodeOwners\CodeOwnersGeneratorTest" classname="FastForward.DevTools.Tests.CodeOwners.CodeOwnersGeneratorTest" assertions="1" time="0.000684"/>
      <testcase name="generateWillRenderCommentedFallbackWhenOwnersCannotBeInferred" file="/home/runner/work/dev-tools/dev-tools/tests/CodeOwners/CodeOwnersGeneratorTest.php" line="163" class="FastForward\DevTools\Tests\CodeOwners\CodeOwnersGeneratorTest" classname="FastForward.DevTools.Tests.CodeOwners.CodeOwnersGeneratorTest" assertions="1" time="0.000726"/>
      <testcase name="generateWillRenderGroupOwnerWhenAuthorCannotBeInferred" file="/home/runner/work/dev-tools/dev-tools/tests/CodeOwners/CodeOwnersGeneratorTest.php" line="180" class="FastForward\DevTools\Tests\CodeOwners\CodeOwnersGeneratorTest" classname="FastForward.DevTools.Tests.CodeOwners.CodeOwnersGeneratorTest" assertions="1" time="0.000729"/>
      <testcase name="normalizeOwnersWillPreserveHandlesAndEmails" file="/home/runner/work/dev-tools/dev-tools/tests/CodeOwners/CodeOwnersGeneratorTest.php" line="194" class="FastForward\DevTools\Tests\CodeOwners\CodeOwnersGeneratorTest" classname="FastForward.DevTools.Tests.CodeOwners.CodeOwnersGeneratorTest" assertions="1" time="0.000676"/>
      <testcase name="normalizeOwnersWillDropEmptyTokensAndDeduplicateRepeatedOwners" file="/home/runner/work/dev-tools/dev-tools/tests/CodeOwners/CodeOwnersGeneratorTest.php" line="206" class="FastForward\DevTools\Tests\CodeOwners\CodeOwnersGeneratorTest" classname="FastForward.DevTools.Tests.CodeOwners.CodeOwnersGeneratorTest" assertions="1" time="0.000647"/>
      <testcase name="extractGitHubHelpersWillHandleSupportedAndUnsupportedUrls" file="/home/runner/work/dev-tools/dev-tools/tests/CodeOwners/CodeOwnersGeneratorTest.php" line="218" class="FastForward\DevTools\Tests\CodeOwners\CodeOwnersGeneratorTest" classname="FastForward.DevTools.Tests.CodeOwners.CodeOwnersGeneratorTest" assertions="6" time="0.000674"/>
    </testsuite>
    <testsuite name="FastForward\DevTools\Tests\Composer\Capability\DevToolsCommandProviderTest" file="/home/runner/work/dev-tools/dev-tools/tests/Composer/Capability/DevToolsCommandProviderTest.php" tests="2" assertions="9" errors="0" failures="0" skipped="0" time="0.037663">
      <testcase name="getCommandsWillReturnEmptyArrayWhenNoCommandsAreRegistered" file="/home/runner/work/dev-tools/dev-tools/tests/Composer/Capability/DevToolsCommandProviderTest.php" line="72" class="FastForward\DevTools\Tests\Composer\Capability\DevToolsCommandProviderTest" classname="FastForward.DevTools.Tests.Composer.Capability.DevToolsCommandProviderTest" assertions="4" time="0.028275"/>
      <testcase name="getCommandsWillReturnRegisteredBaseCommands" file="/home/runner/work/dev-tools/dev-tools/tests/Composer/Capability/DevToolsCommandProviderTest.php" line="84" class="FastForward\DevTools\Tests\Composer\Capability\DevToolsCommandProviderTest" classname="FastForward.DevTools.Tests.Composer.Capability.DevToolsCommandProviderTest" assertions="5" time="0.009388"/>
    </testsuite>
    <testsuite name="FastForward\DevTools\Tests\Composer\Json\ComposerJsonTest" file="/home/runner/work/dev-tools/dev-tools/tests/Composer/Json/ComposerJsonTest.php" tests="30" assertions="83" errors="0" failures="0" skipped="0" time="0.108619">
      <testcase name="identificationAccessorsWillReturnConfiguredData" file="/home/runner/work/dev-tools/dev-tools/tests/Composer/Json/ComposerJsonTest.php" line="67" class="FastForward\DevTools\Tests\Composer\Json\ComposerJsonTest" classname="FastForward.DevTools.Tests.Composer.Json.ComposerJsonTest" assertions="4" time="0.010083"/>
      <testcase name="typeWillDefaultToLibrary" file="/home/runner/work/dev-tools/dev-tools/tests/Composer/Json/ComposerJsonTest.php" line="86" class="FastForward\DevTools\Tests\Composer\Json\ComposerJsonTest" classname="FastForward.DevTools.Tests.Composer.Json.ComposerJsonTest" assertions="1" time="0.002350"/>
      <testcase name="metadataAccessorsWillReturnConfiguredData" file="/home/runner/work/dev-tools/dev-tools/tests/Composer/Json/ComposerJsonTest.php" line="99" class="FastForward\DevTools\Tests\Composer\Json\ComposerJsonTest" classname="FastForward.DevTools.Tests.Composer.Json.ComposerJsonTest" assertions="5" time="0.002339"/>
      <testcase name="metadataAccessorsWillReturnDefaultsWhenOptionalFieldsAreMissing" file="/home/runner/work/dev-tools/dev-tools/tests/Composer/Json/ComposerJsonTest.php" line="120" class="FastForward\DevTools\Tests\Composer\Json\ComposerJsonTest" classname="FastForward.DevTools.Tests.Composer.Json.ComposerJsonTest" assertions="4" time="0.002281"/>
      <testcase name="getLicenseWillReturnResolvedValue" file="/home/runner/work/dev-tools/dev-tools/tests/Composer/Json/ComposerJsonTest.php" line="136" class="FastForward\DevTools\Tests\Composer\Json\ComposerJsonTest" classname="FastForward.DevTools.Tests.Composer.Json.ComposerJsonTest" assertions="4" time="0.008046"/>
      <testcase name="getAuthorsWillReturnNormalizedAuthorEntries" file="/home/runner/work/dev-tools/dev-tools/tests/Composer/Json/ComposerJsonTest.php" line="161" class="FastForward\DevTools\Tests\Composer\Json\ComposerJsonTest" classname="FastForward.DevTools.Tests.Composer.Json.ComposerJsonTest" assertions="6" time="0.002367"/>
      <testcase name="getAuthorsWithOnlyFirstAuthorWillThrowExceptionWhenNoAuthorsAreDefined" file="/home/runner/work/dev-tools/dev-tools/tests/Composer/Json/ComposerJsonTest.php" line="188" class="FastForward\DevTools\Tests\Composer\Json\ComposerJsonTest" classname="FastForward.DevTools.Tests.Composer.Json.ComposerJsonTest" assertions="2" time="0.002322"/>
      <testcase name="getSupportWillReturnSupportObject" file="/home/runner/work/dev-tools/dev-tools/tests/Composer/Json/ComposerJsonTest.php" line="202" class="FastForward\DevTools\Tests\Composer\Json\ComposerJsonTest" classname="FastForward.DevTools.Tests.Composer.Json.ComposerJsonTest" assertions="3" time="0.002355"/>
      <testcase name="getSupportWillReturnEmptySupportObjectWhenSectionIsInvalid" file="/home/runner/work/dev-tools/dev-tools/tests/Composer/Json/ComposerJsonTest.php" line="220" class="FastForward\DevTools\Tests\Composer\Json\ComposerJsonTest" classname="FastForward.DevTools.Tests.Composer.Json.ComposerJsonTest" assertions="2" time="0.002259"/>
      <testcase name="getFundingWillReturnFundingEntries" file="/home/runner/work/dev-tools/dev-tools/tests/Composer/Json/ComposerJsonTest.php" line="234" class="FastForward\DevTools\Tests\Composer\Json\ComposerJsonTest" classname="FastForward.DevTools.Tests.Composer.Json.ComposerJsonTest" assertions="4" time="0.003680"/>
      <testcase name="getFundingWillIgnoreInvalidEntriesAndInvalidSectionTypes" file="/home/runner/work/dev-tools/dev-tools/tests/Composer/Json/ComposerJsonTest.php" line="256" class="FastForward\DevTools\Tests\Composer\Json\ComposerJsonTest" classname="FastForward.DevTools.Tests.Composer.Json.ComposerJsonTest" assertions="6" time="0.004419"/>
      <testcase name="getAutoloadWillReturnConfiguredMappings" file="/home/runner/work/dev-tools/dev-tools/tests/Composer/Json/ComposerJsonTest.php" line="288" class="FastForward\DevTools\Tests\Composer\Json\ComposerJsonTest" classname="FastForward.DevTools.Tests.Composer.Json.ComposerJsonTest" assertions="3" time="0.002284"/>
      <testcase name="getAutoloadWillReturnEmptyArrayWhenSectionOrRequestedMappingIsInvalid" file="/home/runner/work/dev-tools/dev-tools/tests/Composer/Json/ComposerJsonTest.php" line="315" class="FastForward\DevTools\Tests\Composer\Json\ComposerJsonTest" classname="FastForward.DevTools.Tests.Composer.Json.ComposerJsonTest" assertions="2" time="0.003958"/>
      <testcase name="getAutoloadDevWillReturnConfiguredMappings" file="/home/runner/work/dev-tools/dev-tools/tests/Composer/Json/ComposerJsonTest.php" line="334" class="FastForward\DevTools\Tests\Composer\Json\ComposerJsonTest" classname="FastForward.DevTools.Tests.Composer.Json.ComposerJsonTest" assertions="3" time="0.002262"/>
      <testcase name="getAutoloadDevWillReturnEmptyArrayWhenSectionOrRequestedMappingIsInvalid" file="/home/runner/work/dev-tools/dev-tools/tests/Composer/Json/ComposerJsonTest.php" line="359" class="FastForward\DevTools\Tests\Composer\Json\ComposerJsonTest" classname="FastForward.DevTools.Tests.Composer.Json.ComposerJsonTest" assertions="2" time="0.004025"/>
      <testcase name="getMinimumStabilityWillReturnConfiguredValue" file="/home/runner/work/dev-tools/dev-tools/tests/Composer/Json/ComposerJsonTest.php" line="378" class="FastForward\DevTools\Tests\Composer\Json\ComposerJsonTest" classname="FastForward.DevTools.Tests.Composer.Json.ComposerJsonTest" assertions="2" time="0.004014"/>
      <testcase name="getConfigWillReturnValuesFromConfigSection" file="/home/runner/work/dev-tools/dev-tools/tests/Composer/Json/ComposerJsonTest.php" line="393" class="FastForward\DevTools\Tests\Composer\Json\ComposerJsonTest" classname="FastForward.DevTools.Tests.Composer.Json.ComposerJsonTest" assertions="5" time="0.002272"/>
      <testcase name="getScriptsWillReturnScriptsSection" file="/home/runner/work/dev-tools/dev-tools/tests/Composer/Json/ComposerJsonTest.php" line="425" class="FastForward\DevTools\Tests\Composer\Json\ComposerJsonTest" classname="FastForward.DevTools.Tests.Composer.Json.ComposerJsonTest" assertions="1" time="0.002233"/>
      <testcase name="getScriptsWillReturnEmptyArrayWhenSectionIsInvalid" file="/home/runner/work/dev-tools/dev-tools/tests/Composer/Json/ComposerJsonTest.php" line="442" class="FastForward\DevTools\Tests\Composer\Json\ComposerJsonTest" classname="FastForward.DevTools.Tests.Composer.Json.ComposerJsonTest" assertions="1" time="0.002304"/>
      <testcase name="getExtraWillReturnExtraSectionOrSpecificKey" file="/home/runner/work/dev-tools/dev-tools/tests/Composer/Json/ComposerJsonTest.php" line="455" class="FastForward\DevTools\Tests\Composer\Json\ComposerJsonTest" classname="FastForward.DevTools.Tests.Composer.Json.ComposerJsonTest" assertions="3" time="0.002265"/>
      <testcase name="getExtraWillReturnEmptyArrayWhenSectionOrRequestedValueIsInvalid" file="/home/runner/work/dev-tools/dev-tools/tests/Composer/Json/ComposerJsonTest.php" line="480" class="FastForward\DevTools\Tests\Composer\Json\ComposerJsonTest" classname="FastForward.DevTools.Tests.Composer.Json.ComposerJsonTest" assertions="2" time="0.004095"/>
      <testcase name="getBinWillReturnConfiguredBinaries" file="/home/runner/work/dev-tools/dev-tools/tests/Composer/Json/ComposerJsonTest.php" line="499" class="FastForward\DevTools\Tests\Composer\Json\ComposerJsonTest" classname="FastForward.DevTools.Tests.Composer.Json.ComposerJsonTest" assertions="2" time="0.012108"/>
      <testcase name="getBinWillFilterInvalidEntriesAndReturnEmptyArrayForInvalidSections" file="/home/runner/work/dev-tools/dev-tools/tests/Composer/Json/ComposerJsonTest.php" line="516" class="FastForward\DevTools\Tests\Composer\Json\ComposerJsonTest" classname="FastForward.DevTools.Tests.Composer.Json.ComposerJsonTest" assertions="2" time="0.004396"/>
      <testcase name="getSuggestWillReturnPackageSuggestions" file="/home/runner/work/dev-tools/dev-tools/tests/Composer/Json/ComposerJsonTest.php" line="533" class="FastForward\DevTools\Tests\Composer\Json\ComposerJsonTest" classname="FastForward.DevTools.Tests.Composer.Json.ComposerJsonTest" assertions="1" time="0.002326"/>
      <testcase name="getSuggestWillIgnoreInvalidEntriesAndInvalidSections" file="/home/runner/work/dev-tools/dev-tools/tests/Composer/Json/ComposerJsonTest.php" line="550" class="FastForward\DevTools\Tests\Composer\Json\ComposerJsonTest" classname="FastForward.DevTools.Tests.Composer.Json.ComposerJsonTest" assertions="2" time="0.004159"/>
      <testcase name="getCommentsWillReturnCommentData" file="/home/runner/work/dev-tools/dev-tools/tests/Composer/Json/ComposerJsonTest.php" line="572" class="FastForward\DevTools\Tests\Composer\Json\ComposerJsonTest" classname="FastForward.DevTools.Tests.Composer.Json.ComposerJsonTest" assertions="2" time="0.004057"/>
      <testcase name="getCommentsWillReturnEmptyArrayWhenSectionIsInvalid" file="/home/runner/work/dev-tools/dev-tools/tests/Composer/Json/ComposerJsonTest.php" line="589" class="FastForward\DevTools\Tests\Composer\Json\ComposerJsonTest" classname="FastForward.DevTools.Tests.Composer.Json.ComposerJsonTest" assertions="1" time="0.002370"/>
      <testcase name="getMinimumStabilityAndConfigWillReturnNormalizedValues" file="/home/runner/work/dev-tools/dev-tools/tests/Composer/Json/ComposerJsonTest.php" line="602" class="FastForward\DevTools\Tests\Composer\Json\ComposerJsonTest" classname="FastForward.DevTools.Tests.Composer.Json.ComposerJsonTest" assertions="4" time="0.002399"/>
      <testcase name="getMinimumStabilityAndConfigWillReturnDefaultsForInvalidSections" file="/home/runner/work/dev-tools/dev-tools/tests/Composer/Json/ComposerJsonTest.php" line="631" class="FastForward\DevTools\Tests\Composer\Json\ComposerJsonTest" classname="FastForward.DevTools.Tests.Composer.Json.ComposerJsonTest" assertions="3" time="0.002294"/>
      <testcase name="getBinWillReturnScalarStringWhenDeclaredAsSingleBinary" file="/home/runner/work/dev-tools/dev-tools/tests/Composer/Json/ComposerJsonTest.php" line="646" class="FastForward\DevTools\Tests\Composer\Json\ComposerJsonTest" classname="FastForward.DevTools.Tests.Composer.Json.ComposerJsonTest" assertions="1" time="0.002296"/>
    </testsuite>
    <testsuite name="FastForward\DevTools\Tests\Composer\Json\Schema\AuthorTest" file="/home/runner/work/dev-tools/dev-tools/tests/Composer/Json/Schema/AuthorTest.php" tests="5" assertions="8" errors="0" failures="0" skipped="0" time="0.001607">
      <testcase name="accessorsWillReturnValuesProvidedToConstructor" file="/home/runner/work/dev-tools/dev-tools/tests/Composer/Json/Schema/AuthorTest.php" line="34" class="FastForward\DevTools\Tests\Composer\Json\Schema\AuthorTest" classname="FastForward.DevTools.Tests.Composer.Json.Schema.AuthorTest" assertions="4" time="0.000345"/>
      <testcase name="toStringWillReturnFormattedStringWhenNameAndEmailAreProvided" file="/home/runner/work/dev-tools/dev-tools/tests/Composer/Json/Schema/AuthorTest.php" line="53" class="FastForward\DevTools\Tests\Composer\Json\Schema\AuthorTest" classname="FastForward.DevTools.Tests.Composer.Json.Schema.AuthorTest" assertions="1" time="0.000325"/>
      <testcase name="toStringWillReturnOnlyNameWhenEmailIsMissing" file="/home/runner/work/dev-tools/dev-tools/tests/Composer/Json/Schema/AuthorTest.php" line="64" class="FastForward\DevTools\Tests\Composer\Json\Schema\AuthorTest" classname="FastForward.DevTools.Tests.Composer.Json.Schema.AuthorTest" assertions="1" time="0.000296"/>
      <testcase name="toStringWillReturnOnlyEmailWhenNameIsMissing" file="/home/runner/work/dev-tools/dev-tools/tests/Composer/Json/Schema/AuthorTest.php" line="75" class="FastForward\DevTools\Tests\Composer\Json\Schema\AuthorTest" classname="FastForward.DevTools.Tests.Composer.Json.Schema.AuthorTest" assertions="1" time="0.000294"/>
      <testcase name="toStringWillReturnEmptyStringWhenBothNameAndEmailAreMissing" file="/home/runner/work/dev-tools/dev-tools/tests/Composer/Json/Schema/AuthorTest.php" line="86" class="FastForward\DevTools\Tests\Composer\Json\Schema\AuthorTest" classname="FastForward.DevTools.Tests.Composer.Json.Schema.AuthorTest" assertions="1" time="0.000347"/>
    </testsuite>
    <testsuite name="FastForward\DevTools\Tests\Composer\Json\Schema\FundingTest" file="/home/runner/work/dev-tools/dev-tools/tests/Composer/Json/Schema/FundingTest.php" tests="1" assertions="2" errors="0" failures="0" skipped="0" time="0.000309">
      <testcase name="accessorsWillReturnValuesProvidedToConstructor" file="/home/runner/work/dev-tools/dev-tools/tests/Composer/Json/Schema/FundingTest.php" line="34" class="FastForward\DevTools\Tests\Composer\Json\Schema\FundingTest" classname="FastForward.DevTools.Tests.Composer.Json.Schema.FundingTest" assertions="2" time="0.000309"/>
    </testsuite>
    <testsuite name="FastForward\DevTools\Tests\Composer\Json\Schema\SupportTest" file="/home/runner/work/dev-tools/dev-tools/tests/Composer/Json/Schema/SupportTest.php" tests="2" assertions="20" errors="0" failures="0" skipped="0" time="0.000655">
      <testcase name="accessorsWillReturnValuesProvidedToConstructor" file="/home/runner/work/dev-tools/dev-tools/tests/Composer/Json/Schema/SupportTest.php" line="34" class="FastForward\DevTools\Tests\Composer\Json\Schema\SupportTest" classname="FastForward.DevTools.Tests.Composer.Json.Schema.SupportTest" assertions="10" time="0.000341"/>
      <testcase name="constructorWillInitializeWithEmptyStringsByDefault" file="/home/runner/work/dev-tools/dev-tools/tests/Composer/Json/Schema/SupportTest.php" line="65" class="FastForward\DevTools\Tests\Composer\Json\Schema\SupportTest" classname="FastForward.DevTools.Tests.Composer.Json.Schema.SupportTest" assertions="10" time="0.000313"/>
    </testsuite>
    <testsuite name="FastForward\DevTools\Tests\Composer\PluginTest" file="/home/runner/work/dev-tools/dev-tools/tests/Composer/PluginTest.php" tests="6" assertions="7" errors="0" failures="0" skipped="0" time="0.018256">
      <testcase name="getCapabilitiesWillReturnDevToolsCommandProviderMapping" file="/home/runner/work/dev-tools/dev-tools/tests/Composer/PluginTest.php" line="106" class="FastForward\DevTools\Tests\Composer\PluginTest" classname="FastForward.DevTools.Tests.Composer.PluginTest" assertions="1" time="0.005579"/>
      <testcase name="getSubscribedEventsWillReturnExpectedEventMapping" file="/home/runner/work/dev-tools/dev-tools/tests/Composer/PluginTest.php" line="120" class="FastForward\DevTools\Tests\Composer\PluginTest" classname="FastForward.DevTools.Tests.Composer.PluginTest" assertions="1" time="0.001015"/>
      <testcase name="activateWillDoNothing" file="/home/runner/work/dev-tools/dev-tools/tests/Composer/PluginTest.php" line="135" class="FastForward\DevTools\Tests\Composer\PluginTest" classname="FastForward.DevTools.Tests.Composer.PluginTest" assertions="1" time="0.000759"/>
      <testcase name="runSyncCommandWillExecuteDevToolsSync" file="/home/runner/work/dev-tools/dev-tools/tests/Composer/PluginTest.php" line="144" class="FastForward\DevTools\Tests\Composer\PluginTest" classname="FastForward.DevTools.Tests.Composer.PluginTest" assertions="2" time="0.009317"/>
      <testcase name="deactivateWillDoNothing" file="/home/runner/work/dev-tools/dev-tools/tests/Composer/PluginTest.php" line="175" class="FastForward\DevTools\Tests\Composer\PluginTest" classname="FastForward.DevTools.Tests.Composer.PluginTest" assertions="1" time="0.000842"/>
      <testcase name="uninstallWillDoNothing" file="/home/runner/work/dev-tools/dev-tools/tests/Composer/PluginTest.php" line="184" class="FastForward\DevTools\Tests\Composer\PluginTest" classname="FastForward.DevTools.Tests.Composer.PluginTest" assertions="1" time="0.000745"/>
    </testsuite>
    <testsuite name="FastForward\DevTools\Tests\Config\ComposerDependencyAnalyserConfigTest" file="/home/runner/work/dev-tools/dev-tools/tests/Config/ComposerDependencyAnalyserConfigTest.php" tests="7" assertions="11" errors="0" failures="0" skipped="0" time="0.007903">
      <testcase name="configureWillReturnConfiguration" file="/home/runner/work/dev-tools/dev-tools/tests/Config/ComposerDependencyAnalyserConfigTest.php" line="41" class="FastForward\DevTools\Tests\Config\ComposerDependencyAnalyserConfigTest" classname="FastForward.DevTools.Tests.Config.ComposerDependencyAnalyserConfigTest" assertions="1" time="0.005305"/>
      <testcase name="configureWillIgnoreShadowDependenciesByDefault" file="/home/runner/work/dev-tools/dev-tools/tests/Config/ComposerDependencyAnalyserConfigTest.php" line="52" class="FastForward\DevTools\Tests\Config\ComposerDependencyAnalyserConfigTest" classname="FastForward.DevTools.Tests.Config.ComposerDependencyAnalyserConfigTest" assertions="1" time="0.000788"/>
      <testcase name="configureWillKeepShadowDependenciesVisibleWhenRequested" file="/home/runner/work/dev-tools/dev-tools/tests/Config/ComposerDependencyAnalyserConfigTest.php" line="73" class="FastForward\DevTools\Tests\Config\ComposerDependencyAnalyserConfigTest" classname="FastForward.DevTools.Tests.Config.ComposerDependencyAnalyserConfigTest" assertions="1" time="0.000451"/>
      <testcase name="configureWillApplyRepositoryIgnoresAndInvokeCustomizationCallback" file="/home/runner/work/dev-tools/dev-tools/tests/Config/ComposerDependencyAnalyserConfigTest.php" line="94" class="FastForward\DevTools\Tests\Config\ComposerDependencyAnalyserConfigTest" classname="FastForward.DevTools.Tests.Config.ComposerDependencyAnalyserConfigTest" assertions="4" time="0.000409"/>
      <testcase name="itWillExposeReusablePackagedDependencyDefaults" file="/home/runner/work/dev-tools/dev-tools/tests/Config/ComposerDependencyAnalyserConfigTest.php" line="124" class="FastForward\DevTools\Tests\Config\ComposerDependencyAnalyserConfigTest" classname="FastForward.DevTools.Tests.Config.ComposerDependencyAnalyserConfigTest" assertions="2" time="0.000302"/>
      <testcase name="applyPackagedRepositoryIgnoresWillReturnTheSameConfigurationInstance" file="/home/runner/work/dev-tools/dev-tools/tests/Config/ComposerDependencyAnalyserConfigTest.php" line="140" class="FastForward\DevTools\Tests\Config\ComposerDependencyAnalyserConfigTest" classname="FastForward.DevTools.Tests.Config.ComposerDependencyAnalyserConfigTest" assertions="1" time="0.000343"/>
      <testcase name="applyIgnoresShadowDependenciesWillReturnTheSameConfigurationInstance" file="/home/runner/work/dev-tools/dev-tools/tests/Config/ComposerDependencyAnalyserConfigTest.php" line="154" class="FastForward\DevTools\Tests\Config\ComposerDependencyAnalyserConfigTest" classname="FastForward.DevTools.Tests.Config.ComposerDependencyAnalyserConfigTest" assertions="1" time="0.000304"/>
    </testsuite>
    <testsuite name="FastForward\DevTools\Tests\Config\ECSConfigTest" file="/home/runner/work/dev-tools/dev-tools/tests/Config/ECSConfigTest.php" tests="3" assertions="3" errors="0" failures="0" skipped="0" time="0.066501">
      <testcase name="configureWillReturnECSConfigBuilder" file="/home/runner/work/dev-tools/dev-tools/tests/Config/ECSConfigTest.php" line="48" class="FastForward\DevTools\Tests\Config\ECSConfigTest" classname="FastForward.DevTools.Tests.Config.ECSConfigTest" assertions="1" time="0.046321"/>
      <testcase name="itWillExposeReusableDefaultSkippedRules" file="/home/runner/work/dev-tools/dev-tools/tests/Config/ECSConfigTest.php" line="59" class="FastForward\DevTools\Tests\Config\ECSConfigTest" classname="FastForward.DevTools.Tests.Config.ECSConfigTest" assertions="1" time="0.000417"/>
      <testcase name="applyDefaultPathsAndSkipsWillKeepWorkingWithABuilder" file="/home/runner/work/dev-tools/dev-tools/tests/Config/ECSConfigTest.php" line="75" class="FastForward\DevTools\Tests\Config\ECSConfigTest" classname="FastForward.DevTools.Tests.Config.ECSConfigTest" assertions="1" time="0.019762"/>
    </testsuite>
    <testsuite name="FastForward\DevTools\Tests\Config\RectorConfigTest" file="/home/runner/work/dev-tools/dev-tools/tests/Config/RectorConfigTest.php" tests="5" assertions="18" errors="0" failures="0" skipped="0" time="0.288167">
      <testcase name="configureWillReturnCallable" file="/home/runner/work/dev-tools/dev-tools/tests/Config/RectorConfigTest.php" line="67" class="FastForward\DevTools\Tests\Config\RectorConfigTest" classname="FastForward.DevTools.Tests.Config.RectorConfigTest" assertions="1" time="0.025939"/>
      <testcase name="configureWithCustomCallbackWillReturnCallable" file="/home/runner/work/dev-tools/dev-tools/tests/Config/RectorConfigTest.php" line="78" class="FastForward\DevTools\Tests\Config\RectorConfigTest" classname="FastForward.DevTools.Tests.Config.RectorConfigTest" assertions="1" time="0.000463"/>
      <testcase name="configureWillApplyTheDefaultRectorConfigurationAndCustomizationCallback" file="/home/runner/work/dev-tools/dev-tools/tests/Config/RectorConfigTest.php" line="93" class="FastForward\DevTools\Tests\Config\RectorConfigTest" classname="FastForward.DevTools.Tests.Config.RectorConfigTest" assertions="12" time="0.260838"/>
      <testcase name="itWillExposeReusableDefaultSetsAndRules" file="/home/runner/work/dev-tools/dev-tools/tests/Config/RectorConfigTest.php" line="139" class="FastForward\DevTools\Tests\Config\RectorConfigTest" classname="FastForward.DevTools.Tests.Config.RectorConfigTest" assertions="3" time="0.000490"/>
      <testcase name="applySafeMigrationSetWillBeCallableWithoutTheSafePackageInstalled" file="/home/runner/work/dev-tools/dev-tools/tests/Config/RectorConfigTest.php" line="171" class="FastForward\DevTools\Tests\Config\RectorConfigTest" classname="FastForward.DevTools.Tests.Config.RectorConfigTest" assertions="1" time="0.000437"/>
    </testsuite>
    <testsuite name="FastForward\DevTools\Tests\Console\Command\AgentsCommandTest" file="/home/runner/work/dev-tools/dev-tools/tests/Console/Command/AgentsCommandTest.php" tests="3" assertions="17" errors="0" failures="0" skipped="0" time="0.030849">
      <testcase name="executeWillFailWhenPackagedAgentsDirectoryDoesNotExist" file="/home/runner/work/dev-tools/dev-tools/tests/Console/Command/AgentsCommandTest.php" line="103" class="FastForward\DevTools\Tests\Console\Command\AgentsCommandTest" classname="FastForward.DevTools.Tests.Console.Command.AgentsCommandTest" assertions="5" time="0.026973"/>
      <testcase name="executeWillCreateAgentsDirectoryWhenItDoesNotExist" file="/home/runner/work/dev-tools/dev-tools/tests/Console/Command/AgentsCommandTest.php" line="132" class="FastForward\DevTools\Tests\Console\Command\AgentsCommandTest" classname="FastForward.DevTools.Tests.Console.Command.AgentsCommandTest" assertions="7" time="0.002662"/>
      <testcase name="executeWillReturnFailureWhenSynchronizerFails" file="/home/runner/work/dev-tools/dev-tools/tests/Console/Command/AgentsCommandTest.php" line="168" class="FastForward\DevTools\Tests\Console\Command\AgentsCommandTest" classname="FastForward.DevTools.Tests.Console.Command.AgentsCommandTest" assertions="5" time="0.001213"/>
    </testsuite>
    <testsuite name="FastForward\DevTools\Tests\Console\Command\ChangelogCheckCommandTest" file="/home/runner/work/dev-tools/dev-tools/tests/Console/Command/ChangelogCheckCommandTest.php" tests="3" assertions="6" errors="0" failures="0" skipped="0" time="0.005159">
      <testcase name="executeWillReturnSuccessWhenUnreleasedEntriesExist" file="/home/runner/work/dev-tools/dev-tools/tests/Console/Command/ChangelogCheckCommandTest.php" line="89" class="FastForward\DevTools\Tests\Console\Command\ChangelogCheckCommandTest" classname="FastForward.DevTools.Tests.Console.Command.ChangelogCheckCommandTest" assertions="2" time="0.002785"/>
      <testcase name="executeWillReturnFailureWhenUnreleasedEntriesAreMissing" file="/home/runner/work/dev-tools/dev-tools/tests/Console/Command/ChangelogCheckCommandTest.php" line="107" class="FastForward\DevTools\Tests\Console\Command\ChangelogCheckCommandTest" classname="FastForward.DevTools.Tests.Console.Command.ChangelogCheckCommandTest" assertions="2" time="0.001133"/>
      <testcase name="executeWillLogFailureContextWhenAgainstReferenceIsProvided" file="/home/runner/work/dev-tools/dev-tools/tests/Console/Command/ChangelogCheckCommandTest.php" line="124" class="FastForward\DevTools\Tests\Console\Command\ChangelogCheckCommandTest" classname="FastForward.DevTools.Tests.Console.Command.ChangelogCheckCommandTest" assertions="2" time="0.001241"/>
    </testsuite>
    <testsuite name="FastForward\DevTools\Tests\Console\Command\ChangelogEntryCommandTest" file="/home/runner/work/dev-tools/dev-tools/tests/Console/Command/ChangelogEntryCommandTest.php" tests="2" assertions="6" errors="0" failures="0" skipped="0" time="0.007473">
      <testcase name="executeWillAddAnUnreleasedEntry" file="/home/runner/work/dev-tools/dev-tools/tests/Console/Command/ChangelogEntryCommandTest.php" line="93" class="FastForward\DevTools\Tests\Console\Command\ChangelogEntryCommandTest" classname="FastForward.DevTools.Tests.Console.Command.ChangelogEntryCommandTest" assertions="3" time="0.004087"/>
      <testcase name="executeWillPassPublishedReleaseMetadata" file="/home/runner/work/dev-tools/dev-tools/tests/Console/Command/ChangelogEntryCommandTest.php" line="122" class="FastForward\DevTools\Tests\Console\Command\ChangelogEntryCommandTest" classname="FastForward.DevTools.Tests.Console.Command.ChangelogEntryCommandTest" assertions="3" time="0.003386"/>
    </testsuite>
    <testsuite name="FastForward\DevTools\Tests\Console\Command\ChangelogNextVersionCommandTest" file="/home/runner/work/dev-tools/dev-tools/tests/Console/Command/ChangelogNextVersionCommandTest.php" tests="4" assertions="10" errors="0" failures="0" skipped="0" time="0.009194">
      <testcase name="executeWillWriteTheInferredVersionToOutputInPlainTextMode" file="/home/runner/work/dev-tools/dev-tools/tests/Console/Command/ChangelogNextVersionCommandTest.php" line="99" class="FastForward\DevTools\Tests\Console\Command\ChangelogNextVersionCommandTest" classname="FastForward.DevTools.Tests.Console.Command.ChangelogNextVersionCommandTest" assertions="3" time="0.002988"/>
      <testcase name="executeWillLogTheInferredVersionWhenJsonOutputIsRequested" file="/home/runner/work/dev-tools/dev-tools/tests/Console/Command/ChangelogNextVersionCommandTest.php" line="115" class="FastForward\DevTools\Tests\Console\Command\ChangelogNextVersionCommandTest" classname="FastForward.DevTools.Tests.Console.Command.ChangelogNextVersionCommandTest" assertions="2" time="0.002301"/>
      <testcase name="executeWillPassTheExplicitCurrentVersionToInferenceInPlainTextMode" file="/home/runner/work/dev-tools/dev-tools/tests/Console/Command/ChangelogNextVersionCommandTest.php" line="138" class="FastForward\DevTools\Tests\Console\Command\ChangelogNextVersionCommandTest" classname="FastForward.DevTools.Tests.Console.Command.ChangelogNextVersionCommandTest" assertions="3" time="0.002090"/>
      <testcase name="executeWillReturnFailureWhenVersionInferenceFails" file="/home/runner/work/dev-tools/dev-tools/tests/Console/Command/ChangelogNextVersionCommandTest.php" line="156" class="FastForward\DevTools\Tests\Console\Command\ChangelogNextVersionCommandTest" classname="FastForward.DevTools.Tests.Console.Command.ChangelogNextVersionCommandTest" assertions="2" time="0.001815"/>
    </testsuite>
    <testsuite name="FastForward\DevTools\Tests\Console\Command\ChangelogPromoteCommandTest" file="/home/runner/work/dev-tools/dev-tools/tests/Console/Command/ChangelogPromoteCommandTest.php" tests="3" assertions="8" errors="0" failures="0" skipped="0" time="0.005683">
      <testcase name="executeWillUseTheCurrentDateByDefault" file="/home/runner/work/dev-tools/dev-tools/tests/Console/Command/ChangelogPromoteCommandTest.php" line="95" class="FastForward\DevTools\Tests\Console\Command\ChangelogPromoteCommandTest" classname="FastForward.DevTools.Tests.Console.Command.ChangelogPromoteCommandTest" assertions="3" time="0.002997"/>
      <testcase name="executeWillPreferTheExplicitDate" file="/home/runner/work/dev-tools/dev-tools/tests/Console/Command/ChangelogPromoteCommandTest.php" line="117" class="FastForward\DevTools\Tests\Console\Command\ChangelogPromoteCommandTest" classname="FastForward.DevTools.Tests.Console.Command.ChangelogPromoteCommandTest" assertions="3" time="0.001484"/>
      <testcase name="executeWillReturnFailureWhenPromotionFails" file="/home/runner/work/dev-tools/dev-tools/tests/Console/Command/ChangelogPromoteCommandTest.php" line="141" class="FastForward\DevTools\Tests\Console\Command\ChangelogPromoteCommandTest" classname="FastForward.DevTools.Tests.Console.Command.ChangelogPromoteCommandTest" assertions="2" time="0.001202"/>
    </testsuite>
    <testsuite name="FastForward\DevTools\Tests\Console\Command\ChangelogShowCommandTest" file="/home/runner/work/dev-tools/dev-tools/tests/Console/Command/ChangelogShowCommandTest.php" tests="3" assertions="9" errors="0" failures="0" skipped="0" time="0.006742">
      <testcase name="executeWillWriteReleaseNotesToOutputInPlainTextMode" file="/home/runner/work/dev-tools/dev-tools/tests/Console/Command/ChangelogShowCommandTest.php" line="90" class="FastForward\DevTools\Tests\Console\Command\ChangelogShowCommandTest" classname="FastForward.DevTools.Tests.Console.Command.ChangelogShowCommandTest" assertions="4" time="0.002984"/>
      <testcase name="executeWillLogReleaseNotesWhenJsonOutputIsRequested" file="/home/runner/work/dev-tools/dev-tools/tests/Console/Command/ChangelogShowCommandTest.php" line="109" class="FastForward\DevTools\Tests\Console\Command\ChangelogShowCommandTest" classname="FastForward.DevTools.Tests.Console.Command.ChangelogShowCommandTest" assertions="3" time="0.002273"/>
      <testcase name="executeWillReturnFailureWhenReleaseNotesCannotBeRendered" file="/home/runner/work/dev-tools/dev-tools/tests/Console/Command/ChangelogShowCommandTest.php" line="135" class="FastForward\DevTools\Tests\Console\Command\ChangelogShowCommandTest" classname="FastForward.DevTools.Tests.Console.Command.ChangelogShowCommandTest" assertions="2" time="0.001484"/>
    </testsuite>
    <testsuite name="FastForward\DevTools\Tests\Console\Command\CodeOwnersCommandTest" file="/home/runner/work/dev-tools/dev-tools/tests/Console/Command/CodeOwnersCommandTest.php" tests="7" assertions="29" errors="0" failures="0" skipped="0" time="0.032448">
      <testcase name="commandWillSetExpectedNameDescriptionAndHelp" file="/home/runner/work/dev-tools/dev-tools/tests/Console/Command/CodeOwnersCommandTest.php" line="132" class="FastForward\DevTools\Tests\Console\Command\CodeOwnersCommandTest" classname="FastForward.DevTools.Tests.Console.Command.CodeOwnersCommandTest" assertions="3" time="0.010109"/>
      <testcase name="executeWillWriteGeneratedCodeOwnersWhenFileIsMissing" file="/home/runner/work/dev-tools/dev-tools/tests/Console/Command/CodeOwnersCommandTest.php" line="149" class="FastForward\DevTools\Tests\Console\Command\CodeOwnersCommandTest" classname="FastForward.DevTools.Tests.Console.Command.CodeOwnersCommandTest" assertions="4" time="0.004390"/>
      <testcase name="executeWillSkipExistingCodeOwnersByDefault" file="/home/runner/work/dev-tools/dev-tools/tests/Console/Command/CodeOwnersCommandTest.php" line="189" class="FastForward\DevTools\Tests\Console\Command\CodeOwnersCommandTest" classname="FastForward.DevTools.Tests.Console.Command.CodeOwnersCommandTest" assertions="4" time="0.003352"/>
      <testcase name="executeWillFailCheckModeWhenDriftIsDetected" file="/home/runner/work/dev-tools/dev-tools/tests/Console/Command/CodeOwnersCommandTest.php" line="219" class="FastForward\DevTools\Tests\Console\Command\CodeOwnersCommandTest" classname="FastForward.DevTools.Tests.Console.Command.CodeOwnersCommandTest" assertions="3" time="0.003452"/>
      <testcase name="executeWillPromptForOwnersWhenInteractiveInferenceFails" file="/home/runner/work/dev-tools/dev-tools/tests/Console/Command/CodeOwnersCommandTest.php" line="259" class="FastForward\DevTools\Tests\Console\Command\CodeOwnersCommandTest" classname="FastForward.DevTools.Tests.Console.Command.CodeOwnersCommandTest" assertions="7" time="0.003887"/>
      <testcase name="executeWillReturnSuccessOnDryRunWhenDriftIsDetected" file="/home/runner/work/dev-tools/dev-tools/tests/Console/Command/CodeOwnersCommandTest.php" line="311" class="FastForward\DevTools\Tests\Console\Command\CodeOwnersCommandTest" classname="FastForward.DevTools.Tests.Console.Command.CodeOwnersCommandTest" assertions="3" time="0.003200"/>
      <testcase name="executeWillSkipReplacingExistingCodeOwnersWhenConfirmationIsDeclined" file="/home/runner/work/dev-tools/dev-tools/tests/Console/Command/CodeOwnersCommandTest.php" line="350" class="FastForward\DevTools\Tests\Console\Command\CodeOwnersCommandTest" classname="FastForward.DevTools.Tests.Console.Command.CodeOwnersCommandTest" assertions="5" time="0.004058"/>
    </testsuite>
    <testsuite name="FastForward\DevTools\Tests\Console\Command\CodeStyleCommandTest" file="/home/runner/work/dev-tools/dev-tools/tests/Console/Command/CodeStyleCommandTest.php" tests="4" assertions="20" errors="0" failures="0" skipped="0" time="0.034508">
      <testcase name="executeWillReturnSuccessWhenProcessQueueSucceeds" file="/home/runner/work/dev-tools/dev-tools/tests/Console/Command/CodeStyleCommandTest.php" line="112" class="FastForward\DevTools\Tests\Console\Command\CodeStyleCommandTest" classname="FastForward.DevTools.Tests.Console.Command.CodeStyleCommandTest" assertions="5" time="0.023248"/>
      <testcase name="executeWillReturnFailureWhenProcessQueueFails" file="/home/runner/work/dev-tools/dev-tools/tests/Console/Command/CodeStyleCommandTest.php" line="137" class="FastForward\DevTools\Tests\Console\Command\CodeStyleCommandTest" classname="FastForward.DevTools.Tests.Console.Command.CodeStyleCommandTest" assertions="5" time="0.002478"/>
      <testcase name="executeWillCaptureBufferedOutputWhenJsonIsRequested" file="/home/runner/work/dev-tools/dev-tools/tests/Console/Command/CodeStyleCommandTest.php" line="163" class="FastForward\DevTools\Tests\Console\Command\CodeStyleCommandTest" classname="FastForward.DevTools.Tests.Console.Command.CodeStyleCommandTest" assertions="6" time="0.005116"/>
      <testcase name="executeWillEnableProgressWhenRequested" file="/home/runner/work/dev-tools/dev-tools/tests/Console/Command/CodeStyleCommandTest.php" line="191" class="FastForward\DevTools\Tests\Console\Command\CodeStyleCommandTest" classname="FastForward.DevTools.Tests.Console.Command.CodeStyleCommandTest" assertions="4" time="0.003666"/>
    </testsuite>
    <testsuite name="FastForward\DevTools\Tests\Console\Command\CommandAttributeCompatibilityTest" file="/home/runner/work/dev-tools/dev-tools/tests/Console/Command/CommandAttributeCompatibilityTest.php" tests="1" assertions="53" errors="0" failures="0" skipped="0" time="0.012155">
      <testcase name="asCommandAttributesWillNotUseTheHelpNamedParameter" file="/home/runner/work/dev-tools/dev-tools/tests/Console/Command/CommandAttributeCompatibilityTest.php" line="37" class="FastForward\DevTools\Tests\Console\Command\CommandAttributeCompatibilityTest" classname="FastForward.DevTools.Tests.Console.Command.CommandAttributeCompatibilityTest" assertions="53" time="0.012155"/>
    </testsuite>
    <testsuite name="FastForward\DevTools\Tests\Console\Command\CopyResourceCommandTest" file="/home/runner/work/dev-tools/dev-tools/tests/Console/Command/CopyResourceCommandTest.php" tests="10" assertions="43" errors="0" failures="0" skipped="0" time="0.046166">
      <testcase name="commandWillSetExpectedNameDescriptionAndHelp" file="/home/runner/work/dev-tools/dev-tools/tests/Console/Command/CopyResourceCommandTest.php" line="132" class="FastForward\DevTools\Tests\Console\Command\CopyResourceCommandTest" classname="FastForward.DevTools.Tests.Console.Command.CopyResourceCommandTest" assertions="3" time="0.005517"/>
      <testcase name="executeWillCopyDirectoryContentsIntoTarget" file="/home/runner/work/dev-tools/dev-tools/tests/Console/Command/CopyResourceCommandTest.php" line="149" class="FastForward\DevTools\Tests\Console\Command\CopyResourceCommandTest" classname="FastForward.DevTools.Tests.Console.Command.CopyResourceCommandTest" assertions="4" time="0.004455"/>
      <testcase name="executeWillFailWhenSourceOrTargetAreMissing" file="/home/runner/work/dev-tools/dev-tools/tests/Console/Command/CopyResourceCommandTest.php" line="182" class="FastForward\DevTools\Tests\Console\Command\CopyResourceCommandTest" classname="FastForward.DevTools.Tests.Console.Command.CopyResourceCommandTest" assertions="3" time="0.004208"/>
      <testcase name="executeWillSkipExistingTargetByDefault" file="/home/runner/work/dev-tools/dev-tools/tests/Console/Command/CopyResourceCommandTest.php" line="207" class="FastForward\DevTools\Tests\Console\Command\CopyResourceCommandTest" classname="FastForward.DevTools.Tests.Console.Command.CopyResourceCommandTest" assertions="4" time="0.003920"/>
      <testcase name="executeWillShowDiffBeforeOverwritingChangedFile" file="/home/runner/work/dev-tools/dev-tools/tests/Console/Command/CopyResourceCommandTest.php" line="234" class="FastForward\DevTools\Tests\Console\Command\CopyResourceCommandTest" classname="FastForward.DevTools.Tests.Console.Command.CopyResourceCommandTest" assertions="6" time="0.005082"/>
      <testcase name="executeWillReportUnchangedOverwriteAsNoOp" file="/home/runner/work/dev-tools/dev-tools/tests/Console/Command/CopyResourceCommandTest.php" line="278" class="FastForward\DevTools\Tests\Console\Command\CopyResourceCommandTest" classname="FastForward.DevTools.Tests.Console.Command.CopyResourceCommandTest" assertions="5" time="0.004356"/>
      <testcase name="executeWillHandleBinaryOverwriteGracefully" file="/home/runner/work/dev-tools/dev-tools/tests/Console/Command/CopyResourceCommandTest.php" line="317" class="FastForward\DevTools\Tests\Console\Command\CopyResourceCommandTest" classname="FastForward.DevTools.Tests.Console.Command.CopyResourceCommandTest" assertions="5" time="0.004473"/>
      <testcase name="executeWillReturnFailureInCheckModeWhenFileWouldChange" file="/home/runner/work/dev-tools/dev-tools/tests/Console/Command/CopyResourceCommandTest.php" line="356" class="FastForward\DevTools\Tests\Console\Command\CopyResourceCommandTest" classname="FastForward.DevTools.Tests.Console.Command.CopyResourceCommandTest" assertions="5" time="0.005494"/>
      <testcase name="executeWillReturnSuccessInDryRunModeWhenFileWouldChange" file="/home/runner/work/dev-tools/dev-tools/tests/Console/Command/CopyResourceCommandTest.php" line="389" class="FastForward\DevTools\Tests\Console\Command\CopyResourceCommandTest" classname="FastForward.DevTools.Tests.Console.Command.CopyResourceCommandTest" assertions="3" time="0.004178"/>
      <testcase name="executeWillSkipReplacingDriftedFileWhenInteractiveConfirmationIsDeclined" file="/home/runner/work/dev-tools/dev-tools/tests/Console/Command/CopyResourceCommandTest.php" line="418" class="FastForward\DevTools\Tests\Console\Command\CopyResourceCommandTest" classname="FastForward.DevTools.Tests.Console.Command.CopyResourceCommandTest" assertions="5" time="0.004483"/>
    </testsuite>
    <testsuite name="FastForward\DevTools\Tests\Console\Command\DependenciesCommandTest" file="/home/runner/work/dev-tools/dev-tools/tests/Console/Command/DependenciesCommandTest.php" tests="5" assertions="20" errors="0" failures="0" skipped="0" time="0.028492">
      <testcase name="executeWillReturnSuccessWhenPreviewAndAnalyzersSucceed" file="/home/runner/work/dev-tools/dev-tools/tests/Console/Command/DependenciesCommandTest.php" line="109" class="FastForward\DevTools\Tests\Console\Command\DependenciesCommandTest" classname="FastForward.DevTools.Tests.Console.Command.DependenciesCommandTest" assertions="5" time="0.008528"/>
      <testcase name="executeWillFailWhenMaxOutdatedIsNotNumeric" file="/home/runner/work/dev-tools/dev-tools/tests/Console/Command/DependenciesCommandTest.php" line="133" class="FastForward\DevTools\Tests\Console\Command\DependenciesCommandTest" classname="FastForward.DevTools.Tests.Console.Command.DependenciesCommandTest" assertions="3" time="0.004666"/>
      <testcase name="executeWillIgnoreJackFailuresWhenMaxOutdatedIsDisabled" file="/home/runner/work/dev-tools/dev-tools/tests/Console/Command/DependenciesCommandTest.php" line="150" class="FastForward\DevTools\Tests\Console\Command\DependenciesCommandTest" classname="FastForward.DevTools.Tests.Console.Command.DependenciesCommandTest" assertions="6" time="0.005214"/>
      <testcase name="composerDependencyAnalyserProcessWillHideShadowDependenciesByDefault" file="/home/runner/work/dev-tools/dev-tools/tests/Console/Command/DependenciesCommandTest.php" line="177" class="FastForward\DevTools\Tests\Console\Command\DependenciesCommandTest" classname="FastForward.DevTools.Tests.Console.Command.DependenciesCommandTest" assertions="3" time="0.005032"/>
      <testcase name="composerDependencyAnalyserProcessCanReportShadowDependencies" file="/home/runner/work/dev-tools/dev-tools/tests/Console/Command/DependenciesCommandTest.php" line="189" class="FastForward\DevTools\Tests\Console\Command\DependenciesCommandTest" classname="FastForward.DevTools.Tests.Console.Command.DependenciesCommandTest" assertions="3" time="0.005052"/>
    </testsuite>
    <testsuite name="FastForward\DevTools\Tests\Console\Command\DocsCommandTest" file="/home/runner/work/dev-tools/dev-tools/tests/Console/Command/DocsCommandTest.php" tests="3" assertions="15" errors="0" failures="0" skipped="0" time="0.041216">
      <testcase name="executeWillFailWhenSourceDirectoryIsMissing" file="/home/runner/work/dev-tools/dev-tools/tests/Console/Command/DocsCommandTest.php" line="153" class="FastForward\DevTools\Tests\Console\Command\DocsCommandTest" classname="FastForward.DevTools.Tests.Console.Command.DocsCommandTest" assertions="3" time="0.019961"/>
      <testcase name="executeWillReturnSuccessWhenProcessQueueSucceeds" file="/home/runner/work/dev-tools/dev-tools/tests/Console/Command/DocsCommandTest.php" line="174" class="FastForward\DevTools\Tests\Console\Command\DocsCommandTest" classname="FastForward.DevTools.Tests.Console.Command.DocsCommandTest" assertions="7" time="0.010494"/>
      <testcase name="executeWithNoCacheWillSkipPhpDocumentorCacheFolder" file="/home/runner/work/dev-tools/dev-tools/tests/Console/Command/DocsCommandTest.php" line="204" class="FastForward\DevTools\Tests\Console\Command\DocsCommandTest" classname="FastForward.DevTools.Tests.Console.Command.DocsCommandTest" assertions="5" time="0.010761"/>
    </testsuite>
    <testsuite name="FastForward\DevTools\Tests\Console\Command\FundingCommandTest" file="/home/runner/work/dev-tools/dev-tools/tests/Console/Command/FundingCommandTest.php" tests="13" assertions="80" errors="0" failures="0" skipped="0" time="0.082232">
      <testcase name="executeWillCreateComposerFundingFromFundingYaml" file="/home/runner/work/dev-tools/dev-tools/tests/Console/Command/FundingCommandTest.php" line="144" class="FastForward\DevTools\Tests\Console\Command\FundingCommandTest" classname="FastForward.DevTools.Tests.Console.Command.FundingCommandTest" assertions="6" time="0.021117"/>
      <testcase name="executeWillCreateFundingYamlFromComposerFunding" file="/home/runner/work/dev-tools/dev-tools/tests/Console/Command/FundingCommandTest.php" line="200" class="FastForward\DevTools\Tests\Console\Command\FundingCommandTest" classname="FastForward.DevTools.Tests.Console.Command.FundingCommandTest" assertions="5" time="0.004881"/>
      <testcase name="executeWillMergeBothSourcesWithoutDuplicatingEntries" file="/home/runner/work/dev-tools/dev-tools/tests/Console/Command/FundingCommandTest.php" line="242" class="FastForward\DevTools\Tests\Console\Command\FundingCommandTest" classname="FastForward.DevTools.Tests.Console.Command.FundingCommandTest" assertions="8" time="0.004946"/>
      <testcase name="executeWillBeIdempotentWhenFundingMetadataAlreadyMatches" file="/home/runner/work/dev-tools/dev-tools/tests/Console/Command/FundingCommandTest.php" line="305" class="FastForward\DevTools\Tests\Console\Command\FundingCommandTest" classname="FastForward.DevTools.Tests.Console.Command.FundingCommandTest" assertions="5" time="0.004435"/>
      <testcase name="executeWillReturnSuccessWhenComposerFileDoesNotExist" file="/home/runner/work/dev-tools/dev-tools/tests/Console/Command/FundingCommandTest.php" line="344" class="FastForward\DevTools\Tests\Console\Command\FundingCommandTest" classname="FastForward.DevTools.Tests.Console.Command.FundingCommandTest" assertions="6" time="0.004481"/>
      <testcase name="executeWillReturnFailureInCheckModeWhenComposerFileWouldChange" file="/home/runner/work/dev-tools/dev-tools/tests/Console/Command/FundingCommandTest.php" line="375" class="FastForward\DevTools\Tests\Console\Command\FundingCommandTest" classname="FastForward.DevTools.Tests.Console.Command.FundingCommandTest" assertions="6" time="0.005272"/>
      <testcase name="executeWillNotWriteManagedFilesDuringDryRun" file="/home/runner/work/dev-tools/dev-tools/tests/Console/Command/FundingCommandTest.php" line="416" class="FastForward\DevTools\Tests\Console\Command\FundingCommandTest" classname="FastForward.DevTools.Tests.Console.Command.FundingCommandTest" assertions="6" time="0.005211"/>
      <testcase name="executeWillSkipComposerWriteWhenInteractiveConfirmationIsDeclined" file="/home/runner/work/dev-tools/dev-tools/tests/Console/Command/FundingCommandTest.php" line="460" class="FastForward\DevTools\Tests\Console\Command\FundingCommandTest" classname="FastForward.DevTools.Tests.Console.Command.FundingCommandTest" assertions="8" time="0.006092"/>
      <testcase name="executeWillReturnFailureWhenComposerNormalizeFails" file="/home/runner/work/dev-tools/dev-tools/tests/Console/Command/FundingCommandTest.php" line="512" class="FastForward\DevTools\Tests\Console\Command\FundingCommandTest" classname="FastForward.DevTools.Tests.Console.Command.FundingCommandTest" assertions="8" time="0.005371"/>
      <testcase name="executeWillPassWorkingDirectoryAndAlternateManifestToComposerNormalize" file="/home/runner/work/dev-tools/dev-tools/tests/Console/Command/FundingCommandTest.php" line="559" class="FastForward\DevTools\Tests\Console\Command\FundingCommandTest" classname="FastForward.DevTools.Tests.Console.Command.FundingCommandTest" assertions="8" time="0.008185"/>
      <testcase name="commandWillSetExpectedNameDescriptionAndHelp" file="/home/runner/work/dev-tools/dev-tools/tests/Console/Command/FundingCommandTest.php" line="615" class="FastForward\DevTools\Tests\Console\Command\FundingCommandTest" classname="FastForward.DevTools.Tests.Console.Command.FundingCommandTest" assertions="3" time="0.002952"/>
      <testcase name="executeWillSkipFundingFileSynchronizationWhenNoSupportedFundingMetadataExists" file="/home/runner/work/dev-tools/dev-tools/tests/Console/Command/FundingCommandTest.php" line="632" class="FastForward\DevTools\Tests\Console\Command\FundingCommandTest" classname="FastForward.DevTools.Tests.Console.Command.FundingCommandTest" assertions="5" time="0.004436"/>
      <testcase name="privateHelpersWillPromptAndNormalizeComposerFileArguments" file="/home/runner/work/dev-tools/dev-tools/tests/Console/Command/FundingCommandTest.php" line="670" class="FastForward\DevTools\Tests\Console\Command\FundingCommandTest" classname="FastForward.DevTools.Tests.Console.Command.FundingCommandTest" assertions="6" time="0.004853"/>
    </testsuite>
    <testsuite name="FastForward\DevTools\Tests\Console\Command\GitAttributesCommandTest" file="/home/runner/work/dev-tools/dev-tools/tests/Console/Command/GitAttributesCommandTest.php" tests="8" assertions="36" errors="0" failures="0" skipped="0" time="0.032144">
      <testcase name="commandWillSetExpectedNameDescriptionAndHelp" file="/home/runner/work/dev-tools/dev-tools/tests/Console/Command/GitAttributesCommandTest.php" line="179" class="FastForward\DevTools\Tests\Console\Command\GitAttributesCommandTest" classname="FastForward.DevTools.Tests.Console.Command.GitAttributesCommandTest" assertions="3" time="0.008634"/>
      <testcase name="executeWillReturnSuccessAndWriteMergedGitattributes" file="/home/runner/work/dev-tools/dev-tools/tests/Console/Command/GitAttributesCommandTest.php" line="196" class="FastForward\DevTools\Tests\Console\Command\GitAttributesCommandTest" classname="FastForward.DevTools.Tests.Console.Command.GitAttributesCommandTest" assertions="6" time="0.004392"/>
      <testcase name="executeWillRespectKeepInExportComposerConfiguration" file="/home/runner/work/dev-tools/dev-tools/tests/Console/Command/GitAttributesCommandTest.php" line="260" class="FastForward\DevTools\Tests\Console\Command\GitAttributesCommandTest" classname="FastForward.DevTools.Tests.Console.Command.GitAttributesCommandTest" assertions="3" time="0.002744"/>
      <testcase name="executeWithNoCandidatesWillSkipSynchronization" file="/home/runner/work/dev-tools/dev-tools/tests/Console/Command/GitAttributesCommandTest.php" line="314" class="FastForward\DevTools\Tests\Console\Command\GitAttributesCommandTest" classname="FastForward.DevTools.Tests.Console.Command.GitAttributesCommandTest" assertions="7" time="0.003461"/>
      <testcase name="executeWillReturnFailureInCheckModeWhenGitattributesWouldChange" file="/home/runner/work/dev-tools/dev-tools/tests/Console/Command/GitAttributesCommandTest.php" line="361" class="FastForward\DevTools\Tests\Console\Command\GitAttributesCommandTest" classname="FastForward.DevTools.Tests.Console.Command.GitAttributesCommandTest" assertions="6" time="0.004120"/>
      <testcase name="executeWillReturnSuccessInDryRunModeWhenGitattributesWouldChange" file="/home/runner/work/dev-tools/dev-tools/tests/Console/Command/GitAttributesCommandTest.php" line="410" class="FastForward\DevTools\Tests\Console\Command\GitAttributesCommandTest" classname="FastForward.DevTools.Tests.Console.Command.GitAttributesCommandTest" assertions="4" time="0.003102"/>
      <testcase name="executeWillSkipWritingWhenInteractiveConfirmationIsDeclined" file="/home/runner/work/dev-tools/dev-tools/tests/Console/Command/GitAttributesCommandTest.php" line="453" class="FastForward\DevTools\Tests\Console\Command\GitAttributesCommandTest" classname="FastForward.DevTools.Tests.Console.Command.GitAttributesCommandTest" assertions="6" time="0.003992"/>
      <testcase name="configuredKeepInExportPathsWillMergePrimaryAndCompatibilityKeys" file="/home/runner/work/dev-tools/dev-tools/tests/Console/Command/GitAttributesCommandTest.php" line="503" class="FastForward\DevTools\Tests\Console\Command\GitAttributesCommandTest" classname="FastForward.DevTools.Tests.Console.Command.GitAttributesCommandTest" assertions="1" time="0.001698"/>
    </testsuite>
    <testsuite name="FastForward\DevTools\Tests\Console\Command\GitHooksCommandTest" file="/home/runner/work/dev-tools/dev-tools/tests/Console/Command/GitHooksCommandTest.php" tests="7" assertions="47" errors="0" failures="0" skipped="0" time="0.046574">
      <testcase name="commandWillSetExpectedNameDescriptionAndHelp" file="/home/runner/work/dev-tools/dev-tools/tests/Console/Command/GitHooksCommandTest.php" line="136" class="FastForward\DevTools\Tests\Console\Command\GitHooksCommandTest" classname="FastForward.DevTools.Tests.Console.Command.GitHooksCommandTest" assertions="3" time="0.012494"/>
      <testcase name="executeWillCopyPackagedHooks" file="/home/runner/work/dev-tools/dev-tools/tests/Console/Command/GitHooksCommandTest.php" line="150" class="FastForward\DevTools\Tests\Console\Command\GitHooksCommandTest" classname="FastForward.DevTools.Tests.Console.Command.GitHooksCommandTest" assertions="6" time="0.005401"/>
      <testcase name="executeWillSkipExistingHooksWhenNoOverwriteIsRequested" file="/home/runner/work/dev-tools/dev-tools/tests/Console/Command/GitHooksCommandTest.php" line="184" class="FastForward\DevTools\Tests\Console\Command\GitHooksCommandTest" classname="FastForward.DevTools.Tests.Console.Command.GitHooksCommandTest" assertions="5" time="0.004972"/>
      <testcase name="executeWillReturnFailureInCheckModeWhenHookWouldChange" file="/home/runner/work/dev-tools/dev-tools/tests/Console/Command/GitHooksCommandTest.php" line="222" class="FastForward\DevTools\Tests\Console\Command\GitHooksCommandTest" classname="FastForward.DevTools.Tests.Console.Command.GitHooksCommandTest" assertions="8" time="0.006609"/>
      <testcase name="executeWillSkipReplacingHookWhenInteractiveConfirmationIsDeclined" file="/home/runner/work/dev-tools/dev-tools/tests/Console/Command/GitHooksCommandTest.php" line="281" class="FastForward\DevTools\Tests\Console\Command\GitHooksCommandTest" classname="FastForward.DevTools.Tests.Console.Command.GitHooksCommandTest" assertions="8" time="0.006106"/>
      <testcase name="executeWillRemoveDriftedHookBeforeReplacingIt" file="/home/runner/work/dev-tools/dev-tools/tests/Console/Command/GitHooksCommandTest.php" line="335" class="FastForward\DevTools\Tests\Console\Command\GitHooksCommandTest" classname="FastForward.DevTools.Tests.Console.Command.GitHooksCommandTest" assertions="8" time="0.005327"/>
[...]
      <testcase name="refactorWillReturnNullIfNotClassNode" file="/home/runner/work/dev-tools/dev-tools/tests/Rector/AddMissingClassPhpDocRectorTest.php" line="99" class="FastForward\DevTools\Tests\Rector\AddMissingClassPhpDocRectorTest" classname="FastForward.DevTools.Tests.Rector.AddMissingClassPhpDocRectorTest" assertions="1" time="0.000354"/>
      <testcase name="refactorWillReturnNullIfNodeHasDocComment" file="/home/runner/work/dev-tools/dev-tools/tests/Rector/AddMissingClassPhpDocRectorTest.php" line="110" class="FastForward\DevTools\Tests\Rector\AddMissingClassPhpDocRectorTest" classname="FastForward.DevTools.Tests.Rector.AddMissingClassPhpDocRectorTest" assertions="1" time="0.000380"/>
      <testcase name="refactorWillAddDocCommentToClassWithoutNamespace" file="/home/runner/work/dev-tools/dev-tools/tests/Rector/AddMissingClassPhpDocRectorTest.php" line="122" class="FastForward\DevTools\Tests\Rector\AddMissingClassPhpDocRectorTest" classname="FastForward.DevTools.Tests.Rector.AddMissingClassPhpDocRectorTest" assertions="4" time="0.000946"/>
      <testcase name="refactorWillAddDocCommentToClassWithNamespace" file="/home/runner/work/dev-tools/dev-tools/tests/Rector/AddMissingClassPhpDocRectorTest.php" line="140" class="FastForward\DevTools\Tests\Rector\AddMissingClassPhpDocRectorTest" classname="FastForward.DevTools.Tests.Rector.AddMissingClassPhpDocRectorTest" assertions="4" time="0.000395"/>
    </testsuite>
    <testsuite name="FastForward\DevTools\Tests\Rector\AddMissingMethodPhpDocRectorTest" file="/home/runner/work/dev-tools/dev-tools/tests/Rector/AddMissingMethodPhpDocRectorTest.php" tests="12" assertions="28" errors="0" failures="0" skipped="0" time="0.006118">
      <testcase name="getRuleDefinitionWillReturnConfiguredDefinition" file="/home/runner/work/dev-tools/dev-tools/tests/Rector/AddMissingMethodPhpDocRectorTest.php" line="95" class="FastForward\DevTools\Tests\Rector\AddMissingMethodPhpDocRectorTest" classname="FastForward.DevTools.Tests.Rector.AddMissingMethodPhpDocRectorTest" assertions="1" time="0.000491"/>
      <testcase name="getNodeTypesWillReturnClassMethodNode" file="/home/runner/work/dev-tools/dev-tools/tests/Rector/AddMissingMethodPhpDocRectorTest.php" line="108" class="FastForward\DevTools\Tests\Rector\AddMissingMethodPhpDocRectorTest" classname="FastForward.DevTools.Tests.Rector.AddMissingMethodPhpDocRectorTest" assertions="1" time="0.000480"/>
      <testcase name="refactorWillReturnNodeIfNotClassMethod" file="/home/runner/work/dev-tools/dev-tools/tests/Rector/AddMissingMethodPhpDocRectorTest.php" line="117" class="FastForward\DevTools\Tests\Rector\AddMissingMethodPhpDocRectorTest" classname="FastForward.DevTools.Tests.Rector.AddMissingMethodPhpDocRectorTest" assertions="1" time="0.000455"/>
      <testcase name="refactorWillAddDocblockIfMissing" file="/home/runner/work/dev-tools/dev-tools/tests/Rector/AddMissingMethodPhpDocRectorTest.php" line="128" class="FastForward\DevTools\Tests\Rector\AddMissingMethodPhpDocRectorTest" classname="FastForward.DevTools.Tests.Rector.AddMissingMethodPhpDocRectorTest" assertions="5" time="0.000570"/>
      <testcase name="refactorWillNotChangeIfDocblockExists" file="/home/runner/work/dev-tools/dev-tools/tests/Rector/AddMissingMethodPhpDocRectorTest.php" line="154" class="FastForward\DevTools\Tests\Rector\AddMissingMethodPhpDocRectorTest" classname="FastForward.DevTools.Tests.Rector.AddMissingMethodPhpDocRectorTest" assertions="3" time="0.000474"/>
      <testcase name="refactorWillAddDocblockWithComplexTypes" file="/home/runner/work/dev-tools/dev-tools/tests/Rector/AddMissingMethodPhpDocRectorTest.php" line="171" class="FastForward\DevTools\Tests\Rector\AddMissingMethodPhpDocRectorTest" classname="FastForward.DevTools.Tests.Rector.AddMissingMethodPhpDocRectorTest" assertions="4" time="0.000556"/>
      <testcase name="resolveThrowsWillSkipNonNewOrNonNameExpressions" file="/home/runner/work/dev-tools/dev-tools/tests/Rector/AddMissingMethodPhpDocRectorTest.php" line="199" class="FastForward\DevTools\Tests\Rector\AddMissingMethodPhpDocRectorTest" classname="FastForward.DevTools.Tests.Rector.AddMissingMethodPhpDocRectorTest" assertions="2" time="0.000560"/>
      <testcase name="resolveThrowsWillHandleMultipleAndDuplicates" file="/home/runner/work/dev-tools/dev-tools/tests/Rector/AddMissingMethodPhpDocRectorTest.php" line="219" class="FastForward\DevTools\Tests\Rector\AddMissingMethodPhpDocRectorTest" classname="FastForward.DevTools.Tests.Rector.AddMissingMethodPhpDocRectorTest" assertions="2" time="0.000525"/>
      <testcase name="refactorWillAddDocblockWithIntersectionsAndUnions" file="/home/runner/work/dev-tools/dev-tools/tests/Rector/AddMissingMethodPhpDocRectorTest.php" line="238" class="FastForward\DevTools\Tests\Rector\AddMissingMethodPhpDocRectorTest" classname="FastForward.DevTools.Tests.Rector.AddMissingMethodPhpDocRectorTest" assertions="2" time="0.000513"/>
      <testcase name="refactorWillAddDocblockWithFullyQualifiedIntersections" file="/home/runner/work/dev-tools/dev-tools/tests/Rector/AddMissingMethodPhpDocRectorTest.php" line="263" class="FastForward\DevTools\Tests\Rector\AddMissingMethodPhpDocRectorTest" classname="FastForward.DevTools.Tests.Rector.AddMissingMethodPhpDocRectorTest" assertions="1" time="0.000482"/>
      <testcase name="refactorWillSkipReturnTagForConstructorsAndRespectOriginalTypeNames" file="/home/runner/work/dev-tools/dev-tools/tests/Rector/AddMissingMethodPhpDocRectorTest.php" line="281" class="FastForward\DevTools\Tests\Rector\AddMissingMethodPhpDocRectorTest" classname="FastForward.DevTools.Tests.Rector.AddMissingMethodPhpDocRectorTest" assertions="4" time="0.000534"/>
      <testcase name="refactorWillReturnOriginalNodeWhenNoTagsCanBeGenerated" file="/home/runner/work/dev-tools/dev-tools/tests/Rector/AddMissingMethodPhpDocRectorTest.php" line="304" class="FastForward\DevTools\Tests\Rector\AddMissingMethodPhpDocRectorTest" classname="FastForward.DevTools.Tests.Rector.AddMissingMethodPhpDocRectorTest" assertions="2" time="0.000478"/>
    </testsuite>
    <testsuite name="FastForward\DevTools\Tests\Rector\RemoveEmptyDocBlockRectorTest" file="/home/runner/work/dev-tools/dev-tools/tests/Rector/RemoveEmptyDocBlockRectorTest.php" tests="10" assertions="15" errors="0" failures="0" skipped="0" time="0.003869">
      <testcase name="getRuleDefinitionWillReturnConfiguredDefinition" file="/home/runner/work/dev-tools/dev-tools/tests/Rector/RemoveEmptyDocBlockRectorTest.php" line="81" class="FastForward\DevTools\Tests\Rector\RemoveEmptyDocBlockRectorTest" classname="FastForward.DevTools.Tests.Rector.RemoveEmptyDocBlockRectorTest" assertions="1" time="0.000376"/>
      <testcase name="getNodeTypesWillReturnClassAndClassMethodNode" file="/home/runner/work/dev-tools/dev-tools/tests/Rector/RemoveEmptyDocBlockRectorTest.php" line="94" class="FastForward\DevTools\Tests\Rector\RemoveEmptyDocBlockRectorTest" classname="FastForward.DevTools.Tests.Rector.RemoveEmptyDocBlockRectorTest" assertions="1" time="0.000458"/>
      <testcase name="refactorWillReturnNullIfNotClassOrClassMethodNode" file="/home/runner/work/dev-tools/dev-tools/tests/Rector/RemoveEmptyDocBlockRectorTest.php" line="103" class="FastForward\DevTools\Tests\Rector\RemoveEmptyDocBlockRectorTest" classname="FastForward.DevTools.Tests.Rector.RemoveEmptyDocBlockRectorTest" assertions="1" time="0.000368"/>
      <testcase name="refactorWillReturnNullIfNodeHasNoDocComment" file="/home/runner/work/dev-tools/dev-tools/tests/Rector/RemoveEmptyDocBlockRectorTest.php" line="114" class="FastForward\DevTools\Tests\Rector\RemoveEmptyDocBlockRectorTest" classname="FastForward.DevTools.Tests.Rector.RemoveEmptyDocBlockRectorTest" assertions="1" time="0.000373"/>
      <testcase name="refactorWillReturnNullIfDocCommentIsNotEmpty" file="/home/runner/work/dev-tools/dev-tools/tests/Rector/RemoveEmptyDocBlockRectorTest.php" line="125" class="FastForward\DevTools\Tests\Rector\RemoveEmptyDocBlockRectorTest" classname="FastForward.DevTools.Tests.Rector.RemoveEmptyDocBlockRectorTest" assertions="1" time="0.000439"/>
      <testcase name="refactorWillRemoveEmptyDocComment" file="/home/runner/work/dev-tools/dev-tools/tests/Rector/RemoveEmptyDocBlockRectorTest.php" line="137" class="FastForward\DevTools\Tests\Rector\RemoveEmptyDocBlockRectorTest" classname="FastForward.DevTools.Tests.Rector.RemoveEmptyDocBlockRectorTest" assertions="3" time="0.000404"/>
      <testcase name="refactorWillRemoveSingleLineEmptyDocComment" file="/home/runner/work/dev-tools/dev-tools/tests/Rector/RemoveEmptyDocBlockRectorTest.php" line="157" class="FastForward\DevTools\Tests\Rector\RemoveEmptyDocBlockRectorTest" classname="FastForward.DevTools.Tests.Rector.RemoveEmptyDocBlockRectorTest" assertions="2" time="0.000378"/>
      <testcase name="refactorWillRemoveEmptyDocCommentWithSpaces" file="/home/runner/work/dev-tools/dev-tools/tests/Rector/RemoveEmptyDocBlockRectorTest.php" line="172" class="FastForward\DevTools\Tests\Rector\RemoveEmptyDocBlockRectorTest" classname="FastForward.DevTools.Tests.Rector.RemoveEmptyDocBlockRectorTest" assertions="2" time="0.000379"/>
      <testcase name="refactorWillReturnNullForNonSupportedNodes" file="/home/runner/work/dev-tools/dev-tools/tests/Rector/RemoveEmptyDocBlockRectorTest.php" line="187" class="FastForward\DevTools\Tests\Rector\RemoveEmptyDocBlockRectorTest" classname="FastForward.DevTools.Tests.Rector.RemoveEmptyDocBlockRectorTest" assertions="1" time="0.000340"/>
      <testcase name="isEmptyDocBlockWillDetectContentAfterNormalization" file="/home/runner/work/dev-tools/dev-tools/tests/Rector/RemoveEmptyDocBlockRectorTest.php" line="197" class="FastForward\DevTools\Tests\Rector\RemoveEmptyDocBlockRectorTest" classname="FastForward.DevTools.Tests.Rector.RemoveEmptyDocBlockRectorTest" assertions="2" time="0.000354"/>
    </testsuite>
    <testsuite name="FastForward\DevTools\Tests\Resource\FileDiffTest" file="/home/runner/work/dev-tools/dev-tools/tests/Resource/FileDiffTest.php" tests="1" assertions="10" errors="0" failures="0" skipped="0" time="0.000330">
      <testcase name="accessorsAndStatusHelpersWillReflectTheDiffState" file="/home/runner/work/dev-tools/dev-tools/tests/Resource/FileDiffTest.php" line="34" class="FastForward\DevTools\Tests\Resource\FileDiffTest" classname="FastForward.DevTools.Tests.Resource.FileDiffTest" assertions="10" time="0.000330"/>
    </testsuite>
    <testsuite name="FastForward\DevTools\Tests\Resource\FileDifferTest" file="/home/runner/work/dev-tools/dev-tools/tests/Resource/FileDifferTest.php" tests="9" assertions="37" errors="0" failures="0" skipped="0" time="0.015540">
      <testcase name="renderWillReturnChangedResultWithUnifiedDiff" file="/home/runner/work/dev-tools/dev-tools/tests/Resource/FileDifferTest.php" line="66" class="FastForward\DevTools\Tests\Resource\FileDifferTest" classname="FastForward.DevTools.Tests.Resource.FileDifferTest" assertions="6" time="0.002340"/>
      <testcase name="renderWillReturnUnchangedResultWhenContentsMatch" file="/home/runner/work/dev-tools/dev-tools/tests/Resource/FileDifferTest.php" line="92" class="FastForward\DevTools\Tests\Resource\FileDifferTest" classname="FastForward.DevTools.Tests.Resource.FileDifferTest" assertions="6" time="0.000947"/>
      <testcase name="renderWillReturnBinaryResultWhenNullBytesAreDetected" file="/home/runner/work/dev-tools/dev-tools/tests/Resource/FileDifferTest.php" line="120" class="FastForward\DevTools\Tests\Resource\FileDifferTest" classname="FastForward.DevTools.Tests.Resource.FileDifferTest" assertions="6" time="0.000887"/>
      <testcase name="renderWillReturnUnreadableResultWhenContentsCannotBeRead" file="/home/runner/work/dev-tools/dev-tools/tests/Resource/FileDifferTest.php" line="152" class="FastForward\DevTools\Tests\Resource\FileDifferTest" classname="FastForward.DevTools.Tests.Resource.FileDifferTest" assertions="6" time="0.008275"/>
      <testcase name="renderContentsWillUseTheInjectedDifferWithoutCustomHeaders" file="/home/runner/work/dev-tools/dev-tools/tests/Resource/FileDifferTest.php" line="183" class="FastForward\DevTools\Tests\Resource\FileDifferTest" classname="FastForward.DevTools.Tests.Resource.FileDifferTest" assertions="4" time="0.000699"/>
      <testcase name="colorizeWillWrapUnifiedDiffLinesWithConsoleColors" file="/home/runner/work/dev-tools/dev-tools/tests/Resource/FileDifferTest.php" line="206" class="FastForward\DevTools\Tests\Resource\FileDifferTest" classname="FastForward.DevTools.Tests.Resource.FileDifferTest" assertions="6" time="0.000702"/>
      <testcase name="formatForConsoleWillReturnNullWhenDiffIsMissing" file="/home/runner/work/dev-tools/dev-tools/tests/Resource/FileDifferTest.php" line="229" class="FastForward\DevTools\Tests\Resource\FileDifferTest" classname="FastForward.DevTools.Tests.Resource.FileDifferTest" assertions="1" time="0.000545"/>
      <testcase name="formatForConsoleWillReturnPlainDiffWhenOutputIsNotDecorated" file="/home/runner/work/dev-tools/dev-tools/tests/Resource/FileDifferTest.php" line="238" class="FastForward\DevTools\Tests\Resource\FileDifferTest" classname="FastForward.DevTools.Tests.Resource.FileDifferTest" assertions="1" time="0.000577"/>
      <testcase name="formatForConsoleWillReturnColorizedDiffWhenOutputIsDecorated" file="/home/runner/work/dev-tools/dev-tools/tests/Resource/FileDifferTest.php" line="249" class="FastForward\DevTools\Tests\Resource\FileDifferTest" classname="FastForward.DevTools.Tests.Resource.FileDifferTest" assertions="1" time="0.000568"/>
    </testsuite>
    <testsuite name="FastForward\DevTools\Tests\Resource\UnifiedDifferTest" file="/home/runner/work/dev-tools/dev-tools/tests/Resource/UnifiedDifferTest.php" tests="1" assertions="5" errors="0" failures="0" skipped="0" time="0.001802">
      <testcase name="diffWillReturnTrimmedUnifiedDiffOutput" file="/home/runner/work/dev-tools/dev-tools/tests/Resource/UnifiedDifferTest.php" line="36" class="FastForward\DevTools\Tests\Resource\UnifiedDifferTest" classname="FastForward.DevTools.Tests.Resource.UnifiedDifferTest" assertions="5" time="0.001802"/>
    </testsuite>
    <testsuite name="FastForward\DevTools\Tests\ServiceProvider\DevToolsServiceProviderTest" file="/home/runner/work/dev-tools/dev-tools/tests/ServiceProvider/DevToolsServiceProviderTest.php" tests="3" assertions="4" errors="0" failures="0" skipped="0" time="0.001489">
      <testcase name="implementsServiceProviderInterface" file="/home/runner/work/dev-tools/dev-tools/tests/ServiceProvider/DevToolsServiceProviderTest.php" line="50" class="FastForward\DevTools\Tests\ServiceProvider\DevToolsServiceProviderTest" classname="FastForward.DevTools.Tests.ServiceProvider.DevToolsServiceProviderTest" assertions="1" time="0.000386"/>
      <testcase name="getExtensionsReturnEmptyArray" file="/home/runner/work/dev-tools/dev-tools/tests/ServiceProvider/DevToolsServiceProviderTest.php" line="59" class="FastForward\DevTools\Tests\ServiceProvider\DevToolsServiceProviderTest" classname="FastForward.DevTools.Tests.ServiceProvider.DevToolsServiceProviderTest" assertions="1" time="0.000587"/>
      <testcase name="getFactoriesReturnFactories" file="/home/runner/work/dev-tools/dev-tools/tests/ServiceProvider/DevToolsServiceProviderTest.php" line="68" class="FastForward\DevTools\Tests\ServiceProvider\DevToolsServiceProviderTest" classname="FastForward.DevTools.Tests.ServiceProvider.DevToolsServiceProviderTest" assertions="2" time="0.000516"/>
    </testsuite>
    <testsuite name="FastForward\DevTools\Tests\Sync\PackagedDirectorySynchronizerTest" file="/home/runner/work/dev-tools/dev-tools/tests/Sync/PackagedDirectorySynchronizerTest.php" tests="7" assertions="51" errors="0" failures="0" skipped="0" time="0.012237">
      <testcase name="setLoggerWillReplaceTheActiveLogger" file="/home/runner/work/dev-tools/dev-tools/tests/Sync/PackagedDirectorySynchronizerTest.php" line="80" class="FastForward\DevTools\Tests\Sync\PackagedDirectorySynchronizerTest" classname="FastForward.DevTools.Tests.Sync.PackagedDirectorySynchronizerTest" assertions="2" time="0.000816"/>
      <testcase name="synchronizeWithMissingPackagePathWillReturnFailedResult" file="/home/runner/work/dev-tools/dev-tools/tests/Sync/PackagedDirectorySynchronizerTest.php" line="103" class="FastForward\DevTools\Tests\Sync\PackagedDirectorySynchronizerTest" classname="FastForward.DevTools.Tests.Sync.PackagedDirectorySynchronizerTest" assertions="3" time="0.000716"/>
      <testcase name="synchronizeWithMissingTargetDirWillCreateItAndCreateLinks" file="/home/runner/work/dev-tools/dev-tools/tests/Sync/PackagedDirectorySynchronizerTest.php" line="121" class="FastForward\DevTools\Tests\Sync\PackagedDirectorySynchronizerTest" classname="FastForward.DevTools.Tests.Sync.PackagedDirectorySynchronizerTest" assertions="11" time="0.003103"/>
      <testcase name="synchronizeWillPreserveExistingValidSymlink" file="/home/runner/work/dev-tools/dev-tools/tests/Sync/PackagedDirectorySynchronizerTest.php" line="159" class="FastForward\DevTools\Tests\Sync\PackagedDirectorySynchronizerTest" classname="FastForward.DevTools.Tests.Sync.PackagedDirectorySynchronizerTest" assertions="7" time="0.002148"/>
      <testcase name="synchronizeWillRepairBrokenSymlink" file="/home/runner/work/dev-tools/dev-tools/tests/Sync/PackagedDirectorySynchronizerTest.php" line="193" class="FastForward\DevTools\Tests\Sync\PackagedDirectorySynchronizerTest" classname="FastForward.DevTools.Tests.Sync.PackagedDirectorySynchronizerTest" assertions="12" time="0.002275"/>
      <testcase name="synchronizeWillPreserveExistingNonSymlinkDirectory" file="/home/runner/work/dev-tools/dev-tools/tests/Sync/PackagedDirectorySynchronizerTest.php" line="241" class="FastForward\DevTools\Tests\Sync\PackagedDirectorySynchronizerTest" classname="FastForward.DevTools.Tests.Sync.PackagedDirectorySynchronizerTest" assertions="7" time="0.001601"/>
      <testcase name="synchronizeWillCreateLinksForTopLevelFiles" file="/home/runner/work/dev-tools/dev-tools/tests/Sync/PackagedDirectorySynchronizerTest.php" line="272" class="FastForward\DevTools\Tests\Sync\PackagedDirectorySynchronizerTest" classname="FastForward.DevTools.Tests.Sync.PackagedDirectorySynchronizerTest" assertions="9" time="0.001578"/>
    </testsuite>
    <testsuite name="FastForward\DevTools\Tests\Sync\SynchronizeResultTest" file="/home/runner/work/dev-tools/dev-tools/tests/Sync/SynchronizeResultTest.php" tests="4" assertions="5" errors="0" failures="0" skipped="0" time="0.001257">
      <testcase name="addCreatedLinkWillRecordTheLinkName" file="/home/runner/work/dev-tools/dev-tools/tests/Sync/SynchronizeResultTest.php" line="34" class="FastForward\DevTools\Tests\Sync\SynchronizeResultTest" classname="FastForward.DevTools.Tests.Sync.SynchronizeResultTest" assertions="1" time="0.000333"/>
      <testcase name="addPreservedLinkWillRecordTheLinkName" file="/home/runner/work/dev-tools/dev-tools/tests/Sync/SynchronizeResultTest.php" line="47" class="FastForward\DevTools\Tests\Sync\SynchronizeResultTest" classname="FastForward.DevTools.Tests.Sync.SynchronizeResultTest" assertions="1" time="0.000303"/>
      <testcase name="addRemovedBrokenLinkWillRecordTheLinkName" file="/home/runner/work/dev-tools/dev-tools/tests/Sync/SynchronizeResultTest.php" line="60" class="FastForward\DevTools\Tests\Sync\SynchronizeResultTest" classname="FastForward.DevTools.Tests.Sync.SynchronizeResultTest" assertions="1" time="0.000302"/>
      <testcase name="markFailedWillSetTheFailedFlag" file="/home/runner/work/dev-tools/dev-tools/tests/Sync/SynchronizeResultTest.php" line="73" class="FastForward\DevTools\Tests\Sync\SynchronizeResultTest" classname="FastForward.DevTools.Tests.Sync.SynchronizeResultTest" assertions="2" time="0.000318"/>
    </testsuite>
  </testsuite>
</testsuites>
