<?xml version="1.0" encoding="UTF-8"?>
<testsuites>
  <testsuite name="CLI Arguments" tests="481" assertions="1500" errors="0" failures="0" skipped="0" time="2.125474">
    <testsuite name="FastForward\DevTools\Tests\Changelog\Checker\UnreleasedEntryCheckerTest" file="/home/runner/work/dev-tools/dev-tools/tests/Changelog/Checker/UnreleasedEntryCheckerTest.php" tests="6" assertions="26" errors="0" failures="0" skipped="0" time="0.801683">
      <testcase name="hasPendingChangesWillReturnFalseWhenTheFileCannotBeRead" file="/home/runner/work/dev-tools/dev-tools/tests/Changelog/Checker/UnreleasedEntryCheckerTest.php" line="87" class="FastForward\DevTools\Tests\Changelog\Checker\UnreleasedEntryCheckerTest" classname="FastForward.DevTools.Tests.Changelog.Checker.UnreleasedEntryCheckerTest" assertions="3" time="0.793942"/>
      <testcase name="hasPendingChangesWillReturnFalseWhenTheUnreleasedSectionIsEmpty" file="/home/runner/work/dev-tools/dev-tools/tests/Changelog/Checker/UnreleasedEntryCheckerTest.php" line="102" class="FastForward\DevTools\Tests\Changelog\Checker\UnreleasedEntryCheckerTest" classname="FastForward.DevTools.Tests.Changelog.Checker.UnreleasedEntryCheckerTest" assertions="4" time="0.003646"/>
      <testcase name="hasPendingChangesWillReturnTrueWhenUnreleasedSectionContainsEntries" file="/home/runner/work/dev-tools/dev-tools/tests/Changelog/Checker/UnreleasedEntryCheckerTest.php" line="120" class="FastForward\DevTools\Tests\Changelog\Checker\UnreleasedEntryCheckerTest" classname="FastForward.DevTools.Tests.Changelog.Checker.UnreleasedEntryCheckerTest" assertions="4" time="0.000844"/>
      <testcase name="hasPendingChangesWillCompareAgainstBaselineReference" file="/home/runner/work/dev-tools/dev-tools/tests/Changelog/Checker/UnreleasedEntryCheckerTest.php" line="138" class="FastForward\DevTools\Tests\Changelog\Checker\UnreleasedEntryCheckerTest" classname="FastForward.DevTools.Tests.Changelog.Checker.UnreleasedEntryCheckerTest" assertions="5" time="0.001141"/>
      <testcase name="hasPendingChangesWillReturnTrueWhenBaselineDoesNotContainNewEntries" file="/home/runner/work/dev-tools/dev-tools/tests/Changelog/Checker/UnreleasedEntryCheckerTest.php" line="160" class="FastForward\DevTools\Tests\Changelog\Checker\UnreleasedEntryCheckerTest" classname="FastForward.DevTools.Tests.Changelog.Checker.UnreleasedEntryCheckerTest" assertions="5" time="0.001090"/>
      <testcase name="hasPendingChangesWillReturnTrueWhenTheBaselineCannotBeLoaded" file="/home/runner/work/dev-tools/dev-tools/tests/Changelog/Checker/UnreleasedEntryCheckerTest.php" line="182" class="FastForward\DevTools\Tests\Changelog\Checker\UnreleasedEntryCheckerTest" classname="FastForward.DevTools.Tests.Changelog.Checker.UnreleasedEntryCheckerTest" assertions="5" time="0.001020"/>
    </testsuite>
    <testsuite name="FastForward\DevTools\Tests\Changelog\Document\ChangelogDocumentTest" file="/home/runner/work/dev-tools/dev-tools/tests/Changelog/Document/ChangelogDocumentTest.php" tests="7" assertions="23" errors="0" failures="0" skipped="0" time="0.003068">
      <testcase name="withReleaseWillKeepTheUnreleasedSectionAtTheTop" file="/home/runner/work/dev-tools/dev-tools/tests/Changelog/Document/ChangelogDocumentTest.php" line="39" class="FastForward\DevTools\Tests\Changelog\Document\ChangelogDocumentTest" classname="FastForward.DevTools.Tests.Changelog.Document.ChangelogDocumentTest" assertions="1" time="0.000501"/>
      <testcase name="promoteUnreleasedWillMergeWithAnExistingPublishedVersion" file="/home/runner/work/dev-tools/dev-tools/tests/Changelog/Document/ChangelogDocumentTest.php" line="64" class="FastForward\DevTools\Tests\Changelog\Document\ChangelogDocumentTest" classname="FastForward.DevTools.Tests.Changelog.Document.ChangelogDocumentTest" assertions="5" time="0.000478"/>
      <testcase name="documentAccessorsWillResolveExpectedReleaseVariants" file="/home/runner/work/dev-tools/dev-tools/tests/Changelog/Document/ChangelogDocumentTest.php" line="91" class="FastForward\DevTools\Tests\Changelog\Document\ChangelogDocumentTest" classname="FastForward.DevTools.Tests.Changelog.Document.ChangelogDocumentTest" assertions="3" time="0.000429"/>
      <testcase name="getLatestPublishedReleaseWillReturnNullWhenOnlyUnreleasedExists" file="/home/runner/work/dev-tools/dev-tools/tests/Changelog/Document/ChangelogDocumentTest.php" line="104" class="FastForward\DevTools\Tests\Changelog\Document\ChangelogDocumentTest" classname="FastForward.DevTools.Tests.Changelog.Document.ChangelogDocumentTest" assertions="1" time="0.000392"/>
      <testcase name="withReleaseWillReplaceExistingVersionAndInsertUnreleasedAtTheTop" file="/home/runner/work/dev-tools/dev-tools/tests/Changelog/Document/ChangelogDocumentTest.php" line="113" class="FastForward\DevTools\Tests\Changelog\Document\ChangelogDocumentTest" classname="FastForward.DevTools.Tests.Changelog.Document.ChangelogDocumentTest" assertions="2" time="0.000458"/>
      <testcase name="promoteUnreleasedWillCreatePublishedReleaseWhenDocumentIsEmpty" file="/home/runner/work/dev-tools/dev-tools/tests/Changelog/Document/ChangelogDocumentTest.php" line="136" class="FastForward\DevTools\Tests\Changelog\Document\ChangelogDocumentTest" classname="FastForward.DevTools.Tests.Changelog.Document.ChangelogDocumentTest" assertions="2" time="0.000412"/>
      <testcase name="releaseHelpersWillNormalizeEntriesAndSupportImmutableMutators" file="/home/runner/work/dev-tools/dev-tools/tests/Changelog/Document/ChangelogDocumentTest.php" line="156" class="FastForward\DevTools\Tests\Changelog\Document\ChangelogDocumentTest" classname="FastForward.DevTools.Tests.Changelog.Document.ChangelogDocumentTest" assertions="9" time="0.000398"/>
    </testsuite>
    <testsuite name="FastForward\DevTools\Tests\Changelog\Entry\ChangelogEntryTypeTest" file="/home/runner/work/dev-tools/dev-tools/tests/Changelog/Entry/ChangelogEntryTypeTest.php" tests="3" assertions="5" errors="0" failures="0" skipped="0" time="0.000948">
      <testcase name="orderedWillReturnKeepAChangelogSectionOrder" file="/home/runner/work/dev-tools/dev-tools/tests/Changelog/Entry/ChangelogEntryTypeTest.php" line="35" class="FastForward\DevTools\Tests\Changelog\Entry\ChangelogEntryTypeTest" classname="FastForward.DevTools.Tests.Changelog.Entry.ChangelogEntryTypeTest" assertions="1" time="0.000310"/>
      <testcase name="fromInputWillNormalizeSupportedValues" file="/home/runner/work/dev-tools/dev-tools/tests/Changelog/Entry/ChangelogEntryTypeTest.php" line="54" class="FastForward\DevTools\Tests\Changelog\Entry\ChangelogEntryTypeTest" classname="FastForward.DevTools.Tests.Changelog.Entry.ChangelogEntryTypeTest" assertions="2" time="0.000328"/>
      <testcase name="fromInputWillRejectUnsupportedValues" file="/home/runner/work/dev-tools/dev-tools/tests/Changelog/Entry/ChangelogEntryTypeTest.php" line="64" class="FastForward\DevTools\Tests\Changelog\Entry\ChangelogEntryTypeTest" classname="FastForward.DevTools.Tests.Changelog.Entry.ChangelogEntryTypeTest" assertions="2" time="0.000310"/>
    </testsuite>
    <testsuite name="FastForward\DevTools\Tests\Changelog\Manager\ChangelogManagerTest" file="/home/runner/work/dev-tools/dev-tools/tests/Changelog/Manager/ChangelogManagerTest.php" tests="11" assertions="55" errors="0" failures="0" skipped="0" time="0.012733">
      <testcase name="addEntryWillCreateTheManagedChangelogWhenNeeded" file="/home/runner/work/dev-tools/dev-tools/tests/Changelog/Manager/ChangelogManagerTest.php" line="96" class="FastForward\DevTools\Tests\Changelog\Manager\ChangelogManagerTest" classname="FastForward.DevTools.Tests.Changelog.Manager.ChangelogManagerTest" assertions="4" time="0.003770"/>
      <testcase name="addEntryWillPreserveExistingReleaseDatesWhenNoNewDateIsProvided" file="/home/runner/work/dev-tools/dev-tools/tests/Changelog/Manager/ChangelogManagerTest.php" line="123" class="FastForward\DevTools\Tests\Changelog\Manager\ChangelogManagerTest" classname="FastForward.DevTools.Tests.Changelog.Manager.ChangelogManagerTest" assertions="6" time="0.000993"/>
      <testcase name="addEntryWillUpdateAnExistingReleaseDateWhenANewOneIsProvided" file="/home/runner/work/dev-tools/dev-tools/tests/Changelog/Manager/ChangelogManagerTest.php" line="169" class="FastForward\DevTools\Tests\Changelog\Manager\ChangelogManagerTest" classname="FastForward.DevTools.Tests.Changelog.Manager.ChangelogManagerTest" assertions="6" time="0.000976"/>
      <testcase name="promoteWillThrowWhenTheUnreleasedSectionIsEmpty" file="/home/runner/work/dev-tools/dev-tools/tests/Changelog/Manager/ChangelogManagerTest.php" line="221" class="FastForward\DevTools\Tests\Changelog\Manager\ChangelogManagerTest" classname="FastForward.DevTools.Tests.Changelog.Manager.ChangelogManagerTest" assertions="7" time="0.001008"/>
      <testcase name="promoteWillPersistThePublishedReleaseWhenUnreleasedEntriesExist" file="/home/runner/work/dev-tools/dev-tools/tests/Changelog/Manager/ChangelogManagerTest.php" line="247" class="FastForward\DevTools\Tests\Changelog\Manager\ChangelogManagerTest" classname="FastForward.DevTools.Tests.Changelog.Manager.ChangelogManagerTest" assertions="6" time="0.000993"/>
      <testcase name="inferNextVersionWillThrowWhenThereAreNoUnreleasedEntries" file="/home/runner/work/dev-tools/dev-tools/tests/Changelog/Manager/ChangelogManagerTest.php" line="295" class="FastForward\DevTools\Tests\Changelog\Manager\ChangelogManagerTest" classname="FastForward.DevTools.Tests.Changelog.Manager.ChangelogManagerTest" assertions="5" time="0.000809"/>
      <testcase name="inferNextVersionWillBumpMinorVersionsWhenAddedEntriesExist" file="/home/runner/work/dev-tools/dev-tools/tests/Changelog/Manager/ChangelogManagerTest.php" line="317" class="FastForward\DevTools\Tests\Changelog\Manager\ChangelogManagerTest" classname="FastForward.DevTools.Tests.Changelog.Manager.ChangelogManagerTest" assertions="4" time="0.000846"/>
      <testcase name="inferNextVersionWillBumpMajorVersionsWhenRemovedEntriesExist" file="/home/runner/work/dev-tools/dev-tools/tests/Changelog/Manager/ChangelogManagerTest.php" line="344" class="FastForward\DevTools\Tests\Changelog\Manager\ChangelogManagerTest" classname="FastForward.DevTools.Tests.Changelog.Manager.ChangelogManagerTest" assertions="4" time="0.000839"/>
      <testcase name="inferNextVersionWillBumpPatchVersionsWhenOnlyFixesExist" file="/home/runner/work/dev-tools/dev-tools/tests/Changelog/Manager/ChangelogManagerTest.php" line="371" class="FastForward\DevTools\Tests\Changelog\Manager\ChangelogManagerTest" classname="FastForward.DevTools.Tests.Changelog.Manager.ChangelogManagerTest" assertions="4" time="0.000843"/>
      <testcase name="renderReleaseNotesWillReturnTheRendererOutputForTheRequestedRelease" file="/home/runner/work/dev-tools/dev-tools/tests/Changelog/Manager/ChangelogManagerTest.php" line="398" class="FastForward\DevTools\Tests\Changelog\Manager\ChangelogManagerTest" classname="FastForward.DevTools.Tests.Changelog.Manager.ChangelogManagerTest" assertions="5" time="0.000857"/>
      <testcase name="renderReleaseNotesWillThrowWhenTheRequestedReleaseDoesNotExist" file="/home/runner/work/dev-tools/dev-tools/tests/Changelog/Manager/ChangelogManagerTest.php" line="429" class="FastForward\DevTools\Tests\Changelog\Manager\ChangelogManagerTest" classname="FastForward.DevTools.Tests.Changelog.Manager.ChangelogManagerTest" assertions="4" time="0.000798"/>
    </testsuite>
    <testsuite name="FastForward\DevTools\Tests\Changelog\Parser\ChangelogParserTest" file="/home/runner/work/dev-tools/dev-tools/tests/Changelog/Parser/ChangelogParserTest.php" tests="6" assertions="12" errors="0" failures="0" skipped="0" time="0.004054">
      <testcase name="parseWillExtractReleaseSectionsAndEntries" file="/home/runner/work/dev-tools/dev-tools/tests/Changelog/Parser/ChangelogParserTest.php" line="42" class="FastForward\DevTools\Tests\Changelog\Parser\ChangelogParserTest" classname="FastForward.DevTools.Tests.Changelog.Parser.ChangelogParserTest" assertions="3" time="0.001787"/>
      <testcase name="parseWillReturnDefaultDocumentForEmptyContents" file="/home/runner/work/dev-tools/dev-tools/tests/Changelog/Parser/ChangelogParserTest.php" line="78" class="FastForward\DevTools\Tests\Changelog\Parser\ChangelogParserTest" classname="FastForward.DevTools.Tests.Changelog.Parser.ChangelogParserTest" assertions="1" time="0.000475"/>
      <testcase name="parseWillReturnDefaultDocumentWhenNoReleaseHeadingsExist" file="/home/runner/work/dev-tools/dev-tools/tests/Changelog/Parser/ChangelogParserTest.php" line="92" class="FastForward\DevTools\Tests\Changelog\Parser\ChangelogParserTest" classname="FastForward.DevTools.Tests.Changelog.Parser.ChangelogParserTest" assertions="2" time="0.000442"/>
      <testcase name="parseWillIgnoreUnsupportedLinesAndDeduplicateEntriesWithinASection" file="/home/runner/work/dev-tools/dev-tools/tests/Changelog/Parser/ChangelogParserTest.php" line="104" class="FastForward\DevTools\Tests\Changelog\Parser\ChangelogParserTest" classname="FastForward.DevTools.Tests.Changelog.Parser.ChangelogParserTest" assertions="3" time="0.000504"/>
      <testcase name="parseWillTreatEmptyCategoryBodiesAsEmptyEntryLists" file="/home/runner/work/dev-tools/dev-tools/tests/Changelog/Parser/ChangelogParserTest.php" line="135" class="FastForward\DevTools\Tests\Changelog\Parser\ChangelogParserTest" classname="FastForward.DevTools.Tests.Changelog.Parser.ChangelogParserTest" assertions="2" time="0.000460"/>
      <testcase name="extractEntriesWillReturnEmptyArrayWhenCategoryHeadingIsMissing" file="/home/runner/work/dev-tools/dev-tools/tests/Changelog/Parser/ChangelogParserTest.php" line="155" class="FastForward\DevTools\Tests\Changelog\Parser\ChangelogParserTest" classname="FastForward.DevTools.Tests.Changelog.Parser.ChangelogParserTest" assertions="1" time="0.000386"/>
    </testsuite>
    <testsuite name="FastForward\DevTools\Tests\Changelog\Renderer\MarkdownRendererTest" file="/home/runner/work/dev-tools/dev-tools/tests/Changelog/Renderer/MarkdownRendererTest.php" tests="9" assertions="24" errors="0" failures="0" skipped="0" time="0.006139">
      <testcase name="renderWillGenerateChangelogWithHeaderAndUnreleasedSection" file="/home/runner/work/dev-tools/dev-tools/tests/Changelog/Renderer/MarkdownRendererTest.php" line="41" class="FastForward\DevTools\Tests\Changelog\Renderer\MarkdownRendererTest" classname="FastForward.DevTools.Tests.Changelog.Renderer.MarkdownRendererTest" assertions="4" time="0.002001"/>
      <testcase name="renderWillIncludePublishedSectionsAndReferences" file="/home/runner/work/dev-tools/dev-tools/tests/Changelog/Renderer/MarkdownRendererTest.php" line="55" class="FastForward\DevTools\Tests\Changelog\Renderer\MarkdownRendererTest" classname="FastForward.DevTools.Tests.Changelog.Renderer.MarkdownRendererTest" assertions="5" time="0.000651"/>
      <testcase name="renderReleaseBodyWillOmitTheReleaseHeading" file="/home/runner/work/dev-tools/dev-tools/tests/Changelog/Renderer/MarkdownRendererTest.php" line="85" class="FastForward\DevTools\Tests\Changelog\Renderer\MarkdownRendererTest" classname="FastForward.DevTools.Tests.Changelog.Renderer.MarkdownRendererTest" assertions="3" time="0.000452"/>
      <testcase name="renderWillOmitDanglingReleaseDateSeparatorsWhenDateIsMissing" file="/home/runner/work/dev-tools/dev-tools/tests/Changelog/Renderer/MarkdownRendererTest.php" line="101" class="FastForward\DevTools\Tests\Changelog\Renderer\MarkdownRendererTest" classname="FastForward.DevTools.Tests.Changelog.Renderer.MarkdownRendererTest" assertions="2" time="0.000522"/>
      <testcase name="renderWillNotInsertExtraBlankLinesBetweenRenderedSections" file="/home/runner/work/dev-tools/dev-tools/tests/Changelog/Renderer/MarkdownRendererTest.php" line="118" class="FastForward\DevTools\Tests\Changelog\Renderer\MarkdownRendererTest" classname="FastForward.DevTools.Tests.Changelog.Renderer.MarkdownRendererTest" assertions="2" time="0.000517"/>
      <testcase name="renderWillKeepOnlyOneBlankLineBetweenAnEmptyUnreleasedSectionAndTheNextRelease" file="/home/runner/work/dev-tools/dev-tools/tests/Changelog/Renderer/MarkdownRendererTest.php" line="136" class="FastForward\DevTools\Tests\Changelog\Renderer\MarkdownRendererTest" classname="FastForward.DevTools.Tests.Changelog.Renderer.MarkdownRendererTest" assertions="2" time="0.000488"/>
      <testcase name="renderWillOmitReferencesWhenRepositoryUrlIsMissingOrBlank" file="/home/runner/work/dev-tools/dev-tools/tests/Changelog/Renderer/MarkdownRendererTest.php" line="156" class="FastForward\DevTools\Tests\Changelog\Renderer\MarkdownRendererTest" classname="FastForward.DevTools.Tests.Changelog.Renderer.MarkdownRendererTest" assertions="2" time="0.000505"/>
      <testcase name="renderWillNormalizeSshRepositoryUrlsAndTrimTrailingGitSuffix" file="/home/runner/work/dev-tools/dev-tools/tests/Changelog/Renderer/MarkdownRendererTest.php" line="175" class="FastForward\DevTools\Tests\Changelog\Renderer\MarkdownRendererTest" classname="FastForward.DevTools.Tests.Changelog.Renderer.MarkdownRendererTest" assertions="2" time="0.000486"/>
      <testcase name="renderWillOmitReferencesWhenOnlyUnreleasedSectionExists" file="/home/runner/work/dev-tools/dev-tools/tests/Changelog/Renderer/MarkdownRendererTest.php" line="200" class="FastForward\DevTools\Tests\Changelog\Renderer\MarkdownRendererTest" classname="FastForward.DevTools.Tests.Changelog.Renderer.MarkdownRendererTest" assertions="2" time="0.000517"/>
    </testsuite>
    <testsuite name="FastForward\DevTools\Tests\CodeOwners\CodeOwnersGeneratorTest" file="/home/runner/work/dev-tools/dev-tools/tests/CodeOwners/CodeOwnersGeneratorTest.php" tests="10" assertions="15" errors="0" failures="0" skipped="0" time="0.016404">
      <testcase name="inferOwnersWillCollectGroupAndAuthorOwners" file="/home/runner/work/dev-tools/dev-tools/tests/CodeOwners/CodeOwnersGeneratorTest.php" line="91" class="FastForward\DevTools\Tests\CodeOwners\CodeOwnersGeneratorTest" classname="FastForward.DevTools.Tests.CodeOwners.CodeOwnersGeneratorTest" assertions="1" time="0.008166"/>
      <testcase name="inferGroupOwnerWillReturnRepositoryOwnerFromSupportSource" file="/home/runner/work/dev-tools/dev-tools/tests/CodeOwners/CodeOwnersGeneratorTest.php" line="109" class="FastForward\DevTools\Tests\CodeOwners\CodeOwnersGeneratorTest" classname="FastForward.DevTools.Tests.CodeOwners.CodeOwnersGeneratorTest" assertions="1" time="0.000746"/>
      <testcase name="inferOwnersWillIgnoreUnsupportedAuthorEntriesAndInvalidUrls" file="/home/runner/work/dev-tools/dev-tools/tests/CodeOwners/CodeOwnersGeneratorTest.php" line="121" class="FastForward\DevTools\Tests\CodeOwners\CodeOwnersGeneratorTest" classname="FastForward.DevTools.Tests.CodeOwners.CodeOwnersGeneratorTest" assertions="1" time="0.000799"/>
      <testcase name="inferGroupOwnerWillReturnNullWhenSupportSourceIsMissingOrInvalid" file="/home/runner/work/dev-tools/dev-tools/tests/CodeOwners/CodeOwnersGeneratorTest.php" line="139" class="FastForward\DevTools\Tests\CodeOwners\CodeOwnersGeneratorTest" classname="FastForward.DevTools.Tests.CodeOwners.CodeOwnersGeneratorTest" assertions="1" time="0.000711"/>
      <testcase name="generateWillRenderExplicitOwners" file="/home/runner/work/dev-tools/dev-tools/tests/CodeOwners/CodeOwnersGeneratorTest.php" line="151" class="FastForward\DevTools\Tests\CodeOwners\CodeOwnersGeneratorTest" classname="FastForward.DevTools.Tests.CodeOwners.CodeOwnersGeneratorTest" assertions="1" time="0.000716"/>
      <testcase name="generateWillRenderCommentedFallbackWhenOwnersCannotBeInferred" file="/home/runner/work/dev-tools/dev-tools/tests/CodeOwners/CodeOwnersGeneratorTest.php" line="163" class="FastForward\DevTools\Tests\CodeOwners\CodeOwnersGeneratorTest" classname="FastForward.DevTools.Tests.CodeOwners.CodeOwnersGeneratorTest" assertions="1" time="0.000772"/>
      <testcase name="generateWillRenderGroupOwnerWhenAuthorCannotBeInferred" file="/home/runner/work/dev-tools/dev-tools/tests/CodeOwners/CodeOwnersGeneratorTest.php" line="180" class="FastForward\DevTools\Tests\CodeOwners\CodeOwnersGeneratorTest" classname="FastForward.DevTools.Tests.CodeOwners.CodeOwnersGeneratorTest" assertions="1" time="0.000782"/>
      <testcase name="normalizeOwnersWillPreserveHandlesAndEmails" file="/home/runner/work/dev-tools/dev-tools/tests/CodeOwners/CodeOwnersGeneratorTest.php" line="194" class="FastForward\DevTools\Tests\CodeOwners\CodeOwnersGeneratorTest" classname="FastForward.DevTools.Tests.CodeOwners.CodeOwnersGeneratorTest" assertions="1" time="0.000682"/>
      <testcase name="normalizeOwnersWillDropEmptyTokensAndDeduplicateRepeatedOwners" file="/home/runner/work/dev-tools/dev-tools/tests/CodeOwners/CodeOwnersGeneratorTest.php" line="206" class="FastForward\DevTools\Tests\CodeOwners\CodeOwnersGeneratorTest" classname="FastForward.DevTools.Tests.CodeOwners.CodeOwnersGeneratorTest" assertions="1" time="0.000671"/>
      <testcase name="extractGitHubHelpersWillHandleSupportedAndUnsupportedUrls" file="/home/runner/work/dev-tools/dev-tools/tests/CodeOwners/CodeOwnersGeneratorTest.php" line="218" class="FastForward\DevTools\Tests\CodeOwners\CodeOwnersGeneratorTest" classname="FastForward.DevTools.Tests.CodeOwners.CodeOwnersGeneratorTest" assertions="6" time="0.002361"/>
    </testsuite>
    <testsuite name="FastForward\DevTools\Tests\Composer\Capability\DevToolsCommandProviderTest" file="/home/runner/work/dev-tools/dev-tools/tests/Composer/Capability/DevToolsCommandProviderTest.php" tests="2" assertions="9" errors="0" failures="0" skipped="0" time="0.034809">
      <testcase name="getCommandsWillReturnEmptyArrayWhenNoCommandsAreRegistered" file="/home/runner/work/dev-tools/dev-tools/tests/Composer/Capability/DevToolsCommandProviderTest.php" line="72" class="FastForward\DevTools\Tests\Composer\Capability\DevToolsCommandProviderTest" classname="FastForward.DevTools.Tests.Composer.Capability.DevToolsCommandProviderTest" assertions="4" time="0.025333"/>
      <testcase name="getCommandsWillReturnRegisteredBaseCommands" file="/home/runner/work/dev-tools/dev-tools/tests/Composer/Capability/DevToolsCommandProviderTest.php" line="84" class="FastForward\DevTools\Tests\Composer\Capability\DevToolsCommandProviderTest" classname="FastForward.DevTools.Tests.Composer.Capability.DevToolsCommandProviderTest" assertions="5" time="0.009476"/>
    </testsuite>
    <testsuite name="FastForward\DevTools\Tests\Composer\Json\ComposerJsonTest" file="/home/runner/work/dev-tools/dev-tools/tests/Composer/Json/ComposerJsonTest.php" tests="30" assertions="83" errors="0" failures="0" skipped="0" time="0.099411">
      <testcase name="identificationAccessorsWillReturnConfiguredData" file="/home/runner/work/dev-tools/dev-tools/tests/Composer/Json/ComposerJsonTest.php" line="67" class="FastForward\DevTools\Tests\Composer\Json\ComposerJsonTest" classname="FastForward.DevTools.Tests.Composer.Json.ComposerJsonTest" assertions="4" time="0.009854"/>
      <testcase name="typeWillDefaultToLibrary" file="/home/runner/work/dev-tools/dev-tools/tests/Composer/Json/ComposerJsonTest.php" line="86" class="FastForward\DevTools\Tests\Composer\Json\ComposerJsonTest" classname="FastForward.DevTools.Tests.Composer.Json.ComposerJsonTest" assertions="1" time="0.002322"/>
      <testcase name="metadataAccessorsWillReturnConfiguredData" file="/home/runner/work/dev-tools/dev-tools/tests/Composer/Json/ComposerJsonTest.php" line="99" class="FastForward\DevTools\Tests\Composer\Json\ComposerJsonTest" classname="FastForward.DevTools.Tests.Composer.Json.ComposerJsonTest" assertions="5" time="0.002408"/>
      <testcase name="metadataAccessorsWillReturnDefaultsWhenOptionalFieldsAreMissing" file="/home/runner/work/dev-tools/dev-tools/tests/Composer/Json/ComposerJsonTest.php" line="120" class="FastForward\DevTools\Tests\Composer\Json\ComposerJsonTest" classname="FastForward.DevTools.Tests.Composer.Json.ComposerJsonTest" assertions="4" time="0.002317"/>
      <testcase name="getLicenseWillReturnResolvedValue" file="/home/runner/work/dev-tools/dev-tools/tests/Composer/Json/ComposerJsonTest.php" line="136" class="FastForward\DevTools\Tests\Composer\Json\ComposerJsonTest" classname="FastForward.DevTools.Tests.Composer.Json.ComposerJsonTest" assertions="4" time="0.007714"/>
      <testcase name="getAuthorsWillReturnNormalizedAuthorEntries" file="/home/runner/work/dev-tools/dev-tools/tests/Composer/Json/ComposerJsonTest.php" line="161" class="FastForward\DevTools\Tests\Composer\Json\ComposerJsonTest" classname="FastForward.DevTools.Tests.Composer.Json.ComposerJsonTest" assertions="6" time="0.002341"/>
      <testcase name="getAuthorsWithOnlyFirstAuthorWillThrowExceptionWhenNoAuthorsAreDefined" file="/home/runner/work/dev-tools/dev-tools/tests/Composer/Json/ComposerJsonTest.php" line="188" class="FastForward\DevTools\Tests\Composer\Json\ComposerJsonTest" classname="FastForward.DevTools.Tests.Composer.Json.ComposerJsonTest" assertions="2" time="0.002307"/>
      <testcase name="getSupportWillReturnSupportObject" file="/home/runner/work/dev-tools/dev-tools/tests/Composer/Json/ComposerJsonTest.php" line="202" class="FastForward\DevTools\Tests\Composer\Json\ComposerJsonTest" classname="FastForward.DevTools.Tests.Composer.Json.ComposerJsonTest" assertions="3" time="0.002272"/>
      <testcase name="getSupportWillReturnEmptySupportObjectWhenSectionIsInvalid" file="/home/runner/work/dev-tools/dev-tools/tests/Composer/Json/ComposerJsonTest.php" line="220" class="FastForward\DevTools\Tests\Composer\Json\ComposerJsonTest" classname="FastForward.DevTools.Tests.Composer.Json.ComposerJsonTest" assertions="2" time="0.002317"/>
      <testcase name="getFundingWillReturnFundingEntries" file="/home/runner/work/dev-tools/dev-tools/tests/Composer/Json/ComposerJsonTest.php" line="234" class="FastForward\DevTools\Tests\Composer\Json\ComposerJsonTest" classname="FastForward.DevTools.Tests.Composer.Json.ComposerJsonTest" assertions="4" time="0.003364"/>
      <testcase name="getFundingWillIgnoreInvalidEntriesAndInvalidSectionTypes" file="/home/runner/work/dev-tools/dev-tools/tests/Composer/Json/ComposerJsonTest.php" line="256" class="FastForward\DevTools\Tests\Composer\Json\ComposerJsonTest" classname="FastForward.DevTools.Tests.Composer.Json.ComposerJsonTest" assertions="6" time="0.004133"/>
      <testcase name="getAutoloadWillReturnConfiguredMappings" file="/home/runner/work/dev-tools/dev-tools/tests/Composer/Json/ComposerJsonTest.php" line="288" class="FastForward\DevTools\Tests\Composer\Json\ComposerJsonTest" classname="FastForward.DevTools.Tests.Composer.Json.ComposerJsonTest" assertions="3" time="0.002413"/>
      <testcase name="getAutoloadWillReturnEmptyArrayWhenSectionOrRequestedMappingIsInvalid" file="/home/runner/work/dev-tools/dev-tools/tests/Composer/Json/ComposerJsonTest.php" line="315" class="FastForward\DevTools\Tests\Composer\Json\ComposerJsonTest" classname="FastForward.DevTools.Tests.Composer.Json.ComposerJsonTest" assertions="2" time="0.004063"/>
      <testcase name="getAutoloadDevWillReturnConfiguredMappings" file="/home/runner/work/dev-tools/dev-tools/tests/Composer/Json/ComposerJsonTest.php" line="334" class="FastForward\DevTools\Tests\Composer\Json\ComposerJsonTest" classname="FastForward.DevTools.Tests.Composer.Json.ComposerJsonTest" assertions="3" time="0.002311"/>
      <testcase name="getAutoloadDevWillReturnEmptyArrayWhenSectionOrRequestedMappingIsInvalid" file="/home/runner/work/dev-tools/dev-tools/tests/Composer/Json/ComposerJsonTest.php" line="359" class="FastForward\DevTools\Tests\Composer\Json\ComposerJsonTest" classname="FastForward.DevTools.Tests.Composer.Json.ComposerJsonTest" assertions="2" time="0.004074"/>
      <testcase name="getMinimumStabilityWillReturnConfiguredValue" file="/home/runner/work/dev-tools/dev-tools/tests/Composer/Json/ComposerJsonTest.php" line="378" class="FastForward\DevTools\Tests\Composer\Json\ComposerJsonTest" classname="FastForward.DevTools.Tests.Composer.Json.ComposerJsonTest" assertions="2" time="0.004067"/>
      <testcase name="getConfigWillReturnValuesFromConfigSection" file="/home/runner/work/dev-tools/dev-tools/tests/Composer/Json/ComposerJsonTest.php" line="393" class="FastForward\DevTools\Tests\Composer\Json\ComposerJsonTest" classname="FastForward.DevTools.Tests.Composer.Json.ComposerJsonTest" assertions="5" time="0.002298"/>
      <testcase name="getScriptsWillReturnScriptsSection" file="/home/runner/work/dev-tools/dev-tools/tests/Composer/Json/ComposerJsonTest.php" line="425" class="FastForward\DevTools\Tests\Composer\Json\ComposerJsonTest" classname="FastForward.DevTools.Tests.Composer.Json.ComposerJsonTest" assertions="1" time="0.002312"/>
      <testcase name="getScriptsWillReturnEmptyArrayWhenSectionIsInvalid" file="/home/runner/work/dev-tools/dev-tools/tests/Composer/Json/ComposerJsonTest.php" line="442" class="FastForward\DevTools\Tests\Composer\Json\ComposerJsonTest" classname="FastForward.DevTools.Tests.Composer.Json.ComposerJsonTest" assertions="1" time="0.002297"/>
      <testcase name="getExtraWillReturnExtraSectionOrSpecificKey" file="/home/runner/work/dev-tools/dev-tools/tests/Composer/Json/ComposerJsonTest.php" line="455" class="FastForward\DevTools\Tests\Composer\Json\ComposerJsonTest" classname="FastForward.DevTools.Tests.Composer.Json.ComposerJsonTest" assertions="3" time="0.002277"/>
      <testcase name="getExtraWillReturnEmptyArrayWhenSectionOrRequestedValueIsInvalid" file="/home/runner/work/dev-tools/dev-tools/tests/Composer/Json/ComposerJsonTest.php" line="480" class="FastForward\DevTools\Tests\Composer\Json\ComposerJsonTest" classname="FastForward.DevTools.Tests.Composer.Json.ComposerJsonTest" assertions="2" time="0.004083"/>
      <testcase name="getBinWillReturnConfiguredBinaries" file="/home/runner/work/dev-tools/dev-tools/tests/Composer/Json/ComposerJsonTest.php" line="499" class="FastForward\DevTools\Tests\Composer\Json\ComposerJsonTest" classname="FastForward.DevTools.Tests.Composer.Json.ComposerJsonTest" assertions="2" time="0.004069"/>
      <testcase name="getBinWillFilterInvalidEntriesAndReturnEmptyArrayForInvalidSections" file="/home/runner/work/dev-tools/dev-tools/tests/Composer/Json/ComposerJsonTest.php" line="516" class="FastForward\DevTools\Tests\Composer\Json\ComposerJsonTest" classname="FastForward.DevTools.Tests.Composer.Json.ComposerJsonTest" assertions="2" time="0.004059"/>
      <testcase name="getSuggestWillReturnPackageSuggestions" file="/home/runner/work/dev-tools/dev-tools/tests/Composer/Json/ComposerJsonTest.php" line="533" class="FastForward\DevTools\Tests\Composer\Json\ComposerJsonTest" classname="FastForward.DevTools.Tests.Composer.Json.ComposerJsonTest" assertions="1" time="0.002290"/>
      <testcase name="getSuggestWillIgnoreInvalidEntriesAndInvalidSections" file="/home/runner/work/dev-tools/dev-tools/tests/Composer/Json/ComposerJsonTest.php" line="550" class="FastForward\DevTools\Tests\Composer\Json\ComposerJsonTest" classname="FastForward.DevTools.Tests.Composer.Json.ComposerJsonTest" assertions="2" time="0.004068"/>
      <testcase name="getCommentsWillReturnCommentData" file="/home/runner/work/dev-tools/dev-tools/tests/Composer/Json/ComposerJsonTest.php" line="572" class="FastForward\DevTools\Tests\Composer\Json\ComposerJsonTest" classname="FastForward.DevTools.Tests.Composer.Json.ComposerJsonTest" assertions="2" time="0.004093"/>
      <testcase name="getCommentsWillReturnEmptyArrayWhenSectionIsInvalid" file="/home/runner/work/dev-tools/dev-tools/tests/Composer/Json/ComposerJsonTest.php" line="589" class="FastForward\DevTools\Tests\Composer\Json\ComposerJsonTest" classname="FastForward.DevTools.Tests.Composer.Json.ComposerJsonTest" assertions="1" time="0.002325"/>
      <testcase name="getMinimumStabilityAndConfigWillReturnNormalizedValues" file="/home/runner/work/dev-tools/dev-tools/tests/Composer/Json/ComposerJsonTest.php" line="602" class="FastForward\DevTools\Tests\Composer\Json\ComposerJsonTest" classname="FastForward.DevTools.Tests.Composer.Json.ComposerJsonTest" assertions="4" time="0.002347"/>
      <testcase name="getMinimumStabilityAndConfigWillReturnDefaultsForInvalidSections" file="/home/runner/work/dev-tools/dev-tools/tests/Composer/Json/ComposerJsonTest.php" line="631" class="FastForward\DevTools\Tests\Composer\Json\ComposerJsonTest" classname="FastForward.DevTools.Tests.Composer.Json.ComposerJsonTest" assertions="3" time="0.002308"/>
      <testcase name="getBinWillReturnScalarStringWhenDeclaredAsSingleBinary" file="/home/runner/work/dev-tools/dev-tools/tests/Composer/Json/ComposerJsonTest.php" line="646" class="FastForward\DevTools\Tests\Composer\Json\ComposerJsonTest" classname="FastForward.DevTools.Tests.Composer.Json.ComposerJsonTest" assertions="1" time="0.002307"/>
    </testsuite>
    <testsuite name="FastForward\DevTools\Tests\Composer\Json\Schema\AuthorTest" file="/home/runner/work/dev-tools/dev-tools/tests/Composer/Json/Schema/AuthorTest.php" tests="5" assertions="8" errors="0" failures="0" skipped="0" time="0.001634">
      <testcase name="accessorsWillReturnValuesProvidedToConstructor" file="/home/runner/work/dev-tools/dev-tools/tests/Composer/Json/Schema/AuthorTest.php" line="34" class="FastForward\DevTools\Tests\Composer\Json\Schema\AuthorTest" classname="FastForward.DevTools.Tests.Composer.Json.Schema.AuthorTest" assertions="4" time="0.000345"/>
      <testcase name="toStringWillReturnFormattedStringWhenNameAndEmailAreProvided" file="/home/runner/work/dev-tools/dev-tools/tests/Composer/Json/Schema/AuthorTest.php" line="53" class="FastForward\DevTools\Tests\Composer\Json\Schema\AuthorTest" classname="FastForward.DevTools.Tests.Composer.Json.Schema.AuthorTest" assertions="1" time="0.000309"/>
      <testcase name="toStringWillReturnOnlyNameWhenEmailIsMissing" file="/home/runner/work/dev-tools/dev-tools/tests/Composer/Json/Schema/AuthorTest.php" line="64" class="FastForward\DevTools\Tests\Composer\Json\Schema\AuthorTest" classname="FastForward.DevTools.Tests.Composer.Json.Schema.AuthorTest" assertions="1" time="0.000341"/>
      <testcase name="toStringWillReturnOnlyEmailWhenNameIsMissing" file="/home/runner/work/dev-tools/dev-tools/tests/Composer/Json/Schema/AuthorTest.php" line="75" class="FastForward\DevTools\Tests\Composer\Json\Schema\AuthorTest" classname="FastForward.DevTools.Tests.Composer.Json.Schema.AuthorTest" assertions="1" time="0.000308"/>
      <testcase name="toStringWillReturnEmptyStringWhenBothNameAndEmailAreMissing" file="/home/runner/work/dev-tools/dev-tools/tests/Composer/Json/Schema/AuthorTest.php" line="86" class="FastForward\DevTools\Tests\Composer\Json\Schema\AuthorTest" classname="FastForward.DevTools.Tests.Composer.Json.Schema.AuthorTest" assertions="1" time="0.000331"/>
    </testsuite>
    <testsuite name="FastForward\DevTools\Tests\Composer\Json\Schema\FundingTest" file="/home/runner/work/dev-tools/dev-tools/tests/Composer/Json/Schema/FundingTest.php" tests="1" assertions="2" errors="0" failures="0" skipped="0" time="0.000313">
      <testcase name="accessorsWillReturnValuesProvidedToConstructor" file="/home/runner/work/dev-tools/dev-tools/tests/Composer/Json/Schema/FundingTest.php" line="34" class="FastForward\DevTools\Tests\Composer\Json\Schema\FundingTest" classname="FastForward.DevTools.Tests.Composer.Json.Schema.FundingTest" assertions="2" time="0.000313"/>
    </testsuite>
    <testsuite name="FastForward\DevTools\Tests\Composer\Json\Schema\SupportTest" file="/home/runner/work/dev-tools/dev-tools/tests/Composer/Json/Schema/SupportTest.php" tests="2" assertions="20" errors="0" failures="0" skipped="0" time="0.000740">
      <testcase name="accessorsWillReturnValuesProvidedToConstructor" file="/home/runner/work/dev-tools/dev-tools/tests/Composer/Json/Schema/SupportTest.php" line="34" class="FastForward\DevTools\Tests\Composer\Json\Schema\SupportTest" classname="FastForward.DevTools.Tests.Composer.Json.Schema.SupportTest" assertions="10" time="0.000423"/>
      <testcase name="constructorWillInitializeWithEmptyStringsByDefault" file="/home/runner/work/dev-tools/dev-tools/tests/Composer/Json/Schema/SupportTest.php" line="65" class="FastForward\DevTools\Tests\Composer\Json\Schema\SupportTest" classname="FastForward.DevTools.Tests.Composer.Json.Schema.SupportTest" assertions="10" time="0.000318"/>
    </testsuite>
    <testsuite name="FastForward\DevTools\Tests\Composer\PluginTest" file="/home/runner/work/dev-tools/dev-tools/tests/Composer/PluginTest.php" tests="6" assertions="7" errors="0" failures="0" skipped="0" time="0.017134">
      <testcase name="getCapabilitiesWillReturnDevToolsCommandProviderMapping" file="/home/runner/work/dev-tools/dev-tools/tests/Composer/PluginTest.php" line="106" class="FastForward\DevTools\Tests\Composer\PluginTest" classname="FastForward.DevTools.Tests.Composer.PluginTest" assertions="1" time="0.005151"/>
      <testcase name="getSubscribedEventsWillReturnExpectedEventMapping" file="/home/runner/work/dev-tools/dev-tools/tests/Composer/PluginTest.php" line="120" class="FastForward\DevTools\Tests\Composer\PluginTest" classname="FastForward.DevTools.Tests.Composer.PluginTest" assertions="1" time="0.000942"/>
      <testcase name="activateWillDoNothing" file="/home/runner/work/dev-tools/dev-tools/tests/Composer/PluginTest.php" line="135" class="FastForward\DevTools\Tests\Composer\PluginTest" classname="FastForward.DevTools.Tests.Composer.PluginTest" assertions="1" time="0.000800"/>
      <testcase name="runSyncCommandWillExecuteDevToolsSync" file="/home/runner/work/dev-tools/dev-tools/tests/Composer/PluginTest.php" line="144" class="FastForward\DevTools\Tests\Composer\PluginTest" classname="FastForward.DevTools.Tests.Composer.PluginTest" assertions="2" time="0.008687"/>
      <testcase name="deactivateWillDoNothing" file="/home/runner/work/dev-tools/dev-tools/tests/Composer/PluginTest.php" line="175" class="FastForward\DevTools\Tests\Composer\PluginTest" classname="FastForward.DevTools.Tests.Composer.PluginTest" assertions="1" time="0.000777"/>
      <testcase name="uninstallWillDoNothing" file="/home/runner/work/dev-tools/dev-tools/tests/Composer/PluginTest.php" line="184" class="FastForward\DevTools\Tests\Composer\PluginTest" classname="FastForward.DevTools.Tests.Composer.PluginTest" assertions="1" time="0.000777"/>
    </testsuite>
    <testsuite name="FastForward\DevTools\Tests\Config\ComposerDependencyAnalyserConfigTest" file="/home/runner/work/dev-tools/dev-tools/tests/Config/ComposerDependencyAnalyserConfigTest.php" tests="6" assertions="12" errors="0" failures="0" skipped="0" time="0.004285">
      <testcase name="configureWillReturnConfiguration" file="/home/runner/work/dev-tools/dev-tools/tests/Config/ComposerDependencyAnalyserConfigTest.php" line="37" class="FastForward\DevTools\Tests\Config\ComposerDependencyAnalyserConfigTest" classname="FastForward.DevTools.Tests.Config.ComposerDependencyAnalyserConfigTest" assertions="1" time="0.002180"/>
      <testcase name="configureWillApplyRepositoryIgnoresAndInvokeCustomizationCallback" file="/home/runner/work/dev-tools/dev-tools/tests/Config/ComposerDependencyAnalyserConfigTest.php" line="48" class="FastForward\DevTools\Tests\Config\ComposerDependencyAnalyserConfigTest" classname="FastForward.DevTools.Tests.Config.ComposerDependencyAnalyserConfigTest" assertions="4" time="0.000758"/>
      <testcase name="itWillExposeReusablePackagedDependencyDefaults" file="/home/runner/work/dev-tools/dev-tools/tests/Config/ComposerDependencyAnalyserConfigTest.php" line="78" class="FastForward\DevTools\Tests\Config\ComposerDependencyAnalyserConfigTest" classname="FastForward.DevTools.Tests.Config.ComposerDependencyAnalyserConfigTest" assertions="2" time="0.000348"/>
      <testcase name="applyPackagedRepositoryIgnoresWillReturnTheSameConfigurationInstance" file="/home/runner/work/dev-tools/dev-tools/tests/Config/ComposerDependencyAnalyserConfigTest.php" line="94" class="FastForward\DevTools\Tests\Config\ComposerDependencyAnalyserConfigTest" classname="FastForward.DevTools.Tests.Config.ComposerDependencyAnalyserConfigTest" assertions="1" time="0.000360"/>
      <testcase name="isInstalledAsDependencyWillDetectVendorPackagePaths" file="/home/runner/work/dev-tools/dev-tools/tests/Config/ComposerDependencyAnalyserConfigTest.php" line="108" class="FastForward\DevTools\Tests\Config\ComposerDependencyAnalyserConfigTest" classname="FastForward.DevTools.Tests.Config.ComposerDependencyAnalyserConfigTest" assertions="2" time="0.000325"/>
      <testcase name="isDevToolsRepositoryWillDetectRepositoryPaths" file="/home/runner/work/dev-tools/dev-tools/tests/Config/ComposerDependencyAnalyserConfigTest.php" line="121" class="FastForward\DevTools\Tests\Config\ComposerDependencyAnalyserConfigTest" classname="FastForward.DevTools.Tests.Config.ComposerDependencyAnalyserConfigTest" assertions="2" time="0.000313"/>
    </testsuite>
    <testsuite name="FastForward\DevTools\Tests\Config\ECSConfigTest" file="/home/runner/work/dev-tools/dev-tools/tests/Config/ECSConfigTest.php" tests="3" assertions="3" errors="0" failures="0" skipped="0" time="0.022633">
      <testcase name="configureWillReturnECSConfigBuilder" file="/home/runner/work/dev-tools/dev-tools/tests/Config/ECSConfigTest.php" line="48" class="FastForward\DevTools\Tests\Config\ECSConfigTest" classname="FastForward.DevTools.Tests.Config.ECSConfigTest" assertions="1" time="0.021910"/>
      <testcase name="itWillExposeReusableDefaultSkippedRules" file="/home/runner/work/dev-tools/dev-tools/tests/Config/ECSConfigTest.php" line="59" class="FastForward\DevTools\Tests\Config\ECSConfigTest" classname="FastForward.DevTools.Tests.Config.ECSConfigTest" assertions="1" time="0.000346"/>
      <testcase name="applyDefaultPathsAndSkipsWillKeepWorkingWithABuilder" file="/home/runner/work/dev-tools/dev-tools/tests/Config/ECSConfigTest.php" line="75" class="FastForward\DevTools\Tests\Config\ECSConfigTest" classname="FastForward.DevTools.Tests.Config.ECSConfigTest" assertions="1" time="0.000377"/>
    </testsuite>
    <testsuite name="FastForward\DevTools\Tests\Config\RectorConfigTest" file="/home/runner/work/dev-tools/dev-tools/tests/Config/RectorConfigTest.php" tests="5" assertions="18" errors="0" failures="0" skipped="0" time="0.239399">
      <testcase name="configureWillReturnCallable" file="/home/runner/work/dev-tools/dev-tools/tests/Config/RectorConfigTest.php" line="67" class="FastForward\DevTools\Tests\Config\RectorConfigTest" classname="FastForward.DevTools.Tests.Config.RectorConfigTest" assertions="1" time="0.023408"/>
      <testcase name="configureWithCustomCallbackWillReturnCallable" file="/home/runner/work/dev-tools/dev-tools/tests/Config/RectorConfigTest.php" line="78" class="FastForward\DevTools\Tests\Config\RectorConfigTest" classname="FastForward.DevTools.Tests.Config.RectorConfigTest" assertions="1" time="0.000495"/>
      <testcase name="configureWillApplyTheDefaultRectorConfigurationAndCustomizationCallback" file="/home/runner/work/dev-tools/dev-tools/tests/Config/RectorConfigTest.php" line="93" class="FastForward\DevTools\Tests\Config\RectorConfigTest" classname="FastForward.DevTools.Tests.Config.RectorConfigTest" assertions="12" time="0.214598"/>
      <testcase name="itWillExposeReusableDefaultSetsAndRules" file="/home/runner/work/dev-tools/dev-tools/tests/Config/RectorConfigTest.php" line="136" class="FastForward\DevTools\Tests\Config\RectorConfigTest" classname="FastForward.DevTools.Tests.Config.RectorConfigTest" assertions="3" time="0.000432"/>
      <testcase name="applySafeMigrationSetWillBeCallableWithoutTheSafePackageInstalled" file="/home/runner/work/dev-tools/dev-tools/tests/Config/RectorConfigTest.php" line="168" class="FastForward\DevTools\Tests\Config\RectorConfigTest" classname="FastForward.DevTools.Tests.Config.RectorConfigTest" assertions="1" time="0.000465"/>
    </testsuite>
    <testsuite name="FastForward\DevTools\Tests\Console\Command\AgentsCommandTest" file="/home/runner/work/dev-tools/dev-tools/tests/Console/Command/AgentsCommandTest.php" tests="3" assertions="17" errors="0" failures="0" skipped="0" time="0.030065">
      <testcase name="executeWillFailWhenPackagedAgentsDirectoryDoesNotExist" file="/home/runner/work/dev-tools/dev-tools/tests/Console/Command/AgentsCommandTest.php" line="103" class="FastForward\DevTools\Tests\Console\Command\AgentsCommandTest" classname="FastForward.DevTools.Tests.Console.Command.AgentsCommandTest" assertions="5" time="0.026101"/>
      <testcase name="executeWillCreateAgentsDirectoryWhenItDoesNotExist" file="/home/runner/work/dev-tools/dev-tools/tests/Console/Command/AgentsCommandTest.php" line="132" class="FastForward\DevTools\Tests\Console\Command\AgentsCommandTest" classname="FastForward.DevTools.Tests.Console.Command.AgentsCommandTest" assertions="7" time="0.002625"/>
      <testcase name="executeWillReturnFailureWhenSynchronizerFails" file="/home/runner/work/dev-tools/dev-tools/tests/Console/Command/AgentsCommandTest.php" line="168" class="FastForward\DevTools\Tests\Console\Command\AgentsCommandTest" classname="FastForward.DevTools.Tests.Console.Command.AgentsCommandTest" assertions="5" time="0.001338"/>
    </testsuite>
    <testsuite name="FastForward\DevTools\Tests\Console\Command\ChangelogCheckCommandTest" file="/home/runner/work/dev-tools/dev-tools/tests/Console/Command/ChangelogCheckCommandTest.php" tests="3" assertions="6" errors="0" failures="0" skipped="0" time="0.004800">
      <testcase name="executeWillReturnSuccessWhenUnreleasedEntriesExist" file="/home/runner/work/dev-tools/dev-tools/tests/Console/Command/ChangelogCheckCommandTest.php" line="89" class="FastForward\DevTools\Tests\Console\Command\ChangelogCheckCommandTest" classname="FastForward.DevTools.Tests.Console.Command.ChangelogCheckCommandTest" assertions="2" time="0.002421"/>
      <testcase name="executeWillReturnFailureWhenUnreleasedEntriesAreMissing" file="/home/runner/work/dev-tools/dev-tools/tests/Console/Command/ChangelogCheckCommandTest.php" line="107" class="FastForward\DevTools\Tests\Console\Command\ChangelogCheckCommandTest" classname="FastForward.DevTools.Tests.Console.Command.ChangelogCheckCommandTest" assertions="2" time="0.001118"/>
      <testcase name="executeWillLogFailureContextWhenAgainstReferenceIsProvided" file="/home/runner/work/dev-tools/dev-tools/tests/Console/Command/ChangelogCheckCommandTest.php" line="124" class="FastForward\DevTools\Tests\Console\Command\ChangelogCheckCommandTest" classname="FastForward.DevTools.Tests.Console.Command.ChangelogCheckCommandTest" assertions="2" time="0.001262"/>
    </testsuite>
    <testsuite name="FastForward\DevTools\Tests\Console\Command\ChangelogEntryCommandTest" file="/home/runner/work/dev-tools/dev-tools/tests/Console/Command/ChangelogEntryCommandTest.php" tests="2" assertions="6" errors="0" failures="0" skipped="0" time="0.007213">
      <testcase name="executeWillAddAnUnreleasedEntry" file="/home/runner/work/dev-tools/dev-tools/tests/Console/Command/ChangelogEntryCommandTest.php" line="93" class="FastForward\DevTools\Tests\Console\Command\ChangelogEntryCommandTest" classname="FastForward.DevTools.Tests.Console.Command.ChangelogEntryCommandTest" assertions="3" time="0.003889"/>
      <testcase name="executeWillPassPublishedReleaseMetadata" file="/home/runner/work/dev-tools/dev-tools/tests/Console/Command/ChangelogEntryCommandTest.php" line="122" class="FastForward\DevTools\Tests\Console\Command\ChangelogEntryCommandTest" classname="FastForward.DevTools.Tests.Console.Command.ChangelogEntryCommandTest" assertions="3" time="0.003323"/>
    </testsuite>
    <testsuite name="FastForward\DevTools\Tests\Console\Command\ChangelogNextVersionCommandTest" file="/home/runner/work/dev-tools/dev-tools/tests/Console/Command/ChangelogNextVersionCommandTest.php" tests="4" assertions="10" errors="0" failures="0" skipped="0" time="0.009193">
      <testcase name="executeWillWriteTheInferredVersionToOutputInPlainTextMode" file="/home/runner/work/dev-tools/dev-tools/tests/Console/Command/ChangelogNextVersionCommandTest.php" line="99" class="FastForward\DevTools\Tests\Console\Command\ChangelogNextVersionCommandTest" classname="FastForward.DevTools.Tests.Console.Command.ChangelogNextVersionCommandTest" assertions="3" time="0.002886"/>
      <testcase name="executeWillLogTheInferredVersionWhenJsonOutputIsRequested" file="/home/runner/work/dev-tools/dev-tools/tests/Console/Command/ChangelogNextVersionCommandTest.php" line="115" class="FastForward\DevTools\Tests\Console\Command\ChangelogNextVersionCommandTest" classname="FastForward.DevTools.Tests.Console.Command.ChangelogNextVersionCommandTest" assertions="2" time="0.002330"/>
      <testcase name="executeWillPassTheExplicitCurrentVersionToInferenceInPlainTextMode" file="/home/runner/work/dev-tools/dev-tools/tests/Console/Command/ChangelogNextVersionCommandTest.php" line="138" class="FastForward\DevTools\Tests\Console\Command\ChangelogNextVersionCommandTest" classname="FastForward.DevTools.Tests.Console.Command.ChangelogNextVersionCommandTest" assertions="3" time="0.002113"/>
      <testcase name="executeWillReturnFailureWhenVersionInferenceFails" file="/home/runner/work/dev-tools/dev-tools/tests/Console/Command/ChangelogNextVersionCommandTest.php" line="156" class="FastForward\DevTools\Tests\Console\Command\ChangelogNextVersionCommandTest" classname="FastForward.DevTools.Tests.Console.Command.ChangelogNextVersionCommandTest" assertions="2" time="0.001864"/>
    </testsuite>
    <testsuite name="FastForward\DevTools\Tests\Console\Command\ChangelogPromoteCommandTest" file="/home/runner/work/dev-tools/dev-tools/tests/Console/Command/ChangelogPromoteCommandTest.php" tests="3" assertions="8" errors="0" failures="0" skipped="0" time="0.005423">
      <testcase name="executeWillUseTheCurrentDateByDefault" file="/home/runner/work/dev-tools/dev-tools/tests/Console/Command/ChangelogPromoteCommandTest.php" line="95" class="FastForward\DevTools\Tests\Console\Command\ChangelogPromoteCommandTest" classname="FastForward.DevTools.Tests.Console.Command.ChangelogPromoteCommandTest" assertions="3" time="0.002736"/>
      <testcase name="executeWillPreferTheExplicitDate" file="/home/runner/work/dev-tools/dev-tools/tests/Console/Command/ChangelogPromoteCommandTest.php" line="117" class="FastForward\DevTools\Tests\Console\Command\ChangelogPromoteCommandTest" classname="FastForward.DevTools.Tests.Console.Command.ChangelogPromoteCommandTest" assertions="3" time="0.001507"/>
      <testcase name="executeWillReturnFailureWhenPromotionFails" file="/home/runner/work/dev-tools/dev-tools/tests/Console/Command/ChangelogPromoteCommandTest.php" line="141" class="FastForward\DevTools\Tests\Console\Command\ChangelogPromoteCommandTest" classname="FastForward.DevTools.Tests.Console.Command.ChangelogPromoteCommandTest" assertions="2" time="0.001181"/>
    </testsuite>
    <testsuite name="FastForward\DevTools\Tests\Console\Command\ChangelogShowCommandTest" file="/home/runner/work/dev-tools/dev-tools/tests/Console/Command/ChangelogShowCommandTest.php" tests="3" assertions="9" errors="0" failures="0" skipped="0" time="0.005737">
      <testcase name="executeWillWriteReleaseNotesToOutputInPlainTextMode" file="/home/runner/work/dev-tools/dev-tools/tests/Console/Command/ChangelogShowCommandTest.php" line="90" class="FastForward\DevTools\Tests\Console\Command\ChangelogShowCommandTest" classname="FastForward.DevTools.Tests.Console.Command.ChangelogShowCommandTest" assertions="4" time="0.002540"/>
      <testcase name="executeWillLogReleaseNotesWhenJsonOutputIsRequested" file="/home/runner/work/dev-tools/dev-tools/tests/Console/Command/ChangelogShowCommandTest.php" line="109" class="FastForward\DevTools\Tests\Console\Command\ChangelogShowCommandTest" classname="FastForward.DevTools.Tests.Console.Command.ChangelogShowCommandTest" assertions="3" time="0.001785"/>
      <testcase name="executeWillReturnFailureWhenReleaseNotesCannotBeRendered" file="/home/runner/work/dev-tools/dev-tools/tests/Console/Command/ChangelogShowCommandTest.php" line="135" class="FastForward\DevTools\Tests\Console\Command\ChangelogShowCommandTest" classname="FastForward.DevTools.Tests.Console.Command.ChangelogShowCommandTest" assertions="2" time="0.001412"/>
    </testsuite>
    <testsuite name="FastForward\DevTools\Tests\Console\Command\CodeOwnersCommandTest" file="/home/runner/work/dev-tools/dev-tools/tests/Console/Command/CodeOwnersCommandTest.php" tests="7" assertions="36" errors="0" failures="0" skipped="0" time="0.036374">
      <testcase name="commandWillSetExpectedNameDescriptionAndHelp" file="/home/runner/work/dev-tools/dev-tools/tests/Console/Command/CodeOwnersCommandTest.php" line="145" class="FastForward\DevTools\Tests\Console\Command\CodeOwnersCommandTest" classname="FastForward.DevTools.Tests.Console.Command.CodeOwnersCommandTest" assertions="4" time="0.013366"/>
      <testcase name="executeWillWriteGeneratedCodeOwnersWhenFileIsMissing" file="/home/runner/work/dev-tools/dev-tools/tests/Console/Command/CodeOwnersCommandTest.php" line="162" class="FastForward\DevTools\Tests\Console\Command\CodeOwnersCommandTest" classname="FastForward.DevTools.Tests.Console.Command.CodeOwnersCommandTest" assertions="5" time="0.004066"/>
      <testcase name="executeWillSkipExistingCodeOwnersByDefault" file="/home/runner/work/dev-tools/dev-tools/tests/Console/Command/CodeOwnersCommandTest.php" line="202" class="FastForward\DevTools\Tests\Console\Command\CodeOwnersCommandTest" classname="FastForward.DevTools.Tests.Console.Command.CodeOwnersCommandTest" assertions="5" time="0.003348"/>
      <testcase name="executeWillFailCheckModeWhenDriftIsDetected" file="/home/runner/work/dev-tools/dev-tools/tests/Console/Command/CodeOwnersCommandTest.php" line="232" class="FastForward\DevTools\Tests\Console\Command\CodeOwnersCommandTest" classname="FastForward.DevTools.Tests.Console.Command.CodeOwnersCommandTest" assertions="4" time="0.003474"/>
      <testcase name="executeWillPromptForOwnersWhenInteractiveInferenceFails" file="/home/runner/work/dev-tools/dev-tools/tests/Console/Command/CodeOwnersCommandTest.php" line="272" class="FastForward\DevTools\Tests\Console\Command\CodeOwnersCommandTest" classname="FastForward.DevTools.Tests.Console.Command.CodeOwnersCommandTest" assertions="8" time="0.004294"/>
      <testcase name="executeWillReturnSuccessOnDryRunWhenDriftIsDetected" file="/home/runner/work/dev-tools/dev-tools/tests/Console/Command/CodeOwnersCommandTest.php" line="325" class="FastForward\DevTools\Tests\Console\Command\CodeOwnersCommandTest" classname="FastForward.DevTools.Tests.Console.Command.CodeOwnersCommandTest" assertions="4" time="0.003365"/>
      <testcase name="executeWillSkipReplacingExistingCodeOwnersWhenConfirmationIsDeclined" file="/home/runner/work/dev-tools/dev-tools/tests/Console/Command/CodeOwnersCommandTest.php" line="364" class="FastForward\DevTools\Tests\Console\Command\CodeOwnersCommandTest" classname="FastForward.DevTools.Tests.Console.Command.CodeOwnersCommandTest" assertions="6" time="0.004460"/>
    </testsuite>
    <testsuite name="FastForward\DevTools\Tests\Console\Command\CodeStyleCommandTest" file="/home/runner/work/dev-tools/dev-tools/tests/Console/Command/CodeStyleCommandTest.php" tests="4" assertions="20" errors="0" failures="0" skipped="0" time="0.033609">
      <testcase name="executeWillReturnSuccessWhenProcessQueueSucceeds" file="/home/runner/work/dev-tools/dev-tools/tests/Console/Command/CodeStyleCommandTest.php" line="112" class="FastForward\DevTools\Tests\Console\Command\CodeStyleCommandTest" classname="FastForward.DevTools.Tests.Console.Command.CodeStyleCommandTest" assertions="5" time="0.022591"/>
      <testcase name="executeWillReturnFailureWhenProcessQueueFails" file="/home/runner/work/dev-tools/dev-tools/tests/Console/Command/CodeStyleCommandTest.php" line="137" class="FastForward\DevTools\Tests\Console\Command\CodeStyleCommandTest" classname="FastForward.DevTools.Tests.Console.Command.CodeStyleCommandTest" assertions="5" time="0.002391"/>
      <testcase name="executeWillCaptureBufferedOutputWhenJsonIsRequested" file="/home/runner/work/dev-tools/dev-tools/tests/Console/Command/CodeStyleCommandTest.php" line="163" class="FastForward\DevTools\Tests\Console\Command\CodeStyleCommandTest" classname="FastForward.DevTools.Tests.Console.Command.CodeStyleCommandTest" assertions="6" time="0.005073"/>
      <testcase name="executeWillEnableProgressWhenRequested" file="/home/runner/work/dev-tools/dev-tools/tests/Console/Command/CodeStyleCommandTest.php" line="191" class="FastForward\DevTools\Tests\Console\Command\CodeStyleCommandTest" classname="FastForward.DevTools.Tests.Console.Command.CodeStyleCommandTest" assertions="4" time="0.003554"/>
    </testsuite>
    <testsuite name="FastForward\DevTools\Tests\Console\Command\CopyResourceCommandTest" file="/home/runner/work/dev-tools/dev-tools/tests/Console/Command/CopyResourceCommandTest.php" tests="10" assertions="53" errors="0" failures="0" skipped="0" time="0.047976">
      <testcase name="commandWillSetExpectedNameDescriptionAndHelp" file="/home/runner/work/dev-tools/dev-tools/tests/Console/Command/CopyResourceCommandTest.php" line="141" class="FastForward\DevTools\Tests\Console\Command\CopyResourceCommandTest" classname="FastForward.DevTools.Tests.Console.Command.CopyResourceCommandTest" assertions="4" time="0.004978"/>
      <testcase name="executeWillCopyDirectoryContentsIntoTarget" file="/home/runner/work/dev-tools/dev-tools/tests/Console/Command/CopyResourceCommandTest.php" line="158" class="FastForward\DevTools\Tests\Console\Command\CopyResourceCommandTest" classname="FastForward.DevTools.Tests.Console.Command.CopyResourceCommandTest" assertions="5" time="0.005947"/>
      <testcase name="executeWillFailWhenSourceOrTargetAreMissing" file="/home/runner/work/dev-tools/dev-tools/tests/Console/Command/CopyResourceCommandTest.php" line="191" class="FastForward\DevTools\Tests\Console\Command\CopyResourceCommandTest" classname="FastForward.DevTools.Tests.Console.Command.CopyResourceCommandTest" assertions="4" time="0.004473"/>
      <testcase name="executeWillSkipExistingTargetByDefault" file="/home/runner/work/dev-tools/dev-tools/tests/Console/Command/CopyResourceCommandTest.php" line="216" class="FastForward\DevTools\Tests\Console\Command\CopyResourceCommandTest" classname="FastForward.DevTools.Tests.Console.Command.CopyResourceCommandTest" assertions="5" time="0.003980"/>
      <testcase name="executeWillShowDiffBeforeOverwritingChangedFile" file="/home/runner/work/dev-tools/dev-tools/tests/Console/Command/CopyResourceCommandTest.php" line="243" class="FastForward\DevTools\Tests\Console\Command\CopyResourceCommandTest" classname="FastForward.DevTools.Tests.Console.Command.CopyResourceCommandTest" assertions="7" time="0.005264"/>
      <testcase name="executeWillReportUnchangedOverwriteAsNoOp" file="/home/runner/work/dev-tools/dev-tools/tests/Console/Command/CopyResourceCommandTest.php" line="287" class="FastForward\DevTools\Tests\Console\Command\CopyResourceCommandTest" classname="FastForward.DevTools.Tests.Console.Command.CopyResourceCommandTest" assertions="6" time="0.004509"/>
      <testcase name="executeWillHandleBinaryOverwriteGracefully" file="/home/runner/work/dev-tools/dev-tools/tests/Console/Command/CopyResourceCommandTest.php" line="326" class="FastForward\DevTools\Tests\Console\Command\CopyResourceCommandTest" classname="FastForward.DevTools.Tests.Console.Command.CopyResourceCommandTest" assertions="6" time="0.004542"/>
      <testcase name="executeWillReturnFailureInCheckModeWhenFileWouldChange" file="/home/runner/work/dev-tools/dev-tools/tests/Console/Command/CopyResourceCommandTest.php" line="365" class="FastForward\DevTools\Tests\Console\Command\CopyResourceCommandTest" classname="FastForward.DevTools.Tests.Console.Command.CopyResourceCommandTest" assertions="6" time="0.005487"/>
      <testcase name="executeWillReturnSuccessInDryRunModeWhenFileWouldChange" file="/home/runner/work/dev-tools/dev-tools/tests/Console/Command/CopyResourceCommandTest.php" line="398" class="FastForward\DevTools\Tests\Console\Command\CopyResourceCommandTest" classname="FastForward.DevTools.Tests.Console.Command.CopyResourceCommandTest" assertions="4" time="0.004139"/>
      <testcase name="executeWillSkipReplacingDriftedFileWhenInteractiveConfirmationIsDeclined" file="/home/runner/work/dev-tools/dev-tools/tests/Console/Command/CopyResourceCommandTest.php" line="427" class="FastForward\DevTools\Tests\Console\Command\CopyResourceCommandTest" classname="FastForward.DevTools.Tests.Console.Command.CopyResourceCommandTest" assertions="6" time="0.004656"/>
    </testsuite>
    <testsuite name="FastForward\DevTools\Tests\Console\Command\DependenciesCommandTest" file="/home/runner/work/dev-tools/dev-tools/tests/Console/Command/DependenciesCommandTest.php" tests="3" assertions="15" errors="0" failures="0" skipped="0" time="0.014725">
      <testcase name="executeWillReturnSuccessWhenPreviewAndAnalyzersSucceed" file="/home/runner/work/dev-tools/dev-tools/tests/Console/Command/DependenciesCommandTest.php" line="105" class="FastForward\DevTools\Tests\Console\Command\DependenciesCommandTest" classname="FastForward.DevTools.Tests.Console.Command.DependenciesCommandTest" assertions="6" time="0.007346"/>
      <testcase name="executeWillFailWhenMaxOutdatedIsNotNumeric" file="/home/runner/work/dev-tools/dev-tools/tests/Console/Command/DependenciesCommandTest.php" line="130" class="FastForward\DevTools\Tests\Console\Command\DependenciesCommandTest" classname="FastForward.DevTools.Tests.Console.Command.DependenciesCommandTest" assertions="3" time="0.003529"/>
      <testcase name="executeWillIgnoreJackFailuresWhenMaxOutdatedIsDisabled" file="/home/runner/work/dev-tools/dev-tools/tests/Console/Command/DependenciesCommandTest.php" line="147" class="FastForward\DevTools\Tests\Console\Command\DependenciesCommandTest" classname="FastForward.DevTools.Tests.Console.Command.DependenciesCommandTest" assertions="6" time="0.003850"/>
    </testsuite>
    <testsuite name="FastForward\DevTools\Tests\Console\Command\DocsCommandTest" file="/home/runner/work/dev-tools/dev-tools/tests/Console/Command/DocsCommandTest.php" tests="2" assertions="9" errors="0" failures="0" skipped="0" time="0.020737">
      <testcase name="executeWillFailWhenSourceDirectoryIsMissing" file="/home/runner/work/dev-tools/dev-tools/tests/Console/Command/DocsCommandTest.php" line="147" class="FastForward\DevTools\Tests\Console\Command\DocsCommandTest" classname="FastForward.DevTools.Tests.Console.Command.DocsCommandTest" assertions="3" time="0.014806"/>
      <testcase name="executeWillReturnSuccessWhenProcessQueueSucceeds" file="/home/runner/work/dev-tools/dev-tools/tests/Console/Command/DocsCommandTest.php" line="168" class="FastForward\DevTools\Tests\Console\Command\DocsCommandTest" classname="FastForward.DevTools.Tests.Console.Command.DocsCommandTest" assertions="6" time="0.005932"/>
    </testsuite>
    <testsuite name="FastForward\DevTools\Tests\Console\Command\FundingCommandTest" file="/home/runner/work/dev-tools/dev-tools/tests/Console/Command/FundingCommandTest.php" tests="13" assertions="93" errors="0" failures="0" skipped="0" time="0.083313">
      <testcase name="executeWillCreateComposerFundingFromFundingYaml" file="/home/runner/work/dev-tools/dev-tools/tests/Console/Command/FundingCommandTest.php" line="152" class="FastForward\DevTools\Tests\Console\Command\FundingCommandTest" classname="FastForward.DevTools.Tests.Console.Command.FundingCommandTest" assertions="7" time="0.019854"/>
      <testcase name="executeWillCreateFundingYamlFromComposerFunding" file="/home/runner/work/dev-tools/dev-tools/tests/Console/Command/FundingCommandTest.php" line="208" class="FastForward\DevTools\Tests\Console\Command\FundingCommandTest" classname="FastForward.DevTools.Tests.Console.Command.FundingCommandTest" assertions="6" time="0.005032"/>
      <testcase name="executeWillMergeBothSourcesWithoutDuplicatingEntries" file="/home/runner/work/dev-tools/dev-tools/tests/Console/Command/FundingCommandTest.php" line="250" class="FastForward\DevTools\Tests\Console\Command\FundingCommandTest" classname="FastForward.DevTools.Tests.Console.Command.FundingCommandTest" assertions="9" time="0.005107"/>
      <testcase name="executeWillBeIdempotentWhenFundingMetadataAlreadyMatches" file="/home/runner/work/dev-tools/dev-tools/tests/Console/Command/FundingCommandTest.php" line="313" class="FastForward\DevTools\Tests\Console\Command\FundingCommandTest" classname="FastForward.DevTools.Tests.Console.Command.FundingCommandTest" assertions="6" time="0.004540"/>
      <testcase name="executeWillReturnSuccessWhenComposerFileDoesNotExist" file="/home/runner/work/dev-tools/dev-tools/tests/Console/Command/FundingCommandTest.php" line="352" class="FastForward\DevTools\Tests\Console\Command\FundingCommandTest" classname="FastForward.DevTools.Tests.Console.Command.FundingCommandTest" assertions="7" time="0.004745"/>
      <testcase name="executeWillReturnFailureInCheckModeWhenComposerFileWouldChange" file="/home/runner/work/dev-tools/dev-tools/tests/Console/Command/FundingCommandTest.php" line="383" class="FastForward\DevTools\Tests\Console\Command\FundingCommandTest" classname="FastForward.DevTools.Tests.Console.Command.FundingCommandTest" assertions="7" time="0.005580"/>
      <testcase name="executeWillNotWriteManagedFilesDuringDryRun" file="/home/runner/work/dev-tools/dev-tools/tests/Console/Command/FundingCommandTest.php" line="424" class="FastForward\DevTools\Tests\Console\Command\FundingCommandTest" classname="FastForward.DevTools.Tests.Console.Command.FundingCommandTest" assertions="7" time="0.005464"/>
      <testcase name="executeWillSkipComposerWriteWhenInteractiveConfirmationIsDeclined" file="/home/runner/work/dev-tools/dev-tools/tests/Console/Command/FundingCommandTest.php" line="468" class="FastForward\DevTools\Tests\Console\Command\FundingCommandTest" classname="FastForward.DevTools.Tests.Console.Command.FundingCommandTest" assertions="9" time="0.006307"/>
      <testcase name="executeWillReturnFailureWhenComposerNormalizeFails" file="/home/runner/work/dev-tools/dev-tools/tests/Console/Command/FundingCommandTest.php" line="524" class="FastForward\DevTools\Tests\Console\Command\FundingCommandTest" classname="FastForward.DevTools.Tests.Console.Command.FundingCommandTest" assertions="9" time="0.005627"/>
      <testcase name="executeWillPassWorkingDirectoryAndAlternateManifestToComposerNormalize" file="/home/runner/work/dev-tools/dev-tools/tests/Console/Command/FundingCommandTest.php" line="571" class="FastForward\DevTools\Tests\Console\Command\FundingCommandTest" classname="FastForward.DevTools.Tests.Console.Command.FundingCommandTest" assertions="9" time="0.008336"/>
      <testcase name="commandWillSetExpectedNameDescriptionAndHelp" file="/home/runner/work/dev-tools/dev-tools/tests/Console/Command/FundingCommandTest.php" line="627" class="FastForward\DevTools\Tests\Console\Command\FundingCommandTest" classname="FastForward.DevTools.Tests.Console.Command.FundingCommandTest" assertions="4" time="0.002979"/>
      <testcase name="executeWillSkipFundingFileSynchronizationWhenNoSupportedFundingMetadataExists" file="/home/runner/work/dev-tools/dev-tools/tests/Console/Command/FundingCommandTest.php" line="644" class="FastForward\DevTools\Tests\Console\Command\FundingCommandTest" classname="FastForward.DevTools.Tests.Console.Command.FundingCommandTest" assertions="6" time="0.004652"/>
      <testcase name="privateHelpersWillPromptAndNormalizeComposerFileArguments" file="/home/runner/work/dev-tools/dev-tools/tests/Console/Command/FundingCommandTest.php" line="682" class="FastForward\DevTools\Tests\Console\Command\FundingCommandTest" classname="FastForward.DevTools.Tests.Console.Command.FundingCommandTest" assertions="7" time="0.005091"/>
    </testsuite>
    <testsuite name="FastForward\DevTools\Tests\Console\Command\GitAttributesCommandTest" file="/home/runner/work/dev-tools/dev-tools/tests/Console/Command/GitAttributesCommandTest.php" tests="8" assertions="44" errors="0" failures="0" skipped="0" time="0.032627">
      <testcase name="commandWillSetExpectedNameDescriptionAndHelp" file="/home/runner/work/dev-tools/dev-tools/tests/Console/Command/GitAttributesCommandTest.php" line="187" class="FastForward\DevTools\Tests\Console\Command\GitAttributesCommandTest" classname="FastForward.DevTools.Tests.Console.Command.GitAttributesCommandTest" assertions="4" time="0.008422"/>
      <testcase name="executeWillReturnSuccessAndWriteMergedGitattributes" file="/home/runner/work/dev-tools/dev-tools/tests/Console/Command/GitAttributesCommandTest.php" line="204" class="FastForward\DevTools\Tests\Console\Command\GitAttributesCommandTest" classname="FastForward.DevTools.Tests.Console.Command.GitAttributesCommandTest" assertions="7" time="0.004445"/>
      <testcase name="executeWillRespectKeepInExportComposerConfiguration" file="/home/runner/work/dev-tools/dev-tools/tests/Console/Command/GitAttributesCommandTest.php" line="268" class="FastForward\DevTools\Tests\Console\Command\GitAttributesCommandTest" classname="FastForward.DevTools.Tests.Console.Command.GitAttributesCommandTest" assertions="4" time="0.002852"/>
      <testcase name="executeWithNoCandidatesWillSkipSynchronization" file="/home/runner/work/dev-tools/dev-tools/tests/Console/Command/GitAttributesCommandTest.php" line="322" class="FastForward\DevTools\Tests\Console\Command\GitAttributesCommandTest" classname="FastForward.DevTools.Tests.Console.Command.GitAttributesCommandTest" assertions="8" time="0.003610"/>
      <testcase name="executeWillReturnFailureInCheckModeWhenGitattributesWouldChange" file="/home/runner/work/dev-tools/dev-tools/tests/Console/Command/GitAttributesCommandTest.php" line="369" class="FastForward\DevTools\Tests\Console\Command\GitAttributesCommandTest" classname="FastForward.DevTools.Tests.Console.Command.GitAttributesCommandTest" assertions="7" time="0.004298"/>
      <testcase name="executeWillReturnSuccessInDryRunModeWhenGitattributesWouldChange" file="/home/runner/work/dev-tools/dev-tools/tests/Console/Command/GitAttributesCommandTest.php" line="418" class="FastForward\DevTools\Tests\Console\Command\GitAttributesCommandTest" classname="FastForward.DevTools.Tests.Console.Command.GitAttributesCommandTest" assertions="5" time="0.003201"/>
      <testcase name="executeWillSkipWritingWhenInteractiveConfirmationIsDeclined" file="/home/runner/work/dev-tools/dev-tools/tests/Console/Command/GitAttributesCommandTest.php" line="461" class="FastForward\DevTools\Tests\Console\Command\GitAttributesCommandTest" classname="FastForward.DevTools.Tests.Console.Command.GitAttributesCommandTest" assertions="7" time="0.004098"/>
      <testcase name="configuredKeepInExportPathsWillMergePrimaryAndCompatibilityKeys" file="/home/runner/work/dev-tools/dev-tools/tests/Console/Command/GitAttributesCommandTest.php" line="514" class="FastForward\DevTools\Tests\Console\Command\GitAttributesCommandTest" classname="FastForward.DevTools.Tests.Console.Command.GitAttributesCommandTest" assertions="2" time="0.001701"/>
    </testsuite>
    <testsuite name="FastForward\DevTools\Tests\Console\Command\GitHooksCommandTest" file="/home/runner/work/dev-tools/dev-tools/tests/Console/Command/GitHooksCommandTest.php" tests="5" assertions="35" errors="0" failures="0" skipped="0" time="0.034709">
      <testcase name="commandWillSetExpectedNameDescriptionAndHelp" file="/home/runner/work/dev-tools/dev-tools/tests/Console/Command/GitHooksCommandTest.php" line="143" class="FastForward\DevTools\Tests\Console\Command\GitHooksCommandTest" classname="FastForward.DevTools.Tests.Console.Command.GitHooksCommandTest" assertions="4" time="0.004010"/>
      <testcase name="executeWillCopyPackagedHooks" file="/home/runner/work/dev-tools/dev-tools/tests/Console/Command/GitHooksCommandTest.php" line="157" class="FastForward\DevTools\Tests\Console\Command\GitHooksCommandTest" classname="FastForward.DevTools.Tests.Console.Command.GitHooksCommandTest" assertions="7" time="0.005395"/>
      <testcase name="executeWillSkipExistingHooksWhenNoOverwriteIsRequested" file="/home/runner/work/dev-tools/dev-tools/tests/Console/Command/GitHooksCommandTest.php" line="191" class="FastForward\DevTools\Tests\Console\Command\GitHooksCommandTest" classname="FastForward.DevTools.Tests.Console.Command.GitHooksCommandTest" assertions="6" time="0.012457"/>
      <testcase name="executeWillReturnFailureInCheckModeWhenHookWouldChange" file="/home/runner/work/dev-tools/dev-tools/tests/Console/Command/GitHooksCommandTest.php" line="229" class="FastForward\DevTools\Tests\Console\Command\GitHooksCommandTest" classname="FastForward.DevTools.Tests.Console.Command.GitHooksCommandTest" assertions="9" time="0.006745"/>
      <testcase name="executeWillSkipReplacingHookWhenInteractiveConfirmationIsDeclined" file="/home/runner/work/dev-tools/dev-tools/tests/Console/Command/GitHooksCommandTest.php" line="288" class="FastForward\DevTools\Tests\Console\Command\GitHooksCommandTest" classname="FastForward.DevTools.Tests.Console.Command.GitHooksCommandTest" assertions="9" time="0.006102"/>
    </testsuite>
    <testsuite name="FastForward\DevTools\Tests\Console\Command\GitIgnoreCommandTest" file="/home/runner/work/dev-tools/dev-tools/tests/Console/Command/GitIgnoreCommandTest.php" tests="7" assertions="26" errors="0" failures="0" skipped="0" time="0.033487">
      <testcase name="commandWillSetExpectedNameDescriptionAndHelp" file="/home/runner/work/dev-tools/dev-tools/tests/Console/Command/GitIgnoreCommandTest.php" line="202" class="FastForward\DevTools\Tests\Console\Command\GitIgnoreCommandTest" classname="FastForward.DevTools.Tests.Console.Command.GitIgnoreCommandTest" assertions="4" time="0.009333"/>
      <testcase name="commandWillHaveExpectedOptions" file="/home/runner/work/dev-tools/dev-tools/tests/Console/Command/GitIgnoreCommandTest.php" line="216" class="FastForward\DevTools\Tests\Console\Command\GitIgnoreCommandTest" classname="FastForward.DevTools.Tests.Console.Command.GitIgnoreCommandTest" assertions="3" time="0.003114"/>
      <testcase name="executeWillReturnSuccessWhenMergeSucceeds" file="/home/runner/work/dev-tools/dev-tools/tests/Console/Command/GitIgnoreCommandTest.php" line="228" class="FastForward\DevTools\Tests\Console\Command\GitIgnoreCommandTest" classname="FastForward.DevTools.Tests.Console.Command.GitIgnoreCommandTest" assertions="5" time="0.004584"/>
      <testcase name="executeWillReturnSuccessWhenGitIgnoreIsAlreadySynchronized" file="/home/runner/work/dev-tools/dev-tools/tests/Console/Command/GitIgnoreCommandTest.php" line="256" class="FastForward\DevTools\Tests\Console\Command\GitIgnoreCommandTest" classname="FastForward.DevTools.Tests.Console.Command.GitIgnoreCommandTest" assertions="3" time="0.003995"/>
      <testcase name="executeWillReturnFailureInCheckModeWhenDriftIsDetected" file="/home/runner/work/dev-tools/dev-tools/tests/Console/Command/GitIgnoreCommandTest.php" line="278" class="FastForward\DevTools\Tests\Console\Command\GitIgnoreCommandTest" classname="FastForward.DevTools.Tests.Console.Command.GitIgnoreCommandTest" assertions="3" time="0.004112"/>
      <testcase name="executeWillReturnSuccessInDryRunModeWhenDriftIsDetected" file="/home/runner/work/dev-tools/dev-tools/tests/Console/Command/GitIgnoreCommandTest.php" line="292" class="FastForward\DevTools\Tests\Console\Command\GitIgnoreCommandTest" classname="FastForward.DevTools.Tests.Console.Command.GitIgnoreCommandTest" assertions="3" time="0.003977"/>
      <testcase name="executeWillSkipWritingWhenInteractiveConfirmationIsDeclined" file="/home/runner/work/dev-tools/dev-tools/tests/Console/Command/GitIgnoreCommandTest.php" line="306" class="FastForward\DevTools\Tests\Console\Command\GitIgnoreCommandTest" classname="FastForward.DevTools.Tests.Console.Command.GitIgnoreCommandTest" assertions="5" time="0.004372"/>
    </testsuite>
    <testsuite name="FastForward\DevTools\Tests\Console\Command\LicenseCommandTest" file="/home/runner/work/dev-tools/dev-tools/tests/Console/Command/LicenseCommandTest.php" tests="7" assertions="35" errors="0" failures="0" skipped="0" time="0.023513">
      <testcase name="commandWillSetExpectedNameDescriptionAndHelp" file="/home/runner/work/dev-tools/dev-tools/tests/Console/Command/LicenseCommandTest.php" line="143" class="FastForward\DevTools\Tests\Console\Command\LicenseCommandTest" classname="FastForward.DevTools.Tests.Console.Command.LicenseCommandTest" assertions="4" time="0.004373"/>
      <testcase name="executeWillReturnSuccessAndWriteInfo" file="/home/runner/work/dev-tools/dev-tools/tests/Console/Command/LicenseCommandTest.php" line="160" class="FastForward\DevTools\Tests\Console\Command\LicenseCommandTest" classname="FastForward.DevTools.Tests.Console.Command.LicenseCommandTest" assertions="6" time="0.003375"/>
      <testcase name="executeWillSkipWhenLicenseFileExists" file="/home/runner/work/dev-tools/dev-tools/tests/Console/Command/LicenseCommandTest.php" line="209" class="FastForward\DevTools\Tests\Console\Command\LicenseCommandTest" classname="FastForward.DevTools.Tests.Console.Command.LicenseCommandTest" assertions="4" time="0.002755"/>
      <testcase name="executeWillHandleUnsupportedLicense" file="/home/runner/work/dev-tools/dev-tools/tests/Console/Command/LicenseCommandTest.php" line="249" class="FastForward\DevTools\Tests\Console\Command\LicenseCommandTest" classname="FastForward.DevTools.Tests.Console.Command.LicenseCommandTest" assertions="4" time="0.003195"/>
      <testcase name="executeWillReturnFailureInCheckModeWhenLicenseWouldChange" file="/home/runner/work/dev-tools/dev-tools/tests/Console/Command/LicenseCommandTest.php" line="282" class="FastForward\DevTools\Tests\Console\Command\LicenseCommandTest" classname="FastForward.DevTools.Tests.Console.Command.LicenseCommandTest" assertions="5" time="0.003064"/>
      <testcase name="executeWillReturnSuccessInDryRunModeWhenLicenseWouldChange" file="/home/runner/work/dev-tools/dev-tools/tests/Console/Command/LicenseCommandTest.php" line="319" class="FastForward\DevTools\Tests\Console\Command\LicenseCommandTest" classname="FastForward.DevTools.Tests.Console.Command.LicenseCommandTest" assertions="5" time="0.002934"/>
      <testcase name="executeWillSkipWritingWhenInteractiveConfirmationIsDeclined" file="/home/runner/work/dev-tools/dev-tools/tests/Console/Command/LicenseCommandTest.php" line="356" class="FastForward\DevTools\Tests\Console\Command\LicenseCommandTest" classname="FastForward.DevTools.Tests.Console.Command.LicenseCommandTest" assertions="7" time="0.003818"/>
    </testsuite>
    <testsuite name="FastForward\DevTools\Tests\Console\Command\MetricsCommandTest" file="/home/runner/work/dev-tools/dev-tools/tests/Console/Command/MetricsCommandTest.php" tests="4" assertions="18" errors="0" failures="0" skipped="0" time="0.019918">
      <testcase name="executeWillReturnSuccessWhenProcessQueueSucceeds" file="/home/runner/work/dev-tools/dev-tools/tests/Console/Command/MetricsCommandTest.php" line="112" class="FastForward\DevTools\Tests\Console\Command\MetricsCommandTest" classname="FastForward.DevTools.Tests.Console.Command.MetricsCommandTest" assertions="5" time="0.005254"/>
      <testcase name="executeWillReturnFailureWhenProcessQueueFails" file="/home/runner/work/dev-tools/dev-tools/tests/Console/Command/MetricsCommandTest.php" line="135" class="FastForward\DevTools\Tests\Console\Command\MetricsCommandTest" classname="FastForward.DevTools.Tests.Console.Command.MetricsCommandTest" assertions="5" time="0.003606"/>
[...]
      <testcase name="getNodeTypesWillReturnClassNode" file="/home/runner/work/dev-tools/dev-tools/tests/Rector/AddMissingClassPhpDocRectorTest.php" line="90" class="FastForward\DevTools\Tests\Rector\AddMissingClassPhpDocRectorTest" classname="FastForward.DevTools.Tests.Rector.AddMissingClassPhpDocRectorTest" assertions="1" time="0.000383"/>
      <testcase name="refactorWillReturnNullIfNotClassNode" file="/home/runner/work/dev-tools/dev-tools/tests/Rector/AddMissingClassPhpDocRectorTest.php" line="99" class="FastForward\DevTools\Tests\Rector\AddMissingClassPhpDocRectorTest" classname="FastForward.DevTools.Tests.Rector.AddMissingClassPhpDocRectorTest" assertions="1" time="0.000371"/>
      <testcase name="refactorWillReturnNullIfNodeHasDocComment" file="/home/runner/work/dev-tools/dev-tools/tests/Rector/AddMissingClassPhpDocRectorTest.php" line="110" class="FastForward\DevTools\Tests\Rector\AddMissingClassPhpDocRectorTest" classname="FastForward.DevTools.Tests.Rector.AddMissingClassPhpDocRectorTest" assertions="1" time="0.000401"/>
      <testcase name="refactorWillAddDocCommentToClassWithoutNamespace" file="/home/runner/work/dev-tools/dev-tools/tests/Rector/AddMissingClassPhpDocRectorTest.php" line="122" class="FastForward\DevTools\Tests\Rector\AddMissingClassPhpDocRectorTest" classname="FastForward.DevTools.Tests.Rector.AddMissingClassPhpDocRectorTest" assertions="4" time="0.000946"/>
      <testcase name="refactorWillAddDocCommentToClassWithNamespace" file="/home/runner/work/dev-tools/dev-tools/tests/Rector/AddMissingClassPhpDocRectorTest.php" line="140" class="FastForward\DevTools\Tests\Rector\AddMissingClassPhpDocRectorTest" classname="FastForward.DevTools.Tests.Rector.AddMissingClassPhpDocRectorTest" assertions="4" time="0.000411"/>
    </testsuite>
    <testsuite name="FastForward\DevTools\Tests\Rector\AddMissingMethodPhpDocRectorTest" file="/home/runner/work/dev-tools/dev-tools/tests/Rector/AddMissingMethodPhpDocRectorTest.php" tests="12" assertions="28" errors="0" failures="0" skipped="0" time="0.006317">
      <testcase name="getRuleDefinitionWillReturnConfiguredDefinition" file="/home/runner/work/dev-tools/dev-tools/tests/Rector/AddMissingMethodPhpDocRectorTest.php" line="95" class="FastForward\DevTools\Tests\Rector\AddMissingMethodPhpDocRectorTest" classname="FastForward.DevTools.Tests.Rector.AddMissingMethodPhpDocRectorTest" assertions="1" time="0.000495"/>
      <testcase name="getNodeTypesWillReturnClassMethodNode" file="/home/runner/work/dev-tools/dev-tools/tests/Rector/AddMissingMethodPhpDocRectorTest.php" line="108" class="FastForward\DevTools\Tests\Rector\AddMissingMethodPhpDocRectorTest" classname="FastForward.DevTools.Tests.Rector.AddMissingMethodPhpDocRectorTest" assertions="1" time="0.000487"/>
      <testcase name="refactorWillReturnNodeIfNotClassMethod" file="/home/runner/work/dev-tools/dev-tools/tests/Rector/AddMissingMethodPhpDocRectorTest.php" line="117" class="FastForward\DevTools\Tests\Rector\AddMissingMethodPhpDocRectorTest" classname="FastForward.DevTools.Tests.Rector.AddMissingMethodPhpDocRectorTest" assertions="1" time="0.000461"/>
      <testcase name="refactorWillAddDocblockIfMissing" file="/home/runner/work/dev-tools/dev-tools/tests/Rector/AddMissingMethodPhpDocRectorTest.php" line="128" class="FastForward\DevTools\Tests\Rector\AddMissingMethodPhpDocRectorTest" classname="FastForward.DevTools.Tests.Rector.AddMissingMethodPhpDocRectorTest" assertions="5" time="0.000599"/>
      <testcase name="refactorWillNotChangeIfDocblockExists" file="/home/runner/work/dev-tools/dev-tools/tests/Rector/AddMissingMethodPhpDocRectorTest.php" line="154" class="FastForward\DevTools\Tests\Rector\AddMissingMethodPhpDocRectorTest" classname="FastForward.DevTools.Tests.Rector.AddMissingMethodPhpDocRectorTest" assertions="3" time="0.000501"/>
      <testcase name="refactorWillAddDocblockWithComplexTypes" file="/home/runner/work/dev-tools/dev-tools/tests/Rector/AddMissingMethodPhpDocRectorTest.php" line="171" class="FastForward\DevTools\Tests\Rector\AddMissingMethodPhpDocRectorTest" classname="FastForward.DevTools.Tests.Rector.AddMissingMethodPhpDocRectorTest" assertions="4" time="0.000531"/>
      <testcase name="resolveThrowsWillSkipNonNewOrNonNameExpressions" file="/home/runner/work/dev-tools/dev-tools/tests/Rector/AddMissingMethodPhpDocRectorTest.php" line="199" class="FastForward\DevTools\Tests\Rector\AddMissingMethodPhpDocRectorTest" classname="FastForward.DevTools.Tests.Rector.AddMissingMethodPhpDocRectorTest" assertions="2" time="0.000567"/>
      <testcase name="resolveThrowsWillHandleMultipleAndDuplicates" file="/home/runner/work/dev-tools/dev-tools/tests/Rector/AddMissingMethodPhpDocRectorTest.php" line="219" class="FastForward\DevTools\Tests\Rector\AddMissingMethodPhpDocRectorTest" classname="FastForward.DevTools.Tests.Rector.AddMissingMethodPhpDocRectorTest" assertions="2" time="0.000589"/>
      <testcase name="refactorWillAddDocblockWithIntersectionsAndUnions" file="/home/runner/work/dev-tools/dev-tools/tests/Rector/AddMissingMethodPhpDocRectorTest.php" line="238" class="FastForward\DevTools\Tests\Rector\AddMissingMethodPhpDocRectorTest" classname="FastForward.DevTools.Tests.Rector.AddMissingMethodPhpDocRectorTest" assertions="2" time="0.000518"/>
      <testcase name="refactorWillAddDocblockWithFullyQualifiedIntersections" file="/home/runner/work/dev-tools/dev-tools/tests/Rector/AddMissingMethodPhpDocRectorTest.php" line="263" class="FastForward\DevTools\Tests\Rector\AddMissingMethodPhpDocRectorTest" classname="FastForward.DevTools.Tests.Rector.AddMissingMethodPhpDocRectorTest" assertions="1" time="0.000533"/>
      <testcase name="refactorWillSkipReturnTagForConstructorsAndRespectOriginalTypeNames" file="/home/runner/work/dev-tools/dev-tools/tests/Rector/AddMissingMethodPhpDocRectorTest.php" line="281" class="FastForward\DevTools\Tests\Rector\AddMissingMethodPhpDocRectorTest" classname="FastForward.DevTools.Tests.Rector.AddMissingMethodPhpDocRectorTest" assertions="4" time="0.000534"/>
      <testcase name="refactorWillReturnOriginalNodeWhenNoTagsCanBeGenerated" file="/home/runner/work/dev-tools/dev-tools/tests/Rector/AddMissingMethodPhpDocRectorTest.php" line="304" class="FastForward\DevTools\Tests\Rector\AddMissingMethodPhpDocRectorTest" classname="FastForward.DevTools.Tests.Rector.AddMissingMethodPhpDocRectorTest" assertions="2" time="0.000503"/>
    </testsuite>
    <testsuite name="FastForward\DevTools\Tests\Rector\RemoveEmptyDocBlockRectorTest" file="/home/runner/work/dev-tools/dev-tools/tests/Rector/RemoveEmptyDocBlockRectorTest.php" tests="10" assertions="15" errors="0" failures="0" skipped="0" time="0.003921">
      <testcase name="getRuleDefinitionWillReturnConfiguredDefinition" file="/home/runner/work/dev-tools/dev-tools/tests/Rector/RemoveEmptyDocBlockRectorTest.php" line="81" class="FastForward\DevTools\Tests\Rector\RemoveEmptyDocBlockRectorTest" classname="FastForward.DevTools.Tests.Rector.RemoveEmptyDocBlockRectorTest" assertions="1" time="0.000409"/>
      <testcase name="getNodeTypesWillReturnClassAndClassMethodNode" file="/home/runner/work/dev-tools/dev-tools/tests/Rector/RemoveEmptyDocBlockRectorTest.php" line="94" class="FastForward\DevTools\Tests\Rector\RemoveEmptyDocBlockRectorTest" classname="FastForward.DevTools.Tests.Rector.RemoveEmptyDocBlockRectorTest" assertions="1" time="0.000359"/>
      <testcase name="refactorWillReturnNullIfNotClassOrClassMethodNode" file="/home/runner/work/dev-tools/dev-tools/tests/Rector/RemoveEmptyDocBlockRectorTest.php" line="103" class="FastForward\DevTools\Tests\Rector\RemoveEmptyDocBlockRectorTest" classname="FastForward.DevTools.Tests.Rector.RemoveEmptyDocBlockRectorTest" assertions="1" time="0.000400"/>
      <testcase name="refactorWillReturnNullIfNodeHasNoDocComment" file="/home/runner/work/dev-tools/dev-tools/tests/Rector/RemoveEmptyDocBlockRectorTest.php" line="114" class="FastForward\DevTools\Tests\Rector\RemoveEmptyDocBlockRectorTest" classname="FastForward.DevTools.Tests.Rector.RemoveEmptyDocBlockRectorTest" assertions="1" time="0.000371"/>
      <testcase name="refactorWillReturnNullIfDocCommentIsNotEmpty" file="/home/runner/work/dev-tools/dev-tools/tests/Rector/RemoveEmptyDocBlockRectorTest.php" line="125" class="FastForward\DevTools\Tests\Rector\RemoveEmptyDocBlockRectorTest" classname="FastForward.DevTools.Tests.Rector.RemoveEmptyDocBlockRectorTest" assertions="1" time="0.000470"/>
      <testcase name="refactorWillRemoveEmptyDocComment" file="/home/runner/work/dev-tools/dev-tools/tests/Rector/RemoveEmptyDocBlockRectorTest.php" line="137" class="FastForward\DevTools\Tests\Rector\RemoveEmptyDocBlockRectorTest" classname="FastForward.DevTools.Tests.Rector.RemoveEmptyDocBlockRectorTest" assertions="3" time="0.000399"/>
      <testcase name="refactorWillRemoveSingleLineEmptyDocComment" file="/home/runner/work/dev-tools/dev-tools/tests/Rector/RemoveEmptyDocBlockRectorTest.php" line="157" class="FastForward\DevTools\Tests\Rector\RemoveEmptyDocBlockRectorTest" classname="FastForward.DevTools.Tests.Rector.RemoveEmptyDocBlockRectorTest" assertions="2" time="0.000386"/>
      <testcase name="refactorWillRemoveEmptyDocCommentWithSpaces" file="/home/runner/work/dev-tools/dev-tools/tests/Rector/RemoveEmptyDocBlockRectorTest.php" line="172" class="FastForward\DevTools\Tests\Rector\RemoveEmptyDocBlockRectorTest" classname="FastForward.DevTools.Tests.Rector.RemoveEmptyDocBlockRectorTest" assertions="2" time="0.000377"/>
      <testcase name="refactorWillReturnNullForNonSupportedNodes" file="/home/runner/work/dev-tools/dev-tools/tests/Rector/RemoveEmptyDocBlockRectorTest.php" line="187" class="FastForward\DevTools\Tests\Rector\RemoveEmptyDocBlockRectorTest" classname="FastForward.DevTools.Tests.Rector.RemoveEmptyDocBlockRectorTest" assertions="1" time="0.000354"/>
      <testcase name="isEmptyDocBlockWillDetectContentAfterNormalization" file="/home/runner/work/dev-tools/dev-tools/tests/Rector/RemoveEmptyDocBlockRectorTest.php" line="197" class="FastForward\DevTools\Tests\Rector\RemoveEmptyDocBlockRectorTest" classname="FastForward.DevTools.Tests.Rector.RemoveEmptyDocBlockRectorTest" assertions="2" time="0.000396"/>
    </testsuite>
    <testsuite name="FastForward\DevTools\Tests\Resource\FileDiffTest" file="/home/runner/work/dev-tools/dev-tools/tests/Resource/FileDiffTest.php" tests="1" assertions="10" errors="0" failures="0" skipped="0" time="0.000336">
      <testcase name="accessorsAndStatusHelpersWillReflectTheDiffState" file="/home/runner/work/dev-tools/dev-tools/tests/Resource/FileDiffTest.php" line="34" class="FastForward\DevTools\Tests\Resource\FileDiffTest" classname="FastForward.DevTools.Tests.Resource.FileDiffTest" assertions="10" time="0.000336"/>
    </testsuite>
    <testsuite name="FastForward\DevTools\Tests\Resource\FileDifferTest" file="/home/runner/work/dev-tools/dev-tools/tests/Resource/FileDifferTest.php" tests="9" assertions="37" errors="0" failures="0" skipped="0" time="0.007601">
      <testcase name="renderWillReturnChangedResultWithUnifiedDiff" file="/home/runner/work/dev-tools/dev-tools/tests/Resource/FileDifferTest.php" line="66" class="FastForward\DevTools\Tests\Resource\FileDifferTest" classname="FastForward.DevTools.Tests.Resource.FileDifferTest" assertions="6" time="0.001761"/>
      <testcase name="renderWillReturnUnchangedResultWhenContentsMatch" file="/home/runner/work/dev-tools/dev-tools/tests/Resource/FileDifferTest.php" line="92" class="FastForward\DevTools\Tests\Resource\FileDifferTest" classname="FastForward.DevTools.Tests.Resource.FileDifferTest" assertions="6" time="0.000932"/>
      <testcase name="renderWillReturnBinaryResultWhenNullBytesAreDetected" file="/home/runner/work/dev-tools/dev-tools/tests/Resource/FileDifferTest.php" line="120" class="FastForward\DevTools\Tests\Resource\FileDifferTest" classname="FastForward.DevTools.Tests.Resource.FileDifferTest" assertions="6" time="0.000903"/>
      <testcase name="renderWillReturnUnreadableResultWhenContentsCannotBeRead" file="/home/runner/work/dev-tools/dev-tools/tests/Resource/FileDifferTest.php" line="152" class="FastForward\DevTools\Tests\Resource\FileDifferTest" classname="FastForward.DevTools.Tests.Resource.FileDifferTest" assertions="6" time="0.000899"/>
      <testcase name="renderContentsWillUseTheInjectedDifferWithoutCustomHeaders" file="/home/runner/work/dev-tools/dev-tools/tests/Resource/FileDifferTest.php" line="183" class="FastForward\DevTools\Tests\Resource\FileDifferTest" classname="FastForward.DevTools.Tests.Resource.FileDifferTest" assertions="4" time="0.000649"/>
      <testcase name="colorizeWillWrapUnifiedDiffLinesWithConsoleColors" file="/home/runner/work/dev-tools/dev-tools/tests/Resource/FileDifferTest.php" line="206" class="FastForward\DevTools\Tests\Resource\FileDifferTest" classname="FastForward.DevTools.Tests.Resource.FileDifferTest" assertions="6" time="0.000627"/>
      <testcase name="formatForConsoleWillReturnNullWhenDiffIsMissing" file="/home/runner/work/dev-tools/dev-tools/tests/Resource/FileDifferTest.php" line="229" class="FastForward\DevTools\Tests\Resource\FileDifferTest" classname="FastForward.DevTools.Tests.Resource.FileDifferTest" assertions="1" time="0.000587"/>
      <testcase name="formatForConsoleWillReturnPlainDiffWhenOutputIsNotDecorated" file="/home/runner/work/dev-tools/dev-tools/tests/Resource/FileDifferTest.php" line="238" class="FastForward\DevTools\Tests\Resource\FileDifferTest" classname="FastForward.DevTools.Tests.Resource.FileDifferTest" assertions="1" time="0.000642"/>
      <testcase name="formatForConsoleWillReturnColorizedDiffWhenOutputIsDecorated" file="/home/runner/work/dev-tools/dev-tools/tests/Resource/FileDifferTest.php" line="249" class="FastForward\DevTools\Tests\Resource\FileDifferTest" classname="FastForward.DevTools.Tests.Resource.FileDifferTest" assertions="1" time="0.000600"/>
    </testsuite>
    <testsuite name="FastForward\DevTools\Tests\Resource\UnifiedDifferTest" file="/home/runner/work/dev-tools/dev-tools/tests/Resource/UnifiedDifferTest.php" tests="1" assertions="5" errors="0" failures="0" skipped="0" time="0.001176">
      <testcase name="diffWillReturnTrimmedUnifiedDiffOutput" file="/home/runner/work/dev-tools/dev-tools/tests/Resource/UnifiedDifferTest.php" line="36" class="FastForward\DevTools\Tests\Resource\UnifiedDifferTest" classname="FastForward.DevTools.Tests.Resource.UnifiedDifferTest" assertions="5" time="0.001176"/>
    </testsuite>
    <testsuite name="FastForward\DevTools\Tests\ServiceProvider\DevToolsServiceProviderTest" file="/home/runner/work/dev-tools/dev-tools/tests/ServiceProvider/DevToolsServiceProviderTest.php" tests="3" assertions="4" errors="0" failures="0" skipped="0" time="0.001227">
      <testcase name="implementsServiceProviderInterface" file="/home/runner/work/dev-tools/dev-tools/tests/ServiceProvider/DevToolsServiceProviderTest.php" line="45" class="FastForward\DevTools\Tests\ServiceProvider\DevToolsServiceProviderTest" classname="FastForward.DevTools.Tests.ServiceProvider.DevToolsServiceProviderTest" assertions="1" time="0.000351"/>
      <testcase name="getExtensionsReturnEmptyArray" file="/home/runner/work/dev-tools/dev-tools/tests/ServiceProvider/DevToolsServiceProviderTest.php" line="54" class="FastForward\DevTools\Tests\ServiceProvider\DevToolsServiceProviderTest" classname="FastForward.DevTools.Tests.ServiceProvider.DevToolsServiceProviderTest" assertions="1" time="0.000475"/>
      <testcase name="getFactoriesReturnFactories" file="/home/runner/work/dev-tools/dev-tools/tests/ServiceProvider/DevToolsServiceProviderTest.php" line="63" class="FastForward\DevTools\Tests\ServiceProvider\DevToolsServiceProviderTest" classname="FastForward.DevTools.Tests.ServiceProvider.DevToolsServiceProviderTest" assertions="2" time="0.000401"/>
    </testsuite>
    <testsuite name="FastForward\DevTools\Tests\Sync\PackagedDirectorySynchronizerTest" file="/home/runner/work/dev-tools/dev-tools/tests/Sync/PackagedDirectorySynchronizerTest.php" tests="6" assertions="42" errors="0" failures="0" skipped="0" time="0.015539">
      <testcase name="setLoggerWillReplaceTheActiveLogger" file="/home/runner/work/dev-tools/dev-tools/tests/Sync/PackagedDirectorySynchronizerTest.php" line="80" class="FastForward\DevTools\Tests\Sync\PackagedDirectorySynchronizerTest" classname="FastForward.DevTools.Tests.Sync.PackagedDirectorySynchronizerTest" assertions="2" time="0.000779"/>
      <testcase name="synchronizeWithMissingPackagePathWillReturnFailedResult" file="/home/runner/work/dev-tools/dev-tools/tests/Sync/PackagedDirectorySynchronizerTest.php" line="103" class="FastForward\DevTools\Tests\Sync\PackagedDirectorySynchronizerTest" classname="FastForward.DevTools.Tests.Sync.PackagedDirectorySynchronizerTest" assertions="3" time="0.000749"/>
      <testcase name="synchronizeWithMissingTargetDirWillCreateItAndCreateLinks" file="/home/runner/work/dev-tools/dev-tools/tests/Sync/PackagedDirectorySynchronizerTest.php" line="121" class="FastForward\DevTools\Tests\Sync\PackagedDirectorySynchronizerTest" classname="FastForward.DevTools.Tests.Sync.PackagedDirectorySynchronizerTest" assertions="10" time="0.007945"/>
      <testcase name="synchronizeWillPreserveExistingValidSymlink" file="/home/runner/work/dev-tools/dev-tools/tests/Sync/PackagedDirectorySynchronizerTest.php" line="152" class="FastForward\DevTools\Tests\Sync\PackagedDirectorySynchronizerTest" classname="FastForward.DevTools.Tests.Sync.PackagedDirectorySynchronizerTest" assertions="8" time="0.002236"/>
      <testcase name="synchronizeWillRepairBrokenSymlink" file="/home/runner/work/dev-tools/dev-tools/tests/Sync/PackagedDirectorySynchronizerTest.php" line="186" class="FastForward\DevTools\Tests\Sync\PackagedDirectorySynchronizerTest" classname="FastForward.DevTools.Tests.Sync.PackagedDirectorySynchronizerTest" assertions="11" time="0.002300"/>
      <testcase name="synchronizeWillPreserveExistingNonSymlinkDirectory" file="/home/runner/work/dev-tools/dev-tools/tests/Sync/PackagedDirectorySynchronizerTest.php" line="227" class="FastForward\DevTools\Tests\Sync\PackagedDirectorySynchronizerTest" classname="FastForward.DevTools.Tests.Sync.PackagedDirectorySynchronizerTest" assertions="8" time="0.001530"/>
    </testsuite>
    <testsuite name="FastForward\DevTools\Tests\Sync\SynchronizeResultTest" file="/home/runner/work/dev-tools/dev-tools/tests/Sync/SynchronizeResultTest.php" tests="4" assertions="5" errors="0" failures="0" skipped="0" time="0.001300">
      <testcase name="addCreatedLinkWillRecordTheLinkName" file="/home/runner/work/dev-tools/dev-tools/tests/Sync/SynchronizeResultTest.php" line="34" class="FastForward\DevTools\Tests\Sync\SynchronizeResultTest" classname="FastForward.DevTools.Tests.Sync.SynchronizeResultTest" assertions="1" time="0.000340"/>
      <testcase name="addPreservedLinkWillRecordTheLinkName" file="/home/runner/work/dev-tools/dev-tools/tests/Sync/SynchronizeResultTest.php" line="47" class="FastForward\DevTools\Tests\Sync\SynchronizeResultTest" classname="FastForward.DevTools.Tests.Sync.SynchronizeResultTest" assertions="1" time="0.000352"/>
      <testcase name="addRemovedBrokenLinkWillRecordTheLinkName" file="/home/runner/work/dev-tools/dev-tools/tests/Sync/SynchronizeResultTest.php" line="60" class="FastForward\DevTools\Tests\Sync\SynchronizeResultTest" classname="FastForward.DevTools.Tests.Sync.SynchronizeResultTest" assertions="1" time="0.000308"/>
      <testcase name="markFailedWillSetTheFailedFlag" file="/home/runner/work/dev-tools/dev-tools/tests/Sync/SynchronizeResultTest.php" line="73" class="FastForward\DevTools\Tests\Sync\SynchronizeResultTest" classname="FastForward.DevTools.Tests.Sync.SynchronizeResultTest" assertions="2" time="0.000300"/>
    </testsuite>
  </testsuite>
</testsuites>
