<?xml version="1.0" encoding="UTF-8"?>
<coverage generated="1776545848">
  <project timestamp="1776545848" name="Clover Coverage">
    <package name="FastForward\DevTools\Agent\Skills">
      <file name="/home/runner/work/dev-tools/dev-tools/src/Agent/Skills/SkillsSynchronizer.php">
        <class name="FastForward\DevTools\Agent\Skills\SkillsSynchronizer" namespace="FastForward\DevTools\Agent\Skills">
          <metrics complexity="17" methods="10" coveredmethods="9" conditionals="0" coveredconditionals="0" statements="45" coveredstatements="44" elements="55" coveredelements="53"/>
        </class>
        <line num="44" type="method" name="__construct" visibility="public" complexity="1" crap="1" count="5"/>
        <line num="48" type="stmt" count="5"/>
        <line num="53" type="method" name="setLogger" visibility="public" complexity="1" crap="2" count="0"/>
        <line num="55" type="stmt" count="0"/>
        <line num="70" type="method" name="synchronize" visibility="public" complexity="3" crap="3" count="5"/>
        <line num="72" type="stmt" count="5"/>
        <line num="74" type="stmt" count="5"/>
        <line num="75" type="stmt" count="1"/>
        <line num="76" type="stmt" count="1"/>
        <line num="78" type="stmt" count="1"/>
        <line num="81" type="stmt" count="4"/>
        <line num="82" type="stmt" count="1"/>
        <line num="83" type="stmt" count="1"/>
        <line num="86" type="stmt" count="4"/>
        <line num="88" type="stmt" count="4"/>
        <line num="101" type="method" name="syncPackageSkills" visibility="private" complexity="2" crap="2" count="4"/>
        <line num="106" type="stmt" count="4"/>
        <line num="107" type="stmt" count="4"/>
        <line num="108" type="stmt" count="4"/>
        <line num="109" type="stmt" count="4"/>
        <line num="110" type="stmt" count="4"/>
        <line num="112" type="stmt" count="4"/>
        <line num="113" type="stmt" count="4"/>
        <line num="114" type="stmt" count="4"/>
        <line num="115" type="stmt" count="4"/>
        <line num="117" type="stmt" count="4"/>
        <line num="132" type="method" name="processSkillLink" visibility="private" complexity="3" crap="3" count="4"/>
        <line num="138" type="stmt" count="4"/>
        <line num="139" type="stmt" count="1"/>
        <line num="141" type="stmt" count="1"/>
        <line num="144" type="stmt" count="3"/>
        <line num="145" type="stmt" count="1"/>
        <line num="147" type="stmt" count="1"/>
        <line num="150" type="stmt" count="2"/>
        <line num="164" type="method" name="createNewLink" visibility="private" complexity="1" crap="1" count="2"/>
        <line num="170" type="stmt" count="2"/>
        <line num="171" type="stmt" count="2"/>
        <line num="172" type="stmt" count="2"/>
        <line num="185" type="method" name="preserveExistingNonSymlink" visibility="private" complexity="1" crap="1" count="1"/>
        <line num="187" type="stmt" count="1"/>
        <line num="188" type="stmt" count="1"/>
        <line num="202" type="method" name="processExistingSymlink" visibility="private" complexity="3" crap="3" count="2"/>
        <line num="208" type="stmt" count="2"/>
        <line num="210" type="stmt" count="2"/>
        <line num="211" type="stmt" count="1"/>
        <line num="213" type="stmt" count="1"/>
        <line num="216" type="stmt" count="1"/>
        <line num="217" type="stmt" count="1"/>
        <line num="232" type="method" name="repairBrokenLink" visibility="private" complexity="1" crap="1" count="1"/>
        <line num="238" type="stmt" count="1"/>
        <line num="239" type="stmt" count="1"/>
        <line num="240" type="stmt" count="1"/>
        <line num="242" type="stmt" count="1"/>
        <line num="250" type="method" name="isSymlink" visibility="private" complexity="1" crap="1" count="3"/>
        <line num="252" type="stmt" count="3"/>
        <metrics loc="255" ncloc="142" classes="1" methods="10" coveredmethods="9" conditionals="0" coveredconditionals="0" statements="45" coveredstatements="44" elements="55" coveredelements="53"/>
      </file>
      <file name="/home/runner/work/dev-tools/dev-tools/src/Agent/Skills/SynchronizeResult.php">
        <class name="FastForward\DevTools\Agent\Skills\SynchronizeResult" namespace="FastForward\DevTools\Agent\Skills">
          <metrics complexity="8" methods="8" coveredmethods="8" conditionals="0" coveredconditionals="0" statements="8" coveredstatements="8" elements="16" coveredelements="16"/>
        </class>
        <line num="62" type="method" name="addCreatedLink" visibility="public" complexity="1" crap="1" count="2"/>
        <line num="64" type="stmt" count="2"/>
        <line num="72" type="method" name="addPreservedLink" visibility="public" complexity="1" crap="1" count="2"/>
        <line num="74" type="stmt" count="2"/>
        <line num="82" type="method" name="addRemovedBrokenLink" visibility="public" complexity="1" crap="1" count="2"/>
        <line num="84" type="stmt" count="2"/>
        <line num="90" type="method" name="markFailed" visibility="public" complexity="1" crap="1" count="1"/>
        <line num="92" type="stmt" count="1"/>
        <line num="100" type="method" name="getCreatedLinks" visibility="public" complexity="1" crap="1" count="3"/>
        <line num="102" type="stmt" count="3"/>
        <line num="110" type="method" name="getPreservedLinks" visibility="public" complexity="1" crap="1" count="3"/>
        <line num="112" type="stmt" count="3"/>
        <line num="120" type="method" name="getRemovedBrokenLinks" visibility="public" complexity="1" crap="1" count="3"/>
        <line num="122" type="stmt" count="3"/>
        <line num="130" type="method" name="failed" visibility="public" complexity="1" crap="1" count="3"/>
        <line num="132" type="stmt" count="3"/>
        <metrics loc="135" ncloc="58" classes="1" methods="8" coveredmethods="8" conditionals="0" coveredconditionals="0" statements="8" coveredstatements="8" elements="16" coveredelements="16"/>
      </file>
    </package>
    <package name="FastForward\DevTools\Composer\Capability">
      <file name="/home/runner/work/dev-tools/dev-tools/src/Composer/Capability/DevToolsCommandProvider.php">
        <class name="FastForward\DevTools\Composer\Capability\DevToolsCommandProvider" namespace="FastForward\DevTools\Composer\Capability">
          <metrics complexity="1" methods="1" coveredmethods="1" conditionals="0" coveredconditionals="0" statements="4" coveredstatements="4" elements="5" coveredelements="5"/>
        </class>
        <line num="35" type="method" name="getCommands" visibility="public" complexity="1" crap="1" count="2"/>
        <line num="37" type="stmt" count="2"/>
        <line num="38" type="stmt" count="2"/>
        <line num="39" type="stmt" count="2"/>
        <line num="40" type="stmt" count="2"/>
        <metrics loc="43" ncloc="22" classes="1" methods="1" coveredmethods="1" conditionals="0" coveredconditionals="0" statements="4" coveredstatements="4" elements="5" coveredelements="5"/>
      </file>
    </package>
    <package name="FastForward\DevTools\Composer\Json">
      <file name="/home/runner/work/dev-tools/dev-tools/src/Composer/Json/ComposerJson.php">
        <class name="FastForward\DevTools\Composer\Json\ComposerJson" namespace="FastForward\DevTools\Composer\Json">
          <metrics complexity="57" methods="22" coveredmethods="13" conditionals="0" coveredconditionals="0" statements="113" coveredstatements="100" elements="135" coveredelements="113"/>
        </class>
        <line num="88" type="method" name="__construct" visibility="public" complexity="1" crap="1" count="17"/>
        <line num="90" type="stmt" count="17"/>
        <line num="92" type="stmt" count="17"/>
        <line num="93" type="stmt" count="17"/>
        <line num="95" type="stmt" count="17"/>
        <line num="96" type="stmt" count="17"/>
        <line num="108" type="method" name="getName" visibility="public" complexity="1" crap="1" count="2"/>
        <line num="110" type="stmt" count="2"/>
        <line num="122" type="method" name="getDescription" visibility="public" complexity="1" crap="1" count="1"/>
        <line num="124" type="stmt" count="1"/>
        <line num="138" type="method" name="getVersion" visibility="public" complexity="1" crap="1" count="1"/>
        <line num="140" type="stmt" count="1"/>
        <line num="152" type="method" name="getType" visibility="public" complexity="1" crap="1" count="2"/>
        <line num="154" type="stmt" count="2"/>
        <line num="166" type="method" name="getKeywords" visibility="public" complexity="1" crap="1" count="1"/>
        <line num="168" type="stmt" count="1"/>
        <line num="179" type="method" name="getHomepage" visibility="public" complexity="1" crap="1" count="1"/>
        <line num="181" type="stmt" count="1"/>
        <line num="193" type="method" name="getReadme" visibility="public" complexity="1" crap="1" count="1"/>
        <line num="195" type="stmt" count="1"/>
        <line num="207" type="method" name="getTime" visibility="public" complexity="3" crap="3.33" count="1"/>
        <line num="209" type="stmt" count="1"/>
        <line num="211" type="stmt" count="1"/>
        <line num="212" type="stmt" count="0"/>
        <line num="215" type="stmt" count="1"/>
        <line num="216" type="stmt" count="1"/>
        <line num="219" type="stmt" count="0"/>
        <line num="234" type="method" name="getLicense" visibility="public" complexity="5" crap="5" count="1"/>
        <line num="236" type="stmt" count="1"/>
        <line num="238" type="stmt" count="1"/>
        <line num="239" type="stmt" count="1"/>
        <line num="242" type="stmt" count="1"/>
        <line num="243" type="stmt" count="1"/>
        <line num="246" type="stmt" count="1"/>
        <line num="270" type="method" name="getAuthors" visibility="public" complexity="3" crap="3" count="2"/>
        <line num="272" type="stmt" count="2"/>
        <line num="273" type="stmt" count="2"/>
        <line num="274" type="stmt" count="2"/>
        <line num="275" type="stmt" count="2"/>
        <line num="276" type="stmt" count="2"/>
        <line num="277" type="stmt" count="2"/>
        <line num="279" type="stmt" count="2"/>
        <line num="280" type="stmt" count="2"/>
        <line num="281" type="stmt" count="1"/>
        <line num="284" type="stmt" count="1"/>
        <line num="287" type="stmt" count="1"/>
        <line num="299" type="method" name="getSupport" visibility="public" complexity="2" crap="2.00" count="1"/>
        <line num="301" type="stmt" count="1"/>
        <line num="303" type="stmt" count="1"/>
        <line num="304" type="stmt" count="0"/>
        <line num="307" type="stmt" count="1"/>
        <line num="308" type="stmt" count="1"/>
        <line num="309" type="stmt" count="1"/>
        <line num="310" type="stmt" count="1"/>
        <line num="311" type="stmt" count="1"/>
        <line num="312" type="stmt" count="1"/>
        <line num="313" type="stmt" count="1"/>
        <line num="314" type="stmt" count="1"/>
        <line num="315" type="stmt" count="1"/>
        <line num="316" type="stmt" count="1"/>
        <line num="317" type="stmt" count="1"/>
        <line num="318" type="stmt" count="1"/>
        <line num="330" type="method" name="getFunding" visibility="public" complexity="4" crap="4.18" count="1"/>
        <line num="332" type="stmt" count="1"/>
        <line num="334" type="stmt" count="1"/>
        <line num="335" type="stmt" count="0"/>
        <line num="338" type="stmt" count="1"/>
        <line num="340" type="stmt" count="1"/>
        <line num="341" type="stmt" count="1"/>
        <line num="342" type="stmt" count="0"/>
        <line num="345" type="stmt" count="1"/>
        <line num="348" type="stmt" count="1"/>
        <line num="365" type="method" name="getAutoload" visibility="public" complexity="4" crap="4.05" count="1"/>
        <line num="367" type="stmt" count="1"/>
        <line num="369" type="stmt" count="1"/>
        <line num="370" type="stmt" count="0"/>
        <line num="373" type="stmt" count="1"/>
        <line num="374" type="stmt" count="1"/>
        <line num="377" type="stmt" count="1"/>
        <line num="379" type="stmt" count="1"/>
        <line num="396" type="method" name="getAutoloadDev" visibility="public" complexity="4" crap="4.05" count="1"/>
        <line num="398" type="stmt" count="1"/>
        <line num="400" type="stmt" count="1"/>
        <line num="401" type="stmt" count="0"/>
        <line num="404" type="stmt" count="1"/>
        <line num="405" type="stmt" count="1"/>
        <line num="408" type="stmt" count="1"/>
        <line num="410" type="stmt" count="1"/>
        <line num="421" type="method" name="getMinimumStability" visibility="public" complexity="1" crap="1" count="1"/>
        <line num="423" type="stmt" count="1"/>
        <line num="443" type="method" name="getConfig" visibility="public" complexity="6" crap="6.05" count="1"/>
        <line num="445" type="stmt" count="1"/>
        <line num="447" type="stmt" count="1"/>
        <line num="448" type="stmt" count="0"/>
        <line num="451" type="stmt" count="1"/>
        <line num="452" type="stmt" count="1"/>
        <line num="455" type="stmt" count="1"/>
        <line num="457" type="stmt" count="1"/>
        <line num="458" type="stmt" count="1"/>
        <line num="461" type="stmt" count="1"/>
        <line num="472" type="method" name="getScripts" visibility="public" complexity="2" crap="2" count="1"/>
        <line num="474" type="stmt" count="1"/>
        <line num="476" type="stmt" count="1"/>
        <line num="493" type="method" name="getExtra" visibility="public" complexity="4" crap="4.05" count="1"/>
        <line num="495" type="stmt" count="1"/>
        <line num="497" type="stmt" count="1"/>
        <line num="498" type="stmt" count="0"/>
        <line num="501" type="stmt" count="1"/>
        <line num="502" type="stmt" count="1"/>
        <line num="505" type="stmt" count="1"/>
        <line num="507" type="stmt" count="1"/>
        <line num="519" type="method" name="getBin" visibility="public" complexity="3" crap="3.04" count="1"/>
        <line num="521" type="stmt" count="1"/>
        <line num="523" type="stmt" count="1"/>
        <line num="524" type="stmt" count="1"/>
        <line num="527" type="stmt" count="1"/>
        <line num="528" type="stmt" count="0"/>
        <line num="531" type="stmt" count="1"/>
        <line num="543" type="method" name="getSuggest" visibility="public" complexity="5" crap="5.51" count="1"/>
        <line num="545" type="stmt" count="1"/>
        <line num="547" type="stmt" count="1"/>
        <line num="548" type="stmt" count="0"/>
        <line num="551" type="stmt" count="1"/>
        <line num="553" type="stmt" count="1"/>
        <line num="554" type="stmt" count="1"/>
        <line num="555" type="stmt" count="0"/>
        <line num="558" type="stmt" count="1"/>
        <line num="559" type="stmt" count="0"/>
        <line num="562" type="stmt" count="1"/>
        <line num="565" type="stmt" count="1"/>
        <line num="577" type="method" name="getComments" visibility="public" complexity="3" crap="3" count="1"/>
        <line num="579" type="stmt" count="1"/>
        <line num="581" type="stmt" count="1"/>
        <line num="582" type="stmt" count="1"/>
        <line num="585" type="stmt" count="1"/>
        <metrics loc="588" ncloc="303" classes="1" methods="22" coveredmethods="13" conditionals="0" coveredconditionals="0" statements="113" coveredstatements="100" elements="135" coveredelements="113"/>
      </file>
    </package>
    <file name="/home/runner/work/dev-tools/dev-tools/src/Composer/Json/ComposerJsonInterface.php">
      <metrics loc="332" ncloc="56" classes="0" methods="0" coveredmethods="0" conditionals="0" coveredconditionals="0" statements="0" coveredstatements="0" elements="0" coveredelements="0"/>
    </file>
    <package name="FastForward\DevTools\Composer\Json\Schema">
      <file name="/home/runner/work/dev-tools/dev-tools/src/Composer/Json/Schema/Author.php">
        <class name="FastForward\DevTools\Composer\Json\Schema\Author" namespace="FastForward\DevTools\Composer\Json\Schema">
          <metrics complexity="12" methods="6" coveredmethods="6" conditionals="0" coveredconditionals="0" statements="12" coveredstatements="12" elements="18" coveredelements="18"/>
        </class>
        <line num="48" type="method" name="__construct" visibility="public" complexity="1" crap="1" count="5"/>
        <line num="53" type="stmt" count="5"/>
        <line num="58" type="method" name="getName" visibility="public" complexity="1" crap="1" count="1"/>
        <line num="60" type="stmt" count="1"/>
        <line num="66" type="method" name="getEmail" visibility="public" complexity="1" crap="1" count="1"/>
        <line num="68" type="stmt" count="1"/>
        <line num="74" type="method" name="getHomepage" visibility="public" complexity="1" crap="1" count="1"/>
        <line num="76" type="stmt" count="1"/>
        <line num="82" type="method" name="getRole" visibility="public" complexity="1" crap="1" count="1"/>
        <line num="84" type="stmt" count="1"/>
        <line num="95" type="method" name="__toString" visibility="public" complexity="7" crap="7" count="4"/>
        <line num="97" type="stmt" count="4"/>
        <line num="98" type="stmt" count="1"/>
        <line num="101" type="stmt" count="3"/>
        <line num="102" type="stmt" count="1"/>
        <line num="105" type="stmt" count="2"/>
        <line num="106" type="stmt" count="1"/>
        <line num="109" type="stmt" count="1"/>
        <metrics loc="112" ncloc="54" classes="1" methods="6" coveredmethods="6" conditionals="0" coveredconditionals="0" statements="12" coveredstatements="12" elements="18" coveredelements="18"/>
      </file>
      <file name="/home/runner/work/dev-tools/dev-tools/src/Composer/Json/Schema/Funding.php">
        <class name="FastForward\DevTools\Composer\Json\Schema\Funding" namespace="FastForward\DevTools\Composer\Json\Schema">
          <metrics complexity="3" methods="3" coveredmethods="3" conditionals="0" coveredconditionals="0" statements="3" coveredstatements="3" elements="6" coveredelements="6"/>
        </class>
        <line num="48" type="method" name="__construct" visibility="public" complexity="1" crap="1" count="1"/>
        <line num="51" type="stmt" count="1"/>
        <line num="61" type="method" name="getType" visibility="public" complexity="1" crap="1" count="1"/>
        <line num="63" type="stmt" count="1"/>
        <line num="74" type="method" name="getUrl" visibility="public" complexity="1" crap="1" count="1"/>
        <line num="76" type="stmt" count="1"/>
        <metrics loc="79" ncloc="25" classes="1" methods="3" coveredmethods="3" conditionals="0" coveredconditionals="0" statements="3" coveredstatements="3" elements="6" coveredelements="6"/>
      </file>
      <file name="/home/runner/work/dev-tools/dev-tools/src/Composer/Json/Schema/Support.php">
        <class name="FastForward\DevTools\Composer\Json\Schema\Support" namespace="FastForward\DevTools\Composer\Json\Schema">
          <metrics complexity="11" methods="11" coveredmethods="11" conditionals="0" coveredconditionals="0" statements="11" coveredstatements="11" elements="22" coveredelements="22"/>
        </class>
        <line num="60" type="method" name="__construct" visibility="public" complexity="1" crap="1" count="2"/>
        <line num="71" type="stmt" count="2"/>
        <line num="80" type="method" name="getEmail" visibility="public" complexity="1" crap="1" count="2"/>
        <line num="82" type="stmt" count="2"/>
        <line num="92" type="method" name="getIssues" visibility="public" complexity="1" crap="1" count="2"/>
        <line num="94" type="stmt" count="2"/>
        <line num="104" type="method" name="getForum" visibility="public" complexity="1" crap="1" count="2"/>
        <line num="106" type="stmt" count="2"/>
        <line num="116" type="method" name="getWiki" visibility="public" complexity="1" crap="1" count="2"/>
        <line num="118" type="stmt" count="2"/>
        <line num="128" type="method" name="getIrc" visibility="public" complexity="1" crap="1" count="2"/>
        <line num="130" type="stmt" count="2"/>
        <line num="140" type="method" name="getSource" visibility="public" complexity="1" crap="1" count="2"/>
        <line num="142" type="stmt" count="2"/>
        <line num="152" type="method" name="getDocs" visibility="public" complexity="1" crap="1" count="2"/>
        <line num="154" type="stmt" count="2"/>
        <line num="164" type="method" name="getRss" visibility="public" complexity="1" crap="1" count="2"/>
        <line num="166" type="stmt" count="2"/>
        <line num="176" type="method" name="getChat" visibility="public" complexity="1" crap="1" count="2"/>
        <line num="178" type="stmt" count="2"/>
        <line num="188" type="method" name="getSecurity" visibility="public" complexity="1" crap="1" count="2"/>
        <line num="190" type="stmt" count="2"/>
        <metrics loc="193" ncloc="73" classes="1" methods="11" coveredmethods="11" conditionals="0" coveredconditionals="0" statements="11" coveredstatements="11" elements="22" coveredelements="22"/>
      </file>
    </package>
    <file name="/home/runner/work/dev-tools/dev-tools/src/Composer/Json/Schema/AuthorInterface.php">
      <metrics loc="81" ncloc="20" classes="0" methods="0" coveredmethods="0" conditionals="0" coveredconditionals="0" statements="0" coveredstatements="0" elements="0" coveredelements="0"/>
    </file>
    <file name="/home/runner/work/dev-tools/dev-tools/src/Composer/Json/Schema/FundingInterface.php">
      <metrics loc="75" ncloc="14" classes="0" methods="0" coveredmethods="0" conditionals="0" coveredconditionals="0" statements="0" coveredstatements="0" elements="0" coveredelements="0"/>
    </file>
    <file name="/home/runner/work/dev-tools/dev-tools/src/Composer/Json/Schema/SupportInterface.php">
      <metrics loc="160" ncloc="30" classes="0" methods="0" coveredmethods="0" conditionals="0" coveredconditionals="0" statements="0" coveredstatements="0" elements="0" coveredelements="0"/>
    </file>
    <package name="FastForward\DevTools\Composer">
      <file name="/home/runner/work/dev-tools/dev-tools/src/Composer/Plugin.php">
        <class name="FastForward\DevTools\Composer\Plugin" namespace="FastForward\DevTools\Composer">
          <metrics complexity="6" methods="6" coveredmethods="6" conditionals="0" coveredconditionals="0" statements="14" coveredstatements="14" elements="20" coveredelements="20"/>
        </class>
        <line num="46" type="method" name="getCapabilities" visibility="public" complexity="1" crap="1" count="1"/>
        <line num="48" type="stmt" count="1"/>
        <line num="49" type="stmt" count="1"/>
        <line num="50" type="stmt" count="1"/>
        <line num="61" type="method" name="getSubscribedEvents" visibility="public" complexity="1" crap="1" count="1"/>
        <line num="63" type="stmt" count="1"/>
        <line num="64" type="stmt" count="1"/>
        <line num="65" type="stmt" count="1"/>
        <line num="66" type="stmt" count="1"/>
        <line num="79" type="method" name="runSyncCommand" visibility="public" complexity="1" crap="1" count="1"/>
        <line num="81" type="stmt" count="1"/>
        <line num="82" type="stmt" count="1"/>
        <line num="83" type="stmt" count="1"/>
        <line num="84" type="stmt" count="1"/>
        <line num="97" type="method" name="activate" visibility="public" complexity="1" crap="1" count="1"/>
        <line num="100" type="stmt" count="1"/>
        <line num="112" type="method" name="deactivate" visibility="public" complexity="1" crap="1" count="1"/>
        <line num="115" type="stmt" count="1"/>
        <line num="127" type="method" name="uninstall" visibility="public" complexity="1" crap="1" count="1"/>
        <line num="130" type="stmt" count="1"/>
        <metrics loc="132" ncloc="55" classes="1" methods="6" coveredmethods="6" conditionals="0" coveredconditionals="0" statements="14" coveredstatements="14" elements="20" coveredelements="20"/>
      </file>
    </package>
    <package name="FastForward\DevTools\Config">
      <file name="/home/runner/work/dev-tools/dev-tools/src/Config/ECSConfig.php">
        <class name="FastForward\DevTools\Config\ECSConfig" namespace="FastForward\DevTools\Config">
          <metrics complexity="1" methods="1" coveredmethods="1" conditionals="0" coveredconditionals="0" statements="28" coveredstatements="28" elements="29" coveredelements="29"/>
        </class>
        <line num="54" type="method" name="configure" visibility="public" complexity="1" crap="1" count="1"/>
        <line num="56" type="stmt" count="1"/>
        <line num="57" type="stmt" count="1"/>
        <line num="59" type="stmt" count="1"/>
        <line num="60" type="stmt" count="1"/>
        <line num="61" type="stmt" count="1"/>
        <line num="62" type="stmt" count="1"/>
        <line num="63" type="stmt" count="1"/>
        <line num="64" type="stmt" count="1"/>
        <line num="65" type="stmt" count="1"/>
        <line num="66" type="stmt" count="1"/>
        <line num="67" type="stmt" count="1"/>
        <line num="68" type="stmt" count="1"/>
        <line num="69" type="stmt" count="1"/>
        <line num="70" type="stmt" count="1"/>
        <line num="71" type="stmt" count="1"/>
        <line num="72" type="stmt" count="1"/>
        <line num="73" type="stmt" count="1"/>
        <line num="74" type="stmt" count="1"/>
        <line num="75" type="stmt" count="1"/>
        <line num="76" type="stmt" count="1"/>
        <line num="77" type="stmt" count="1"/>
        <line num="78" type="stmt" count="1"/>
        <line num="79" type="stmt" count="1"/>
        <line num="80" type="stmt" count="1"/>
        <line num="81" type="stmt" count="1"/>
        <line num="82" type="stmt" count="1"/>
        <line num="83" type="stmt" count="1"/>
        <line num="84" type="stmt" count="1"/>
        <metrics loc="87" ncloc="56" classes="1" methods="1" coveredmethods="1" conditionals="0" coveredconditionals="0" statements="28" coveredstatements="28" elements="29" coveredelements="29"/>
      </file>
      <file name="/home/runner/work/dev-tools/dev-tools/src/Config/RectorConfig.php">
        <class name="FastForward\DevTools\Config\RectorConfig" namespace="FastForward\DevTools\Config">
          <metrics complexity="5" methods="1" coveredmethods="0" conditionals="0" coveredconditionals="0" statements="43" coveredstatements="2" elements="44" coveredelements="2"/>
        </class>
        <line num="59" type="method" name="configure" visibility="public" complexity="5" crap="26.67" count="2"/>
        <line num="61" type="stmt" count="2"/>
        <line num="62" type="stmt" count="0"/>
        <line num="64" type="stmt" count="0"/>
        <line num="65" type="stmt" count="0"/>
        <line num="66" type="stmt" count="0"/>
        <line num="67" type="stmt" count="0"/>
        <line num="68" type="stmt" count="0"/>
        <line num="69" type="stmt" count="0"/>
        <line num="70" type="stmt" count="0"/>
        <line num="71" type="stmt" count="0"/>
        <line num="72" type="stmt" count="0"/>
        <line num="73" type="stmt" count="0"/>
        <line num="74" type="stmt" count="0"/>
        <line num="75" type="stmt" count="0"/>
        <line num="76" type="stmt" count="0"/>
        <line num="77" type="stmt" count="0"/>
        <line num="78" type="stmt" count="0"/>
        <line num="79" type="stmt" count="0"/>
        <line num="80" type="stmt" count="0"/>
        <line num="81" type="stmt" count="0"/>
        <line num="82" type="stmt" count="0"/>
        <line num="83" type="stmt" count="0"/>
        <line num="84" type="stmt" count="0"/>
        <line num="85" type="stmt" count="0"/>
        <line num="86" type="stmt" count="0"/>
        <line num="87" type="stmt" count="0"/>
        <line num="88" type="stmt" count="0"/>
        <line num="89" type="stmt" count="0"/>
        <line num="90" type="stmt" count="0"/>
        <line num="91" type="stmt" count="0"/>
        <line num="93" type="stmt" count="0"/>
        <line num="94" type="stmt" count="0"/>
        <line num="96" type="stmt" count="0"/>
        <line num="98" type="stmt" count="0"/>
        <line num="99" type="stmt" count="0"/>
        <line num="100" type="stmt" count="0"/>
        <line num="102" type="stmt" count="0"/>
        <line num="103" type="stmt" count="0"/>
        <line num="105" type="stmt" count="0"/>
        <line num="106" type="stmt" count="0"/>
        <line num="111" type="stmt" count="0"/>
        <line num="112" type="stmt" count="0"/>
        <line num="114" type="stmt" count="2"/>
        <metrics loc="117" ncloc="81" classes="1" methods="1" coveredmethods="0" conditionals="0" coveredconditionals="0" statements="43" coveredstatements="2" elements="44" coveredelements="2"/>
      </file>
    </package>
    <package name="FastForward\DevTools\Console\Command">
      <file name="/home/runner/work/dev-tools/dev-tools/src/Console/Command/CodeStyleCommand.php">
        <class name="FastForward\DevTools\Console\Command\CodeStyleCommand" namespace="FastForward\DevTools\Console\Command">
          <metrics complexity="5" methods="3" coveredmethods="3" conditionals="0" coveredconditionals="0" statements="27" coveredstatements="27" elements="30" coveredelements="30"/>
        </class>
        <line num="59" type="method" name="__construct" visibility="public" complexity="1" crap="1" count="5"/>
        <line num="64" type="stmt" count="5"/>
        <line num="75" type="method" name="configure" visibility="protected" complexity="1" crap="1" count="5"/>
        <line num="77" type="stmt" count="5"/>
        <line num="78" type="stmt" count="5"/>
        <line num="79" type="stmt" count="5"/>
        <line num="80" type="stmt" count="5"/>
        <line num="81" type="stmt" count="5"/>
        <line num="82" type="stmt" count="5"/>
        <line num="83" type="stmt" count="5"/>
        <line num="97" type="method" name="execute" visibility="protected" complexity="3" crap="3" count="3"/>
        <line num="99" type="stmt" count="3"/>
        <line num="101" type="stmt" count="3"/>
        <line num="102" type="stmt" count="3"/>
        <line num="103" type="stmt" count="3"/>
        <line num="104" type="stmt" count="3"/>
        <line num="106" type="stmt" count="3"/>
        <line num="107" type="stmt" count="3"/>
        <line num="108" type="stmt" count="3"/>
        <line num="109" type="stmt" count="3"/>
        <line num="111" type="stmt" count="3"/>
        <line num="112" type="stmt" count="3"/>
        <line num="113" type="stmt" count="3"/>
        <line num="115" type="stmt" count="3"/>
        <line num="116" type="stmt" count="1"/>
        <line num="119" type="stmt" count="3"/>
        <line num="121" type="stmt" count="3"/>
        <line num="122" type="stmt" count="3"/>
        <line num="123" type="stmt" count="3"/>
        <line num="125" type="stmt" count="3"/>
        <metrics loc="128" ncloc="76" classes="1" methods="3" coveredmethods="3" conditionals="0" coveredconditionals="0" statements="27" coveredstatements="27" elements="30" coveredelements="30"/>
      </file>
      <file name="/home/runner/work/dev-tools/dev-tools/src/Console/Command/CopyResourceCommand.php">
        <class name="FastForward\DevTools\Console\Command\CopyResourceCommand" namespace="FastForward\DevTools\Console\Command">
          <metrics complexity="11" methods="5" coveredmethods="3" conditionals="0" coveredconditionals="0" statements="45" coveredstatements="40" elements="50" coveredelements="43"/>
        </class>
        <line num="49" type="method" name="__construct" visibility="public" complexity="1" crap="1" count="2"/>
        <line num="54" type="stmt" count="2"/>
        <line num="60" type="method" name="configure" visibility="protected" complexity="1" crap="1" count="2"/>
        <line num="62" type="stmt" count="2"/>
        <line num="63" type="stmt" count="2"/>
        <line num="64" type="stmt" count="2"/>
        <line num="65" type="stmt" count="2"/>
        <line num="66" type="stmt" count="2"/>
        <line num="67" type="stmt" count="2"/>
        <line num="68" type="stmt" count="2"/>
        <line num="69" type="stmt" count="2"/>
        <line num="70" type="stmt" count="2"/>
        <line num="71" type="stmt" count="2"/>
        <line num="72" type="stmt" count="2"/>
        <line num="73" type="stmt" count="2"/>
        <line num="74" type="stmt" count="2"/>
        <line num="75" type="stmt" count="2"/>
        <line num="76" type="stmt" count="2"/>
        <line num="77" type="stmt" count="2"/>
        <line num="78" type="stmt" count="2"/>
        <line num="79" type="stmt" count="2"/>
        <line num="80" type="stmt" count="2"/>
        <line num="91" type="method" name="execute" visibility="protected" complexity="4" crap="4.32" count="1"/>
        <line num="93" type="stmt" count="1"/>
        <line num="94" type="stmt" count="1"/>
        <line num="95" type="stmt" count="1"/>
        <line num="97" type="stmt" count="1"/>
        <line num="98" type="stmt" count="0"/>
        <line num="100" type="stmt" count="0"/>
        <line num="103" type="stmt" count="1"/>
        <line num="104" type="stmt" count="1"/>
        <line num="106" type="stmt" count="1"/>
        <line num="107" type="stmt" count="1"/>
        <line num="110" type="stmt" count="0"/>
        <line num="123" type="method" name="copyDirectory" visibility="private" complexity="2" crap="2" count="1"/>
        <line num="129" type="stmt" count="1"/>
        <line num="130" type="stmt" count="1"/>
        <line num="131" type="stmt" count="1"/>
        <line num="132" type="stmt" count="1"/>
        <line num="134" type="stmt" count="1"/>
        <line num="135" type="stmt" count="1"/>
        <line num="136" type="stmt" count="1"/>
        <line num="139" type="stmt" count="1"/>
        <line num="152" type="method" name="copyFile" visibility="private" complexity="3" crap="3.33" count="1"/>
        <line num="154" type="stmt" count="1"/>
        <line num="155" type="stmt" count="0"/>
        <line num="157" type="stmt" count="0"/>
        <line num="160" type="stmt" count="1"/>
        <line num="161" type="stmt" count="1"/>
        <line num="163" type="stmt" count="1"/>
        <metrics loc="166" ncloc="111" classes="1" methods="5" coveredmethods="3" conditionals="0" coveredconditionals="0" statements="45" coveredstatements="40" elements="50" coveredelements="43"/>
      </file>
      <file name="/home/runner/work/dev-tools/dev-tools/src/Console/Command/DependenciesCommand.php">
        <class name="FastForward\DevTools\Console\Command\DependenciesCommand" namespace="FastForward\DevTools\Console\Command">
          <metrics complexity="2" methods="2" coveredmethods="2" conditionals="0" coveredconditionals="0" statements="15" coveredstatements="15" elements="17" coveredelements="17"/>
        </class>
        <line num="48" type="method" name="__construct" visibility="public" complexity="1" crap="1" count="5"/>
        <line num="53" type="stmt" count="5"/>
        <line num="68" type="method" name="execute" visibility="protected" complexity="1" crap="1" count="3"/>
        <line num="70" type="stmt" count="3"/>
        <line num="72" type="stmt" count="3"/>
        <line num="74" type="stmt" count="3"/>
        <line num="75" type="stmt" count="3"/>
        <line num="76" type="stmt" count="3"/>
        <line num="77" type="stmt" count="3"/>
        <line num="79" type="stmt" count="3"/>
        <line num="80" type="stmt" count="3"/>
        <line num="81" type="stmt" count="3"/>
        <line num="82" type="stmt" count="3"/>
        <line num="83" type="stmt" count="3"/>
        <line num="85" type="stmt" count="3"/>
        <line num="86" type="stmt" count="3"/>
        <line num="88" type="stmt" count="3"/>
        <metrics loc="91" ncloc="55" classes="1" methods="2" coveredmethods="2" conditionals="0" coveredconditionals="0" statements="15" coveredstatements="15" elements="17" coveredelements="17"/>
      </file>
      <file name="/home/runner/work/dev-tools/dev-tools/src/Console/Command/DocsCommand.php">
        <class name="FastForward\DevTools\Console\Command\DocsCommand" namespace="FastForward\DevTools\Console\Command">
          <metrics complexity="6" methods="4" coveredmethods="4" conditionals="0" coveredconditionals="0" statements="65" coveredstatements="65" elements="69" coveredelements="69"/>
        </class>
        <line num="55" type="method" name="__construct" visibility="public" complexity="1" crap="1" count="3"/>
        <line num="62" type="stmt" count="3"/>
        <line num="73" type="method" name="configure" visibility="protected" complexity="1" crap="1" count="3"/>
        <line num="75" type="stmt" count="3"/>
        <line num="76" type="stmt" count="3"/>
        <line num="77" type="stmt" count="3"/>
        <line num="78" type="stmt" count="3"/>
        <line num="79" type="stmt" count="3"/>
        <line num="80" type="stmt" count="3"/>
        <line num="81" type="stmt" count="3"/>
        <line num="82" type="stmt" count="3"/>
        <line num="83" type="stmt" count="3"/>
        <line num="84" type="stmt" count="3"/>
        <line num="85" type="stmt" count="3"/>
        <line num="86" type="stmt" count="3"/>
        <line num="87" type="stmt" count="3"/>
        <line num="88" type="stmt" count="3"/>
        <line num="89" type="stmt" count="3"/>
        <line num="90" type="stmt" count="3"/>
        <line num="91" type="stmt" count="3"/>
        <line num="92" type="stmt" count="3"/>
        <line num="93" type="stmt" count="3"/>
        <line num="94" type="stmt" count="3"/>
        <line num="95" type="stmt" count="3"/>
        <line num="96" type="stmt" count="3"/>
        <line num="97" type="stmt" count="3"/>
        <line num="98" type="stmt" count="3"/>
        <line num="99" type="stmt" count="3"/>
        <line num="100" type="stmt" count="3"/>
        <line num="101" type="stmt" count="3"/>
        <line num="115" type="method" name="execute" visibility="protected" complexity="2" crap="2" count="2"/>
        <line num="117" type="stmt" count="2"/>
        <line num="119" type="stmt" count="2"/>
        <line num="121" type="stmt" count="2"/>
        <line num="122" type="stmt" count="1"/>
        <line num="124" type="stmt" count="1"/>
        <line num="127" type="stmt" count="1"/>
        <line num="128" type="stmt" count="1"/>
        <line num="130" type="stmt" count="1"/>
        <line num="131" type="stmt" count="1"/>
        <line num="132" type="stmt" count="1"/>
        <line num="133" type="stmt" count="1"/>
        <line num="134" type="stmt" count="1"/>
        <line num="135" type="stmt" count="1"/>
        <line num="137" type="stmt" count="1"/>
        <line num="138" type="stmt" count="1"/>
        <line num="139" type="stmt" count="1"/>
        <line num="140" type="stmt" count="1"/>
        <line num="141" type="stmt" count="1"/>
        <line num="142" type="stmt" count="1"/>
        <line num="144" type="stmt" count="1"/>
        <line num="146" type="stmt" count="1"/>
        <line num="159" type="method" name="createPhpDocumentorConfig" visibility="private" complexity="2" crap="2" count="1"/>
        <line num="165" type="stmt" count="1"/>
        <line num="166" type="stmt" count="1"/>
        <line num="167" type="stmt" count="1"/>
        <line num="168" type="stmt" count="1"/>
        <line num="170" type="stmt" count="1"/>
        <line num="171" type="stmt" count="1"/>
        <line num="172" type="stmt" count="1"/>
        <line num="173" type="stmt" count="1"/>
        <line num="174" type="stmt" count="1"/>
        <line num="175" type="stmt" count="1"/>
        <line num="176" type="stmt" count="1"/>
        <line num="177" type="stmt" count="1"/>
        <line num="178" type="stmt" count="1"/>
        <line num="179" type="stmt" count="1"/>
        <line num="181" type="stmt" count="1"/>
        <line num="183" type="stmt" count="1"/>
        <metrics loc="186" ncloc="130" classes="1" methods="4" coveredmethods="4" conditionals="0" coveredconditionals="0" statements="65" coveredstatements="65" elements="69" coveredelements="69"/>
      </file>
      <file name="/home/runner/work/dev-tools/dev-tools/src/Console/Command/GitAttributesCommand.php">
        <class name="FastForward\DevTools\Console\Command\GitAttributesCommand" namespace="FastForward\DevTools\Console\Command">
          <metrics complexity="4" methods="3" coveredmethods="3" conditionals="0" coveredconditionals="0" statements="28" coveredstatements="28" elements="31" coveredelements="31"/>
        </class>
        <line num="71" type="method" name="__construct" visibility="public" complexity="1" crap="1" count="4"/>
        <line num="81" type="stmt" count="4"/>
        <line num="92" type="method" name="execute" visibility="protected" complexity="2" crap="2" count="3"/>
        <line num="94" type="stmt" count="3"/>
        <line num="96" type="stmt" count="3"/>
        <line num="97" type="stmt" count="3"/>
        <line num="99" type="stmt" count="3"/>
        <line num="100" type="stmt" count="3"/>
        <line num="102" type="stmt" count="3"/>
        <line num="103" type="stmt" count="3"/>
        <line num="105" type="stmt" count="3"/>
        <line num="107" type="stmt" count="3"/>
        <line num="108" type="stmt" count="1"/>
        <line num="109" type="stmt" count="1"/>
        <line num="110" type="stmt" count="1"/>
        <line num="112" type="stmt" count="1"/>
        <line num="115" type="stmt" count="2"/>
        <line num="116" type="stmt" count="2"/>
        <line num="117" type="stmt" count="2"/>
        <line num="118" type="stmt" count="2"/>
        <line num="120" type="stmt" count="2"/>
        <line num="121" type="stmt" count="2"/>
        <line num="122" type="stmt" count="2"/>
        <line num="123" type="stmt" count="2"/>
        <line num="125" type="stmt" count="2"/>
        <line num="137" type="method" name="configuredKeepInExportPaths" visibility="private" complexity="1" crap="1" count="3"/>
        <line num="139" type="stmt" count="3"/>
        <line num="141" type="stmt" count="3"/>
        <line num="142" type="stmt" count="3"/>
        <line num="143" type="stmt" count="3"/>
        <line num="144" type="stmt" count="3"/>
        <metrics loc="147" ncloc="98" classes="1" methods="3" coveredmethods="3" conditionals="0" coveredconditionals="0" statements="28" coveredstatements="28" elements="31" coveredelements="31"/>
      </file>
      <file name="/home/runner/work/dev-tools/dev-tools/src/Console/Command/GitHooksCommand.php">
        <class name="FastForward\DevTools\Console\Command\GitHooksCommand" namespace="FastForward\DevTools\Console\Command">
          <metrics complexity="6" methods="3" coveredmethods="2" conditionals="0" coveredconditionals="0" statements="37" coveredstatements="35" elements="40" coveredelements="37"/>
        </class>
        <line num="49" type="method" name="__construct" visibility="public" complexity="1" crap="1" count="2"/>
        <line num="54" type="stmt" count="2"/>
        <line num="60" type="method" name="configure" visibility="protected" complexity="1" crap="1" count="2"/>
        <line num="62" type="stmt" count="2"/>
        <line num="63" type="stmt" count="2"/>
        <line num="64" type="stmt" count="2"/>
        <line num="65" type="stmt" count="2"/>
        <line num="66" type="stmt" count="2"/>
        <line num="67" type="stmt" count="2"/>
        <line num="68" type="stmt" count="2"/>
        <line num="69" type="stmt" count="2"/>
        <line num="70" type="stmt" count="2"/>
        <line num="71" type="stmt" count="2"/>
        <line num="72" type="stmt" count="2"/>
        <line num="73" type="stmt" count="2"/>
        <line num="74" type="stmt" count="2"/>
        <line num="75" type="stmt" count="2"/>
        <line num="76" type="stmt" count="2"/>
        <line num="77" type="stmt" count="2"/>
        <line num="78" type="stmt" count="2"/>
        <line num="79" type="stmt" count="2"/>
        <line num="80" type="stmt" count="2"/>
        <line num="81" type="stmt" count="2"/>
        <line num="92" type="method" name="execute" visibility="protected" complexity="4" crap="4.03" count="1"/>
        <line num="94" type="stmt" count="1"/>
        <line num="95" type="stmt" count="1"/>
        <line num="96" type="stmt" count="1"/>
        <line num="98" type="stmt" count="1"/>
        <line num="99" type="stmt" count="1"/>
        <line num="100" type="stmt" count="1"/>
        <line num="101" type="stmt" count="1"/>
        <line num="103" type="stmt" count="1"/>
        <line num="104" type="stmt" count="1"/>
        <line num="106" type="stmt" count="1"/>
        <line num="107" type="stmt" count="0"/>
        <line num="109" type="stmt" count="0"/>
        <line num="112" type="stmt" count="1"/>
        <line num="113" type="stmt" count="1"/>
        <line num="115" type="stmt" count="1"/>
        <line num="118" type="stmt" count="1"/>
        <metrics loc="121" ncloc="86" classes="1" methods="3" coveredmethods="2" conditionals="0" coveredconditionals="0" statements="37" coveredstatements="35" elements="40" coveredelements="37"/>
      </file>
      <file name="/home/runner/work/dev-tools/dev-tools/src/Console/Command/GitIgnoreCommand.php">
        <class name="FastForward\DevTools\Console\Command\GitIgnoreCommand" namespace="FastForward\DevTools\Console\Command">
          <metrics complexity="3" methods="3" coveredmethods="3" conditionals="0" coveredconditionals="0" statements="25" coveredstatements="25" elements="28" coveredelements="28"/>
        </class>
        <line num="61" type="method" name="__construct" visibility="public" complexity="1" crap="1" count="3"/>
        <line num="67" type="stmt" count="3"/>
        <line num="76" type="method" name="configure" visibility="protected" complexity="1" crap="1" count="3"/>
        <line num="78" type="stmt" count="3"/>
        <line num="79" type="stmt" count="3"/>
        <line num="80" type="stmt" count="3"/>
        <line num="81" type="stmt" count="3"/>
        <line num="82" type="stmt" count="3"/>
        <line num="83" type="stmt" count="3"/>
        <line num="84" type="stmt" count="3"/>
        <line num="85" type="stmt" count="3"/>
        <line num="86" type="stmt" count="3"/>
        <line num="87" type="stmt" count="3"/>
        <line num="88" type="stmt" count="3"/>
        <line num="89" type="stmt" count="3"/>
        <line num="90" type="stmt" count="3"/>
        <line num="91" type="stmt" count="3"/>
        <line num="92" type="stmt" count="3"/>
        <line num="103" type="method" name="execute" visibility="protected" complexity="1" crap="1" count="1"/>
        <line num="105" type="stmt" count="1"/>
        <line num="107" type="stmt" count="1"/>
        <line num="108" type="stmt" count="1"/>
        <line num="110" type="stmt" count="1"/>
        <line num="111" type="stmt" count="1"/>
        <line num="113" type="stmt" count="1"/>
        <line num="115" type="stmt" count="1"/>
        <line num="117" type="stmt" count="1"/>
        <line num="119" type="stmt" count="1"/>
        <metrics loc="122" ncloc="74" classes="1" methods="3" coveredmethods="3" conditionals="0" coveredconditionals="0" statements="25" coveredstatements="25" elements="28" coveredelements="28"/>
      </file>
      <file name="/home/runner/work/dev-tools/dev-tools/src/Console/Command/LicenseCommand.php">
        <class name="FastForward\DevTools\Console\Command\LicenseCommand" namespace="FastForward\DevTools\Console\Command">
          <metrics complexity="5" methods="3" coveredmethods="3" conditionals="0" coveredconditionals="0" statements="26" coveredstatements="26" elements="29" coveredelements="29"/>
        </class>
        <line num="49" type="method" name="__construct" visibility="public" complexity="1" crap="1" count="4"/>
        <line num="53" type="stmt" count="4"/>
        <line num="59" type="method" name="configure" visibility="protected" complexity="1" crap="1" count="4"/>
        <line num="61" type="stmt" count="4"/>
        <line num="62" type="stmt" count="4"/>
        <line num="63" type="stmt" count="4"/>
        <line num="64" type="stmt" count="4"/>
        <line num="65" type="stmt" count="4"/>
        <line num="66" type="stmt" count="4"/>
        <line num="67" type="stmt" count="4"/>
        <line num="80" type="method" name="execute" visibility="protected" complexity="3" crap="3" count="3"/>
        <line num="82" type="stmt" count="3"/>
        <line num="84" type="stmt" count="3"/>
        <line num="85" type="stmt" count="1"/>
        <line num="86" type="stmt" count="1"/>
        <line num="87" type="stmt" count="1"/>
        <line num="88" type="stmt" count="1"/>
        <line num="89" type="stmt" count="1"/>
        <line num="91" type="stmt" count="1"/>
        <line num="94" type="stmt" count="2"/>
        <line num="96" type="stmt" count="2"/>
        <line num="97" type="stmt" count="1"/>
        <line num="98" type="stmt" count="1"/>
        <line num="99" type="stmt" count="1"/>
        <line num="101" type="stmt" count="1"/>
        <line num="104" type="stmt" count="1"/>
        <line num="105" type="stmt" count="1"/>
        <line num="106" type="stmt" count="1"/>
        <line num="108" type="stmt" count="1"/>
        <metrics loc="111" ncloc="72" classes="1" methods="3" coveredmethods="3" conditionals="0" coveredconditionals="0" statements="26" coveredstatements="26" elements="29" coveredelements="29"/>
      </file>
      <file name="/home/runner/work/dev-tools/dev-tools/src/Console/Command/PhpDocCommand.php">
        <class name="FastForward\DevTools\Console\Command\PhpDocCommand" namespace="FastForward\DevTools\Console\Command">
          <metrics complexity="7" methods="4" coveredmethods="4" conditionals="0" coveredconditionals="0" statements="67" coveredstatements="67" elements="71" coveredelements="71"/>
        </class>
        <line num="75" type="method" name="__construct" visibility="public" complexity="1" crap="1" count="3"/>
        <line num="84" type="stmt" count="3"/>
        <line num="94" type="method" name="configure" visibility="protected" complexity="1" crap="1" count="3"/>
        <line num="96" type="stmt" count="3"/>
        <line num="97" type="stmt" count="3"/>
        <line num="98" type="stmt" count="3"/>
        <line num="99" type="stmt" count="3"/>
        <line num="100" type="stmt" count="3"/>
        <line num="101" type="stmt" count="3"/>
        <line num="102" type="stmt" count="3"/>
        <line num="103" type="stmt" count="3"/>
        <line num="104" type="stmt" count="3"/>
        <line num="105" type="stmt" count="3"/>
        <line num="106" type="stmt" count="3"/>
        <line num="107" type="stmt" count="3"/>
        <line num="108" type="stmt" count="3"/>
        <line num="109" type="stmt" count="3"/>
        <line num="110" type="stmt" count="3"/>
        <line num="111" type="stmt" count="3"/>
        <line num="112" type="stmt" count="3"/>
        <line num="113" type="stmt" count="3"/>
        <line num="114" type="stmt" count="3"/>
        <line num="128" type="method" name="execute" visibility="protected" complexity="3" crap="3" count="2"/>
        <line num="130" type="stmt" count="2"/>
        <line num="132" type="stmt" count="2"/>
        <line num="134" type="stmt" count="2"/>
        <line num="135" type="stmt" count="2"/>
        <line num="136" type="stmt" count="2"/>
        <line num="137" type="stmt" count="2"/>
        <line num="138" type="stmt" count="2"/>
        <line num="139" type="stmt" count="2"/>
        <line num="140" type="stmt" count="2"/>
        <line num="141" type="stmt" count="2"/>
        <line num="143" type="stmt" count="2"/>
        <line num="144" type="stmt" count="2"/>
        <line num="147" type="stmt" count="2"/>
        <line num="149" type="stmt" count="2"/>
        <line num="150" type="stmt" count="2"/>
        <line num="151" type="stmt" count="2"/>
        <line num="152" type="stmt" count="2"/>
        <line num="154" type="stmt" count="2"/>
        <line num="155" type="stmt" count="2"/>
        <line num="158" type="stmt" count="2"/>
        <line num="160" type="stmt" count="2"/>
        <line num="161" type="stmt" count="2"/>
        <line num="163" type="stmt" count="2"/>
        <line num="176" type="method" name="ensureDocHeaderExists" visibility="private" complexity="2" crap="2" count="2"/>
        <line num="178" type="stmt" count="2"/>
        <line num="180" type="stmt" count="2"/>
        <line num="181" type="stmt" count="2"/>
        <line num="182" type="stmt" count="2"/>
        <line num="183" type="stmt" count="2"/>
        <line num="184" type="stmt" count="2"/>
        <line num="185" type="stmt" count="2"/>
        <line num="186" type="stmt" count="2"/>
        <line num="188" type="stmt" count="2"/>
        <line num="189" type="stmt" count="2"/>
        <line num="190" type="stmt" count="2"/>
        <line num="191" type="stmt" count="2"/>
        <line num="192" type="stmt" count="2"/>
        <line num="193" type="stmt" count="2"/>
        <line num="194" type="stmt" count="2"/>
        <line num="195" type="stmt" count="2"/>
        <line num="196" type="stmt" count="2"/>
        <line num="199" type="stmt" count="2"/>
        <line num="200" type="stmt" count="1"/>
        <line num="201" type="stmt" count="1"/>
        <line num="202" type="stmt" count="1"/>
        <line num="203" type="stmt" count="1"/>
        <line num="205" type="stmt" count="1"/>
        <line num="208" type="stmt" count="1"/>
        <metrics loc="211" ncloc="144" classes="1" methods="4" coveredmethods="4" conditionals="0" coveredconditionals="0" statements="67" coveredstatements="67" elements="71" coveredelements="71"/>
      </file>
      <file name="/home/runner/work/dev-tools/dev-tools/src/Console/Command/RefactorCommand.php">
        <class name="FastForward\DevTools\Console\Command\RefactorCommand" namespace="FastForward\DevTools\Console\Command">
          <metrics complexity="4" methods="3" coveredmethods="3" conditionals="0" coveredconditionals="0" statements="24" coveredstatements="24" elements="27" coveredelements="27"/>
        </class>
        <line num="55" type="method" name="__construct" visibility="public" complexity="1" crap="1" count="4"/>
        <line num="60" type="stmt" count="4"/>
        <line num="71" type="method" name="configure" visibility="protected" complexity="1" crap="1" count="4"/>
        <line num="73" type="stmt" count="4"/>
        <line num="74" type="stmt" count="4"/>
        <line num="75" type="stmt" count="4"/>
        <line num="76" type="stmt" count="4"/>
        <line num="77" type="stmt" count="4"/>
        <line num="78" type="stmt" count="4"/>
        <line num="79" type="stmt" count="4"/>
        <line num="80" type="stmt" count="4"/>
        <line num="81" type="stmt" count="4"/>
        <line num="82" type="stmt" count="4"/>
        <line num="83" type="stmt" count="4"/>
        <line num="84" type="stmt" count="4"/>
        <line num="85" type="stmt" count="4"/>
        <line num="86" type="stmt" count="4"/>
        <line num="100" type="method" name="execute" visibility="protected" complexity="2" crap="2" count="2"/>
        <line num="102" type="stmt" count="2"/>
        <line num="104" type="stmt" count="2"/>
        <line num="105" type="stmt" count="2"/>
        <line num="106" type="stmt" count="2"/>
        <line num="107" type="stmt" count="2"/>
        <line num="109" type="stmt" count="2"/>
        <line num="110" type="stmt" count="1"/>
        <line num="113" type="stmt" count="2"/>
        <line num="115" type="stmt" count="2"/>
        <metrics loc="118" ncloc="71" classes="1" methods="3" coveredmethods="3" conditionals="0" coveredconditionals="0" statements="24" coveredstatements="24" elements="27" coveredelements="27"/>
      </file>
      <file name="/home/runner/work/dev-tools/dev-tools/src/Console/Command/ReportsCommand.php">
        <class name="FastForward\DevTools\Console\Command\ReportsCommand" namespace="FastForward\DevTools\Console\Command">
          <metrics complexity="3" methods="3" coveredmethods="3" conditionals="0" coveredconditionals="0" statements="29" coveredstatements="29" elements="32" coveredelements="32"/>
        </class>
        <line num="47" type="method" name="__construct" visibility="public" complexity="1" crap="1" count="3"/>
        <line num="51" type="stmt" count="3"/>
        <line num="57" type="method" name="configure" visibility="protected" complexity="1" crap="1" count="3"/>
        <line num="59" type="stmt" count="3"/>
        <line num="60" type="stmt" count="3"/>
        <line num="61" type="stmt" count="3"/>
        <line num="62" type="stmt" count="3"/>
        <line num="63" type="stmt" count="3"/>
        <line num="64" type="stmt" count="3"/>
        <line num="65" type="stmt" count="3"/>
        <line num="66" type="stmt" count="3"/>
        <line num="67" type="stmt" count="3"/>
        <line num="68" type="stmt" count="3"/>
        <line num="69" type="stmt" count="3"/>
        <line num="70" type="stmt" count="3"/>
        <line num="71" type="stmt" count="3"/>
        <line num="72" type="stmt" count="3"/>
        <line num="86" type="method" name="execute" visibility="protected" complexity="1" crap="1" count="1"/>
        <line num="88" type="stmt" count="1"/>
        <line num="90" type="stmt" count="1"/>
        <line num="91" type="stmt" count="1"/>
        <line num="92" type="stmt" count="1"/>
        <line num="93" type="stmt" count="1"/>
        <line num="95" type="stmt" count="1"/>
        <line num="96" type="stmt" count="1"/>
        <line num="97" type="stmt" count="1"/>
        <line num="98" type="stmt" count="1"/>
        <line num="99" type="stmt" count="1"/>
        <line num="100" type="stmt" count="1"/>
        <line num="102" type="stmt" count="1"/>
        <line num="103" type="stmt" count="1"/>
        <line num="105" type="stmt" count="1"/>
        <metrics loc="108" ncloc="70" classes="1" methods="3" coveredmethods="3" conditionals="0" coveredconditionals="0" statements="29" coveredstatements="29" elements="32" coveredelements="32"/>
      </file>
      <file name="/home/runner/work/dev-tools/dev-tools/src/Console/Command/SkillsCommand.php">
        <class name="FastForward\DevTools\Console\Command\SkillsCommand" namespace="FastForward\DevTools\Console\Command">
          <metrics complexity="5" methods="2" coveredmethods="2" conditionals="0" coveredconditionals="0" statements="17" coveredstatements="17" elements="19" coveredelements="19"/>
        </class>
        <line num="60" type="method" name="__construct" visibility="public" complexity="1" crap="1" count="4"/>
        <line num="64" type="stmt" count="4"/>
        <line num="88" type="method" name="execute" visibility="protected" complexity="4" crap="4" count="3"/>
        <line num="90" type="stmt" count="3"/>
        <line num="92" type="stmt" count="3"/>
        <line num="93" type="stmt" count="3"/>
        <line num="95" type="stmt" count="3"/>
        <line num="96" type="stmt" count="1"/>
        <line num="98" type="stmt" count="1"/>
        <line num="101" type="stmt" count="2"/>
        <line num="102" type="stmt" count="1"/>
        <line num="103" type="stmt" count="1"/>
        <line num="106" type="stmt" count="2"/>
        <line num="108" type="stmt" count="2"/>
        <line num="110" type="stmt" count="2"/>
        <line num="111" type="stmt" count="1"/>
        <line num="113" type="stmt" count="1"/>
        <line num="116" type="stmt" count="1"/>
        <line num="118" type="stmt" count="1"/>
        <metrics loc="121" ncloc="62" classes="1" methods="2" coveredmethods="2" conditionals="0" coveredconditionals="0" statements="17" coveredstatements="17" elements="19" coveredelements="19"/>
      </file>
      <file name="/home/runner/work/dev-tools/dev-tools/src/Console/Command/StandardsCommand.php">
        <class name="FastForward\DevTools\Console\Command\StandardsCommand" namespace="FastForward\DevTools\Console\Command">
          <metrics complexity="5" methods="3" coveredmethods="3" conditionals="0" coveredconditionals="0" statements="18" coveredstatements="18" elements="21" coveredelements="21"/>
        </class>
        <line num="48" type="method" name="configure" visibility="protected" complexity="1" crap="1" count="3"/>
        <line num="50" type="stmt" count="3"/>
        <line num="51" type="stmt" count="3"/>
        <line num="52" type="stmt" count="3"/>
        <line num="53" type="stmt" count="3"/>
        <line num="54" type="stmt" count="3"/>
        <line num="55" type="stmt" count="3"/>
        <line num="56" type="stmt" count="3"/>
        <line num="70" type="method" name="execute" visibility="protected" complexity="3" crap="3" count="2"/>
        <line num="72" type="stmt" count="2"/>
        <line num="74" type="stmt" count="2"/>
        <line num="76" type="stmt" count="2"/>
        <line num="78" type="stmt" count="2"/>
        <line num="79" type="stmt" count="2"/>
        <line num="80" type="stmt" count="2"/>
        <line num="81" type="stmt" count="2"/>
        <line num="83" type="stmt" count="2"/>
        <line num="85" type="stmt" count="2"/>
        <line num="96" type="method" name="runCommand" visibility="private" complexity="1" crap="1" count="2"/>
        <line num="98" type="stmt" count="2"/>
        <line num="99" type="stmt" count="2"/>
        <metrics loc="102" ncloc="57" classes="1" methods="3" coveredmethods="3" conditionals="0" coveredconditionals="0" statements="18" coveredstatements="18" elements="21" coveredelements="21"/>
      </file>
      <file name="/home/runner/work/dev-tools/dev-tools/src/Console/Command/SyncCommand.php">
        <class name="FastForward\DevTools\Console\Command\SyncCommand" namespace="FastForward\DevTools\Console\Command">
          <metrics complexity="9" methods="5" coveredmethods="5" conditionals="0" coveredconditionals="0" statements="50" coveredstatements="50" elements="55" coveredelements="55"/>
        </class>
        <line num="47" type="method" name="__construct" visibility="public" complexity="1" crap="1" count="2"/>
        <line num="51" type="stmt" count="2"/>
        <line num="57" type="method" name="configure" visibility="protected" complexity="1" crap="1" count="2"/>
        <line num="59" type="stmt" count="2"/>
        <line num="60" type="stmt" count="2"/>
        <line num="61" type="stmt" count="2"/>
        <line num="62" type="stmt" count="2"/>
        <line num="63" type="stmt" count="2"/>
        <line num="64" type="stmt" count="2"/>
        <line num="65" type="stmt" count="2"/>
        <line num="76" type="method" name="execute" visibility="protected" complexity="4" crap="4" count="1"/>
        <line num="78" type="stmt" count="1"/>
        <line num="80" type="stmt" count="1"/>
        <line num="81" type="stmt" count="1"/>
        <line num="82" type="stmt" count="1"/>
        <line num="83" type="stmt" count="1"/>
        <line num="84" type="stmt" count="1"/>
        <line num="85" type="stmt" count="1"/>
        <line num="86" type="stmt" count="1"/>
        <line num="87" type="stmt" count="1"/>
        <line num="88" type="stmt" count="1"/>
        <line num="89" type="stmt" count="1"/>
        <line num="90" type="stmt" count="1"/>
        <line num="91" type="stmt" count="1"/>
        <line num="92" type="stmt" count="1"/>
        <line num="93" type="stmt" count="1"/>
        <line num="94" type="stmt" count="1"/>
        <line num="95" type="stmt" count="1"/>
        <line num="96" type="stmt" count="1"/>
        <line num="97" type="stmt" count="1"/>
        <line num="98" type="stmt" count="1"/>
        <line num="99" type="stmt" count="1"/>
        <line num="100" type="stmt" count="1"/>
        <line num="101" type="stmt" count="1"/>
        <line num="102" type="stmt" count="1"/>
        <line num="103" type="stmt" count="1"/>
        <line num="104" type="stmt" count="1"/>
        <line num="105" type="stmt" count="1"/>
        <line num="106" type="stmt" count="1"/>
        <line num="107" type="stmt" count="1"/>
        <line num="108" type="stmt" count="1"/>
        <line num="109" type="stmt" count="1"/>
        <line num="110" type="stmt" count="1"/>
        <line num="111" type="stmt" count="1"/>
        <line num="112" type="stmt" count="1"/>
        <line num="113" type="stmt" count="1"/>
        <line num="115" type="stmt" count="1"/>
        <line num="124" type="method" name="queueDevToolsCommand" visibility="private" complexity="2" crap="2" count="1"/>
        <line num="126" type="stmt" count="1"/>
        <line num="127" type="stmt" count="1"/>
        <line num="129" type="stmt" count="1"/>
        <line num="130" type="stmt" count="1"/>
        <line num="133" type="stmt" count="1"/>
        <line num="141" type="method" name="devToolsBinary" visibility="private" complexity="1" crap="1" count="1"/>
        <line num="143" type="stmt" count="1"/>
        <metrics loc="146" ncloc="101" classes="1" methods="5" coveredmethods="5" conditionals="0" coveredconditionals="0" statements="50" coveredstatements="50" elements="55" coveredelements="55"/>
      </file>
      <file name="/home/runner/work/dev-tools/dev-tools/src/Console/Command/TestsCommand.php">
        <class name="FastForward\DevTools\Console\Command\TestsCommand" namespace="FastForward\DevTools\Console\Command">
          <metrics complexity="27" methods="7" coveredmethods="4" conditionals="0" coveredconditionals="0" statements="137" coveredstatements="132" elements="144" coveredelements="136"/>
        </class>
        <line num="63" type="method" name="__construct" visibility="public" complexity="1" crap="1" count="12"/>
        <line num="71" type="stmt" count="12"/>
        <line num="82" type="method" name="configure" visibility="protected" complexity="1" crap="1" count="12"/>
        <line num="84" type="stmt" count="12"/>
        <line num="85" type="stmt" count="12"/>
        <line num="86" type="stmt" count="12"/>
        <line num="87" type="stmt" count="12"/>
        <line num="88" type="stmt" count="12"/>
        <line num="89" type="stmt" count="12"/>
        <line num="90" type="stmt" count="12"/>
        <line num="91" type="stmt" count="12"/>
        <line num="92" type="stmt" count="12"/>
        <line num="93" type="stmt" count="12"/>
        <line num="94" type="stmt" count="12"/>
        <line num="95" type="stmt" count="12"/>
        <line num="96" type="stmt" count="12"/>
        <line num="97" type="stmt" count="12"/>
        <line num="98" type="stmt" count="12"/>
        <line num="99" type="stmt" count="12"/>
        <line num="100" type="stmt" count="12"/>
        <line num="101" type="stmt" count="12"/>
        <line num="102" type="stmt" count="12"/>
        <line num="103" type="stmt" count="12"/>
        <line num="104" type="stmt" count="12"/>
        <line num="105" type="stmt" count="12"/>
        <line num="106" type="stmt" count="12"/>
        <line num="107" type="stmt" count="12"/>
        <line num="108" type="stmt" count="12"/>
        <line num="109" type="stmt" count="12"/>
        <line num="110" type="stmt" count="12"/>
        <line num="111" type="stmt" count="12"/>
        <line num="112" type="stmt" count="12"/>
        <line num="113" type="stmt" count="12"/>
        <line num="114" type="stmt" count="12"/>
        <line num="115" type="stmt" count="12"/>
        <line num="116" type="stmt" count="12"/>
        <line num="117" type="stmt" count="12"/>
        <line num="118" type="stmt" count="12"/>
        <line num="119" type="stmt" count="12"/>
        <line num="120" type="stmt" count="12"/>
        <line num="121" type="stmt" count="12"/>
        <line num="122" type="stmt" count="12"/>
        <line num="123" type="stmt" count="12"/>
        <line num="124" type="stmt" count="12"/>
        <line num="125" type="stmt" count="12"/>
        <line num="126" type="stmt" count="12"/>
        <line num="127" type="stmt" count="12"/>
        <line num="128" type="stmt" count="12"/>
        <line num="129" type="stmt" count="12"/>
        <line num="130" type="stmt" count="12"/>
        <line num="131" type="stmt" count="12"/>
        <line num="132" type="stmt" count="12"/>
        <line num="133" type="stmt" count="12"/>
        <line num="134" type="stmt" count="12"/>
        <line num="135" type="stmt" count="12"/>
        <line num="149" type="method" name="execute" visibility="protected" complexity="8" crap="8" count="10"/>
        <line num="151" type="stmt" count="10"/>
        <line num="154" type="stmt" count="10"/>
        <line num="155" type="stmt" count="1"/>
        <line num="156" type="stmt" count="1"/>
        <line num="158" type="stmt" count="1"/>
        <line num="161" type="stmt" count="9"/>
        <line num="162" type="stmt" count="9"/>
        <line num="163" type="stmt" count="9"/>
        <line num="164" type="stmt" count="9"/>
        <line num="165" type="stmt" count="9"/>
        <line num="166" type="stmt" count="9"/>
        <line num="167" type="stmt" count="9"/>
        <line num="169" type="stmt" count="9"/>
        <line num="170" type="stmt" count="1"/>
        <line num="173" type="stmt" count="9"/>
        <line num="174" type="stmt" count="9"/>
        <line num="175" type="stmt" count="9"/>
        <line num="176" type="stmt" count="9"/>
        <line num="177" type="stmt" count="9"/>
        <line num="180" type="stmt" count="9"/>
        <line num="181" type="stmt" count="9"/>
        <line num="182" type="stmt" count="9"/>
        <line num="183" type="stmt" count="9"/>
        <line num="184" type="stmt" count="9"/>
        <line num="186" type="stmt" count="9"/>
        <line num="187" type="stmt" count="0"/>
        <line num="190" type="stmt" count="9"/>
        <line num="191" type="stmt" count="9"/>
        <line num="192" type="stmt" count="9"/>
        <line num="193" type="stmt" count="9"/>
        <line num="194" type="stmt" count="9"/>
        <line num="196" type="stmt" count="9"/>
        <line num="198" type="stmt" count="9"/>
        <line num="199" type="stmt" count="6"/>
        <line num="202" type="stmt" count="3"/>
        <line num="216" type="method" name="resolvePath" visibility="private" complexity="1" crap="1" count="9"/>
        <line num="218" type="stmt" count="9"/>
        <line num="226" type="method" name="resolveMinimumCoverage" visibility="private" complexity="5" crap="5.03" count="10"/>
        <line num="228" type="stmt" count="10"/>
        <line num="230" type="stmt" count="10"/>
        <line num="231" type="stmt" count="6"/>
        <line num="234" type="stmt" count="4"/>
        <line num="235" type="stmt" count="1"/>
        <line num="238" type="stmt" count="3"/>
        <line num="240" type="stmt" count="3"/>
        <line num="241" type="stmt" count="0"/>
        <line num="244" type="stmt" count="3"/>
        <line num="254" type="method" name="configureCoverageArguments" visibility="private" complexity="7" crap="7" count="9"/>
        <line num="259" type="stmt" count="9"/>
        <line num="261" type="stmt" count="9"/>
        <line num="262" type="stmt" count="4"/>
        <line num="265" type="stmt" count="5"/>
        <line num="266" type="stmt" count="3"/>
        <line num="267" type="stmt" count="2"/>
        <line num="269" type="stmt" count="5"/>
        <line num="270" type="stmt" count="5"/>
        <line num="271" type="stmt" count="5"/>
        <line num="272" type="stmt" count="5"/>
        <line num="273" type="stmt" count="5"/>
        <line num="276" type="stmt" count="5"/>
        <line num="277" type="stmt" count="3"/>
        <line num="278" type="stmt" count="3"/>
        <line num="279" type="stmt" count="3"/>
        <line num="280" type="stmt" count="3"/>
        <line num="281" type="stmt" count="3"/>
        <line num="283" type="stmt" count="3"/>
        <line num="284" type="stmt" count="1"/>
        <line num="288" type="stmt" count="5"/>
        <line num="289" type="stmt" count="5"/>
        <line num="291" type="stmt" count="5"/>
        <line num="301" type="method" name="validateMinimumCoverage" visibility="private" complexity="4" crap="4.09" count="3"/>
        <line num="307" type="stmt" count="3"/>
        <line num="308" type="stmt" count="0"/>
        <line num="309" type="stmt" count="0"/>
        <line num="311" type="stmt" count="0"/>
        <line num="314" type="stmt" count="3"/>
        <line num="315" type="stmt" count="3"/>
        <line num="316" type="stmt" count="3"/>
        <line num="317" type="stmt" count="3"/>
        <line num="318" type="stmt" count="3"/>
        <line num="319" type="stmt" count="3"/>
        <line num="320" type="stmt" count="3"/>
        <line num="321" type="stmt" count="3"/>
        <line num="323" type="stmt" count="3"/>
        <line num="324" type="stmt" count="2"/>
        <line num="326" type="stmt" count="2"/>
        <line num="329" type="stmt" count="1"/>
        <line num="331" type="stmt" count="1"/>
        <metrics loc="334" ncloc="256" classes="1" methods="7" coveredmethods="4" conditionals="0" coveredconditionals="0" statements="137" coveredstatements="132" elements="144" coveredelements="136"/>
      </file>
      <file name="/home/runner/work/dev-tools/dev-tools/src/Console/Command/UpdateComposerJsonCommand.php">
        <class name="FastForward\DevTools\Console\Command\UpdateComposerJsonCommand" namespace="FastForward\DevTools\Console\Command">
          <metrics complexity="8" methods="4" coveredmethods="3" conditionals="0" coveredconditionals="0" statements="29" coveredstatements="27" elements="33" coveredelements="30"/>
        </class>
        <line num="53" type="method" name="__construct" visibility="public" complexity="1" crap="1" count="5"/>
        <line num="58" type="stmt" count="5"/>
        <line num="64" type="method" name="configure" visibility="protected" complexity="1" crap="1" count="5"/>
        <line num="66" type="stmt" count="5"/>
        <line num="67" type="stmt" count="5"/>
        <line num="68" type="stmt" count="5"/>
        <line num="69" type="stmt" count="5"/>
        <line num="70" type="stmt" count="5"/>
        <line num="71" type="stmt" count="5"/>
        <line num="72" type="stmt" count="5"/>
        <line num="73" type="stmt" count="5"/>
        <line num="84" type="method" name="execute" visibility="protected" complexity="5" crap="5.05" count="4"/>
        <line num="86" type="stmt" count="4"/>
        <line num="88" type="stmt" count="4"/>
        <line num="89" type="stmt" count="0"/>
        <line num="91" type="stmt" count="0"/>
        <line num="94" type="stmt" count="4"/>
        <line num="95" type="stmt" count="4"/>
        <line num="97" type="stmt" count="4"/>
        <line num="98" type="stmt" count="4"/>
        <line num="101" type="stmt" count="4"/>
        <line num="102" type="stmt" count="1"/>
        <line num="105" type="stmt" count="4"/>
        <line num="106" type="stmt" count="4"/>
        <line num="107" type="stmt" count="4"/>
        <line num="109" type="stmt" count="4"/>
        <line num="110" type="stmt" count="4"/>
        <line num="112" type="stmt" count="4"/>
        <line num="120" type="method" name="scripts" visibility="private" complexity="1" crap="1" count="4"/>
        <line num="122" type="stmt" count="4"/>
        <line num="123" type="stmt" count="4"/>
        <line num="124" type="stmt" count="4"/>
        <line num="125" type="stmt" count="4"/>
        <metrics loc="128" ncloc="88" classes="1" methods="4" coveredmethods="3" conditionals="0" coveredconditionals="0" statements="29" coveredstatements="27" elements="33" coveredelements="30"/>
      </file>
      <file name="/home/runner/work/dev-tools/dev-tools/src/Console/Command/WikiCommand.php">
        <class name="FastForward\DevTools\Console\Command\WikiCommand" namespace="FastForward\DevTools\Console\Command">
          <metrics complexity="9" methods="5" coveredmethods="3" conditionals="0" coveredconditionals="0" statements="58" coveredstatements="40" elements="63" coveredelements="43"/>
        </class>
        <line num="55" type="method" name="__construct" visibility="public" complexity="1" crap="1" count="6"/>
        <line num="61" type="stmt" count="6"/>
        <line num="72" type="method" name="configure" visibility="protected" complexity="1" crap="1" count="6"/>
        <line num="74" type="stmt" count="6"/>
        <line num="75" type="stmt" count="6"/>
        <line num="76" type="stmt" count="6"/>
        <line num="77" type="stmt" count="6"/>
        <line num="78" type="stmt" count="6"/>
        <line num="79" type="stmt" count="6"/>
        <line num="80" type="stmt" count="6"/>
        <line num="81" type="stmt" count="6"/>
        <line num="82" type="stmt" count="6"/>
        <line num="83" type="stmt" count="6"/>
        <line num="84" type="stmt" count="6"/>
        <line num="85" type="stmt" count="6"/>
        <line num="86" type="stmt" count="6"/>
        <line num="87" type="stmt" count="6"/>
        <line num="88" type="stmt" count="6"/>
        <line num="89" type="stmt" count="6"/>
        <line num="90" type="stmt" count="6"/>
        <line num="91" type="stmt" count="6"/>
        <line num="92" type="stmt" count="6"/>
        <line num="106" type="method" name="execute" visibility="protected" complexity="4" crap="4" count="4"/>
        <line num="108" type="stmt" count="4"/>
        <line num="109" type="stmt" count="1"/>
        <line num="112" type="stmt" count="3"/>
        <line num="114" type="stmt" count="3"/>
        <line num="115" type="stmt" count="3"/>
        <line num="116" type="stmt" count="3"/>
        <line num="117" type="stmt" count="3"/>
        <line num="118" type="stmt" count="3"/>
        <line num="119" type="stmt" count="3"/>
        <line num="121" type="stmt" count="3"/>
        <line num="123" type="stmt" count="3"/>
        <line num="124" type="stmt" count="3"/>
        <line num="127" type="stmt" count="3"/>
        <line num="128" type="stmt" count="3"/>
        <line num="131" type="stmt" count="3"/>
        <line num="133" type="stmt" count="3"/>
        <line num="144" type="method" name="initializeWikiSubmodule" visibility="private" complexity="2" crap="3.58" count="1"/>
        <line num="146" type="stmt" count="1"/>
        <line num="148" type="stmt" count="1"/>
        <line num="149" type="stmt" count="1"/>
        <line num="151" type="stmt" count="1"/>
        <line num="154" type="stmt" count="0"/>
        <line num="155" type="stmt" count="0"/>
        <line num="157" type="stmt" count="0"/>
        <line num="158" type="stmt" count="0"/>
        <line num="159" type="stmt" count="0"/>
        <line num="160" type="stmt" count="0"/>
        <line num="161" type="stmt" count="0"/>
        <line num="162" type="stmt" count="0"/>
        <line num="163" type="stmt" count="0"/>
        <line num="164" type="stmt" count="0"/>
        <line num="166" type="stmt" count="0"/>
        <line num="174" type="method" name="getGitRepositoryUrl" visibility="private" complexity="1" crap="2" count="0"/>
        <line num="176" type="stmt" count="0"/>
        <line num="177" type="stmt" count="0"/>
        <line num="178" type="stmt" count="0"/>
[...]
          <metrics complexity="2" methods="1" coveredmethods="1" conditionals="0" coveredconditionals="0" statements="3" coveredstatements="3" elements="4" coveredelements="4"/>
        </class>
        <line num="59" type="method" name="__construct" visibility="public" complexity="1" crap="1" count="2"/>
        <line num="64" type="stmt" count="2"/>
        <line num="65" type="stmt" count="2"/>
        <line num="66" type="stmt" count="2"/>
        <metrics loc="97" ncloc="40" classes="1" methods="1" coveredmethods="1" conditionals="0" coveredconditionals="0" statements="3" coveredstatements="3" elements="4" coveredelements="4"/>
      </file>
    </package>
    <package name="FastForward\DevTools\Process">
      <file name="/home/runner/work/dev-tools/dev-tools/src/Process/ProcessBuilder.php">
        <class name="FastForward\DevTools\Process\ProcessBuilder" namespace="FastForward\DevTools\Process">
          <metrics complexity="5" methods="4" coveredmethods="4" conditionals="0" coveredconditionals="0" statements="6" coveredstatements="6" elements="10" coveredelements="10"/>
        </class>
        <line num="42" type="method" name="__construct" visibility="public" complexity="1" crap="1" count="6"/>
        <line num="44" type="stmt" count="6"/>
        <line num="61" type="method" name="withArgument" visibility="public" complexity="2" crap="2" count="4"/>
        <line num="63" type="stmt" count="4"/>
        <line num="64" type="stmt" count="3"/>
        <line num="67" type="stmt" count="4"/>
        <line num="78" type="method" name="getArguments" visibility="public" complexity="1" crap="1" count="3"/>
        <line num="80" type="stmt" count="3"/>
        <line num="95" type="method" name="build" visibility="public" complexity="1" crap="1" count="2"/>
        <line num="97" type="stmt" count="2"/>
        <metrics loc="100" ncloc="35" classes="1" methods="4" coveredmethods="4" conditionals="0" coveredconditionals="0" statements="6" coveredstatements="6" elements="10" coveredelements="10"/>
      </file>
      <file name="/home/runner/work/dev-tools/dev-tools/src/Process/ProcessQueue.php">
        <class name="FastForward\DevTools\Process\ProcessQueue" namespace="FastForward\DevTools\Process">
          <metrics complexity="28" methods="8" coveredmethods="4" conditionals="0" coveredconditionals="0" statements="68" coveredstatements="60" elements="76" coveredelements="64"/>
        </class>
        <line num="70" type="method" name="__construct" visibility="public" complexity="1" crap="1.04" count="15"/>
        <line num="72" type="stmt" count="15"/>
        <line num="73" type="stmt" count="0"/>
        <line num="74" type="stmt" count="15"/>
        <line num="84" type="method" name="add" visibility="public" complexity="2" crap="2" count="14"/>
        <line num="87" type="stmt" count="14"/>
        <line num="88" type="stmt" count="14"/>
        <line num="92" type="stmt" count="14"/>
        <line num="93" type="stmt" count="14"/>
        <line num="94" type="stmt" count="14"/>
        <line num="95" type="stmt" count="14"/>
        <line num="96" type="stmt" count="14"/>
        <line num="112" type="method" name="run" visibility="public" complexity="9" crap="9" count="15"/>
        <line num="114" type="stmt" count="15"/>
        <line num="116" type="stmt" count="15"/>
        <line num="117" type="stmt" count="14"/>
        <line num="120" type="stmt" count="14"/>
        <line num="121" type="stmt" count="14"/>
        <line num="122" type="stmt" count="14"/>
        <line num="124" type="stmt" count="14"/>
        <line num="125" type="stmt" count="5"/>
        <line num="128" type="stmt" count="5"/>
        <line num="129" type="stmt" count="5"/>
        <line num="130" type="stmt" count="5"/>
        <line num="132" type="stmt" count="1"/>
        <line num="135" type="stmt" count="5"/>
        <line num="138" type="stmt" count="10"/>
        <line num="141" type="stmt" count="10"/>
        <line num="142" type="stmt" count="10"/>
        <line num="143" type="stmt" count="10"/>
        <line num="145" type="stmt" count="4"/>
        <line num="149" type="stmt" count="15"/>
        <line num="151" type="stmt" count="15"/>
        <line num="159" type="method" name="wait" visibility="public" complexity="3" crap="3.07" count="1"/>
        <line num="161" type="stmt" count="1"/>
        <line num="163" type="stmt" count="1"/>
        <line num="164" type="stmt" count="1"/>
        <line num="165" type="stmt" count="1"/>
        <line num="166" type="stmt" count="0"/>
        <line num="183" type="method" name="startDetachedProcess" visibility="private" complexity="2" crap="2" count="5"/>
        <line num="186" type="stmt" count="5"/>
        <line num="187" type="stmt" count="3"/>
        <line num="189" type="stmt" count="3"/>
        <line num="190" type="stmt" count="2"/>
        <line num="191" type="stmt" count="2"/>
        <line num="204" type="method" name="runBlockingProcess" visibility="private" complexity="2" crap="2" count="10"/>
        <line num="207" type="stmt" count="10"/>
        <line num="209" type="stmt" count="9"/>
        <line num="210" type="stmt" count="1"/>
        <line num="211" type="stmt" count="1"/>
        <line num="226" type="method" name="createOutputCallback" visibility="private" complexity="3" crap="3.47" count="14"/>
        <line num="228" type="stmt" count="14"/>
        <line num="230" type="stmt" count="1"/>
        <line num="231" type="stmt" count="1"/>
        <line num="233" type="stmt" count="0"/>
        <line num="234" type="stmt" count="0"/>
        <line num="236" type="stmt" count="0"/>
        <line num="239" type="stmt" count="1"/>
        <line num="240" type="stmt" count="14"/>
        <line num="254" type="method" name="drainDetachedProcessesOutput" visibility="private" complexity="6" crap="6.24" count="15"/>
        <line num="256" type="stmt" count="15"/>
        <line num="258" type="stmt" count="15"/>
        <line num="259" type="stmt" count="3"/>
        <line num="260" type="stmt" count="3"/>
        <line num="262" type="stmt" count="3"/>
        <line num="263" type="stmt" count="2"/>
        <line num="265" type="stmt" count="2"/>
        <line num="268" type="stmt" count="3"/>
        <line num="269" type="stmt" count="3"/>
        <line num="270" type="stmt" count="0"/>
        <line num="273" type="stmt" count="3"/>
        <line num="274" type="stmt" count="3"/>
        <line num="275" type="stmt" count="0"/>
        <line num="278" type="stmt" count="3"/>
        <line num="279" type="stmt" count="0"/>
        <line num="283" type="stmt" count="15"/>
        <metrics loc="286" ncloc="168" classes="1" methods="8" coveredmethods="4" conditionals="0" coveredconditionals="0" statements="68" coveredstatements="60" elements="76" coveredelements="64"/>
      </file>
    </package>
    <file name="/home/runner/work/dev-tools/dev-tools/src/Process/ProcessBuilderInterface.php">
      <metrics loc="61" ncloc="16" classes="0" methods="0" coveredmethods="0" conditionals="0" coveredconditionals="0" statements="0" coveredstatements="0" elements="0" coveredelements="0"/>
    </file>
    <file name="/home/runner/work/dev-tools/dev-tools/src/Process/ProcessQueueInterface.php">
      <metrics loc="115" ncloc="23" classes="0" methods="0" coveredmethods="0" conditionals="0" coveredconditionals="0" statements="0" coveredstatements="0" elements="0" coveredelements="0"/>
    </file>
    <package name="FastForward\DevTools\Psr\Clock">
      <file name="/home/runner/work/dev-tools/dev-tools/src/Psr/Clock/SystemClock.php">
        <class name="FastForward\DevTools\Psr\Clock\SystemClock" namespace="FastForward\DevTools\Psr\Clock">
          <metrics complexity="1" methods="1" coveredmethods="1" conditionals="0" coveredconditionals="0" statements="1" coveredstatements="1" elements="2" coveredelements="2"/>
        </class>
        <line num="37" type="method" name="now" visibility="public" complexity="1" crap="1" count="1"/>
        <line num="39" type="stmt" count="1"/>
        <metrics loc="42" ncloc="18" classes="1" methods="1" coveredmethods="1" conditionals="0" coveredconditionals="0" statements="1" coveredstatements="1" elements="2" coveredelements="2"/>
      </file>
    </package>
    <package name="FastForward\DevTools\Rector">
      <file name="/home/runner/work/dev-tools/dev-tools/src/Rector/AddMissingClassPhpDocRector.php">
        <class name="FastForward\DevTools\Rector\AddMissingClassPhpDocRector" namespace="FastForward\DevTools\Rector">
          <metrics complexity="6" methods="3" coveredmethods="3" conditionals="0" coveredconditionals="0" statements="19" coveredstatements="19" elements="22" coveredelements="22"/>
        </class>
        <line num="42" type="method" name="getRuleDefinition" visibility="public" complexity="1" crap="1" count="1"/>
        <line num="44" type="stmt" count="1"/>
        <line num="45" type="stmt" count="1"/>
        <line num="46" type="stmt" count="1"/>
        <line num="56" type="method" name="getNodeTypes" visibility="public" complexity="1" crap="1" count="1"/>
        <line num="58" type="stmt" count="1"/>
        <line num="72" type="method" name="refactor" visibility="public" complexity="4" crap="4" count="4"/>
        <line num="74" type="stmt" count="4"/>
        <line num="75" type="stmt" count="1"/>
        <line num="78" type="stmt" count="3"/>
        <line num="79" type="stmt" count="1"/>
        <line num="82" type="stmt" count="2"/>
        <line num="83" type="stmt" count="2"/>
        <line num="84" type="stmt" count="2"/>
        <line num="86" type="stmt" count="2"/>
        <line num="87" type="stmt" count="2"/>
        <line num="89" type="stmt" count="2"/>
        <line num="90" type="stmt" count="1"/>
        <line num="91" type="stmt" count="1"/>
        <line num="94" type="stmt" count="2"/>
        <line num="96" type="stmt" count="2"/>
        <line num="98" type="stmt" count="2"/>
        <metrics loc="101" ncloc="58" classes="1" methods="3" coveredmethods="3" conditionals="0" coveredconditionals="0" statements="19" coveredstatements="19" elements="22" coveredelements="22"/>
      </file>
      <file name="/home/runner/work/dev-tools/dev-tools/src/Rector/AddMissingMethodPhpDocRector.php">
        <class name="FastForward\DevTools\Rector\AddMissingMethodPhpDocRector" namespace="FastForward\DevTools\Rector">
          <metrics complexity="28" methods="6" coveredmethods="2" conditionals="0" coveredconditionals="0" statements="63" coveredstatements="56" elements="69" coveredelements="58"/>
        </class>
        <line num="52" type="method" name="getRuleDefinition" visibility="public" complexity="1" crap="1" count="1"/>
        <line num="54" type="stmt" count="1"/>
        <line num="55" type="stmt" count="1"/>
        <line num="56" type="stmt" count="1"/>
        <line num="66" type="method" name="getNodeTypes" visibility="public" complexity="1" crap="1" count="1"/>
        <line num="68" type="stmt" count="1"/>
        <line num="81" type="method" name="refactor" visibility="public" complexity="10" crap="10.06" count="8"/>
        <line num="83" type="stmt" count="8"/>
        <line num="84" type="stmt" count="1"/>
        <line num="87" type="stmt" count="7"/>
        <line num="89" type="stmt" count="7"/>
        <line num="90" type="stmt" count="1"/>
        <line num="93" type="stmt" count="6"/>
        <line num="94" type="stmt" count="6"/>
        <line num="95" type="stmt" count="4"/>
        <line num="97" type="stmt" count="4"/>
        <line num="98" type="stmt" count="0"/>
        <line num="101" type="stmt" count="4"/>
        <line num="104" type="stmt" count="6"/>
        <line num="105" type="stmt" count="6"/>
        <line num="106" type="stmt" count="4"/>
        <line num="109" type="stmt" count="6"/>
        <line num="112" type="stmt" count="6"/>
        <line num="113" type="stmt" count="2"/>
        <line num="114" type="stmt" count="2"/>
        <line num="117" type="stmt" count="2"/>
        <line num="120" type="stmt" count="6"/>
        <line num="121" type="stmt" count="0"/>
        <line num="124" type="stmt" count="6"/>
        <line num="126" type="stmt" count="6"/>
        <line num="128" type="stmt" count="6"/>
        <line num="141" type="method" name="resolveThrows" visibility="private" complexity="5" crap="5.01" count="6"/>
        <line num="143" type="stmt" count="6"/>
        <line num="144" type="stmt" count="0"/>
        <line num="147" type="stmt" count="6"/>
        <line num="150" type="stmt" count="6"/>
        <line num="152" type="stmt" count="6"/>
        <line num="154" type="stmt" count="6"/>
        <line num="155" type="stmt" count="3"/>
        <line num="157" type="stmt" count="3"/>
        <line num="158" type="stmt" count="1"/>
        <line num="161" type="stmt" count="3"/>
        <line num="162" type="stmt" count="1"/>
        <line num="165" type="stmt" count="2"/>
        <line num="168" type="stmt" count="6"/>
        <line num="180" type="method" name="resolveNameToString" visibility="private" complexity="2" crap="2.06" count="2"/>
        <line num="182" type="stmt" count="2"/>
        <line num="184" type="stmt" count="2"/>
        <line num="185" type="stmt" count="0"/>
        <line num="188" type="stmt" count="2"/>
        <line num="200" type="method" name="resolveTypeToString" visibility="private" complexity="9" crap="9.37" count="6"/>
        <line num="202" type="stmt" count="6"/>
        <line num="203" type="stmt" count="3"/>
        <line num="206" type="stmt" count="4"/>
        <line num="207" type="stmt" count="0"/>
        <line num="210" type="stmt" count="4"/>
        <line num="211" type="stmt" count="3"/>
        <line num="214" type="stmt" count="3"/>
        <line num="215" type="stmt" count="3"/>
        <line num="217" type="stmt" count="3"/>
        <line num="218" type="stmt" count="0"/>
        <line num="221" type="stmt" count="3"/>
        <line num="224" type="stmt" count="3"/>
        <line num="225" type="stmt" count="1"/>
        <line num="228" type="stmt" count="3"/>
        <line num="229" type="stmt" count="2"/>
        <line num="232" type="stmt" count="3"/>
        <line num="233" type="stmt" count="3"/>
        <line num="236" type="stmt" count="0"/>
        <metrics loc="239" ncloc="167" classes="1" methods="6" coveredmethods="2" conditionals="0" coveredconditionals="0" statements="63" coveredstatements="56" elements="69" coveredelements="58"/>
      </file>
      <file name="/home/runner/work/dev-tools/dev-tools/src/Rector/RemoveEmptyDocBlockRector.php">
        <class name="FastForward\DevTools\Rector\RemoveEmptyDocBlockRector" namespace="FastForward\DevTools\Rector">
          <metrics complexity="16" methods="4" coveredmethods="3" conditionals="0" coveredconditionals="0" statements="39" coveredstatements="38" elements="43" coveredelements="41"/>
        </class>
        <line num="46" type="method" name="getRuleDefinition" visibility="public" complexity="1" crap="1" count="1"/>
        <line num="48" type="stmt" count="1"/>
        <line num="49" type="stmt" count="1"/>
        <line num="50" type="stmt" count="1"/>
        <line num="60" type="method" name="getNodeTypes" visibility="public" complexity="1" crap="1" count="1"/>
        <line num="62" type="stmt" count="1"/>
        <line num="75" type="method" name="refactor" visibility="public" complexity="7" crap="7" count="7"/>
        <line num="77" type="stmt" count="7"/>
        <line num="78" type="stmt" count="2"/>
        <line num="81" type="stmt" count="5"/>
        <line num="83" type="stmt" count="5"/>
        <line num="84" type="stmt" count="1"/>
        <line num="87" type="stmt" count="4"/>
        <line num="88" type="stmt" count="1"/>
        <line num="91" type="stmt" count="3"/>
        <line num="93" type="stmt" count="3"/>
        <line num="94" type="stmt" count="3"/>
        <line num="95" type="stmt" count="3"/>
        <line num="98" type="stmt" count="1"/>
        <line num="101" type="stmt" count="3"/>
        <line num="102" type="stmt" count="3"/>
        <line num="103" type="stmt" count="3"/>
        <line num="104" type="stmt" count="3"/>
        <line num="106" type="stmt" count="3"/>
        <line num="118" type="method" name="isEmptyDocBlock" visibility="private" complexity="7" crap="7.01" count="4"/>
        <line num="120" type="stmt" count="4"/>
        <line num="122" type="stmt" count="4"/>
        <line num="123" type="stmt" count="0"/>
        <line num="126" type="stmt" count="4"/>
        <line num="127" type="stmt" count="4"/>
        <line num="128" type="stmt" count="4"/>
        <line num="129" type="stmt" count="3"/>
        <line num="132" type="stmt" count="4"/>
        <line num="133" type="stmt" count="2"/>
        <line num="136" type="stmt" count="4"/>
        <line num="137" type="stmt" count="2"/>
        <line num="140" type="stmt" count="2"/>
        <line num="141" type="stmt" count="2"/>
        <line num="142" type="stmt" count="2"/>
        <line num="143" type="stmt" count="2"/>
        <line num="145" type="stmt" count="2"/>
        <line num="146" type="stmt" count="1"/>
        <line num="150" type="stmt" count="3"/>
        <metrics loc="153" ncloc="102" classes="1" methods="4" coveredmethods="3" conditionals="0" coveredconditionals="0" statements="39" coveredstatements="38" elements="43" coveredelements="41"/>
      </file>
    </package>
    <package name="FastForward\DevTools\ServiceProvider">
      <file name="/home/runner/work/dev-tools/dev-tools/src/ServiceProvider/DevToolsServiceProvider.php">
        <class name="FastForward\DevTools\ServiceProvider\DevToolsServiceProvider" namespace="FastForward\DevTools\ServiceProvider">
          <metrics complexity="2" methods="2" coveredmethods="2" conditionals="0" coveredconditionals="0" statements="26" coveredstatements="26" elements="28" coveredelements="28"/>
        </class>
        <line num="85" type="method" name="getFactories" visibility="public" complexity="1" crap="1" count="1"/>
        <line num="87" type="stmt" count="1"/>
        <line num="89" type="stmt" count="1"/>
        <line num="90" type="stmt" count="1"/>
        <line num="93" type="stmt" count="1"/>
        <line num="94" type="stmt" count="1"/>
        <line num="97" type="stmt" count="1"/>
        <line num="100" type="stmt" count="1"/>
        <line num="103" type="stmt" count="1"/>
        <line num="104" type="stmt" count="1"/>
        <line num="107" type="stmt" count="1"/>
        <line num="108" type="stmt" count="1"/>
        <line num="111" type="stmt" count="1"/>
        <line num="114" type="stmt" count="1"/>
        <line num="115" type="stmt" count="1"/>
        <line num="116" type="stmt" count="1"/>
        <line num="119" type="stmt" count="1"/>
        <line num="120" type="stmt" count="1"/>
        <line num="121" type="stmt" count="1"/>
        <line num="122" type="stmt" count="1"/>
        <line num="123" type="stmt" count="1"/>
        <line num="124" type="stmt" count="1"/>
        <line num="127" type="stmt" count="1"/>
        <line num="128" type="stmt" count="1"/>
        <line num="131" type="stmt" count="1"/>
        <line num="132" type="stmt" count="1"/>
        <line num="138" type="method" name="getExtensions" visibility="public" complexity="1" crap="1" count="1"/>
        <line num="140" type="stmt" count="1"/>
        <metrics loc="143" ncloc="106" classes="1" methods="2" coveredmethods="2" conditionals="0" coveredconditionals="0" statements="26" coveredstatements="26" elements="28" coveredelements="28"/>
      </file>
    </package>
    <metrics files="79" loc="9600" ncloc="4976" classes="55" methods="230" coveredmethods="191" conditionals="0" coveredconditionals="0" statements="1609" coveredstatements="1492" elements="1839" coveredelements="1683"/>
  </project>
</coverage>
