<?xml version="1.0" encoding="UTF-8"?>
<testsuites>
  <testsuite name="CLI Arguments" tests="629" assertions="1853" errors="0" failures="0" skipped="0" time="2.947862">
    <testsuite name="FastForward\DevTools\Tests\Changelog\Checker\UnreleasedEntryCheckerTest" file="/home/runner/work/dev-tools/dev-tools/tests/Changelog/Checker/UnreleasedEntryCheckerTest.php" tests="8" assertions="36" errors="0" failures="0" skipped="0" time="0.968372">
      <testcase name="hasPendingChangesWillReturnFalseWhenTheFileCannotBeRead" file="/home/runner/work/dev-tools/dev-tools/tests/Changelog/Checker/UnreleasedEntryCheckerTest.php" line="87" class="FastForward\DevTools\Tests\Changelog\Checker\UnreleasedEntryCheckerTest" classname="FastForward.DevTools.Tests.Changelog.Checker.UnreleasedEntryCheckerTest" assertions="3" time="0.958552"/>
      <testcase name="hasPendingChangesWillReturnFalseWhenTheUnreleasedSectionIsEmpty" file="/home/runner/work/dev-tools/dev-tools/tests/Changelog/Checker/UnreleasedEntryCheckerTest.php" line="102" class="FastForward\DevTools\Tests\Changelog\Checker\UnreleasedEntryCheckerTest" classname="FastForward.DevTools.Tests.Changelog.Checker.UnreleasedEntryCheckerTest" assertions="4" time="0.003736"/>
      <testcase name="hasPendingChangesWillReturnTrueWhenUnreleasedSectionContainsEntries" file="/home/runner/work/dev-tools/dev-tools/tests/Changelog/Checker/UnreleasedEntryCheckerTest.php" line="120" class="FastForward\DevTools\Tests\Changelog\Checker\UnreleasedEntryCheckerTest" classname="FastForward.DevTools.Tests.Changelog.Checker.UnreleasedEntryCheckerTest" assertions="4" time="0.000858"/>
      <testcase name="hasPendingChangesWillCompareAgainstBaselineReference" file="/home/runner/work/dev-tools/dev-tools/tests/Changelog/Checker/UnreleasedEntryCheckerTest.php" line="138" class="FastForward\DevTools\Tests\Changelog\Checker\UnreleasedEntryCheckerTest" classname="FastForward.DevTools.Tests.Changelog.Checker.UnreleasedEntryCheckerTest" assertions="5" time="0.001129"/>
      <testcase name="hasPendingChangesWillReturnTrueWhenBaselineDoesNotContainNewEntries" file="/home/runner/work/dev-tools/dev-tools/tests/Changelog/Checker/UnreleasedEntryCheckerTest.php" line="160" class="FastForward\DevTools\Tests\Changelog\Checker\UnreleasedEntryCheckerTest" classname="FastForward.DevTools.Tests.Changelog.Checker.UnreleasedEntryCheckerTest" assertions="5" time="0.001031"/>
      <testcase name="hasPendingChangesWillIgnoreEntriesOnlyInheritedFromTheBaseBranch" file="/home/runner/work/dev-tools/dev-tools/tests/Changelog/Checker/UnreleasedEntryCheckerTest.php" line="182" class="FastForward\DevTools\Tests\Changelog\Checker\UnreleasedEntryCheckerTest" classname="FastForward.DevTools.Tests.Changelog.Checker.UnreleasedEntryCheckerTest" assertions="5" time="0.001037"/>
      <testcase name="hasPendingChangesWillStillDetectBranchSpecificEntriesAlongsideInheritedOnes" file="/home/runner/work/dev-tools/dev-tools/tests/Changelog/Checker/UnreleasedEntryCheckerTest.php" line="208" class="FastForward\DevTools\Tests\Changelog\Checker\UnreleasedEntryCheckerTest" classname="FastForward.DevTools.Tests.Changelog.Checker.UnreleasedEntryCheckerTest" assertions="5" time="0.001025"/>
      <testcase name="hasPendingChangesWillReturnTrueWhenTheBaselineCannotBeLoaded" file="/home/runner/work/dev-tools/dev-tools/tests/Changelog/Checker/UnreleasedEntryCheckerTest.php" line="235" class="FastForward\DevTools\Tests\Changelog\Checker\UnreleasedEntryCheckerTest" classname="FastForward.DevTools.Tests.Changelog.Checker.UnreleasedEntryCheckerTest" assertions="5" time="0.001004"/>
    </testsuite>
    <testsuite name="FastForward\DevTools\Tests\Changelog\Conflict\UnreleasedChangelogConflictResolverTest" file="/home/runner/work/dev-tools/dev-tools/tests/Changelog/Conflict/UnreleasedChangelogConflictResolverTest.php" tests="3" assertions="13" errors="0" failures="0" skipped="0" time="0.005491">
      <testcase name="resolveWillPreserveBothSidesOfUnreleasedDrift" file="/home/runner/work/dev-tools/dev-tools/tests/Changelog/Conflict/UnreleasedChangelogConflictResolverTest.php" line="73" class="FastForward\DevTools\Tests\Changelog\Conflict\UnreleasedChangelogConflictResolverTest" classname="FastForward.DevTools.Tests.Changelog.Conflict.UnreleasedChangelogConflictResolverTest" assertions="4" time="0.003155"/>
      <testcase name="resolveWillKeepBranchEntriesInCurrentUnreleasedAfterAReleaseMovedMain" file="/home/runner/work/dev-tools/dev-tools/tests/Changelog/Conflict/UnreleasedChangelogConflictResolverTest.php" line="114" class="FastForward\DevTools\Tests\Changelog\Conflict\UnreleasedChangelogConflictResolverTest" classname="FastForward.DevTools.Tests.Changelog.Conflict.UnreleasedChangelogConflictResolverTest" assertions="4" time="0.001014"/>
      <testcase name="resolveWillDeduplicateEntriesFromMultipleSources" file="/home/runner/work/dev-tools/dev-tools/tests/Changelog/Conflict/UnreleasedChangelogConflictResolverTest.php" line="156" class="FastForward\DevTools\Tests\Changelog\Conflict\UnreleasedChangelogConflictResolverTest" classname="FastForward.DevTools.Tests.Changelog.Conflict.UnreleasedChangelogConflictResolverTest" assertions="5" time="0.001322"/>
    </testsuite>
    <testsuite name="FastForward\DevTools\Tests\Changelog\DependabotChangelogEntryMessageResolverTest" file="/home/runner/work/dev-tools/dev-tools/tests/Changelog/DependabotChangelogEntryMessageResolverTest.php" tests="3" assertions="3" errors="0" failures="0" skipped="0" time="0.001692">
      <testcase name="resolveWillAppendThePullRequestNumberWhenTheTitleHasNoSuffix" file="/home/runner/work/dev-tools/dev-tools/tests/Changelog/DependabotChangelogEntryMessageResolverTest.php" line="34" class="FastForward\DevTools\Tests\Changelog\DependabotChangelogEntryMessageResolverTest" classname="FastForward.DevTools.Tests.Changelog.DependabotChangelogEntryMessageResolverTest" assertions="1" time="0.001054"/>
      <testcase name="resolveWillPreserveAnExistingPullRequestSuffix" file="/home/runner/work/dev-tools/dev-tools/tests/Changelog/DependabotChangelogEntryMessageResolverTest.php" line="48" class="FastForward\DevTools\Tests\Changelog\DependabotChangelogEntryMessageResolverTest" classname="FastForward.DevTools.Tests.Changelog.DependabotChangelogEntryMessageResolverTest" assertions="1" time="0.000342"/>
      <testcase name="resolveWillTrimTrailingPunctuationBeforeAppendingTheSuffix" file="/home/runner/work/dev-tools/dev-tools/tests/Changelog/DependabotChangelogEntryMessageResolverTest.php" line="62" class="FastForward\DevTools\Tests\Changelog\DependabotChangelogEntryMessageResolverTest" classname="FastForward.DevTools.Tests.Changelog.DependabotChangelogEntryMessageResolverTest" assertions="1" time="0.000296"/>
    </testsuite>
    <testsuite name="FastForward\DevTools\Tests\Changelog\Document\ChangelogDocumentTest" file="/home/runner/work/dev-tools/dev-tools/tests/Changelog/Document/ChangelogDocumentTest.php" tests="7" assertions="23" errors="0" failures="0" skipped="0" time="0.002948">
      <testcase name="withReleaseWillKeepTheUnreleasedSectionAtTheTop" file="/home/runner/work/dev-tools/dev-tools/tests/Changelog/Document/ChangelogDocumentTest.php" line="39" class="FastForward\DevTools\Tests\Changelog\Document\ChangelogDocumentTest" classname="FastForward.DevTools.Tests.Changelog.Document.ChangelogDocumentTest" assertions="1" time="0.000473"/>
      <testcase name="promoteUnreleasedWillMergeWithAnExistingPublishedVersion" file="/home/runner/work/dev-tools/dev-tools/tests/Changelog/Document/ChangelogDocumentTest.php" line="64" class="FastForward\DevTools\Tests\Changelog\Document\ChangelogDocumentTest" classname="FastForward.DevTools.Tests.Changelog.Document.ChangelogDocumentTest" assertions="5" time="0.000455"/>
      <testcase name="documentAccessorsWillResolveExpectedReleaseVariants" file="/home/runner/work/dev-tools/dev-tools/tests/Changelog/Document/ChangelogDocumentTest.php" line="91" class="FastForward\DevTools\Tests\Changelog\Document\ChangelogDocumentTest" classname="FastForward.DevTools.Tests.Changelog.Document.ChangelogDocumentTest" assertions="3" time="0.000424"/>
      <testcase name="getLatestPublishedReleaseWillReturnNullWhenOnlyUnreleasedExists" file="/home/runner/work/dev-tools/dev-tools/tests/Changelog/Document/ChangelogDocumentTest.php" line="104" class="FastForward\DevTools\Tests\Changelog\Document\ChangelogDocumentTest" classname="FastForward.DevTools.Tests.Changelog.Document.ChangelogDocumentTest" assertions="1" time="0.000398"/>
      <testcase name="withReleaseWillReplaceExistingVersionAndInsertUnreleasedAtTheTop" file="/home/runner/work/dev-tools/dev-tools/tests/Changelog/Document/ChangelogDocumentTest.php" line="113" class="FastForward\DevTools\Tests\Changelog\Document\ChangelogDocumentTest" classname="FastForward.DevTools.Tests.Changelog.Document.ChangelogDocumentTest" assertions="2" time="0.000431"/>
      <testcase name="promoteUnreleasedWillCreatePublishedReleaseWhenDocumentIsEmpty" file="/home/runner/work/dev-tools/dev-tools/tests/Changelog/Document/ChangelogDocumentTest.php" line="136" class="FastForward\DevTools\Tests\Changelog\Document\ChangelogDocumentTest" classname="FastForward.DevTools.Tests.Changelog.Document.ChangelogDocumentTest" assertions="2" time="0.000397"/>
      <testcase name="releaseHelpersWillNormalizeEntriesAndSupportImmutableMutators" file="/home/runner/work/dev-tools/dev-tools/tests/Changelog/Document/ChangelogDocumentTest.php" line="156" class="FastForward\DevTools\Tests\Changelog\Document\ChangelogDocumentTest" classname="FastForward.DevTools.Tests.Changelog.Document.ChangelogDocumentTest" assertions="9" time="0.000371"/>
    </testsuite>
    <testsuite name="FastForward\DevTools\Tests\Changelog\Entry\ChangelogEntryTypeTest" file="/home/runner/work/dev-tools/dev-tools/tests/Changelog/Entry/ChangelogEntryTypeTest.php" tests="3" assertions="5" errors="0" failures="0" skipped="0" time="0.000910">
      <testcase name="orderedWillReturnKeepAChangelogSectionOrder" file="/home/runner/work/dev-tools/dev-tools/tests/Changelog/Entry/ChangelogEntryTypeTest.php" line="35" class="FastForward\DevTools\Tests\Changelog\Entry\ChangelogEntryTypeTest" classname="FastForward.DevTools.Tests.Changelog.Entry.ChangelogEntryTypeTest" assertions="1" time="0.000322"/>
      <testcase name="fromInputWillNormalizeSupportedValues" file="/home/runner/work/dev-tools/dev-tools/tests/Changelog/Entry/ChangelogEntryTypeTest.php" line="54" class="FastForward\DevTools\Tests\Changelog\Entry\ChangelogEntryTypeTest" classname="FastForward.DevTools.Tests.Changelog.Entry.ChangelogEntryTypeTest" assertions="2" time="0.000290"/>
      <testcase name="fromInputWillRejectUnsupportedValues" file="/home/runner/work/dev-tools/dev-tools/tests/Changelog/Entry/ChangelogEntryTypeTest.php" line="64" class="FastForward\DevTools\Tests\Changelog\Entry\ChangelogEntryTypeTest" classname="FastForward.DevTools.Tests.Changelog.Entry.ChangelogEntryTypeTest" assertions="2" time="0.000297"/>
    </testsuite>
    <testsuite name="FastForward\DevTools\Tests\Changelog\Manager\ChangelogManagerTest" file="/home/runner/work/dev-tools/dev-tools/tests/Changelog/Manager/ChangelogManagerTest.php" tests="11" assertions="55" errors="0" failures="0" skipped="0" time="0.011650">
      <testcase name="addEntryWillCreateTheManagedChangelogWhenNeeded" file="/home/runner/work/dev-tools/dev-tools/tests/Changelog/Manager/ChangelogManagerTest.php" line="96" class="FastForward\DevTools\Tests\Changelog\Manager\ChangelogManagerTest" classname="FastForward.DevTools.Tests.Changelog.Manager.ChangelogManagerTest" assertions="4" time="0.002839"/>
      <testcase name="addEntryWillPreserveExistingReleaseDatesWhenNoNewDateIsProvided" file="/home/runner/work/dev-tools/dev-tools/tests/Changelog/Manager/ChangelogManagerTest.php" line="123" class="FastForward\DevTools\Tests\Changelog\Manager\ChangelogManagerTest" classname="FastForward.DevTools.Tests.Changelog.Manager.ChangelogManagerTest" assertions="6" time="0.000977"/>
      <testcase name="addEntryWillUpdateAnExistingReleaseDateWhenANewOneIsProvided" file="/home/runner/work/dev-tools/dev-tools/tests/Changelog/Manager/ChangelogManagerTest.php" line="169" class="FastForward\DevTools\Tests\Changelog\Manager\ChangelogManagerTest" classname="FastForward.DevTools.Tests.Changelog.Manager.ChangelogManagerTest" assertions="6" time="0.000938"/>
      <testcase name="promoteWillThrowWhenTheUnreleasedSectionIsEmpty" file="/home/runner/work/dev-tools/dev-tools/tests/Changelog/Manager/ChangelogManagerTest.php" line="221" class="FastForward\DevTools\Tests\Changelog\Manager\ChangelogManagerTest" classname="FastForward.DevTools.Tests.Changelog.Manager.ChangelogManagerTest" assertions="7" time="0.000975"/>
      <testcase name="promoteWillPersistThePublishedReleaseWhenUnreleasedEntriesExist" file="/home/runner/work/dev-tools/dev-tools/tests/Changelog/Manager/ChangelogManagerTest.php" line="247" class="FastForward\DevTools\Tests\Changelog\Manager\ChangelogManagerTest" classname="FastForward.DevTools.Tests.Changelog.Manager.ChangelogManagerTest" assertions="6" time="0.000987"/>
      <testcase name="inferNextVersionWillThrowWhenThereAreNoUnreleasedEntries" file="/home/runner/work/dev-tools/dev-tools/tests/Changelog/Manager/ChangelogManagerTest.php" line="295" class="FastForward\DevTools\Tests\Changelog\Manager\ChangelogManagerTest" classname="FastForward.DevTools.Tests.Changelog.Manager.ChangelogManagerTest" assertions="5" time="0.000862"/>
      <testcase name="inferNextVersionWillBumpMinorVersionsWhenAddedEntriesExist" file="/home/runner/work/dev-tools/dev-tools/tests/Changelog/Manager/ChangelogManagerTest.php" line="317" class="FastForward\DevTools\Tests\Changelog\Manager\ChangelogManagerTest" classname="FastForward.DevTools.Tests.Changelog.Manager.ChangelogManagerTest" assertions="4" time="0.000833"/>
      <testcase name="inferNextVersionWillBumpMajorVersionsWhenRemovedEntriesExist" file="/home/runner/work/dev-tools/dev-tools/tests/Changelog/Manager/ChangelogManagerTest.php" line="344" class="FastForward\DevTools\Tests\Changelog\Manager\ChangelogManagerTest" classname="FastForward.DevTools.Tests.Changelog.Manager.ChangelogManagerTest" assertions="4" time="0.000810"/>
      <testcase name="inferNextVersionWillBumpPatchVersionsWhenOnlyFixesExist" file="/home/runner/work/dev-tools/dev-tools/tests/Changelog/Manager/ChangelogManagerTest.php" line="371" class="FastForward\DevTools\Tests\Changelog\Manager\ChangelogManagerTest" classname="FastForward.DevTools.Tests.Changelog.Manager.ChangelogManagerTest" assertions="4" time="0.000788"/>
      <testcase name="renderReleaseNotesWillReturnTheRendererOutputForTheRequestedRelease" file="/home/runner/work/dev-tools/dev-tools/tests/Changelog/Manager/ChangelogManagerTest.php" line="398" class="FastForward\DevTools\Tests\Changelog\Manager\ChangelogManagerTest" classname="FastForward.DevTools.Tests.Changelog.Manager.ChangelogManagerTest" assertions="5" time="0.000841"/>
      <testcase name="renderReleaseNotesWillThrowWhenTheRequestedReleaseDoesNotExist" file="/home/runner/work/dev-tools/dev-tools/tests/Changelog/Manager/ChangelogManagerTest.php" line="429" class="FastForward\DevTools\Tests\Changelog\Manager\ChangelogManagerTest" classname="FastForward.DevTools.Tests.Changelog.Manager.ChangelogManagerTest" assertions="4" time="0.000800"/>
    </testsuite>
    <testsuite name="FastForward\DevTools\Tests\Changelog\Parser\ChangelogParserTest" file="/home/runner/work/dev-tools/dev-tools/tests/Changelog/Parser/ChangelogParserTest.php" tests="6" assertions="12" errors="0" failures="0" skipped="0" time="0.004098">
      <testcase name="parseWillExtractReleaseSectionsAndEntries" file="/home/runner/work/dev-tools/dev-tools/tests/Changelog/Parser/ChangelogParserTest.php" line="42" class="FastForward\DevTools\Tests\Changelog\Parser\ChangelogParserTest" classname="FastForward.DevTools.Tests.Changelog.Parser.ChangelogParserTest" assertions="3" time="0.001901"/>
      <testcase name="parseWillReturnDefaultDocumentForEmptyContents" file="/home/runner/work/dev-tools/dev-tools/tests/Changelog/Parser/ChangelogParserTest.php" line="78" class="FastForward\DevTools\Tests\Changelog\Parser\ChangelogParserTest" classname="FastForward.DevTools.Tests.Changelog.Parser.ChangelogParserTest" assertions="1" time="0.000441"/>
      <testcase name="parseWillReturnDefaultDocumentWhenNoReleaseHeadingsExist" file="/home/runner/work/dev-tools/dev-tools/tests/Changelog/Parser/ChangelogParserTest.php" line="92" class="FastForward\DevTools\Tests\Changelog\Parser\ChangelogParserTest" classname="FastForward.DevTools.Tests.Changelog.Parser.ChangelogParserTest" assertions="2" time="0.000461"/>
      <testcase name="parseWillIgnoreUnsupportedLinesAndDeduplicateEntriesWithinASection" file="/home/runner/work/dev-tools/dev-tools/tests/Changelog/Parser/ChangelogParserTest.php" line="104" class="FastForward\DevTools\Tests\Changelog\Parser\ChangelogParserTest" classname="FastForward.DevTools.Tests.Changelog.Parser.ChangelogParserTest" assertions="3" time="0.000461"/>
      <testcase name="parseWillTreatEmptyCategoryBodiesAsEmptyEntryLists" file="/home/runner/work/dev-tools/dev-tools/tests/Changelog/Parser/ChangelogParserTest.php" line="135" class="FastForward\DevTools\Tests\Changelog\Parser\ChangelogParserTest" classname="FastForward.DevTools.Tests.Changelog.Parser.ChangelogParserTest" assertions="2" time="0.000470"/>
      <testcase name="extractEntriesWillReturnEmptyArrayWhenCategoryHeadingIsMissing" file="/home/runner/work/dev-tools/dev-tools/tests/Changelog/Parser/ChangelogParserTest.php" line="155" class="FastForward\DevTools\Tests\Changelog\Parser\ChangelogParserTest" classname="FastForward.DevTools.Tests.Changelog.Parser.ChangelogParserTest" assertions="1" time="0.000363"/>
    </testsuite>
    <testsuite name="FastForward\DevTools\Tests\Changelog\Renderer\MarkdownRendererTest" file="/home/runner/work/dev-tools/dev-tools/tests/Changelog/Renderer/MarkdownRendererTest.php" tests="9" assertions="24" errors="0" failures="0" skipped="0" time="0.006071">
      <testcase name="renderWillGenerateChangelogWithHeaderAndUnreleasedSection" file="/home/runner/work/dev-tools/dev-tools/tests/Changelog/Renderer/MarkdownRendererTest.php" line="41" class="FastForward\DevTools\Tests\Changelog\Renderer\MarkdownRendererTest" classname="FastForward.DevTools.Tests.Changelog.Renderer.MarkdownRendererTest" assertions="4" time="0.002149"/>
      <testcase name="renderWillIncludePublishedSectionsAndReferences" file="/home/runner/work/dev-tools/dev-tools/tests/Changelog/Renderer/MarkdownRendererTest.php" line="55" class="FastForward\DevTools\Tests\Changelog\Renderer\MarkdownRendererTest" classname="FastForward.DevTools.Tests.Changelog.Renderer.MarkdownRendererTest" assertions="5" time="0.000602"/>
      <testcase name="renderReleaseBodyWillOmitTheReleaseHeading" file="/home/runner/work/dev-tools/dev-tools/tests/Changelog/Renderer/MarkdownRendererTest.php" line="85" class="FastForward\DevTools\Tests\Changelog\Renderer\MarkdownRendererTest" classname="FastForward.DevTools.Tests.Changelog.Renderer.MarkdownRendererTest" assertions="3" time="0.000459"/>
      <testcase name="renderWillOmitDanglingReleaseDateSeparatorsWhenDateIsMissing" file="/home/runner/work/dev-tools/dev-tools/tests/Changelog/Renderer/MarkdownRendererTest.php" line="101" class="FastForward\DevTools\Tests\Changelog\Renderer\MarkdownRendererTest" classname="FastForward.DevTools.Tests.Changelog.Renderer.MarkdownRendererTest" assertions="2" time="0.000474"/>
      <testcase name="renderWillNotInsertExtraBlankLinesBetweenRenderedSections" file="/home/runner/work/dev-tools/dev-tools/tests/Changelog/Renderer/MarkdownRendererTest.php" line="118" class="FastForward\DevTools\Tests\Changelog\Renderer\MarkdownRendererTest" classname="FastForward.DevTools.Tests.Changelog.Renderer.MarkdownRendererTest" assertions="2" time="0.000490"/>
      <testcase name="renderWillKeepOnlyOneBlankLineBetweenAnEmptyUnreleasedSectionAndTheNextRelease" file="/home/runner/work/dev-tools/dev-tools/tests/Changelog/Renderer/MarkdownRendererTest.php" line="136" class="FastForward\DevTools\Tests\Changelog\Renderer\MarkdownRendererTest" classname="FastForward.DevTools.Tests.Changelog.Renderer.MarkdownRendererTest" assertions="2" time="0.000460"/>
      <testcase name="renderWillOmitReferencesWhenRepositoryUrlIsMissingOrBlank" file="/home/runner/work/dev-tools/dev-tools/tests/Changelog/Renderer/MarkdownRendererTest.php" line="156" class="FastForward\DevTools\Tests\Changelog\Renderer\MarkdownRendererTest" classname="FastForward.DevTools.Tests.Changelog.Renderer.MarkdownRendererTest" assertions="2" time="0.000470"/>
      <testcase name="renderWillNormalizeSshRepositoryUrlsAndTrimTrailingGitSuffix" file="/home/runner/work/dev-tools/dev-tools/tests/Changelog/Renderer/MarkdownRendererTest.php" line="175" class="FastForward\DevTools\Tests\Changelog\Renderer\MarkdownRendererTest" classname="FastForward.DevTools.Tests.Changelog.Renderer.MarkdownRendererTest" assertions="2" time="0.000498"/>
      <testcase name="renderWillOmitReferencesWhenOnlyUnreleasedSectionExists" file="/home/runner/work/dev-tools/dev-tools/tests/Changelog/Renderer/MarkdownRendererTest.php" line="200" class="FastForward\DevTools\Tests\Changelog\Renderer\MarkdownRendererTest" classname="FastForward.DevTools.Tests.Changelog.Renderer.MarkdownRendererTest" assertions="2" time="0.000469"/>
    </testsuite>
    <testsuite name="FastForward\DevTools\Tests\CodeOwners\CodeOwnersGeneratorTest" file="/home/runner/work/dev-tools/dev-tools/tests/CodeOwners/CodeOwnersGeneratorTest.php" tests="10" assertions="15" errors="0" failures="0" skipped="0" time="0.016709">
      <testcase name="inferOwnersWillCollectGroupAndAuthorOwners" file="/home/runner/work/dev-tools/dev-tools/tests/CodeOwners/CodeOwnersGeneratorTest.php" line="91" class="FastForward\DevTools\Tests\CodeOwners\CodeOwnersGeneratorTest" classname="FastForward.DevTools.Tests.CodeOwners.CodeOwnersGeneratorTest" assertions="1" time="0.007811"/>
      <testcase name="inferGroupOwnerWillReturnRepositoryOwnerFromSupportSource" file="/home/runner/work/dev-tools/dev-tools/tests/CodeOwners/CodeOwnersGeneratorTest.php" line="109" class="FastForward\DevTools\Tests\CodeOwners\CodeOwnersGeneratorTest" classname="FastForward.DevTools.Tests.CodeOwners.CodeOwnersGeneratorTest" assertions="1" time="0.000759"/>
      <testcase name="inferOwnersWillIgnoreUnsupportedAuthorEntriesAndInvalidUrls" file="/home/runner/work/dev-tools/dev-tools/tests/CodeOwners/CodeOwnersGeneratorTest.php" line="121" class="FastForward\DevTools\Tests\CodeOwners\CodeOwnersGeneratorTest" classname="FastForward.DevTools.Tests.CodeOwners.CodeOwnersGeneratorTest" assertions="1" time="0.000770"/>
      <testcase name="inferGroupOwnerWillReturnNullWhenSupportSourceIsMissingOrInvalid" file="/home/runner/work/dev-tools/dev-tools/tests/CodeOwners/CodeOwnersGeneratorTest.php" line="139" class="FastForward\DevTools\Tests\CodeOwners\CodeOwnersGeneratorTest" classname="FastForward.DevTools.Tests.CodeOwners.CodeOwnersGeneratorTest" assertions="1" time="0.000690"/>
      <testcase name="generateWillRenderExplicitOwners" file="/home/runner/work/dev-tools/dev-tools/tests/CodeOwners/CodeOwnersGeneratorTest.php" line="151" class="FastForward\DevTools\Tests\CodeOwners\CodeOwnersGeneratorTest" classname="FastForward.DevTools.Tests.CodeOwners.CodeOwnersGeneratorTest" assertions="1" time="0.000687"/>
      <testcase name="generateWillRenderCommentedFallbackWhenOwnersCannotBeInferred" file="/home/runner/work/dev-tools/dev-tools/tests/CodeOwners/CodeOwnersGeneratorTest.php" line="163" class="FastForward\DevTools\Tests\CodeOwners\CodeOwnersGeneratorTest" classname="FastForward.DevTools.Tests.CodeOwners.CodeOwnersGeneratorTest" assertions="1" time="0.003188"/>
      <testcase name="generateWillRenderGroupOwnerWhenAuthorCannotBeInferred" file="/home/runner/work/dev-tools/dev-tools/tests/CodeOwners/CodeOwnersGeneratorTest.php" line="180" class="FastForward\DevTools\Tests\CodeOwners\CodeOwnersGeneratorTest" classname="FastForward.DevTools.Tests.CodeOwners.CodeOwnersGeneratorTest" assertions="1" time="0.000802"/>
      <testcase name="normalizeOwnersWillPreserveHandlesAndEmails" file="/home/runner/work/dev-tools/dev-tools/tests/CodeOwners/CodeOwnersGeneratorTest.php" line="194" class="FastForward\DevTools\Tests\CodeOwners\CodeOwnersGeneratorTest" classname="FastForward.DevTools.Tests.CodeOwners.CodeOwnersGeneratorTest" assertions="1" time="0.000685"/>
      <testcase name="normalizeOwnersWillDropEmptyTokensAndDeduplicateRepeatedOwners" file="/home/runner/work/dev-tools/dev-tools/tests/CodeOwners/CodeOwnersGeneratorTest.php" line="206" class="FastForward\DevTools\Tests\CodeOwners\CodeOwnersGeneratorTest" classname="FastForward.DevTools.Tests.CodeOwners.CodeOwnersGeneratorTest" assertions="1" time="0.000637"/>
      <testcase name="extractGitHubHelpersWillHandleSupportedAndUnsupportedUrls" file="/home/runner/work/dev-tools/dev-tools/tests/CodeOwners/CodeOwnersGeneratorTest.php" line="218" class="FastForward\DevTools\Tests\CodeOwners\CodeOwnersGeneratorTest" classname="FastForward.DevTools.Tests.CodeOwners.CodeOwnersGeneratorTest" assertions="6" time="0.000679"/>
    </testsuite>
    <testsuite name="FastForward\DevTools\Tests\Composer\Capability\DevToolsCommandProviderTest" file="/home/runner/work/dev-tools/dev-tools/tests/Composer/Capability/DevToolsCommandProviderTest.php" tests="6" assertions="29" errors="0" failures="0" skipped="0" time="0.066519">
      <testcase name="getCommandsWillReturnEmptyArrayWhenNoCommandsAreRegistered" file="/home/runner/work/dev-tools/dev-tools/tests/Composer/Capability/DevToolsCommandProviderTest.php" line="100" class="FastForward\DevTools\Tests\Composer\Capability\DevToolsCommandProviderTest" classname="FastForward.DevTools.Tests.Composer.Capability.DevToolsCommandProviderTest" assertions="4" time="0.026962"/>
      <testcase name="getCommandsWillReturnComposerProxyCommandsForRegisteredSymfonyCommands" file="/home/runner/work/dev-tools/dev-tools/tests/Composer/Capability/DevToolsCommandProviderTest.php" line="112" class="FastForward\DevTools\Tests\Composer\Capability\DevToolsCommandProviderTest" classname="FastForward.DevTools.Tests.Composer.Capability.DevToolsCommandProviderTest" assertions="6" time="0.012053"/>
      <testcase name="getCommandsWillIgnoreAliasEntriesFromApplicationAllRegistry" file="/home/runner/work/dev-tools/dev-tools/tests/Composer/Capability/DevToolsCommandProviderTest.php" line="139" class="FastForward\DevTools\Tests\Composer\Capability\DevToolsCommandProviderTest" classname="FastForward.DevTools.Tests.Composer.Capability.DevToolsCommandProviderTest" assertions="6" time="0.006972"/>
      <testcase name="getCommandsWillPreserveSafeAliasesThroughComposerPlugin" file="/home/runner/work/dev-tools/dev-tools/tests/Composer/Capability/DevToolsCommandProviderTest.php" line="167" class="FastForward\DevTools\Tests\Composer\Capability\DevToolsCommandProviderTest" classname="FastForward.DevTools.Tests.Composer.Capability.DevToolsCommandProviderTest" assertions="5" time="0.006903"/>
      <testcase name="getCommandsWillNotExposeSelfUpdateAliasToComposer" file="/home/runner/work/dev-tools/dev-tools/tests/Composer/Capability/DevToolsCommandProviderTest.php" line="193" class="FastForward\DevTools\Tests\Composer\Capability\DevToolsCommandProviderTest" classname="FastForward.DevTools.Tests.Composer.Capability.DevToolsCommandProviderTest" assertions="5" time="0.006838"/>
      <testcase name="getCommandsWillNotExposeCommandsOwnedByComposer" file="/home/runner/work/dev-tools/dev-tools/tests/Composer/Capability/DevToolsCommandProviderTest.php" line="219" class="FastForward\DevTools\Tests\Composer\Capability\DevToolsCommandProviderTest" classname="FastForward.DevTools.Tests.Composer.Capability.DevToolsCommandProviderTest" assertions="3" time="0.006791"/>
    </testsuite>
    <testsuite name="FastForward\DevTools\Tests\Composer\Json\ComposerJsonTest" file="/home/runner/work/dev-tools/dev-tools/tests/Composer/Json/ComposerJsonTest.php" tests="30" assertions="83" errors="0" failures="0" skipped="0" time="0.100659">
      <testcase name="identificationAccessorsWillReturnConfiguredData" file="/home/runner/work/dev-tools/dev-tools/tests/Composer/Json/ComposerJsonTest.php" line="69" class="FastForward\DevTools\Tests\Composer\Json\ComposerJsonTest" classname="FastForward.DevTools.Tests.Composer.Json.ComposerJsonTest" assertions="4" time="0.008783"/>
      <testcase name="typeWillDefaultToLibrary" file="/home/runner/work/dev-tools/dev-tools/tests/Composer/Json/ComposerJsonTest.php" line="88" class="FastForward\DevTools\Tests\Composer\Json\ComposerJsonTest" classname="FastForward.DevTools.Tests.Composer.Json.ComposerJsonTest" assertions="1" time="0.002395"/>
      <testcase name="metadataAccessorsWillReturnConfiguredData" file="/home/runner/work/dev-tools/dev-tools/tests/Composer/Json/ComposerJsonTest.php" line="101" class="FastForward\DevTools\Tests\Composer\Json\ComposerJsonTest" classname="FastForward.DevTools.Tests.Composer.Json.ComposerJsonTest" assertions="5" time="0.002468"/>
      <testcase name="metadataAccessorsWillReturnDefaultsWhenOptionalFieldsAreMissing" file="/home/runner/work/dev-tools/dev-tools/tests/Composer/Json/ComposerJsonTest.php" line="122" class="FastForward\DevTools\Tests\Composer\Json\ComposerJsonTest" classname="FastForward.DevTools.Tests.Composer.Json.ComposerJsonTest" assertions="4" time="0.002445"/>
      <testcase name="getLicenseWillReturnResolvedValue" file="/home/runner/work/dev-tools/dev-tools/tests/Composer/Json/ComposerJsonTest.php" line="138" class="FastForward\DevTools\Tests\Composer\Json\ComposerJsonTest" classname="FastForward.DevTools.Tests.Composer.Json.ComposerJsonTest" assertions="4" time="0.008316"/>
      <testcase name="getAuthorsWillReturnNormalizedAuthorEntries" file="/home/runner/work/dev-tools/dev-tools/tests/Composer/Json/ComposerJsonTest.php" line="163" class="FastForward\DevTools\Tests\Composer\Json\ComposerJsonTest" classname="FastForward.DevTools.Tests.Composer.Json.ComposerJsonTest" assertions="6" time="0.002382"/>
      <testcase name="getAuthorsWithOnlyFirstAuthorWillThrowExceptionWhenNoAuthorsAreDefined" file="/home/runner/work/dev-tools/dev-tools/tests/Composer/Json/ComposerJsonTest.php" line="190" class="FastForward\DevTools\Tests\Composer\Json\ComposerJsonTest" classname="FastForward.DevTools.Tests.Composer.Json.ComposerJsonTest" assertions="2" time="0.002386"/>
      <testcase name="getSupportWillReturnSupportObject" file="/home/runner/work/dev-tools/dev-tools/tests/Composer/Json/ComposerJsonTest.php" line="204" class="FastForward\DevTools\Tests\Composer\Json\ComposerJsonTest" classname="FastForward.DevTools.Tests.Composer.Json.ComposerJsonTest" assertions="3" time="0.002308"/>
      <testcase name="getSupportWillReturnEmptySupportObjectWhenSectionIsInvalid" file="/home/runner/work/dev-tools/dev-tools/tests/Composer/Json/ComposerJsonTest.php" line="222" class="FastForward\DevTools\Tests\Composer\Json\ComposerJsonTest" classname="FastForward.DevTools.Tests.Composer.Json.ComposerJsonTest" assertions="2" time="0.002304"/>
      <testcase name="getFundingWillReturnFundingEntries" file="/home/runner/work/dev-tools/dev-tools/tests/Composer/Json/ComposerJsonTest.php" line="236" class="FastForward\DevTools\Tests\Composer\Json\ComposerJsonTest" classname="FastForward.DevTools.Tests.Composer.Json.ComposerJsonTest" assertions="4" time="0.003802"/>
      <testcase name="getFundingWillIgnoreInvalidEntriesAndInvalidSectionTypes" file="/home/runner/work/dev-tools/dev-tools/tests/Composer/Json/ComposerJsonTest.php" line="258" class="FastForward\DevTools\Tests\Composer\Json\ComposerJsonTest" classname="FastForward.DevTools.Tests.Composer.Json.ComposerJsonTest" assertions="6" time="0.004477"/>
      <testcase name="getAutoloadWillReturnConfiguredMappings" file="/home/runner/work/dev-tools/dev-tools/tests/Composer/Json/ComposerJsonTest.php" line="290" class="FastForward\DevTools\Tests\Composer\Json\ComposerJsonTest" classname="FastForward.DevTools.Tests.Composer.Json.ComposerJsonTest" assertions="3" time="0.002363"/>
      <testcase name="getAutoloadWillReturnEmptyArrayWhenSectionOrRequestedMappingIsInvalid" file="/home/runner/work/dev-tools/dev-tools/tests/Composer/Json/ComposerJsonTest.php" line="317" class="FastForward\DevTools\Tests\Composer\Json\ComposerJsonTest" classname="FastForward.DevTools.Tests.Composer.Json.ComposerJsonTest" assertions="2" time="0.004147"/>
      <testcase name="getAutoloadDevWillReturnConfiguredMappings" file="/home/runner/work/dev-tools/dev-tools/tests/Composer/Json/ComposerJsonTest.php" line="336" class="FastForward\DevTools\Tests\Composer\Json\ComposerJsonTest" classname="FastForward.DevTools.Tests.Composer.Json.ComposerJsonTest" assertions="3" time="0.002311"/>
      <testcase name="getAutoloadDevWillReturnEmptyArrayWhenSectionOrRequestedMappingIsInvalid" file="/home/runner/work/dev-tools/dev-tools/tests/Composer/Json/ComposerJsonTest.php" line="361" class="FastForward\DevTools\Tests\Composer\Json\ComposerJsonTest" classname="FastForward.DevTools.Tests.Composer.Json.ComposerJsonTest" assertions="2" time="0.004074"/>
      <testcase name="getMinimumStabilityWillReturnConfiguredValue" file="/home/runner/work/dev-tools/dev-tools/tests/Composer/Json/ComposerJsonTest.php" line="380" class="FastForward\DevTools\Tests\Composer\Json\ComposerJsonTest" classname="FastForward.DevTools.Tests.Composer.Json.ComposerJsonTest" assertions="2" time="0.004077"/>
      <testcase name="getConfigWillReturnValuesFromConfigSection" file="/home/runner/work/dev-tools/dev-tools/tests/Composer/Json/ComposerJsonTest.php" line="395" class="FastForward\DevTools\Tests\Composer\Json\ComposerJsonTest" classname="FastForward.DevTools.Tests.Composer.Json.ComposerJsonTest" assertions="5" time="0.002397"/>
      <testcase name="getScriptsWillReturnScriptsSection" file="/home/runner/work/dev-tools/dev-tools/tests/Composer/Json/ComposerJsonTest.php" line="427" class="FastForward\DevTools\Tests\Composer\Json\ComposerJsonTest" classname="FastForward.DevTools.Tests.Composer.Json.ComposerJsonTest" assertions="1" time="0.002293"/>
      <testcase name="getScriptsWillReturnEmptyArrayWhenSectionIsInvalid" file="/home/runner/work/dev-tools/dev-tools/tests/Composer/Json/ComposerJsonTest.php" line="444" class="FastForward\DevTools\Tests\Composer\Json\ComposerJsonTest" classname="FastForward.DevTools.Tests.Composer.Json.ComposerJsonTest" assertions="1" time="0.002383"/>
      <testcase name="getExtraWillReturnExtraSectionOrSpecificKey" file="/home/runner/work/dev-tools/dev-tools/tests/Composer/Json/ComposerJsonTest.php" line="457" class="FastForward\DevTools\Tests\Composer\Json\ComposerJsonTest" classname="FastForward.DevTools.Tests.Composer.Json.ComposerJsonTest" assertions="3" time="0.002316"/>
      <testcase name="getExtraWillReturnEmptyArrayWhenSectionOrRequestedValueIsInvalid" file="/home/runner/work/dev-tools/dev-tools/tests/Composer/Json/ComposerJsonTest.php" line="482" class="FastForward\DevTools\Tests\Composer\Json\ComposerJsonTest" classname="FastForward.DevTools.Tests.Composer.Json.ComposerJsonTest" assertions="2" time="0.004092"/>
      <testcase name="getBinWillReturnConfiguredBinaries" file="/home/runner/work/dev-tools/dev-tools/tests/Composer/Json/ComposerJsonTest.php" line="501" class="FastForward\DevTools\Tests\Composer\Json\ComposerJsonTest" classname="FastForward.DevTools.Tests.Composer.Json.ComposerJsonTest" assertions="2" time="0.004173"/>
      <testcase name="getBinWillFilterInvalidEntriesAndReturnEmptyArrayForInvalidSections" file="/home/runner/work/dev-tools/dev-tools/tests/Composer/Json/ComposerJsonTest.php" line="518" class="FastForward\DevTools\Tests\Composer\Json\ComposerJsonTest" classname="FastForward.DevTools.Tests.Composer.Json.ComposerJsonTest" assertions="2" time="0.004074"/>
      <testcase name="getSuggestWillReturnPackageSuggestions" file="/home/runner/work/dev-tools/dev-tools/tests/Composer/Json/ComposerJsonTest.php" line="535" class="FastForward\DevTools\Tests\Composer\Json\ComposerJsonTest" classname="FastForward.DevTools.Tests.Composer.Json.ComposerJsonTest" assertions="1" time="0.002322"/>
      <testcase name="getSuggestWillIgnoreInvalidEntriesAndInvalidSections" file="/home/runner/work/dev-tools/dev-tools/tests/Composer/Json/ComposerJsonTest.php" line="552" class="FastForward\DevTools\Tests\Composer\Json\ComposerJsonTest" classname="FastForward.DevTools.Tests.Composer.Json.ComposerJsonTest" assertions="2" time="0.004091"/>
      <testcase name="getCommentsWillReturnCommentData" file="/home/runner/work/dev-tools/dev-tools/tests/Composer/Json/ComposerJsonTest.php" line="574" class="FastForward\DevTools\Tests\Composer\Json\ComposerJsonTest" classname="FastForward.DevTools.Tests.Composer.Json.ComposerJsonTest" assertions="2" time="0.004075"/>
      <testcase name="getCommentsWillReturnEmptyArrayWhenSectionIsInvalid" file="/home/runner/work/dev-tools/dev-tools/tests/Composer/Json/ComposerJsonTest.php" line="591" class="FastForward\DevTools\Tests\Composer\Json\ComposerJsonTest" classname="FastForward.DevTools.Tests.Composer.Json.ComposerJsonTest" assertions="1" time="0.002322"/>
      <testcase name="getMinimumStabilityAndConfigWillReturnNormalizedValues" file="/home/runner/work/dev-tools/dev-tools/tests/Composer/Json/ComposerJsonTest.php" line="604" class="FastForward\DevTools\Tests\Composer\Json\ComposerJsonTest" classname="FastForward.DevTools.Tests.Composer.Json.ComposerJsonTest" assertions="4" time="0.002417"/>
      <testcase name="getMinimumStabilityAndConfigWillReturnDefaultsForInvalidSections" file="/home/runner/work/dev-tools/dev-tools/tests/Composer/Json/ComposerJsonTest.php" line="633" class="FastForward\DevTools\Tests\Composer\Json\ComposerJsonTest" classname="FastForward.DevTools.Tests.Composer.Json.ComposerJsonTest" assertions="3" time="0.002342"/>
      <testcase name="getBinWillReturnScalarStringWhenDeclaredAsSingleBinary" file="/home/runner/work/dev-tools/dev-tools/tests/Composer/Json/ComposerJsonTest.php" line="648" class="FastForward\DevTools\Tests\Composer\Json\ComposerJsonTest" classname="FastForward.DevTools.Tests.Composer.Json.ComposerJsonTest" assertions="1" time="0.002322"/>
    </testsuite>
    <testsuite name="FastForward\DevTools\Tests\Composer\Json\Schema\AuthorTest" file="/home/runner/work/dev-tools/dev-tools/tests/Composer/Json/Schema/AuthorTest.php" tests="5" assertions="8" errors="0" failures="0" skipped="0" time="0.001596">
      <testcase name="accessorsWillReturnValuesProvidedToConstructor" file="/home/runner/work/dev-tools/dev-tools/tests/Composer/Json/Schema/AuthorTest.php" line="34" class="FastForward\DevTools\Tests\Composer\Json\Schema\AuthorTest" classname="FastForward.DevTools.Tests.Composer.Json.Schema.AuthorTest" assertions="4" time="0.000348"/>
      <testcase name="toStringWillReturnFormattedStringWhenNameAndEmailAreProvided" file="/home/runner/work/dev-tools/dev-tools/tests/Composer/Json/Schema/AuthorTest.php" line="53" class="FastForward\DevTools\Tests\Composer\Json\Schema\AuthorTest" classname="FastForward.DevTools.Tests.Composer.Json.Schema.AuthorTest" assertions="1" time="0.000309"/>
      <testcase name="toStringWillReturnOnlyNameWhenEmailIsMissing" file="/home/runner/work/dev-tools/dev-tools/tests/Composer/Json/Schema/AuthorTest.php" line="64" class="FastForward\DevTools\Tests\Composer\Json\Schema\AuthorTest" classname="FastForward.DevTools.Tests.Composer.Json.Schema.AuthorTest" assertions="1" time="0.000331"/>
      <testcase name="toStringWillReturnOnlyEmailWhenNameIsMissing" file="/home/runner/work/dev-tools/dev-tools/tests/Composer/Json/Schema/AuthorTest.php" line="75" class="FastForward\DevTools\Tests\Composer\Json\Schema\AuthorTest" classname="FastForward.DevTools.Tests.Composer.Json.Schema.AuthorTest" assertions="1" time="0.000290"/>
      <testcase name="toStringWillReturnEmptyStringWhenBothNameAndEmailAreMissing" file="/home/runner/work/dev-tools/dev-tools/tests/Composer/Json/Schema/AuthorTest.php" line="86" class="FastForward\DevTools\Tests\Composer\Json\Schema\AuthorTest" classname="FastForward.DevTools.Tests.Composer.Json.Schema.AuthorTest" assertions="1" time="0.000318"/>
    </testsuite>
    <testsuite name="FastForward\DevTools\Tests\Composer\Json\Schema\FundingTest" file="/home/runner/work/dev-tools/dev-tools/tests/Composer/Json/Schema/FundingTest.php" tests="1" assertions="2" errors="0" failures="0" skipped="0" time="0.000306">
      <testcase name="accessorsWillReturnValuesProvidedToConstructor" file="/home/runner/work/dev-tools/dev-tools/tests/Composer/Json/Schema/FundingTest.php" line="34" class="FastForward\DevTools\Tests\Composer\Json\Schema\FundingTest" classname="FastForward.DevTools.Tests.Composer.Json.Schema.FundingTest" assertions="2" time="0.000306"/>
    </testsuite>
    <testsuite name="FastForward\DevTools\Tests\Composer\Json\Schema\SupportTest" file="/home/runner/work/dev-tools/dev-tools/tests/Composer/Json/Schema/SupportTest.php" tests="2" assertions="20" errors="0" failures="0" skipped="0" time="0.000662">
      <testcase name="accessorsWillReturnValuesProvidedToConstructor" file="/home/runner/work/dev-tools/dev-tools/tests/Composer/Json/Schema/SupportTest.php" line="34" class="FastForward\DevTools\Tests\Composer\Json\Schema\SupportTest" classname="FastForward.DevTools.Tests.Composer.Json.Schema.SupportTest" assertions="10" time="0.000348"/>
      <testcase name="constructorWillInitializeWithEmptyStringsByDefault" file="/home/runner/work/dev-tools/dev-tools/tests/Composer/Json/Schema/SupportTest.php" line="65" class="FastForward\DevTools\Tests\Composer\Json\Schema\SupportTest" classname="FastForward.DevTools.Tests.Composer.Json.Schema.SupportTest" assertions="10" time="0.000314"/>
    </testsuite>
    <testsuite name="FastForward\DevTools\Tests\Composer\PluginTest" file="/home/runner/work/dev-tools/dev-tools/tests/Composer/PluginTest.php" tests="7" assertions="15" errors="0" failures="0" skipped="0" time="0.023160">
      <testcase name="getCapabilitiesWillReturnDevToolsCommandProviderMapping" file="/home/runner/work/dev-tools/dev-tools/tests/Composer/PluginTest.php" line="117" class="FastForward\DevTools\Tests\Composer\PluginTest" classname="FastForward.DevTools.Tests.Composer.PluginTest" assertions="1" time="0.009662"/>
      <testcase name="getSubscribedEventsWillReturnExpectedEventMapping" file="/home/runner/work/dev-tools/dev-tools/tests/Composer/PluginTest.php" line="131" class="FastForward\DevTools\Tests\Composer\PluginTest" classname="FastForward.DevTools.Tests.Composer.PluginTest" assertions="1" time="0.001019"/>
      <testcase name="activateWillDoNothing" file="/home/runner/work/dev-tools/dev-tools/tests/Composer/PluginTest.php" line="146" class="FastForward\DevTools\Tests\Composer\PluginTest" classname="FastForward.DevTools.Tests.Composer.PluginTest" assertions="1" time="0.000858"/>
      <testcase name="isRegisteredCommandWillDetectReservedCommandNames" file="/home/runner/work/dev-tools/dev-tools/tests/Composer/PluginTest.php" line="155" class="FastForward\DevTools\Tests\Composer\PluginTest" classname="FastForward.DevTools.Tests.Composer.PluginTest" assertions="8" time="0.001097"/>
      <testcase name="runSyncCommandWillExecuteDevToolsSync" file="/home/runner/work/dev-tools/dev-tools/tests/Composer/PluginTest.php" line="178" class="FastForward\DevTools\Tests\Composer\PluginTest" classname="FastForward.DevTools.Tests.Composer.PluginTest" assertions="2" time="0.008817"/>
      <testcase name="deactivateWillDoNothing" file="/home/runner/work/dev-tools/dev-tools/tests/Composer/PluginTest.php" line="209" class="FastForward\DevTools\Tests\Composer\PluginTest" classname="FastForward.DevTools.Tests.Composer.PluginTest" assertions="1" time="0.000872"/>
      <testcase name="uninstallWillDoNothing" file="/home/runner/work/dev-tools/dev-tools/tests/Composer/PluginTest.php" line="218" class="FastForward\DevTools\Tests\Composer\PluginTest" classname="FastForward.DevTools.Tests.Composer.PluginTest" assertions="1" time="0.000835"/>
    </testsuite>
    <testsuite name="FastForward\DevTools\Tests\Config\ComposerDependencyAnalyserConfigTest" file="/home/runner/work/dev-tools/dev-tools/tests/Config/ComposerDependencyAnalyserConfigTest.php" tests="7" assertions="11" errors="0" failures="0" skipped="0" time="0.006522">
      <testcase name="configureWillReturnConfiguration" file="/home/runner/work/dev-tools/dev-tools/tests/Config/ComposerDependencyAnalyserConfigTest.php" line="41" class="FastForward\DevTools\Tests\Config\ComposerDependencyAnalyserConfigTest" classname="FastForward.DevTools.Tests.Config.ComposerDependencyAnalyserConfigTest" assertions="1" time="0.003845"/>
      <testcase name="configureWillIgnoreShadowDependenciesByDefault" file="/home/runner/work/dev-tools/dev-tools/tests/Config/ComposerDependencyAnalyserConfigTest.php" line="52" class="FastForward\DevTools\Tests\Config\ComposerDependencyAnalyserConfigTest" classname="FastForward.DevTools.Tests.Config.ComposerDependencyAnalyserConfigTest" assertions="1" time="0.000787"/>
      <testcase name="configureWillKeepShadowDependenciesVisibleWhenRequested" file="/home/runner/work/dev-tools/dev-tools/tests/Config/ComposerDependencyAnalyserConfigTest.php" line="73" class="FastForward\DevTools\Tests\Config\ComposerDependencyAnalyserConfigTest" classname="FastForward.DevTools.Tests.Config.ComposerDependencyAnalyserConfigTest" assertions="1" time="0.000450"/>
      <testcase name="configureWillApplyRepositoryIgnoresAndInvokeCustomizationCallback" file="/home/runner/work/dev-tools/dev-tools/tests/Config/ComposerDependencyAnalyserConfigTest.php" line="94" class="FastForward\DevTools\Tests\Config\ComposerDependencyAnalyserConfigTest" classname="FastForward.DevTools.Tests.Config.ComposerDependencyAnalyserConfigTest" assertions="4" time="0.000435"/>
      <testcase name="itWillExposeReusablePackagedDependencyDefaults" file="/home/runner/work/dev-tools/dev-tools/tests/Config/ComposerDependencyAnalyserConfigTest.php" line="124" class="FastForward\DevTools\Tests\Config\ComposerDependencyAnalyserConfigTest" classname="FastForward.DevTools.Tests.Config.ComposerDependencyAnalyserConfigTest" assertions="2" time="0.000340"/>
      <testcase name="applyPackagedRepositoryIgnoresWillReturnTheSameConfigurationInstance" file="/home/runner/work/dev-tools/dev-tools/tests/Config/ComposerDependencyAnalyserConfigTest.php" line="140" class="FastForward\DevTools\Tests\Config\ComposerDependencyAnalyserConfigTest" classname="FastForward.DevTools.Tests.Config.ComposerDependencyAnalyserConfigTest" assertions="1" time="0.000352"/>
      <testcase name="applyIgnoresShadowDependenciesWillReturnTheSameConfigurationInstance" file="/home/runner/work/dev-tools/dev-tools/tests/Config/ComposerDependencyAnalyserConfigTest.php" line="154" class="FastForward\DevTools\Tests\Config\ComposerDependencyAnalyserConfigTest" classname="FastForward.DevTools.Tests.Config.ComposerDependencyAnalyserConfigTest" assertions="1" time="0.000314"/>
    </testsuite>
    <testsuite name="FastForward\DevTools\Tests\Config\ECSConfigTest" file="/home/runner/work/dev-tools/dev-tools/tests/Config/ECSConfigTest.php" tests="3" assertions="3" errors="0" failures="0" skipped="0" time="0.081469">
      <testcase name="configureWillReturnECSConfigBuilder" file="/home/runner/work/dev-tools/dev-tools/tests/Config/ECSConfigTest.php" line="48" class="FastForward\DevTools\Tests\Config\ECSConfigTest" classname="FastForward.DevTools.Tests.Config.ECSConfigTest" assertions="1" time="0.053622"/>
      <testcase name="itWillExposeReusableDefaultSkippedRules" file="/home/runner/work/dev-tools/dev-tools/tests/Config/ECSConfigTest.php" line="59" class="FastForward\DevTools\Tests\Config\ECSConfigTest" classname="FastForward.DevTools.Tests.Config.ECSConfigTest" assertions="1" time="0.000431"/>
      <testcase name="applyDefaultPathsAndSkipsWillKeepWorkingWithABuilder" file="/home/runner/work/dev-tools/dev-tools/tests/Config/ECSConfigTest.php" line="75" class="FastForward\DevTools\Tests\Config\ECSConfigTest" classname="FastForward.DevTools.Tests.Config.ECSConfigTest" assertions="1" time="0.027417"/>
    </testsuite>
    <testsuite name="FastForward\DevTools\Tests\Config\RectorConfigTest" file="/home/runner/work/dev-tools/dev-tools/tests/Config/RectorConfigTest.php" tests="5" assertions="18" errors="0" failures="0" skipped="0" time="0.309466">
      <testcase name="configureWillReturnCallable" file="/home/runner/work/dev-tools/dev-tools/tests/Config/RectorConfigTest.php" line="67" class="FastForward\DevTools\Tests\Config\RectorConfigTest" classname="FastForward.DevTools.Tests.Config.RectorConfigTest" assertions="1" time="0.026755"/>
      <testcase name="configureWithCustomCallbackWillReturnCallable" file="/home/runner/work/dev-tools/dev-tools/tests/Config/RectorConfigTest.php" line="78" class="FastForward\DevTools\Tests\Config\RectorConfigTest" classname="FastForward.DevTools.Tests.Config.RectorConfigTest" assertions="1" time="0.000453"/>
      <testcase name="configureWillApplyTheDefaultRectorConfigurationAndCustomizationCallback" file="/home/runner/work/dev-tools/dev-tools/tests/Config/RectorConfigTest.php" line="93" class="FastForward\DevTools\Tests\Config\RectorConfigTest" classname="FastForward.DevTools.Tests.Config.RectorConfigTest" assertions="12" time="0.281323"/>
      <testcase name="itWillExposeReusableDefaultSetsAndRules" file="/home/runner/work/dev-tools/dev-tools/tests/Config/RectorConfigTest.php" line="139" class="FastForward\DevTools\Tests\Config\RectorConfigTest" classname="FastForward.DevTools.Tests.Config.RectorConfigTest" assertions="3" time="0.000458"/>
      <testcase name="applySafeMigrationSetWillBeCallableWithoutTheSafePackageInstalled" file="/home/runner/work/dev-tools/dev-tools/tests/Config/RectorConfigTest.php" line="171" class="FastForward\DevTools\Tests\Config\RectorConfigTest" classname="FastForward.DevTools.Tests.Config.RectorConfigTest" assertions="1" time="0.000477"/>
    </testsuite>
    <testsuite name="FastForward\DevTools\Tests\Console\Command\AgentsCommandTest" file="/home/runner/work/dev-tools/dev-tools/tests/Console/Command/AgentsCommandTest.php" tests="3" assertions="14" errors="0" failures="0" skipped="0" time="0.016617">
      <testcase name="executeWillFailWhenPackagedAgentsDirectoryDoesNotExist" file="/home/runner/work/dev-tools/dev-tools/tests/Console/Command/AgentsCommandTest.php" line="88" class="FastForward\DevTools\Tests\Console\Command\AgentsCommandTest" classname="FastForward.DevTools.Tests.Console.Command.AgentsCommandTest" assertions="4" time="0.012283"/>
      <testcase name="executeWillCreateAgentsDirectoryWhenItDoesNotExist" file="/home/runner/work/dev-tools/dev-tools/tests/Console/Command/AgentsCommandTest.php" line="116" class="FastForward\DevTools\Tests\Console\Command\AgentsCommandTest" classname="FastForward.DevTools.Tests.Console.Command.AgentsCommandTest" assertions="6" time="0.003154"/>
      <testcase name="executeWillReturnFailureWhenSynchronizerFails" file="/home/runner/work/dev-tools/dev-tools/tests/Console/Command/AgentsCommandTest.php" line="150" class="FastForward\DevTools\Tests\Console\Command\AgentsCommandTest" classname="FastForward.DevTools.Tests.Console.Command.AgentsCommandTest" assertions="4" time="0.001180"/>
    </testsuite>
    <testsuite name="FastForward\DevTools\Tests\Console\Command\ChangelogCheckCommandTest" file="/home/runner/work/dev-tools/dev-tools/tests/Console/Command/ChangelogCheckCommandTest.php" tests="3" assertions="6" errors="0" failures="0" skipped="0" time="0.005584">
      <testcase name="executeWillReturnSuccessWhenUnreleasedEntriesExist" file="/home/runner/work/dev-tools/dev-tools/tests/Console/Command/ChangelogCheckCommandTest.php" line="89" class="FastForward\DevTools\Tests\Console\Command\ChangelogCheckCommandTest" classname="FastForward.DevTools.Tests.Console.Command.ChangelogCheckCommandTest" assertions="2" time="0.003100"/>
      <testcase name="executeWillReturnFailureWhenUnreleasedEntriesAreMissing" file="/home/runner/work/dev-tools/dev-tools/tests/Console/Command/ChangelogCheckCommandTest.php" line="107" class="FastForward\DevTools\Tests\Console\Command\ChangelogCheckCommandTest" classname="FastForward.DevTools.Tests.Console.Command.ChangelogCheckCommandTest" assertions="2" time="0.001211"/>
      <testcase name="executeWillLogFailureContextWhenAgainstReferenceIsProvided" file="/home/runner/work/dev-tools/dev-tools/tests/Console/Command/ChangelogCheckCommandTest.php" line="124" class="FastForward\DevTools\Tests\Console\Command\ChangelogCheckCommandTest" classname="FastForward.DevTools.Tests.Console.Command.ChangelogCheckCommandTest" assertions="2" time="0.001273"/>
    </testsuite>
    <testsuite name="FastForward\DevTools\Tests\Console\Command\ChangelogEntryCommandTest" file="/home/runner/work/dev-tools/dev-tools/tests/Console/Command/ChangelogEntryCommandTest.php" tests="2" assertions="6" errors="0" failures="0" skipped="0" time="0.008304">
      <testcase name="executeWillAddAnUnreleasedEntry" file="/home/runner/work/dev-tools/dev-tools/tests/Console/Command/ChangelogEntryCommandTest.php" line="93" class="FastForward\DevTools\Tests\Console\Command\ChangelogEntryCommandTest" classname="FastForward.DevTools.Tests.Console.Command.ChangelogEntryCommandTest" assertions="3" time="0.004860"/>
      <testcase name="executeWillPassPublishedReleaseMetadata" file="/home/runner/work/dev-tools/dev-tools/tests/Console/Command/ChangelogEntryCommandTest.php" line="122" class="FastForward\DevTools\Tests\Console\Command\ChangelogEntryCommandTest" classname="FastForward.DevTools.Tests.Console.Command.ChangelogEntryCommandTest" assertions="3" time="0.003444"/>
    </testsuite>
    <testsuite name="FastForward\DevTools\Tests\Console\Command\ChangelogNextVersionCommandTest" file="/home/runner/work/dev-tools/dev-tools/tests/Console/Command/ChangelogNextVersionCommandTest.php" tests="4" assertions="10" errors="0" failures="0" skipped="0" time="0.010838">
      <testcase name="executeWillWriteTheInferredVersionToOutputInPlainTextMode" file="/home/runner/work/dev-tools/dev-tools/tests/Console/Command/ChangelogNextVersionCommandTest.php" line="99" class="FastForward\DevTools\Tests\Console\Command\ChangelogNextVersionCommandTest" classname="FastForward.DevTools.Tests.Console.Command.ChangelogNextVersionCommandTest" assertions="3" time="0.003989"/>
      <testcase name="executeWillLogTheInferredVersionWhenJsonOutputIsRequested" file="/home/runner/work/dev-tools/dev-tools/tests/Console/Command/ChangelogNextVersionCommandTest.php" line="115" class="FastForward\DevTools\Tests\Console\Command\ChangelogNextVersionCommandTest" classname="FastForward.DevTools.Tests.Console.Command.ChangelogNextVersionCommandTest" assertions="2" time="0.002438"/>
      <testcase name="executeWillPassTheExplicitCurrentVersionToInferenceInPlainTextMode" file="/home/runner/work/dev-tools/dev-tools/tests/Console/Command/ChangelogNextVersionCommandTest.php" line="138" class="FastForward\DevTools\Tests\Console\Command\ChangelogNextVersionCommandTest" classname="FastForward.DevTools.Tests.Console.Command.ChangelogNextVersionCommandTest" assertions="3" time="0.002296"/>
      <testcase name="executeWillReturnFailureWhenVersionInferenceFails" file="/home/runner/work/dev-tools/dev-tools/tests/Console/Command/ChangelogNextVersionCommandTest.php" line="156" class="FastForward\DevTools\Tests\Console\Command\ChangelogNextVersionCommandTest" classname="FastForward.DevTools.Tests.Console.Command.ChangelogNextVersionCommandTest" assertions="2" time="0.002115"/>
    </testsuite>
    <testsuite name="FastForward\DevTools\Tests\Console\Command\ChangelogPromoteCommandTest" file="/home/runner/work/dev-tools/dev-tools/tests/Console/Command/ChangelogPromoteCommandTest.php" tests="3" assertions="8" errors="0" failures="0" skipped="0" time="0.007330">
      <testcase name="executeWillUseTheCurrentDateByDefault" file="/home/runner/work/dev-tools/dev-tools/tests/Console/Command/ChangelogPromoteCommandTest.php" line="95" class="FastForward\DevTools\Tests\Console\Command\ChangelogPromoteCommandTest" classname="FastForward.DevTools.Tests.Console.Command.ChangelogPromoteCommandTest" assertions="3" time="0.004403"/>
      <testcase name="executeWillPreferTheExplicitDate" file="/home/runner/work/dev-tools/dev-tools/tests/Console/Command/ChangelogPromoteCommandTest.php" line="117" class="FastForward\DevTools\Tests\Console\Command\ChangelogPromoteCommandTest" classname="FastForward.DevTools.Tests.Console.Command.ChangelogPromoteCommandTest" assertions="3" time="0.001638"/>
      <testcase name="executeWillReturnFailureWhenPromotionFails" file="/home/runner/work/dev-tools/dev-tools/tests/Console/Command/ChangelogPromoteCommandTest.php" line="141" class="FastForward\DevTools\Tests\Console\Command\ChangelogPromoteCommandTest" classname="FastForward.DevTools.Tests.Console.Command.ChangelogPromoteCommandTest" assertions="2" time="0.001289"/>
    </testsuite>
    <testsuite name="FastForward\DevTools\Tests\Console\Command\ChangelogShowCommandTest" file="/home/runner/work/dev-tools/dev-tools/tests/Console/Command/ChangelogShowCommandTest.php" tests="3" assertions="9" errors="0" failures="0" skipped="0" time="0.006950">
      <testcase name="executeWillWriteReleaseNotesToOutputInPlainTextMode" file="/home/runner/work/dev-tools/dev-tools/tests/Console/Command/ChangelogShowCommandTest.php" line="90" class="FastForward\DevTools\Tests\Console\Command\ChangelogShowCommandTest" classname="FastForward.DevTools.Tests.Console.Command.ChangelogShowCommandTest" assertions="4" time="0.003508"/>
      <testcase name="executeWillLogReleaseNotesWhenJsonOutputIsRequested" file="/home/runner/work/dev-tools/dev-tools/tests/Console/Command/ChangelogShowCommandTest.php" line="109" class="FastForward\DevTools\Tests\Console\Command\ChangelogShowCommandTest" classname="FastForward.DevTools.Tests.Console.Command.ChangelogShowCommandTest" assertions="3" time="0.001918"/>
      <testcase name="executeWillReturnFailureWhenReleaseNotesCannotBeRendered" file="/home/runner/work/dev-tools/dev-tools/tests/Console/Command/ChangelogShowCommandTest.php" line="135" class="FastForward\DevTools\Tests\Console\Command\ChangelogShowCommandTest" classname="FastForward.DevTools.Tests.Console.Command.ChangelogShowCommandTest" assertions="2" time="0.001523"/>
    </testsuite>
    <testsuite name="FastForward\DevTools\Tests\Console\Command\CodeOwnersCommandTest" file="/home/runner/work/dev-tools/dev-tools/tests/Console/Command/CodeOwnersCommandTest.php" tests="7" assertions="29" errors="0" failures="0" skipped="0" time="0.039951">
      <testcase name="commandWillSetExpectedNameDescriptionAndHelp" file="/home/runner/work/dev-tools/dev-tools/tests/Console/Command/CodeOwnersCommandTest.php" line="133" class="FastForward\DevTools\Tests\Console\Command\CodeOwnersCommandTest" classname="FastForward.DevTools.Tests.Console.Command.CodeOwnersCommandTest" assertions="3" time="0.015686"/>
      <testcase name="executeWillWriteGeneratedCodeOwnersWhenFileIsMissing" file="/home/runner/work/dev-tools/dev-tools/tests/Console/Command/CodeOwnersCommandTest.php" line="150" class="FastForward\DevTools\Tests\Console\Command\CodeOwnersCommandTest" classname="FastForward.DevTools.Tests.Console.Command.CodeOwnersCommandTest" assertions="4" time="0.004878"/>
      <testcase name="executeWillSkipExistingCodeOwnersByDefault" file="/home/runner/work/dev-tools/dev-tools/tests/Console/Command/CodeOwnersCommandTest.php" line="190" class="FastForward\DevTools\Tests\Console\Command\CodeOwnersCommandTest" classname="FastForward.DevTools.Tests.Console.Command.CodeOwnersCommandTest" assertions="4" time="0.003359"/>
      <testcase name="executeWillFailCheckModeWhenDriftIsDetected" file="/home/runner/work/dev-tools/dev-tools/tests/Console/Command/CodeOwnersCommandTest.php" line="220" class="FastForward\DevTools\Tests\Console\Command\CodeOwnersCommandTest" classname="FastForward.DevTools.Tests.Console.Command.CodeOwnersCommandTest" assertions="3" time="0.003529"/>
      <testcase name="executeWillPromptForOwnersWhenInteractiveInferenceFails" file="/home/runner/work/dev-tools/dev-tools/tests/Console/Command/CodeOwnersCommandTest.php" line="260" class="FastForward\DevTools\Tests\Console\Command\CodeOwnersCommandTest" classname="FastForward.DevTools.Tests.Console.Command.CodeOwnersCommandTest" assertions="7" time="0.004033"/>
      <testcase name="executeWillReturnSuccessOnDryRunWhenDriftIsDetected" file="/home/runner/work/dev-tools/dev-tools/tests/Console/Command/CodeOwnersCommandTest.php" line="311" class="FastForward\DevTools\Tests\Console\Command\CodeOwnersCommandTest" classname="FastForward.DevTools.Tests.Console.Command.CodeOwnersCommandTest" assertions="3" time="0.003436"/>
      <testcase name="executeWillSkipReplacingExistingCodeOwnersWhenConfirmationIsDeclined" file="/home/runner/work/dev-tools/dev-tools/tests/Console/Command/CodeOwnersCommandTest.php" line="350" class="FastForward\DevTools\Tests\Console\Command\CodeOwnersCommandTest" classname="FastForward.DevTools.Tests.Console.Command.CodeOwnersCommandTest" assertions="5" time="0.005031"/>
    </testsuite>
    <testsuite name="FastForward\DevTools\Tests\Console\Command\CodeStyleCommandTest" file="/home/runner/work/dev-tools/dev-tools/tests/Console/Command/CodeStyleCommandTest.php" tests="4" assertions="21" errors="0" failures="0" skipped="0" time="0.044654">
      <testcase name="executeWillReturnSuccessWhenProcessQueueSucceeds" file="/home/runner/work/dev-tools/dev-tools/tests/Console/Command/CodeStyleCommandTest.php" line="117" class="FastForward\DevTools\Tests\Console\Command\CodeStyleCommandTest" classname="FastForward.DevTools.Tests.Console.Command.CodeStyleCommandTest" assertions="6" time="0.032662"/>
      <testcase name="executeWillReturnFailureWhenProcessQueueFails" file="/home/runner/work/dev-tools/dev-tools/tests/Console/Command/CodeStyleCommandTest.php" line="145" class="FastForward\DevTools\Tests\Console\Command\CodeStyleCommandTest" classname="FastForward.DevTools.Tests.Console.Command.CodeStyleCommandTest" assertions="5" time="0.002980"/>
      <testcase name="executeWillCaptureBufferedOutputWhenJsonIsRequested" file="/home/runner/work/dev-tools/dev-tools/tests/Console/Command/CodeStyleCommandTest.php" line="171" class="FastForward\DevTools\Tests\Console\Command\CodeStyleCommandTest" classname="FastForward.DevTools.Tests.Console.Command.CodeStyleCommandTest" assertions="6" time="0.005356"/>
      <testcase name="executeWillEnableProgressWhenRequested" file="/home/runner/work/dev-tools/dev-tools/tests/Console/Command/CodeStyleCommandTest.php" line="199" class="FastForward\DevTools\Tests\Console\Command\CodeStyleCommandTest" classname="FastForward.DevTools.Tests.Console.Command.CodeStyleCommandTest" assertions="4" time="0.003656"/>
    </testsuite>
    <testsuite name="FastForward\DevTools\Tests\Console\Command\CommandAttributeCompatibilityTest" file="/home/runner/work/dev-tools/dev-tools/tests/Console/Command/CommandAttributeCompatibilityTest.php" tests="1" assertions="54" errors="0" failures="0" skipped="0" time="0.012390">
      <testcase name="asCommandAttributesWillNotUseTheHelpNamedParameter" file="/home/runner/work/dev-tools/dev-tools/tests/Console/Command/CommandAttributeCompatibilityTest.php" line="37" class="FastForward\DevTools\Tests\Console\Command\CommandAttributeCompatibilityTest" classname="FastForward.DevTools.Tests.Console.Command.CommandAttributeCompatibilityTest" assertions="54" time="0.012390"/>
    </testsuite>
    <testsuite name="FastForward\DevTools\Tests\Console\Command\CopyResourceCommandTest" file="/home/runner/work/dev-tools/dev-tools/tests/Console/Command/CopyResourceCommandTest.php" tests="10" assertions="43" errors="0" failures="0" skipped="0" time="0.048609">
      <testcase name="commandWillSetExpectedNameDescriptionAndHelp" file="/home/runner/work/dev-tools/dev-tools/tests/Console/Command/CopyResourceCommandTest.php" line="133" class="FastForward\DevTools\Tests\Console\Command\CopyResourceCommandTest" classname="FastForward.DevTools.Tests.Console.Command.CopyResourceCommandTest" assertions="3" time="0.008055"/>
      <testcase name="executeWillCopyDirectoryContentsIntoTarget" file="/home/runner/work/dev-tools/dev-tools/tests/Console/Command/CopyResourceCommandTest.php" line="150" class="FastForward\DevTools\Tests\Console\Command\CopyResourceCommandTest" classname="FastForward.DevTools.Tests.Console.Command.CopyResourceCommandTest" assertions="4" time="0.004590"/>
      <testcase name="executeWillFailWhenSourceOrTargetAreMissing" file="/home/runner/work/dev-tools/dev-tools/tests/Console/Command/CopyResourceCommandTest.php" line="183" class="FastForward\DevTools\Tests\Console\Command\CopyResourceCommandTest" classname="FastForward.DevTools.Tests.Console.Command.CopyResourceCommandTest" assertions="3" time="0.004312"/>
      <testcase name="executeWillSkipExistingTargetByDefault" file="/home/runner/work/dev-tools/dev-tools/tests/Console/Command/CopyResourceCommandTest.php" line="208" class="FastForward\DevTools\Tests\Console\Command\CopyResourceCommandTest" classname="FastForward.DevTools.Tests.Console.Command.CopyResourceCommandTest" assertions="4" time="0.003921"/>
      <testcase name="executeWillShowDiffBeforeOverwritingChangedFile" file="/home/runner/work/dev-tools/dev-tools/tests/Console/Command/CopyResourceCommandTest.php" line="235" class="FastForward\DevTools\Tests\Console\Command\CopyResourceCommandTest" classname="FastForward.DevTools.Tests.Console.Command.CopyResourceCommandTest" assertions="6" time="0.005152"/>
      <testcase name="executeWillReportUnchangedOverwriteAsNoOp" file="/home/runner/work/dev-tools/dev-tools/tests/Console/Command/CopyResourceCommandTest.php" line="279" class="FastForward\DevTools\Tests\Console\Command\CopyResourceCommandTest" classname="FastForward.DevTools.Tests.Console.Command.CopyResourceCommandTest" assertions="5" time="0.004363"/>
      <testcase name="executeWillHandleBinaryOverwriteGracefully" file="/home/runner/work/dev-tools/dev-tools/tests/Console/Command/CopyResourceCommandTest.php" line="318" class="FastForward\DevTools\Tests\Console\Command\CopyResourceCommandTest" classname="FastForward.DevTools.Tests.Console.Command.CopyResourceCommandTest" assertions="5" time="0.004395"/>
      <testcase name="executeWillReturnFailureInCheckModeWhenFileWouldChange" file="/home/runner/work/dev-tools/dev-tools/tests/Console/Command/CopyResourceCommandTest.php" line="357" class="FastForward\DevTools\Tests\Console\Command\CopyResourceCommandTest" classname="FastForward.DevTools.Tests.Console.Command.CopyResourceCommandTest" assertions="5" time="0.005365"/>
      <testcase name="executeWillReturnSuccessInDryRunModeWhenFileWouldChange" file="/home/runner/work/dev-tools/dev-tools/tests/Console/Command/CopyResourceCommandTest.php" line="390" class="FastForward\DevTools\Tests\Console\Command\CopyResourceCommandTest" classname="FastForward.DevTools.Tests.Console.Command.CopyResourceCommandTest" assertions="3" time="0.004054"/>
      <testcase name="executeWillSkipReplacingDriftedFileWhenInteractiveConfirmationIsDeclined" file="/home/runner/work/dev-tools/dev-tools/tests/Console/Command/CopyResourceCommandTest.php" line="419" class="FastForward\DevTools\Tests\Console\Command\CopyResourceCommandTest" classname="FastForward.DevTools.Tests.Console.Command.CopyResourceCommandTest" assertions="5" time="0.004403"/>
    </testsuite>
    <testsuite name="FastForward\DevTools\Tests\Console\Command\DependenciesCommandTest" file="/home/runner/work/dev-tools/dev-tools/tests/Console/Command/DependenciesCommandTest.php" tests="8" assertions="26" errors="0" failures="0" skipped="0" time="0.041972">
      <testcase name="executeWillReturnSuccessWhenPreviewAndAnalyzersSucceed" file="/home/runner/work/dev-tools/dev-tools/tests/Console/Command/DependenciesCommandTest.php" line="113" class="FastForward\DevTools\Tests\Console\Command\DependenciesCommandTest" classname="FastForward.DevTools.Tests.Console.Command.DependenciesCommandTest" assertions="5" time="0.009342"/>
      <testcase name="executeWillFailWhenMaxOutdatedIsNotNumeric" file="/home/runner/work/dev-tools/dev-tools/tests/Console/Command/DependenciesCommandTest.php" line="137" class="FastForward\DevTools\Tests\Console\Command\DependenciesCommandTest" classname="FastForward.DevTools.Tests.Console.Command.DependenciesCommandTest" assertions="3" time="0.004444"/>
      <testcase name="executeWillIgnoreJackFailuresWhenMaxOutdatedIsDisabled" file="/home/runner/work/dev-tools/dev-tools/tests/Console/Command/DependenciesCommandTest.php" line="154" class="FastForward\DevTools\Tests\Console\Command\DependenciesCommandTest" classname="FastForward.DevTools.Tests.Console.Command.DependenciesCommandTest" assertions="6" time="0.005240"/>
      <testcase name="composerDependencyAnalyserProcessWillHideShadowDependenciesByDefault" file="/home/runner/work/dev-tools/dev-tools/tests/Console/Command/DependenciesCommandTest.php" line="181" class="FastForward\DevTools\Tests\Console\Command\DependenciesCommandTest" classname="FastForward.DevTools.Tests.Console.Command.DependenciesCommandTest" assertions="3" time="0.005060"/>
      <testcase name="composerDependencyAnalyserProcessCanReportShadowDependencies" file="/home/runner/work/dev-tools/dev-tools/tests/Console/Command/DependenciesCommandTest.php" line="193" class="FastForward\DevTools\Tests\Console\Command\DependenciesCommandTest" classname="FastForward.DevTools.Tests.Console.Command.DependenciesCommandTest" assertions="3" time="0.005101"/>
      <testcase name="jackBreakpointProcessWillUseTheResolvedJackBinary" file="/home/runner/work/dev-tools/dev-tools/tests/Console/Command/DependenciesCommandTest.php" line="248" class="FastForward\DevTools\Tests\Console\Command\DependenciesCommandTest" classname="FastForward.DevTools.Tests.Console.Command.DependenciesCommandTest" assertions="2" time="0.004272"/>
      <testcase name="openVersionsProcessWillUseTheResolvedJackBinary" file="/home/runner/work/dev-tools/dev-tools/tests/Console/Command/DependenciesCommandTest.php" line="274" class="FastForward\DevTools\Tests\Console\Command\DependenciesCommandTest" classname="FastForward.DevTools.Tests.Console.Command.DependenciesCommandTest" assertions="2" time="0.004268"/>
      <testcase name="raiseToInstalledProcessWillUseTheResolvedJackBinary" file="/home/runner/work/dev-tools/dev-tools/tests/Console/Command/DependenciesCommandTest.php" line="300" class="FastForward\DevTools\Tests\Console\Command\DependenciesCommandTest" classname="FastForward.DevTools.Tests.Console.Command.DependenciesCommandTest" assertions="2" time="0.004244"/>
    </testsuite>
    <testsuite name="FastForward\DevTools\Tests\Console\Command\DocsCommandTest" file="/home/runner/work/dev-tools/dev-tools/tests/Console/Command/DocsCommandTest.php" tests="3" assertions="15" errors="0" failures="0" skipped="0" time="0.041992">
      <testcase name="executeWillFailWhenSourceDirectoryIsMissing" file="/home/runner/work/dev-tools/dev-tools/tests/Console/Command/DocsCommandTest.php" line="164" class="FastForward\DevTools\Tests\Console\Command\DocsCommandTest" classname="FastForward.DevTools.Tests.Console.Command.DocsCommandTest" assertions="3" time="0.020565"/>
      <testcase name="executeWillReturnSuccessWhenProcessQueueSucceeds" file="/home/runner/work/dev-tools/dev-tools/tests/Console/Command/DocsCommandTest.php" line="185" class="FastForward\DevTools\Tests\Console\Command\DocsCommandTest" classname="FastForward.DevTools.Tests.Console.Command.DocsCommandTest" assertions="7" time="0.010598"/>
      <testcase name="executeWithNoCacheWillSkipPhpDocumentorCacheFolder" file="/home/runner/work/dev-tools/dev-tools/tests/Console/Command/DocsCommandTest.php" line="215" class="FastForward\DevTools\Tests\Console\Command\DocsCommandTest" classname="FastForward.DevTools.Tests.Console.Command.DocsCommandTest" assertions="5" time="0.010829"/>
    </testsuite>
    <testsuite name="FastForward\DevTools\Tests\Console\Command\FundingCommandTest" file="/home/runner/work/dev-tools/dev-tools/tests/Console/Command/FundingCommandTest.php" tests="13" assertions="80" errors="0" failures="0" skipped="0" time="0.084468">
      <testcase name="executeWillCreateComposerFundingFromFundingYaml" file="/home/runner/work/dev-tools/dev-tools/tests/Console/Command/FundingCommandTest.php" line="145" class="FastForward\DevTools\Tests\Console\Command\FundingCommandTest" classname="FastForward.DevTools.Tests.Console.Command.FundingCommandTest" assertions="6" time="0.022162"/>
      <testcase name="executeWillCreateFundingYamlFromComposerFunding" file="/home/runner/work/dev-tools/dev-tools/tests/Console/Command/FundingCommandTest.php" line="201" class="FastForward\DevTools\Tests\Console\Command\FundingCommandTest" classname="FastForward.DevTools.Tests.Console.Command.FundingCommandTest" assertions="5" time="0.005109"/>
      <testcase name="executeWillMergeBothSourcesWithoutDuplicatingEntries" file="/home/runner/work/dev-tools/dev-tools/tests/Console/Command/FundingCommandTest.php" line="243" class="FastForward\DevTools\Tests\Console\Command\FundingCommandTest" classname="FastForward.DevTools.Tests.Console.Command.FundingCommandTest" assertions="8" time="0.005115"/>
      <testcase name="executeWillBeIdempotentWhenFundingMetadataAlreadyMatches" file="/home/runner/work/dev-tools/dev-tools/tests/Console/Command/FundingCommandTest.php" line="306" class="FastForward\DevTools\Tests\Console\Command\FundingCommandTest" classname="FastForward.DevTools.Tests.Console.Command.FundingCommandTest" assertions="5" time="0.004438"/>
      <testcase name="executeWillReturnSuccessWhenComposerFileDoesNotExist" file="/home/runner/work/dev-tools/dev-tools/tests/Console/Command/FundingCommandTest.php" line="345" class="FastForward\DevTools\Tests\Console\Command\FundingCommandTest" classname="FastForward.DevTools.Tests.Console.Command.FundingCommandTest" assertions="6" time="0.004506"/>
      <testcase name="executeWillReturnFailureInCheckModeWhenComposerFileWouldChange" file="/home/runner/work/dev-tools/dev-tools/tests/Console/Command/FundingCommandTest.php" line="376" class="FastForward\DevTools\Tests\Console\Command\FundingCommandTest" classname="FastForward.DevTools.Tests.Console.Command.FundingCommandTest" assertions="6" time="0.005458"/>
      <testcase name="executeWillNotWriteManagedFilesDuringDryRun" file="/home/runner/work/dev-tools/dev-tools/tests/Console/Command/FundingCommandTest.php" line="417" class="FastForward\DevTools\Tests\Console\Command\FundingCommandTest" classname="FastForward.DevTools.Tests.Console.Command.FundingCommandTest" assertions="6" time="0.005398"/>
      <testcase name="executeWillSkipComposerWriteWhenInteractiveConfirmationIsDeclined" file="/home/runner/work/dev-tools/dev-tools/tests/Console/Command/FundingCommandTest.php" line="461" class="FastForward\DevTools\Tests\Console\Command\FundingCommandTest" classname="FastForward.DevTools.Tests.Console.Command.FundingCommandTest" assertions="8" time="0.006273"/>
      <testcase name="executeWillReturnFailureWhenComposerNormalizeFails" file="/home/runner/work/dev-tools/dev-tools/tests/Console/Command/FundingCommandTest.php" line="513" class="FastForward\DevTools\Tests\Console\Command\FundingCommandTest" classname="FastForward.DevTools.Tests.Console.Command.FundingCommandTest" assertions="8" time="0.005599"/>
      <testcase name="executeWillPassWorkingDirectoryAndAlternateManifestToComposerNormalize" file="/home/runner/work/dev-tools/dev-tools/tests/Console/Command/FundingCommandTest.php" line="560" class="FastForward\DevTools\Tests\Console\Command\FundingCommandTest" classname="FastForward.DevTools.Tests.Console.Command.FundingCommandTest" assertions="8" time="0.008138"/>
      <testcase name="commandWillSetExpectedNameDescriptionAndHelp" file="/home/runner/work/dev-tools/dev-tools/tests/Console/Command/FundingCommandTest.php" line="616" class="FastForward\DevTools\Tests\Console\Command\FundingCommandTest" classname="FastForward.DevTools.Tests.Console.Command.FundingCommandTest" assertions="3" time="0.002887"/>
      <testcase name="executeWillSkipFundingFileSynchronizationWhenNoSupportedFundingMetadataExists" file="/home/runner/work/dev-tools/dev-tools/tests/Console/Command/FundingCommandTest.php" line="633" class="FastForward\DevTools\Tests\Console\Command\FundingCommandTest" classname="FastForward.DevTools.Tests.Console.Command.FundingCommandTest" assertions="5" time="0.004464"/>
      <testcase name="privateHelpersWillPromptAndNormalizeComposerFileArguments" file="/home/runner/work/dev-tools/dev-tools/tests/Console/Command/FundingCommandTest.php" line="671" class="FastForward\DevTools\Tests\Console\Command\FundingCommandTest" classname="FastForward.DevTools.Tests.Console.Command.FundingCommandTest" assertions="6" time="0.004922"/>
    </testsuite>
    <testsuite name="FastForward\DevTools\Tests\Console\Command\GitAttributesCommandTest" file="/home/runner/work/dev-tools/dev-tools/tests/Console/Command/GitAttributesCommandTest.php" tests="8" assertions="36" errors="0" failures="0" skipped="0" time="0.045188">
      <testcase name="commandWillSetExpectedNameDescriptionAndHelp" file="/home/runner/work/dev-tools/dev-tools/tests/Console/Command/GitAttributesCommandTest.php" line="180" class="FastForward\DevTools\Tests\Console\Command\GitAttributesCommandTest" classname="FastForward.DevTools.Tests.Console.Command.GitAttributesCommandTest" assertions="3" time="0.009693"/>
      <testcase name="executeWillReturnSuccessAndWriteMergedGitattributes" file="/home/runner/work/dev-tools/dev-tools/tests/Console/Command/GitAttributesCommandTest.php" line="197" class="FastForward\DevTools\Tests\Console\Command\GitAttributesCommandTest" classname="FastForward.DevTools.Tests.Console.Command.GitAttributesCommandTest" assertions="6" time="0.004317"/>
      <testcase name="executeWillRespectKeepInExportComposerConfiguration" file="/home/runner/work/dev-tools/dev-tools/tests/Console/Command/GitAttributesCommandTest.php" line="261" class="FastForward\DevTools\Tests\Console\Command\GitAttributesCommandTest" classname="FastForward.DevTools.Tests.Console.Command.GitAttributesCommandTest" assertions="3" time="0.002761"/>
      <testcase name="executeWithNoCandidatesWillSkipSynchronization" file="/home/runner/work/dev-tools/dev-tools/tests/Console/Command/GitAttributesCommandTest.php" line="315" class="FastForward\DevTools\Tests\Console\Command\GitAttributesCommandTest" classname="FastForward.DevTools.Tests.Console.Command.GitAttributesCommandTest" assertions="7" time="0.003500"/>
      <testcase name="executeWillReturnFailureInCheckModeWhenGitattributesWouldChange" file="/home/runner/work/dev-tools/dev-tools/tests/Console/Command/GitAttributesCommandTest.php" line="362" class="FastForward\DevTools\Tests\Console\Command\GitAttributesCommandTest" classname="FastForward.DevTools.Tests.Console.Command.GitAttributesCommandTest" assertions="6" time="0.004184"/>
      <testcase name="executeWillReturnSuccessInDryRunModeWhenGitattributesWouldChange" file="/home/runner/work/dev-tools/dev-tools/tests/Console/Command/GitAttributesCommandTest.php" line="411" class="FastForward\DevTools\Tests\Console\Command\GitAttributesCommandTest" classname="FastForward.DevTools.Tests.Console.Command.GitAttributesCommandTest" assertions="4" time="0.003086"/>
[...]
      <testcase name="refactorWillReturnNullIfNotClassOrClassMethodNode" file="/home/runner/work/dev-tools/dev-tools/tests/Rector/RemoveEmptyDocBlockRectorTest.php" line="103" class="FastForward\DevTools\Tests\Rector\RemoveEmptyDocBlockRectorTest" classname="FastForward.DevTools.Tests.Rector.RemoveEmptyDocBlockRectorTest" assertions="1" time="0.000429"/>
      <testcase name="refactorWillReturnNullIfNodeHasNoDocComment" file="/home/runner/work/dev-tools/dev-tools/tests/Rector/RemoveEmptyDocBlockRectorTest.php" line="114" class="FastForward\DevTools\Tests\Rector\RemoveEmptyDocBlockRectorTest" classname="FastForward.DevTools.Tests.Rector.RemoveEmptyDocBlockRectorTest" assertions="1" time="0.008627"/>
      <testcase name="refactorWillReturnNullIfDocCommentIsNotEmpty" file="/home/runner/work/dev-tools/dev-tools/tests/Rector/RemoveEmptyDocBlockRectorTest.php" line="125" class="FastForward\DevTools\Tests\Rector\RemoveEmptyDocBlockRectorTest" classname="FastForward.DevTools.Tests.Rector.RemoveEmptyDocBlockRectorTest" assertions="1" time="0.000568"/>
      <testcase name="refactorWillRemoveEmptyDocComment" file="/home/runner/work/dev-tools/dev-tools/tests/Rector/RemoveEmptyDocBlockRectorTest.php" line="137" class="FastForward\DevTools\Tests\Rector\RemoveEmptyDocBlockRectorTest" classname="FastForward.DevTools.Tests.Rector.RemoveEmptyDocBlockRectorTest" assertions="3" time="0.000450"/>
      <testcase name="refactorWillRemoveSingleLineEmptyDocComment" file="/home/runner/work/dev-tools/dev-tools/tests/Rector/RemoveEmptyDocBlockRectorTest.php" line="157" class="FastForward\DevTools\Tests\Rector\RemoveEmptyDocBlockRectorTest" classname="FastForward.DevTools.Tests.Rector.RemoveEmptyDocBlockRectorTest" assertions="2" time="0.000394"/>
      <testcase name="refactorWillRemoveEmptyDocCommentWithSpaces" file="/home/runner/work/dev-tools/dev-tools/tests/Rector/RemoveEmptyDocBlockRectorTest.php" line="172" class="FastForward\DevTools\Tests\Rector\RemoveEmptyDocBlockRectorTest" classname="FastForward.DevTools.Tests.Rector.RemoveEmptyDocBlockRectorTest" assertions="2" time="0.000425"/>
      <testcase name="refactorWillReturnNullForNonSupportedNodes" file="/home/runner/work/dev-tools/dev-tools/tests/Rector/RemoveEmptyDocBlockRectorTest.php" line="187" class="FastForward\DevTools\Tests\Rector\RemoveEmptyDocBlockRectorTest" classname="FastForward.DevTools.Tests.Rector.RemoveEmptyDocBlockRectorTest" assertions="1" time="0.000353"/>
      <testcase name="isEmptyDocBlockWillDetectContentAfterNormalization" file="/home/runner/work/dev-tools/dev-tools/tests/Rector/RemoveEmptyDocBlockRectorTest.php" line="197" class="FastForward\DevTools\Tests\Rector\RemoveEmptyDocBlockRectorTest" classname="FastForward.DevTools.Tests.Rector.RemoveEmptyDocBlockRectorTest" assertions="2" time="0.000395"/>
    </testsuite>
    <testsuite name="FastForward\DevTools\Tests\Reflection\ClassReflectionTest" file="/home/runner/work/dev-tools/dev-tools/tests/Reflection/ClassReflectionTest.php" tests="5" assertions="5" errors="0" failures="0" skipped="0" time="0.001622">
      <testcase name="isInstantiableSubclassOfWillReturnTrueForMatchingClass" file="/home/runner/work/dev-tools/dev-tools/tests/Reflection/ClassReflectionTest.php" line="37" class="FastForward\DevTools\Tests\Reflection\ClassReflectionTest" classname="FastForward.DevTools.Tests.Reflection.ClassReflectionTest" assertions="1" time="0.000320"/>
      <testcase name="isInstantiableSubclassOfWillReturnFalseForNonMatchingClass" file="/home/runner/work/dev-tools/dev-tools/tests/Reflection/ClassReflectionTest.php" line="46" class="FastForward\DevTools\Tests\Reflection\ClassReflectionTest" classname="FastForward.DevTools.Tests.Reflection.ClassReflectionTest" assertions="1" time="0.000323"/>
      <testcase name="getAttributeArgumentsWillReturnArgumentsForMatchingAttribute" file="/home/runner/work/dev-tools/dev-tools/tests/Reflection/ClassReflectionTest.php" line="55" class="FastForward\DevTools\Tests\Reflection\ClassReflectionTest" classname="FastForward.DevTools.Tests.Reflection.ClassReflectionTest" assertions="1" time="0.000307"/>
      <testcase name="getAttributeArgumentsWillReturnNullWhenAttributeDoesNotExist" file="/home/runner/work/dev-tools/dev-tools/tests/Reflection/ClassReflectionTest.php" line="71" class="FastForward\DevTools\Tests\Reflection\ClassReflectionTest" classname="FastForward.DevTools.Tests.Reflection.ClassReflectionTest" assertions="1" time="0.000288"/>
      <testcase name="getAttributeArgumentsWillNormalizePositionalArguments" file="/home/runner/work/dev-tools/dev-tools/tests/Reflection/ClassReflectionTest.php" line="80" class="FastForward\DevTools\Tests\Reflection\ClassReflectionTest" classname="FastForward.DevTools.Tests.Reflection.ClassReflectionTest" assertions="1" time="0.000383"/>
    </testsuite>
    <testsuite name="FastForward\DevTools\Tests\Resource\FileDiffTest" file="/home/runner/work/dev-tools/dev-tools/tests/Resource/FileDiffTest.php" tests="1" assertions="10" errors="0" failures="0" skipped="0" time="0.000375">
      <testcase name="accessorsAndStatusHelpersWillReflectTheDiffState" file="/home/runner/work/dev-tools/dev-tools/tests/Resource/FileDiffTest.php" line="34" class="FastForward\DevTools\Tests\Resource\FileDiffTest" classname="FastForward.DevTools.Tests.Resource.FileDiffTest" assertions="10" time="0.000375"/>
    </testsuite>
    <testsuite name="FastForward\DevTools\Tests\Resource\FileDifferTest" file="/home/runner/work/dev-tools/dev-tools/tests/Resource/FileDifferTest.php" tests="9" assertions="37" errors="0" failures="0" skipped="0" time="0.008730">
      <testcase name="renderWillReturnChangedResultWithUnifiedDiff" file="/home/runner/work/dev-tools/dev-tools/tests/Resource/FileDifferTest.php" line="66" class="FastForward\DevTools\Tests\Resource\FileDifferTest" classname="FastForward.DevTools.Tests.Resource.FileDifferTest" assertions="6" time="0.002919"/>
      <testcase name="renderWillReturnUnchangedResultWhenContentsMatch" file="/home/runner/work/dev-tools/dev-tools/tests/Resource/FileDifferTest.php" line="92" class="FastForward\DevTools\Tests\Resource\FileDifferTest" classname="FastForward.DevTools.Tests.Resource.FileDifferTest" assertions="6" time="0.000966"/>
      <testcase name="renderWillReturnBinaryResultWhenNullBytesAreDetected" file="/home/runner/work/dev-tools/dev-tools/tests/Resource/FileDifferTest.php" line="120" class="FastForward\DevTools\Tests\Resource\FileDifferTest" classname="FastForward.DevTools.Tests.Resource.FileDifferTest" assertions="6" time="0.000911"/>
      <testcase name="renderWillReturnUnreadableResultWhenContentsCannotBeRead" file="/home/runner/work/dev-tools/dev-tools/tests/Resource/FileDifferTest.php" line="152" class="FastForward\DevTools\Tests\Resource\FileDifferTest" classname="FastForward.DevTools.Tests.Resource.FileDifferTest" assertions="6" time="0.000891"/>
      <testcase name="renderContentsWillUseTheInjectedDifferWithoutCustomHeaders" file="/home/runner/work/dev-tools/dev-tools/tests/Resource/FileDifferTest.php" line="183" class="FastForward\DevTools\Tests\Resource\FileDifferTest" classname="FastForward.DevTools.Tests.Resource.FileDifferTest" assertions="4" time="0.000677"/>
      <testcase name="colorizeWillWrapUnifiedDiffLinesWithConsoleColors" file="/home/runner/work/dev-tools/dev-tools/tests/Resource/FileDifferTest.php" line="206" class="FastForward\DevTools\Tests\Resource\FileDifferTest" classname="FastForward.DevTools.Tests.Resource.FileDifferTest" assertions="6" time="0.000601"/>
      <testcase name="formatForConsoleWillReturnNullWhenDiffIsMissing" file="/home/runner/work/dev-tools/dev-tools/tests/Resource/FileDifferTest.php" line="229" class="FastForward\DevTools\Tests\Resource\FileDifferTest" classname="FastForward.DevTools.Tests.Resource.FileDifferTest" assertions="1" time="0.000577"/>
      <testcase name="formatForConsoleWillReturnPlainDiffWhenOutputIsNotDecorated" file="/home/runner/work/dev-tools/dev-tools/tests/Resource/FileDifferTest.php" line="238" class="FastForward\DevTools\Tests\Resource\FileDifferTest" classname="FastForward.DevTools.Tests.Resource.FileDifferTest" assertions="1" time="0.000631"/>
      <testcase name="formatForConsoleWillReturnColorizedDiffWhenOutputIsDecorated" file="/home/runner/work/dev-tools/dev-tools/tests/Resource/FileDifferTest.php" line="249" class="FastForward\DevTools\Tests\Resource\FileDifferTest" classname="FastForward.DevTools.Tests.Resource.FileDifferTest" assertions="1" time="0.000557"/>
    </testsuite>
    <testsuite name="FastForward\DevTools\Tests\Resource\UnifiedDifferTest" file="/home/runner/work/dev-tools/dev-tools/tests/Resource/UnifiedDifferTest.php" tests="1" assertions="5" errors="0" failures="0" skipped="0" time="0.001691">
      <testcase name="diffWillReturnTrimmedUnifiedDiffOutput" file="/home/runner/work/dev-tools/dev-tools/tests/Resource/UnifiedDifferTest.php" line="36" class="FastForward\DevTools\Tests\Resource\UnifiedDifferTest" classname="FastForward.DevTools.Tests.Resource.UnifiedDifferTest" assertions="5" time="0.001691"/>
    </testsuite>
    <testsuite name="FastForward\DevTools\Tests\SelfUpdate\ComposerSelfUpdateRunnerTest" file="/home/runner/work/dev-tools/dev-tools/tests/SelfUpdate/ComposerSelfUpdateRunnerTest.php" tests="2" assertions="4" errors="0" failures="0" skipped="0" time="0.001494">
      <testcase name="updateWillRunProjectComposerUpdate" file="/home/runner/work/dev-tools/dev-tools/tests/SelfUpdate/ComposerSelfUpdateRunnerTest.php" line="81" class="FastForward\DevTools\Tests\SelfUpdate\ComposerSelfUpdateRunnerTest" classname="FastForward.DevTools.Tests.SelfUpdate.ComposerSelfUpdateRunnerTest" assertions="2" time="0.000790"/>
      <testcase name="updateWillRunGlobalComposerUpdate" file="/home/runner/work/dev-tools/dev-tools/tests/SelfUpdate/ComposerSelfUpdateRunnerTest.php" line="101" class="FastForward\DevTools\Tests\SelfUpdate\ComposerSelfUpdateRunnerTest" classname="FastForward.DevTools.Tests.SelfUpdate.ComposerSelfUpdateRunnerTest" assertions="2" time="0.000704"/>
    </testsuite>
    <testsuite name="FastForward\DevTools\Tests\SelfUpdate\ComposerSelfUpdateScopeResolverTest" file="/home/runner/work/dev-tools/dev-tools/tests/SelfUpdate/ComposerSelfUpdateScopeResolverTest.php" tests="3" assertions="3" errors="0" failures="0" skipped="0" time="0.003549">
      <testcase name="isGlobalInstallationWillReturnTrueWhenPackageLivesUnderComposerHome" file="/home/runner/work/dev-tools/dev-tools/tests/SelfUpdate/ComposerSelfUpdateScopeResolverTest.php" line="52" class="FastForward\DevTools\Tests\SelfUpdate\ComposerSelfUpdateScopeResolverTest" classname="FastForward.DevTools.Tests.SelfUpdate.ComposerSelfUpdateScopeResolverTest" assertions="1" time="0.001168"/>
      <testcase name="isGlobalInstallationWillReturnTrueWhenPackageLivesUnderDefaultComposerHome" file="/home/runner/work/dev-tools/dev-tools/tests/SelfUpdate/ComposerSelfUpdateScopeResolverTest.php" line="72" class="FastForward\DevTools\Tests\SelfUpdate\ComposerSelfUpdateScopeResolverTest" classname="FastForward.DevTools.Tests.SelfUpdate.ComposerSelfUpdateScopeResolverTest" assertions="1" time="0.001145"/>
      <testcase name="isGlobalInstallationWillReturnFalseWhenPackageLivesUnderProjectVendor" file="/home/runner/work/dev-tools/dev-tools/tests/SelfUpdate/ComposerSelfUpdateScopeResolverTest.php" line="92" class="FastForward\DevTools\Tests\SelfUpdate\ComposerSelfUpdateScopeResolverTest" classname="FastForward.DevTools.Tests.SelfUpdate.ComposerSelfUpdateScopeResolverTest" assertions="1" time="0.001235"/>
    </testsuite>
    <testsuite name="FastForward\DevTools\Tests\SelfUpdate\VersionCheckNotifierTest" file="/home/runner/work/dev-tools/dev-tools/tests/SelfUpdate/VersionCheckNotifierTest.php" tests="4" assertions="6" errors="0" failures="0" skipped="0" time="0.004381">
      <testcase name="notifyWillWriteWarningWhenDevToolsIsOutdated" file="/home/runner/work/dev-tools/dev-tools/tests/SelfUpdate/VersionCheckNotifierTest.php" line="74" class="FastForward\DevTools\Tests\SelfUpdate\VersionCheckNotifierTest" classname="FastForward.DevTools.Tests.SelfUpdate.VersionCheckNotifierTest" assertions="1" time="0.002387"/>
      <testcase name="notifyWillStaySilentWhenCheckFails" file="/home/runner/work/dev-tools/dev-tools/tests/SelfUpdate/VersionCheckNotifierTest.php" line="91" class="FastForward\DevTools\Tests\SelfUpdate\VersionCheckNotifierTest" classname="FastForward.DevTools.Tests.SelfUpdate.VersionCheckNotifierTest" assertions="1" time="0.000729"/>
      <testcase name="notifyWillStaySilentInCi" file="/home/runner/work/dev-tools/dev-tools/tests/SelfUpdate/VersionCheckNotifierTest.php" line="106" class="FastForward\DevTools\Tests\SelfUpdate\VersionCheckNotifierTest" classname="FastForward.DevTools.Tests.SelfUpdate.VersionCheckNotifierTest" assertions="2" time="0.000638"/>
      <testcase name="notifyWillStaySilentWhenVersionCheckIsDisabled" file="/home/runner/work/dev-tools/dev-tools/tests/SelfUpdate/VersionCheckNotifierTest.php" line="122" class="FastForward\DevTools\Tests\SelfUpdate\VersionCheckNotifierTest" classname="FastForward.DevTools.Tests.SelfUpdate.VersionCheckNotifierTest" assertions="2" time="0.000626"/>
    </testsuite>
    <testsuite name="FastForward\DevTools\Tests\SelfUpdate\VersionCheckResultTest" file="/home/runner/work/dev-tools/dev-tools/tests/SelfUpdate/VersionCheckResultTest.php" tests="2" assertions="4" errors="0" failures="0" skipped="0" time="0.000796">
      <testcase name="isOutdatedWillReturnTrueWhenLatestStableVersionIsNewer" file="/home/runner/work/dev-tools/dev-tools/tests/SelfUpdate/VersionCheckResultTest.php" line="37" class="FastForward\DevTools\Tests\SelfUpdate\VersionCheckResultTest" classname="FastForward.DevTools.Tests.SelfUpdate.VersionCheckResultTest" assertions="3" time="0.000396"/>
      <testcase name="isOutdatedWillReturnFalseWhenVersionsMatch" file="/home/runner/work/dev-tools/dev-tools/tests/SelfUpdate/VersionCheckResultTest.php" line="50" class="FastForward\DevTools\Tests\SelfUpdate\VersionCheckResultTest" classname="FastForward.DevTools.Tests.SelfUpdate.VersionCheckResultTest" assertions="1" time="0.000400"/>
    </testsuite>
    <testsuite name="FastForward\DevTools\Tests\ServiceProvider\DevToolsServiceProviderTest" file="/home/runner/work/dev-tools/dev-tools/tests/ServiceProvider/DevToolsServiceProviderTest.php" tests="4" assertions="6" errors="0" failures="0" skipped="0" time="0.004626">
      <testcase name="implementsServiceProviderInterface" file="/home/runner/work/dev-tools/dev-tools/tests/ServiceProvider/DevToolsServiceProviderTest.php" line="87" class="FastForward\DevTools\Tests\ServiceProvider\DevToolsServiceProviderTest" classname="FastForward.DevTools.Tests.ServiceProvider.DevToolsServiceProviderTest" assertions="1" time="0.000634"/>
      <testcase name="getExtensionsReturnEmptyArray" file="/home/runner/work/dev-tools/dev-tools/tests/ServiceProvider/DevToolsServiceProviderTest.php" line="96" class="FastForward\DevTools\Tests\ServiceProvider\DevToolsServiceProviderTest" classname="FastForward.DevTools.Tests.ServiceProvider.DevToolsServiceProviderTest" assertions="1" time="0.000839"/>
      <testcase name="getFactoriesReturnFactories" file="/home/runner/work/dev-tools/dev-tools/tests/ServiceProvider/DevToolsServiceProviderTest.php" line="105" class="FastForward\DevTools\Tests\ServiceProvider\DevToolsServiceProviderTest" classname="FastForward.DevTools.Tests.ServiceProvider.DevToolsServiceProviderTest" assertions="2" time="0.000681"/>
      <testcase name="fileLocatorResolvesWorkingProjectPathWhenTheServiceIsRequested" file="/home/runner/work/dev-tools/dev-tools/tests/ServiceProvider/DevToolsServiceProviderTest.php" line="117" class="FastForward\DevTools\Tests\ServiceProvider\DevToolsServiceProviderTest" classname="FastForward.DevTools.Tests.ServiceProvider.DevToolsServiceProviderTest" assertions="2" time="0.002471"/>
    </testsuite>
    <testsuite name="FastForward\DevTools\Tests\Sync\PackagedDirectorySynchronizerTest" file="/home/runner/work/dev-tools/dev-tools/tests/Sync/PackagedDirectorySynchronizerTest.php" tests="6" assertions="49" errors="0" failures="0" skipped="0" time="0.011455">
      <testcase name="synchronizeWithMissingPackagePathWillReturnFailedResult" file="/home/runner/work/dev-tools/dev-tools/tests/Sync/PackagedDirectorySynchronizerTest.php" line="80" class="FastForward\DevTools\Tests\Sync\PackagedDirectorySynchronizerTest" classname="FastForward.DevTools.Tests.Sync.PackagedDirectorySynchronizerTest" assertions="3" time="0.000820"/>
      <testcase name="synchronizeWithMissingTargetDirWillCreateItAndCreateLinks" file="/home/runner/work/dev-tools/dev-tools/tests/Sync/PackagedDirectorySynchronizerTest.php" line="98" class="FastForward\DevTools\Tests\Sync\PackagedDirectorySynchronizerTest" classname="FastForward.DevTools.Tests.Sync.PackagedDirectorySynchronizerTest" assertions="11" time="0.003134"/>
      <testcase name="synchronizeWillPreserveExistingValidSymlink" file="/home/runner/work/dev-tools/dev-tools/tests/Sync/PackagedDirectorySynchronizerTest.php" line="136" class="FastForward\DevTools\Tests\Sync\PackagedDirectorySynchronizerTest" classname="FastForward.DevTools.Tests.Sync.PackagedDirectorySynchronizerTest" assertions="7" time="0.002152"/>
      <testcase name="synchronizeWillRepairBrokenSymlink" file="/home/runner/work/dev-tools/dev-tools/tests/Sync/PackagedDirectorySynchronizerTest.php" line="170" class="FastForward\DevTools\Tests\Sync\PackagedDirectorySynchronizerTest" classname="FastForward.DevTools.Tests.Sync.PackagedDirectorySynchronizerTest" assertions="12" time="0.002283"/>
      <testcase name="synchronizeWillPreserveExistingNonSymlinkDirectory" file="/home/runner/work/dev-tools/dev-tools/tests/Sync/PackagedDirectorySynchronizerTest.php" line="218" class="FastForward\DevTools\Tests\Sync\PackagedDirectorySynchronizerTest" classname="FastForward.DevTools.Tests.Sync.PackagedDirectorySynchronizerTest" assertions="7" time="0.001500"/>
      <testcase name="synchronizeWillCreateLinksForTopLevelFiles" file="/home/runner/work/dev-tools/dev-tools/tests/Sync/PackagedDirectorySynchronizerTest.php" line="249" class="FastForward\DevTools\Tests\Sync\PackagedDirectorySynchronizerTest" classname="FastForward.DevTools.Tests.Sync.PackagedDirectorySynchronizerTest" assertions="9" time="0.001566"/>
    </testsuite>
    <testsuite name="FastForward\DevTools\Tests\Sync\SynchronizeResultTest" file="/home/runner/work/dev-tools/dev-tools/tests/Sync/SynchronizeResultTest.php" tests="4" assertions="5" errors="0" failures="0" skipped="0" time="0.001360">
      <testcase name="addCreatedLinkWillRecordTheLinkName" file="/home/runner/work/dev-tools/dev-tools/tests/Sync/SynchronizeResultTest.php" line="34" class="FastForward\DevTools\Tests\Sync\SynchronizeResultTest" classname="FastForward.DevTools.Tests.Sync.SynchronizeResultTest" assertions="1" time="0.000401"/>
      <testcase name="addPreservedLinkWillRecordTheLinkName" file="/home/runner/work/dev-tools/dev-tools/tests/Sync/SynchronizeResultTest.php" line="47" class="FastForward\DevTools\Tests\Sync\SynchronizeResultTest" classname="FastForward.DevTools.Tests.Sync.SynchronizeResultTest" assertions="1" time="0.000309"/>
      <testcase name="addRemovedBrokenLinkWillRecordTheLinkName" file="/home/runner/work/dev-tools/dev-tools/tests/Sync/SynchronizeResultTest.php" line="60" class="FastForward\DevTools\Tests\Sync\SynchronizeResultTest" classname="FastForward.DevTools.Tests.Sync.SynchronizeResultTest" assertions="1" time="0.000344"/>
      <testcase name="markFailedWillSetTheFailedFlag" file="/home/runner/work/dev-tools/dev-tools/tests/Sync/SynchronizeResultTest.php" line="73" class="FastForward\DevTools\Tests\Sync\SynchronizeResultTest" classname="FastForward.DevTools.Tests.Sync.SynchronizeResultTest" assertions="2" time="0.000305"/>
    </testsuite>
  </testsuite>
</testsuites>
